CRITICAL - 2024-08-29 04:10:06 --> CodeIgniter\View\Exceptions\ViewException: Invalid file: "header.php"
[Method: GET, Route: tryfolder/index]
in SYSTEMPATH\Exceptions\FrameworkException.php on line 41.
 1 SYSTEMPATH\View\View.php(222): CodeIgniter\Exceptions\FrameworkException::forInvalidFile('header.php')
 2 SYSTEMPATH\Common.php(1171): CodeIgniter\View\View->render('header', [], true)
 3 APPPATH\Controllers\TryfolderController.php(16): view('header')
 4 SYSTEMPATH\CodeIgniter.php(933): App\Controllers\TryfolderController->index()
 5 SYSTEMPATH\CodeIgniter.php(509): CodeIgniter\CodeIgniter->runController(Object(App\Controllers\TryfolderController))
 6 SYSTEMPATH\CodeIgniter.php(355): CodeIgniter\CodeIgniter->handleRequest(null, Object(Config\Cache), false)
 7 SYSTEMPATH\Boot.php(312): CodeIgniter\CodeIgniter->run()
 8 SYSTEMPATH\Boot.php(67): CodeIgniter\Boot::runCodeIgniter(Object(CodeIgniter\CodeIgniter))
 9 FCPATH\index.php(56): CodeIgniter\Boot::bootWeb(Object(Config\Paths))
10 SYSTEMPATH\Commands\Server\rewrite.php(49): require_once('C:\\Users\\ralph\\Desktop\\Azazel\\Capstone\\HarmonySystem\\public\\index.php')
CRITICAL - 2024-08-29 04:11:02 --> ArgumentCountError: Too few arguments to function CodeIgniter\View\View::section(), 0 passed in C:\Users\ralph\Desktop\Azazel\Capstone\HarmonySystem\app\Views\tryfolder\header.php on line 27 and exactly 1 expected
[Method: GET, Route: tryfolder/index]
in SYSTEMPATH\View\View.php on line 419.
 1 APPPATH\Views\tryfolder\header.php(27): CodeIgniter\View\View->section()
 2 SYSTEMPATH\View\View.php(234): include('C:\\Users\\ralph\\Desktop\\Azazel\\Capstone\\HarmonySystem\\app\\Views\\tryfolder\\header.php')
 3 SYSTEMPATH\View\View.php(237): CodeIgniter\View\View->CodeIgniter\View\{closure}()
 4 SYSTEMPATH\Common.php(1171): CodeIgniter\View\View->render('tryfolder/header', [], true)
 5 APPPATH\Controllers\TryfolderController.php(16): view('tryfolder/header')
 6 SYSTEMPATH\CodeIgniter.php(933): App\Controllers\TryfolderController->index()
 7 SYSTEMPATH\CodeIgniter.php(509): CodeIgniter\CodeIgniter->runController(Object(App\Controllers\TryfolderController))
 8 SYSTEMPATH\CodeIgniter.php(355): CodeIgniter\CodeIgniter->handleRequest(null, Object(Config\Cache), false)
 9 SYSTEMPATH\Boot.php(312): CodeIgniter\CodeIgniter->run()
10 SYSTEMPATH\Boot.php(67): CodeIgniter\Boot::runCodeIgniter(Object(CodeIgniter\CodeIgniter))
11 FCPATH\index.php(56): CodeIgniter\Boot::bootWeb(Object(Config\Paths))
12 SYSTEMPATH\Commands\Server\rewrite.php(49): require_once('C:\\Users\\ralph\\Desktop\\Azazel\\Capstone\\HarmonySystem\\public\\index.php')
CRITICAL - 2024-08-29 04:14:19 --> ArgumentCountError: Too few arguments to function CodeIgniter\View\View::section(), 0 passed in C:\Users\ralph\Desktop\Azazel\Capstone\HarmonySystem\app\Views\tryfolder\header.php on line 27 and exactly 1 expected
[Method: GET, Route: tryfolder/index]
in SYSTEMPATH\View\View.php on line 419.
 1 APPPATH\Views\tryfolder\header.php(27): CodeIgniter\View\View->section()
 2 SYSTEMPATH\View\View.php(234): include('C:\\Users\\ralph\\Desktop\\Azazel\\Capstone\\HarmonySystem\\app\\Views\\tryfolder\\header.php')
 3 SYSTEMPATH\View\View.php(237): CodeIgniter\View\View->CodeIgniter\View\{closure}()
 4 SYSTEMPATH\Common.php(1171): CodeIgniter\View\View->render('tryfolder/header', [], true)
 5 APPPATH\Controllers\TryfolderController.php(15): view('tryfolder/header')
 6 SYSTEMPATH\CodeIgniter.php(933): App\Controllers\TryfolderController->index()
 7 SYSTEMPATH\CodeIgniter.php(509): CodeIgniter\CodeIgniter->runController(Object(App\Controllers\TryfolderController))
 8 SYSTEMPATH\CodeIgniter.php(355): CodeIgniter\CodeIgniter->handleRequest(null, Object(Config\Cache), false)
 9 SYSTEMPATH\Boot.php(312): CodeIgniter\CodeIgniter->run()
10 SYSTEMPATH\Boot.php(67): CodeIgniter\Boot::runCodeIgniter(Object(CodeIgniter\CodeIgniter))
11 FCPATH\index.php(56): CodeIgniter\Boot::bootWeb(Object(Config\Paths))
12 SYSTEMPATH\Commands\Server\rewrite.php(49): require_once('C:\\Users\\ralph\\Desktop\\Azazel\\Capstone\\HarmonySystem\\public\\index.php')
CRITICAL - 2024-08-29 04:16:08 --> ArgumentCountError: Too few arguments to function CodeIgniter\View\View::section(), 0 passed in C:\Users\ralph\Desktop\Azazel\Capstone\HarmonySystem\app\Views\tryfolder\header.php on line 27 and exactly 1 expected
[Method: GET, Route: tryfolder/index]
in SYSTEMPATH\View\View.php on line 419.
 1 APPPATH\Views\tryfolder\header.php(27): CodeIgniter\View\View->section()
 2 SYSTEMPATH\View\View.php(234): include('C:\\Users\\ralph\\Desktop\\Azazel\\Capstone\\HarmonySystem\\app\\Views\\tryfolder\\header.php')
 3 SYSTEMPATH\View\View.php(237): CodeIgniter\View\View->CodeIgniter\View\{closure}()
 4 SYSTEMPATH\View\View.php(484): CodeIgniter\View\View->render('tryfolder/header', null, true)
 5 APPPATH\Views\tryfolder\index.php(4): CodeIgniter\View\View->include('tryfolder/header')
 6 SYSTEMPATH\View\View.php(234): include('C:\\Users\\ralph\\Desktop\\Azazel\\Capstone\\HarmonySystem\\app\\Views\\tryfolder\\index.php')
 7 SYSTEMPATH\View\View.php(237): CodeIgniter\View\View->CodeIgniter\View\{closure}()
 8 SYSTEMPATH\Common.php(1171): CodeIgniter\View\View->render('tryfolder/index', [], true)
 9 APPPATH\Controllers\TryfolderController.php(15): view('tryfolder/index', [...])
10 SYSTEMPATH\CodeIgniter.php(933): App\Controllers\TryfolderController->index()
11 SYSTEMPATH\CodeIgniter.php(509): CodeIgniter\CodeIgniter->runController(Object(App\Controllers\TryfolderController))
12 SYSTEMPATH\CodeIgniter.php(355): CodeIgniter\CodeIgniter->handleRequest(null, Object(Config\Cache), false)
13 SYSTEMPATH\Boot.php(312): CodeIgniter\CodeIgniter->run()
14 SYSTEMPATH\Boot.php(67): CodeIgniter\Boot::runCodeIgniter(Object(CodeIgniter\CodeIgniter))
15 FCPATH\index.php(56): CodeIgniter\Boot::bootWeb(Object(Config\Paths))
16 SYSTEMPATH\Commands\Server\rewrite.php(49): require_once('C:\\Users\\ralph\\Desktop\\Azazel\\Capstone\\HarmonySystem\\public\\index.php')
CRITICAL - 2024-08-29 04:16:10 --> ArgumentCountError: Too few arguments to function CodeIgniter\View\View::section(), 0 passed in C:\Users\ralph\Desktop\Azazel\Capstone\HarmonySystem\app\Views\tryfolder\header.php on line 27 and exactly 1 expected
[Method: GET, Route: tryfolder/index]
in SYSTEMPATH\View\View.php on line 419.
 1 APPPATH\Views\tryfolder\header.php(27): CodeIgniter\View\View->section()
 2 SYSTEMPATH\View\View.php(234): include('C:\\Users\\ralph\\Desktop\\Azazel\\Capstone\\HarmonySystem\\app\\Views\\tryfolder\\header.php')
 3 SYSTEMPATH\View\View.php(237): CodeIgniter\View\View->CodeIgniter\View\{closure}()
 4 SYSTEMPATH\View\View.php(484): CodeIgniter\View\View->render('tryfolder/header', null, true)
 5 APPPATH\Views\tryfolder\index.php(4): CodeIgniter\View\View->include('tryfolder/header')
 6 SYSTEMPATH\View\View.php(234): include('C:\\Users\\ralph\\Desktop\\Azazel\\Capstone\\HarmonySystem\\app\\Views\\tryfolder\\index.php')
 7 SYSTEMPATH\View\View.php(237): CodeIgniter\View\View->CodeIgniter\View\{closure}()
 8 SYSTEMPATH\Common.php(1171): CodeIgniter\View\View->render('tryfolder/index', [], true)
 9 APPPATH\Controllers\TryfolderController.php(15): view('tryfolder/index', [...])
10 SYSTEMPATH\CodeIgniter.php(933): App\Controllers\TryfolderController->index()
11 SYSTEMPATH\CodeIgniter.php(509): CodeIgniter\CodeIgniter->runController(Object(App\Controllers\TryfolderController))
12 SYSTEMPATH\CodeIgniter.php(355): CodeIgniter\CodeIgniter->handleRequest(null, Object(Config\Cache), false)
13 SYSTEMPATH\Boot.php(312): CodeIgniter\CodeIgniter->run()
14 SYSTEMPATH\Boot.php(67): CodeIgniter\Boot::runCodeIgniter(Object(CodeIgniter\CodeIgniter))
15 FCPATH\index.php(56): CodeIgniter\Boot::bootWeb(Object(Config\Paths))
16 SYSTEMPATH\Commands\Server\rewrite.php(49): require_once('C:\\Users\\ralph\\Desktop\\Azazel\\Capstone\\HarmonySystem\\public\\index.php')
CRITICAL - 2024-08-29 04:16:29 --> ArgumentCountError: Too few arguments to function CodeIgniter\View\View::section(), 0 passed in C:\Users\ralph\Desktop\Azazel\Capstone\HarmonySystem\app\Views\tryfolder\header.php on line 27 and exactly 1 expected
[Method: GET, Route: tryfolder/index]
in SYSTEMPATH\View\View.php on line 419.
 1 APPPATH\Views\tryfolder\header.php(27): CodeIgniter\View\View->section()
 2 SYSTEMPATH\View\View.php(234): include('C:\\Users\\ralph\\Desktop\\Azazel\\Capstone\\HarmonySystem\\app\\Views\\tryfolder\\header.php')
 3 SYSTEMPATH\View\View.php(237): CodeIgniter\View\View->CodeIgniter\View\{closure}()
 4 SYSTEMPATH\View\View.php(484): CodeIgniter\View\View->render('tryfolder/header', null, true)
 5 APPPATH\Views\tryfolder\index.php(4): CodeIgniter\View\View->include('tryfolder/header')
 6 SYSTEMPATH\View\View.php(234): include('C:\\Users\\ralph\\Desktop\\Azazel\\Capstone\\HarmonySystem\\app\\Views\\tryfolder\\index.php')
 7 SYSTEMPATH\View\View.php(237): CodeIgniter\View\View->CodeIgniter\View\{closure}()
 8 SYSTEMPATH\Common.php(1171): CodeIgniter\View\View->render('tryfolder/index', [], true)
 9 APPPATH\Controllers\TryfolderController.php(15): view('tryfolder/index', [...])
10 SYSTEMPATH\CodeIgniter.php(933): App\Controllers\TryfolderController->index()
11 SYSTEMPATH\CodeIgniter.php(509): CodeIgniter\CodeIgniter->runController(Object(App\Controllers\TryfolderController))
12 SYSTEMPATH\CodeIgniter.php(355): CodeIgniter\CodeIgniter->handleRequest(null, Object(Config\Cache), false)
13 SYSTEMPATH\Boot.php(312): CodeIgniter\CodeIgniter->run()
14 SYSTEMPATH\Boot.php(67): CodeIgniter\Boot::runCodeIgniter(Object(CodeIgniter\CodeIgniter))
15 FCPATH\index.php(56): CodeIgniter\Boot::bootWeb(Object(Config\Paths))
16 SYSTEMPATH\Commands\Server\rewrite.php(49): require_once('C:\\Users\\ralph\\Desktop\\Azazel\\Capstone\\HarmonySystem\\public\\index.php')
CRITICAL - 2024-08-29 04:17:20 --> ArgumentCountError: Too few arguments to function CodeIgniter\View\View::section(), 0 passed in C:\Users\ralph\Desktop\Azazel\Capstone\HarmonySystem\app\Views\tryfolder\header.php on line 27 and exactly 1 expected
[Method: GET, Route: tryfolder/index]
in SYSTEMPATH\View\View.php on line 419.
 1 APPPATH\Views\tryfolder\header.php(27): CodeIgniter\View\View->section()
 2 SYSTEMPATH\View\View.php(234): include('C:\\Users\\ralph\\Desktop\\Azazel\\Capstone\\HarmonySystem\\app\\Views\\tryfolder\\header.php')
 3 SYSTEMPATH\View\View.php(237): CodeIgniter\View\View->CodeIgniter\View\{closure}()
 4 SYSTEMPATH\View\View.php(484): CodeIgniter\View\View->render('tryfolder/header', null, true)
 5 APPPATH\Views\tryfolder\index.php(4): CodeIgniter\View\View->include('tryfolder/header')
 6 SYSTEMPATH\View\View.php(234): include('C:\\Users\\ralph\\Desktop\\Azazel\\Capstone\\HarmonySystem\\app\\Views\\tryfolder\\index.php')
 7 SYSTEMPATH\View\View.php(237): CodeIgniter\View\View->CodeIgniter\View\{closure}()
 8 SYSTEMPATH\Common.php(1171): CodeIgniter\View\View->render('tryfolder/index', [], true)
 9 APPPATH\Controllers\TryfolderController.php(15): view('tryfolder/index')
10 SYSTEMPATH\CodeIgniter.php(933): App\Controllers\TryfolderController->index()
11 SYSTEMPATH\CodeIgniter.php(509): CodeIgniter\CodeIgniter->runController(Object(App\Controllers\TryfolderController))
12 SYSTEMPATH\CodeIgniter.php(355): CodeIgniter\CodeIgniter->handleRequest(null, Object(Config\Cache), false)
13 SYSTEMPATH\Boot.php(312): CodeIgniter\CodeIgniter->run()
14 SYSTEMPATH\Boot.php(67): CodeIgniter\Boot::runCodeIgniter(Object(CodeIgniter\CodeIgniter))
15 FCPATH\index.php(56): CodeIgniter\Boot::bootWeb(Object(Config\Paths))
16 SYSTEMPATH\Commands\Server\rewrite.php(49): require_once('C:\\Users\\ralph\\Desktop\\Azazel\\Capstone\\HarmonySystem\\public\\index.php')
CRITICAL - 2024-08-29 04:17:22 --> ArgumentCountError: Too few arguments to function CodeIgniter\View\View::section(), 0 passed in C:\Users\ralph\Desktop\Azazel\Capstone\HarmonySystem\app\Views\tryfolder\header.php on line 27 and exactly 1 expected
[Method: GET, Route: tryfolder/index]
in SYSTEMPATH\View\View.php on line 419.
 1 APPPATH\Views\tryfolder\header.php(27): CodeIgniter\View\View->section()
 2 SYSTEMPATH\View\View.php(234): include('C:\\Users\\ralph\\Desktop\\Azazel\\Capstone\\HarmonySystem\\app\\Views\\tryfolder\\header.php')
 3 SYSTEMPATH\View\View.php(237): CodeIgniter\View\View->CodeIgniter\View\{closure}()
 4 SYSTEMPATH\View\View.php(484): CodeIgniter\View\View->render('tryfolder/header', null, true)
 5 APPPATH\Views\tryfolder\index.php(4): CodeIgniter\View\View->include('tryfolder/header')
 6 SYSTEMPATH\View\View.php(234): include('C:\\Users\\ralph\\Desktop\\Azazel\\Capstone\\HarmonySystem\\app\\Views\\tryfolder\\index.php')
 7 SYSTEMPATH\View\View.php(237): CodeIgniter\View\View->CodeIgniter\View\{closure}()
 8 SYSTEMPATH\Common.php(1171): CodeIgniter\View\View->render('tryfolder/index', [], true)
 9 APPPATH\Controllers\TryfolderController.php(15): view('tryfolder/index')
10 SYSTEMPATH\CodeIgniter.php(933): App\Controllers\TryfolderController->index()
11 SYSTEMPATH\CodeIgniter.php(509): CodeIgniter\CodeIgniter->runController(Object(App\Controllers\TryfolderController))
12 SYSTEMPATH\CodeIgniter.php(355): CodeIgniter\CodeIgniter->handleRequest(null, Object(Config\Cache), false)
13 SYSTEMPATH\Boot.php(312): CodeIgniter\CodeIgniter->run()
14 SYSTEMPATH\Boot.php(67): CodeIgniter\Boot::runCodeIgniter(Object(CodeIgniter\CodeIgniter))
15 FCPATH\index.php(56): CodeIgniter\Boot::bootWeb(Object(Config\Paths))
16 SYSTEMPATH\Commands\Server\rewrite.php(49): require_once('C:\\Users\\ralph\\Desktop\\Azazel\\Capstone\\HarmonySystem\\public\\index.php')
CRITICAL - 2024-08-29 04:17:24 --> ArgumentCountError: Too few arguments to function CodeIgniter\View\View::section(), 0 passed in C:\Users\ralph\Desktop\Azazel\Capstone\HarmonySystem\app\Views\tryfolder\header.php on line 27 and exactly 1 expected
[Method: GET, Route: tryfolder/index]
in SYSTEMPATH\View\View.php on line 419.
 1 APPPATH\Views\tryfolder\header.php(27): CodeIgniter\View\View->section()
 2 SYSTEMPATH\View\View.php(234): include('C:\\Users\\ralph\\Desktop\\Azazel\\Capstone\\HarmonySystem\\app\\Views\\tryfolder\\header.php')
 3 SYSTEMPATH\View\View.php(237): CodeIgniter\View\View->CodeIgniter\View\{closure}()
 4 SYSTEMPATH\View\View.php(484): CodeIgniter\View\View->render('tryfolder/header', null, true)
 5 APPPATH\Views\tryfolder\index.php(4): CodeIgniter\View\View->include('tryfolder/header')
 6 SYSTEMPATH\View\View.php(234): include('C:\\Users\\ralph\\Desktop\\Azazel\\Capstone\\HarmonySystem\\app\\Views\\tryfolder\\index.php')
 7 SYSTEMPATH\View\View.php(237): CodeIgniter\View\View->CodeIgniter\View\{closure}()
 8 SYSTEMPATH\Common.php(1171): CodeIgniter\View\View->render('tryfolder/index', [], true)
 9 APPPATH\Controllers\TryfolderController.php(15): view('tryfolder/index')
10 SYSTEMPATH\CodeIgniter.php(933): App\Controllers\TryfolderController->index()
11 SYSTEMPATH\CodeIgniter.php(509): CodeIgniter\CodeIgniter->runController(Object(App\Controllers\TryfolderController))
12 SYSTEMPATH\CodeIgniter.php(355): CodeIgniter\CodeIgniter->handleRequest(null, Object(Config\Cache), false)
13 SYSTEMPATH\Boot.php(312): CodeIgniter\CodeIgniter->run()
14 SYSTEMPATH\Boot.php(67): CodeIgniter\Boot::runCodeIgniter(Object(CodeIgniter\CodeIgniter))
15 FCPATH\index.php(56): CodeIgniter\Boot::bootWeb(Object(Config\Paths))
16 SYSTEMPATH\Commands\Server\rewrite.php(49): require_once('C:\\Users\\ralph\\Desktop\\Azazel\\Capstone\\HarmonySystem\\public\\index.php')
CRITICAL - 2024-08-29 04:17:35 --> ArgumentCountError: Too few arguments to function CodeIgniter\View\View::section(), 0 passed in C:\Users\ralph\Desktop\Azazel\Capstone\HarmonySystem\app\Views\tryfolder\header.php on line 27 and exactly 1 expected
[Method: GET, Route: tryfolder/index]
in SYSTEMPATH\View\View.php on line 419.
 1 APPPATH\Views\tryfolder\header.php(27): CodeIgniter\View\View->section()
 2 SYSTEMPATH\View\View.php(234): include('C:\\Users\\ralph\\Desktop\\Azazel\\Capstone\\HarmonySystem\\app\\Views\\tryfolder\\header.php')
 3 SYSTEMPATH\View\View.php(237): CodeIgniter\View\View->CodeIgniter\View\{closure}()
 4 SYSTEMPATH\View\View.php(484): CodeIgniter\View\View->render('tryfolder/header', null, true)
 5 APPPATH\Views\tryfolder\index.php(4): CodeIgniter\View\View->include('tryfolder/header')
 6 SYSTEMPATH\View\View.php(234): include('C:\\Users\\ralph\\Desktop\\Azazel\\Capstone\\HarmonySystem\\app\\Views\\tryfolder\\index.php')
 7 SYSTEMPATH\View\View.php(237): CodeIgniter\View\View->CodeIgniter\View\{closure}()
 8 SYSTEMPATH\Common.php(1171): CodeIgniter\View\View->render('tryfolder/index', [], true)
 9 APPPATH\Controllers\TryfolderController.php(15): view('tryfolder/index')
10 SYSTEMPATH\CodeIgniter.php(933): App\Controllers\TryfolderController->index()
11 SYSTEMPATH\CodeIgniter.php(509): CodeIgniter\CodeIgniter->runController(Object(App\Controllers\TryfolderController))
12 SYSTEMPATH\CodeIgniter.php(355): CodeIgniter\CodeIgniter->handleRequest(null, Object(Config\Cache), false)
13 SYSTEMPATH\Boot.php(312): CodeIgniter\CodeIgniter->run()
14 SYSTEMPATH\Boot.php(67): CodeIgniter\Boot::runCodeIgniter(Object(CodeIgniter\CodeIgniter))
15 FCPATH\index.php(56): CodeIgniter\Boot::bootWeb(Object(Config\Paths))
16 SYSTEMPATH\Commands\Server\rewrite.php(49): require_once('C:\\Users\\ralph\\Desktop\\Azazel\\Capstone\\HarmonySystem\\public\\index.php')
CRITICAL - 2024-08-29 04:21:54 --> ErrorException: Undefined variable $data
[Method: GET, Route: tryfolder/index]
in APPPATH\Views\tryfolder\header.php on line 5.
 1 APPPATH\Views\tryfolder\header.php(5): CodeIgniter\Debug\Exceptions->errorHandler(2, 'Undefined variable $data', 'C:\\Users\\ralph\\Desktop\\Azazel\\Capstone\\HarmonySystem\\app\\Views\\tryfolder\\header.php', 5)
 2 SYSTEMPATH\View\View.php(234): include('C:\\Users\\ralph\\Desktop\\Azazel\\Capstone\\HarmonySystem\\app\\Views\\tryfolder\\header.php')
 3 SYSTEMPATH\View\View.php(237): CodeIgniter\View\View->CodeIgniter\View\{closure}()
 4 SYSTEMPATH\Common.php(1171): CodeIgniter\View\View->render('tryfolder/header', [], true)
 5 APPPATH\Controllers\TryfolderController.php(16): view('tryfolder/header')
 6 SYSTEMPATH\CodeIgniter.php(933): App\Controllers\TryfolderController->index()
 7 SYSTEMPATH\CodeIgniter.php(509): CodeIgniter\CodeIgniter->runController(Object(App\Controllers\TryfolderController))
 8 SYSTEMPATH\CodeIgniter.php(355): CodeIgniter\CodeIgniter->handleRequest(null, Object(Config\Cache), false)
 9 SYSTEMPATH\Boot.php(312): CodeIgniter\CodeIgniter->run()
10 SYSTEMPATH\Boot.php(67): CodeIgniter\Boot::runCodeIgniter(Object(CodeIgniter\CodeIgniter))
11 FCPATH\index.php(56): CodeIgniter\Boot::bootWeb(Object(Config\Paths))
12 SYSTEMPATH\Commands\Server\rewrite.php(49): require_once('C:\\Users\\ralph\\Desktop\\Azazel\\Capstone\\HarmonySystem\\public\\index.php')
CRITICAL - 2024-08-29 04:22:08 --> ErrorException: Undefined variable $data
[Method: GET, Route: tryfolder/index]
in APPPATH\Views\tryfolder\header.php on line 5.
 1 APPPATH\Views\tryfolder\header.php(5): CodeIgniter\Debug\Exceptions->errorHandler(2, 'Undefined variable $data', 'C:\\Users\\ralph\\Desktop\\Azazel\\Capstone\\HarmonySystem\\app\\Views\\tryfolder\\header.php', 5)
 2 SYSTEMPATH\View\View.php(234): include('C:\\Users\\ralph\\Desktop\\Azazel\\Capstone\\HarmonySystem\\app\\Views\\tryfolder\\header.php')
 3 SYSTEMPATH\View\View.php(237): CodeIgniter\View\View->CodeIgniter\View\{closure}()
 4 SYSTEMPATH\Common.php(1171): CodeIgniter\View\View->render('tryfolder/header', [], true)
 5 APPPATH\Controllers\TryfolderController.php(16): view('tryfolder/header', [...])
 6 SYSTEMPATH\CodeIgniter.php(933): App\Controllers\TryfolderController->index()
 7 SYSTEMPATH\CodeIgniter.php(509): CodeIgniter\CodeIgniter->runController(Object(App\Controllers\TryfolderController))
 8 SYSTEMPATH\CodeIgniter.php(355): CodeIgniter\CodeIgniter->handleRequest(null, Object(Config\Cache), false)
 9 SYSTEMPATH\Boot.php(312): CodeIgniter\CodeIgniter->run()
10 SYSTEMPATH\Boot.php(67): CodeIgniter\Boot::runCodeIgniter(Object(CodeIgniter\CodeIgniter))
11 FCPATH\index.php(56): CodeIgniter\Boot::bootWeb(Object(Config\Paths))
12 SYSTEMPATH\Commands\Server\rewrite.php(49): require_once('C:\\Users\\ralph\\Desktop\\Azazel\\Capstone\\HarmonySystem\\public\\index.php')
CRITICAL - 2024-08-29 04:22:10 --> ErrorException: Undefined variable $data
[Method: GET, Route: tryfolder/index]
in APPPATH\Views\tryfolder\header.php on line 5.
 1 APPPATH\Views\tryfolder\header.php(5): CodeIgniter\Debug\Exceptions->errorHandler(2, 'Undefined variable $data', 'C:\\Users\\ralph\\Desktop\\Azazel\\Capstone\\HarmonySystem\\app\\Views\\tryfolder\\header.php', 5)
 2 SYSTEMPATH\View\View.php(234): include('C:\\Users\\ralph\\Desktop\\Azazel\\Capstone\\HarmonySystem\\app\\Views\\tryfolder\\header.php')
 3 SYSTEMPATH\View\View.php(237): CodeIgniter\View\View->CodeIgniter\View\{closure}()
 4 SYSTEMPATH\Common.php(1171): CodeIgniter\View\View->render('tryfolder/header', [], true)
 5 APPPATH\Controllers\TryfolderController.php(16): view('tryfolder/header', [...])
 6 SYSTEMPATH\CodeIgniter.php(933): App\Controllers\TryfolderController->index()
 7 SYSTEMPATH\CodeIgniter.php(509): CodeIgniter\CodeIgniter->runController(Object(App\Controllers\TryfolderController))
 8 SYSTEMPATH\CodeIgniter.php(355): CodeIgniter\CodeIgniter->handleRequest(null, Object(Config\Cache), false)
 9 SYSTEMPATH\Boot.php(312): CodeIgniter\CodeIgniter->run()
10 SYSTEMPATH\Boot.php(67): CodeIgniter\Boot::runCodeIgniter(Object(CodeIgniter\CodeIgniter))
11 FCPATH\index.php(56): CodeIgniter\Boot::bootWeb(Object(Config\Paths))
12 SYSTEMPATH\Commands\Server\rewrite.php(49): require_once('C:\\Users\\ralph\\Desktop\\Azazel\\Capstone\\HarmonySystem\\public\\index.php')
CRITICAL - 2024-08-29 04:22:12 --> ErrorException: Undefined variable $data
[Method: GET, Route: tryfolder/index]
in APPPATH\Views\tryfolder\header.php on line 5.
 1 APPPATH\Views\tryfolder\header.php(5): CodeIgniter\Debug\Exceptions->errorHandler(2, 'Undefined variable $data', 'C:\\Users\\ralph\\Desktop\\Azazel\\Capstone\\HarmonySystem\\app\\Views\\tryfolder\\header.php', 5)
 2 SYSTEMPATH\View\View.php(234): include('C:\\Users\\ralph\\Desktop\\Azazel\\Capstone\\HarmonySystem\\app\\Views\\tryfolder\\header.php')
 3 SYSTEMPATH\View\View.php(237): CodeIgniter\View\View->CodeIgniter\View\{closure}()
 4 SYSTEMPATH\Common.php(1171): CodeIgniter\View\View->render('tryfolder/header', [], true)
 5 APPPATH\Controllers\TryfolderController.php(16): view('tryfolder/header', [...])
 6 SYSTEMPATH\CodeIgniter.php(933): App\Controllers\TryfolderController->index()
 7 SYSTEMPATH\CodeIgniter.php(509): CodeIgniter\CodeIgniter->runController(Object(App\Controllers\TryfolderController))
 8 SYSTEMPATH\CodeIgniter.php(355): CodeIgniter\CodeIgniter->handleRequest(null, Object(Config\Cache), false)
 9 SYSTEMPATH\Boot.php(312): CodeIgniter\CodeIgniter->run()
10 SYSTEMPATH\Boot.php(67): CodeIgniter\Boot::runCodeIgniter(Object(CodeIgniter\CodeIgniter))
11 FCPATH\index.php(56): CodeIgniter\Boot::bootWeb(Object(Config\Paths))
12 SYSTEMPATH\Commands\Server\rewrite.php(49): require_once('C:\\Users\\ralph\\Desktop\\Azazel\\Capstone\\HarmonySystem\\public\\index.php')
CRITICAL - 2024-08-29 04:22:27 --> ErrorException: Undefined variable $data
[Method: GET, Route: tryfolder/index]
in APPPATH\Views\tryfolder\header.php on line 5.
 1 APPPATH\Views\tryfolder\header.php(5): CodeIgniter\Debug\Exceptions->errorHandler(2, 'Undefined variable $data', 'C:\\Users\\ralph\\Desktop\\Azazel\\Capstone\\HarmonySystem\\app\\Views\\tryfolder\\header.php', 5)
 2 SYSTEMPATH\View\View.php(234): include('C:\\Users\\ralph\\Desktop\\Azazel\\Capstone\\HarmonySystem\\app\\Views\\tryfolder\\header.php')
 3 SYSTEMPATH\View\View.php(237): CodeIgniter\View\View->CodeIgniter\View\{closure}()
 4 SYSTEMPATH\Common.php(1171): CodeIgniter\View\View->render('tryfolder/header', [], true)
 5 APPPATH\Controllers\TryfolderController.php(16): view('tryfolder/header', [...])
 6 SYSTEMPATH\CodeIgniter.php(933): App\Controllers\TryfolderController->index()
 7 SYSTEMPATH\CodeIgniter.php(509): CodeIgniter\CodeIgniter->runController(Object(App\Controllers\TryfolderController))
 8 SYSTEMPATH\CodeIgniter.php(355): CodeIgniter\CodeIgniter->handleRequest(null, Object(Config\Cache), false)
 9 SYSTEMPATH\Boot.php(312): CodeIgniter\CodeIgniter->run()
10 SYSTEMPATH\Boot.php(67): CodeIgniter\Boot::runCodeIgniter(Object(CodeIgniter\CodeIgniter))
11 FCPATH\index.php(56): CodeIgniter\Boot::bootWeb(Object(Config\Paths))
12 SYSTEMPATH\Commands\Server\rewrite.php(49): require_once('C:\\Users\\ralph\\Desktop\\Azazel\\Capstone\\HarmonySystem\\public\\index.php')
CRITICAL - 2024-08-29 13:54:57 --> ErrorException: Undefined variable $heading
[Method: GET, Route: tryfolder/viewBurat]
in APPPATH\Views\tryfolder\header.php on line 5.
 1 APPPATH\Views\tryfolder\header.php(5): CodeIgniter\Debug\Exceptions->errorHandler(2, 'Undefined variable $heading', 'C:\\Users\\ralph\\Desktop\\Azazel\\Capstone\\HarmonySystem\\app\\Views\\tryfolder\\header.php', 5)
 2 SYSTEMPATH\View\View.php(234): include('C:\\Users\\ralph\\Desktop\\Azazel\\Capstone\\HarmonySystem\\app\\Views\\tryfolder\\header.php')
 3 SYSTEMPATH\View\View.php(237): CodeIgniter\View\View->CodeIgniter\View\{closure}()
 4 SYSTEMPATH\Common.php(1171): CodeIgniter\View\View->render('tryfolder/header', [], true)
 5 APPPATH\Controllers\TryfolderController.php(24): view('tryfolder/header')
 6 SYSTEMPATH\CodeIgniter.php(933): App\Controllers\TryfolderController->viewBurat()
 7 SYSTEMPATH\CodeIgniter.php(509): CodeIgniter\CodeIgniter->runController(Object(App\Controllers\TryfolderController))
 8 SYSTEMPATH\CodeIgniter.php(355): CodeIgniter\CodeIgniter->handleRequest(null, Object(Config\Cache), false)
 9 SYSTEMPATH\Boot.php(312): CodeIgniter\CodeIgniter->run()
10 SYSTEMPATH\Boot.php(67): CodeIgniter\Boot::runCodeIgniter(Object(CodeIgniter\CodeIgniter))
11 FCPATH\index.php(56): CodeIgniter\Boot::bootWeb(Object(Config\Paths))
12 SYSTEMPATH\Commands\Server\rewrite.php(49): require_once('C:\\Users\\ralph\\Desktop\\Azazel\\Capstone\\HarmonySystem\\public\\index.php')
CRITICAL - 2024-08-29 13:55:21 --> ErrorException: Undefined variable $heading
[Method: GET, Route: tryfolder/viewBurat]
in APPPATH\Views\tryfolder\header.php on line 5.
 1 APPPATH\Views\tryfolder\header.php(5): CodeIgniter\Debug\Exceptions->errorHandler(2, 'Undefined variable $heading', 'C:\\Users\\ralph\\Desktop\\Azazel\\Capstone\\HarmonySystem\\app\\Views\\tryfolder\\header.php', 5)
 2 SYSTEMPATH\View\View.php(234): include('C:\\Users\\ralph\\Desktop\\Azazel\\Capstone\\HarmonySystem\\app\\Views\\tryfolder\\header.php')
 3 SYSTEMPATH\View\View.php(237): CodeIgniter\View\View->CodeIgniter\View\{closure}()
 4 SYSTEMPATH\Common.php(1171): CodeIgniter\View\View->render('tryfolder/header', [], true)
 5 APPPATH\Controllers\TryfolderController.php(24): view('tryfolder/header')
 6 SYSTEMPATH\CodeIgniter.php(933): App\Controllers\TryfolderController->viewBurat()
 7 SYSTEMPATH\CodeIgniter.php(509): CodeIgniter\CodeIgniter->runController(Object(App\Controllers\TryfolderController))
 8 SYSTEMPATH\CodeIgniter.php(355): CodeIgniter\CodeIgniter->handleRequest(null, Object(Config\Cache), false)
 9 SYSTEMPATH\Boot.php(312): CodeIgniter\CodeIgniter->run()
10 SYSTEMPATH\Boot.php(67): CodeIgniter\Boot::runCodeIgniter(Object(CodeIgniter\CodeIgniter))
11 FCPATH\index.php(56): CodeIgniter\Boot::bootWeb(Object(Config\Paths))
12 SYSTEMPATH\Commands\Server\rewrite.php(49): require_once('C:\\Users\\ralph\\Desktop\\Azazel\\Capstone\\HarmonySystem\\public\\index.php')
CRITICAL - 2024-08-29 13:55:36 --> ErrorException: Undefined variable $heading
[Method: GET, Route: tryfolder/viewBurat]
in APPPATH\Views\tryfolder\header.php on line 5.
 1 APPPATH\Views\tryfolder\header.php(5): CodeIgniter\Debug\Exceptions->errorHandler(2, 'Undefined variable $heading', 'C:\\Users\\ralph\\Desktop\\Azazel\\Capstone\\HarmonySystem\\app\\Views\\tryfolder\\header.php', 5)
 2 SYSTEMPATH\View\View.php(234): include('C:\\Users\\ralph\\Desktop\\Azazel\\Capstone\\HarmonySystem\\app\\Views\\tryfolder\\header.php')
 3 SYSTEMPATH\View\View.php(237): CodeIgniter\View\View->CodeIgniter\View\{closure}()
 4 SYSTEMPATH\Common.php(1171): CodeIgniter\View\View->render('tryfolder/header', [], true)
 5 APPPATH\Controllers\TryfolderController.php(29): view('tryfolder/header')
 6 SYSTEMPATH\CodeIgniter.php(933): App\Controllers\TryfolderController->viewBurat()
 7 SYSTEMPATH\CodeIgniter.php(509): CodeIgniter\CodeIgniter->runController(Object(App\Controllers\TryfolderController))
 8 SYSTEMPATH\CodeIgniter.php(355): CodeIgniter\CodeIgniter->handleRequest(null, Object(Config\Cache), false)
 9 SYSTEMPATH\Boot.php(312): CodeIgniter\CodeIgniter->run()
10 SYSTEMPATH\Boot.php(67): CodeIgniter\Boot::runCodeIgniter(Object(CodeIgniter\CodeIgniter))
11 FCPATH\index.php(56): CodeIgniter\Boot::bootWeb(Object(Config\Paths))
12 SYSTEMPATH\Commands\Server\rewrite.php(49): require_once('C:\\Users\\ralph\\Desktop\\Azazel\\Capstone\\HarmonySystem\\public\\index.php')
