CRITICAL - 2025-01-11 14:57:55 --> Error: Class "Locale" not found
[Method: GET, Route: /]
in SYSTEMPATH\CodeIgniter.php on line 190.
 1 SYSTEMPATH\Boot.php(299): CodeIgniter\CodeIgniter->initialize()
 2 SYSTEMPATH\Boot.php(101): CodeIgniter\Boot::initializeCodeIgniter()
 3 ROOTPATH\spark(84): CodeIgniter\Boot::bootSpark(Object(Config\Paths))
CRITICAL - 2025-01-11 14:57:55 --> ErrorException: Uncaught Error: Class "Locale" not found in C:\xampp\htdocs\Editing\HarmonySystem\system\I18n\TimeTrait.php:76
Stack trace:
#0 C:\xampp\htdocs\Editing\HarmonySystem\system\I18n\TimeTrait.php(117): CodeIgniter\I18n\Time->__construct(NULL, NULL, NULL)
#1 C:\xampp\htdocs\Editing\HarmonySystem\system\HTTP\ResponseTrait.php(395): CodeIgniter\I18n\Time::now()
#2 C:\xampp\htdocs\Editing\HarmonySystem\system\HTTP\ResponseTrait.php(373): CodeIgniter\HTTP\Response->sendHeaders()
#3 C:\xampp\htdocs\Editing\HarmonySystem\system\Debug\ExceptionHandler.php(83): CodeIgniter\HTTP\Response->send()
#4 C:\xampp\htdocs\Editing\HarmonySystem\system\Debug\Exceptions.php(163): CodeIgniter\Debug\ExceptionHandler->handle(Object(Error), Object(CodeIgniter\HTTP\IncomingRequest), Object(CodeIgniter\HTTP\Response), 500, 1)
#5 [internal function]: CodeIgniter\Debug\Exceptions->exceptionHandler(Object(Error))
#6 {main}
  thrown
【Previous Exception】
Error
Class "Locale" not found
#0 C:\xampp\htdocs\Editing\HarmonySystem\system\Boot.php(299): CodeIgniter\CodeIgniter->initialize()
#1 C:\xampp\htdocs\Editing\HarmonySystem\system\Boot.php(101): CodeIgniter\Boot::initializeCodeIgniter()
#2 C:\xampp\htdocs\Editing\HarmonySystem\spark(84): CodeIgniter\Boot::bootSpark(Object(Config\Paths))
#3 {main}
[Method: GET, Route: /]
in SYSTEMPATH\I18n\TimeTrait.php on line 76.
 1 [internal function]: CodeIgniter\Debug\Exceptions->shutdownHandler()
CRITICAL - 2025-01-11 14:58:31 --> Error: Class "Locale" not found
[Method: GET, Route: /]
in SYSTEMPATH\CodeIgniter.php on line 190.
 1 SYSTEMPATH\Boot.php(299): CodeIgniter\CodeIgniter->initialize()
 2 SYSTEMPATH\Boot.php(101): CodeIgniter\Boot::initializeCodeIgniter()
 3 ROOTPATH\spark(84): CodeIgniter\Boot::bootSpark(Object(Config\Paths))
CRITICAL - 2025-01-11 14:58:31 --> ErrorException: Uncaught Error: Class "Locale" not found in C:\xampp\htdocs\Editing\HarmonySystem\system\I18n\TimeTrait.php:76
Stack trace:
#0 C:\xampp\htdocs\Editing\HarmonySystem\system\I18n\TimeTrait.php(117): CodeIgniter\I18n\Time->__construct(NULL, NULL, NULL)
#1 C:\xampp\htdocs\Editing\HarmonySystem\system\HTTP\ResponseTrait.php(395): CodeIgniter\I18n\Time::now()
#2 C:\xampp\htdocs\Editing\HarmonySystem\system\HTTP\ResponseTrait.php(373): CodeIgniter\HTTP\Response->sendHeaders()
#3 C:\xampp\htdocs\Editing\HarmonySystem\system\Debug\ExceptionHandler.php(83): CodeIgniter\HTTP\Response->send()
#4 C:\xampp\htdocs\Editing\HarmonySystem\system\Debug\Exceptions.php(163): CodeIgniter\Debug\ExceptionHandler->handle(Object(Error), Object(CodeIgniter\HTTP\IncomingRequest), Object(CodeIgniter\HTTP\Response), 500, 1)
#5 [internal function]: CodeIgniter\Debug\Exceptions->exceptionHandler(Object(Error))
#6 {main}
  thrown
【Previous Exception】
Error
Class "Locale" not found
#0 C:\xampp\htdocs\Editing\HarmonySystem\system\Boot.php(299): CodeIgniter\CodeIgniter->initialize()
#1 C:\xampp\htdocs\Editing\HarmonySystem\system\Boot.php(101): CodeIgniter\Boot::initializeCodeIgniter()
#2 C:\xampp\htdocs\Editing\HarmonySystem\spark(84): CodeIgniter\Boot::bootSpark(Object(Config\Paths))
#3 {main}
[Method: GET, Route: /]
in SYSTEMPATH\I18n\TimeTrait.php on line 76.
 1 [internal function]: CodeIgniter\Debug\Exceptions->shutdownHandler()
INFO - 2025-01-11 14:02:16 --> Session: Class initialized using 'CodeIgniter\Session\Handlers\FileHandler' driver.
INFO - 2025-01-11 14:02:22 --> Session: Class initialized using 'CodeIgniter\Session\Handlers\FileHandler' driver.
INFO - 2025-01-11 22:02:22 --> Session: Class initialized using 'CodeIgniter\Session\Handlers\FileHandler' driver.
INFO - 2025-01-11 14:38:09 --> Session: Class initialized using 'CodeIgniter\Session\Handlers\FileHandler' driver.
INFO - 2025-01-11 14:38:10 --> Session: Class initialized using 'CodeIgniter\Session\Handlers\FileHandler' driver.
INFO - 2025-01-11 14:38:27 --> Session: Class initialized using 'CodeIgniter\Session\Handlers\FileHandler' driver.
INFO - 2025-01-11 15:04:10 --> Session: Class initialized using 'CodeIgniter\Session\Handlers\FileHandler' driver.
INFO - 2025-01-11 23:04:15 --> Session: Class initialized using 'CodeIgniter\Session\Handlers\FileHandler' driver.
INFO - 2025-01-11 15:35:21 --> Session: Class initialized using 'CodeIgniter\Session\Handlers\FileHandler' driver.
INFO - 2025-01-11 15:35:26 --> Session: Class initialized using 'CodeIgniter\Session\Handlers\FileHandler' driver.
INFO - 2025-01-11 15:35:28 --> Session: Class initialized using 'CodeIgniter\Session\Handlers\FileHandler' driver.
INFO - 2025-01-11 15:35:30 --> Session: Class initialized using 'CodeIgniter\Session\Handlers\FileHandler' driver.
CRITICAL - 2025-01-11 17:06:54 --> Error: Class "Locale" not found
[Method: GET, Route: login]
in SYSTEMPATH\CodeIgniter.php on line 190.
 1 SYSTEMPATH\Boot.php(299): CodeIgniter\CodeIgniter->initialize()
 2 SYSTEMPATH\Boot.php(66): CodeIgniter\Boot::initializeCodeIgniter()
 3 FCPATH\index.php(56): CodeIgniter\Boot::bootWeb(Object(Config\Paths))
CRITICAL - 2025-01-11 17:06:54 --> ErrorException: Uncaught Error: Class "Locale" not found in C:\xampp\htdocs\Editing\HarmonySystem\system\Helpers\number_helper.php:139
Stack trace:
#0 C:\xampp\htdocs\Editing\HarmonySystem\system\Helpers\number_helper.php(58): format_number(14.0, 2, NULL, Array)
#1 C:\xampp\htdocs\Editing\HarmonySystem\system\Debug\BaseExceptionHandler.php(154): number_to_size(14.0, 2)
#2 C:\xampp\htdocs\Editing\HarmonySystem\app\Views\errors\html\error_exception.php(409): CodeIgniter\Debug\BaseExceptionHandler::describeMemory(14680064)
#3 C:\xampp\htdocs\Editing\HarmonySystem\system\Debug\BaseExceptionHandler.php(266): include('C:\\xampp\\htdocs...')
#4 C:\xampp\htdocs\Editing\HarmonySystem\system\Debug\BaseExceptionHandler.php(269): CodeIgniter\Debug\BaseExceptionHandler->CodeIgniter\Debug\{closure}()
#5 C:\xampp\htdocs\Editing\HarmonySystem\system\Debug\ExceptionHandler.php(114): CodeIgniter\Debug\BaseExceptionHandler->render(Object(Error), 500, 'C:\\xampp\\htdocs...')
#6 C:\xampp\htdocs\Editing\HarmonySystem\system\Debug\Exceptions.php(163): CodeIgniter\Debug\ExceptionHandler->handle(Object(Error), Object(CodeIgniter\HTTP\IncomingRequest), Object(CodeIgniter\HTTP\Response), 500, 1)
#7 [internal function]: CodeIgniter\Debug\Exceptions->exceptionHandler(Object(Error))
#8 {main}
  thrown
【Previous Exception】
Error
Class "Locale" not found
#0 C:\xampp\htdocs\Editing\HarmonySystem\system\Boot.php(299): CodeIgniter\CodeIgniter->initialize()
#1 C:\xampp\htdocs\Editing\HarmonySystem\system\Boot.php(66): CodeIgniter\Boot::initializeCodeIgniter()
#2 C:\xampp\htdocs\Editing\HarmonySystem\public\index.php(56): CodeIgniter\Boot::bootWeb(Object(Config\Paths))
#3 {main}
[Method: GET, Route: login]
in SYSTEMPATH\Helpers\number_helper.php on line 139.
 1 [internal function]: CodeIgniter\Debug\Exceptions->shutdownHandler()
CRITICAL - 2025-01-11 17:07:37 --> Error: Class "Locale" not found
[Method: GET, Route: dashboard]
in SYSTEMPATH\CodeIgniter.php on line 190.
 1 SYSTEMPATH\Boot.php(299): CodeIgniter\CodeIgniter->initialize()
 2 SYSTEMPATH\Boot.php(66): CodeIgniter\Boot::initializeCodeIgniter()
 3 FCPATH\index.php(56): CodeIgniter\Boot::bootWeb(Object(Config\Paths))
CRITICAL - 2025-01-11 17:07:37 --> ErrorException: Uncaught Error: Class "Locale" not found in C:\xampp\htdocs\Editing\HarmonySystem\system\Helpers\number_helper.php:139
Stack trace:
#0 C:\xampp\htdocs\Editing\HarmonySystem\system\Helpers\number_helper.php(58): format_number(14.0, 2, NULL, Array)
#1 C:\xampp\htdocs\Editing\HarmonySystem\system\Debug\BaseExceptionHandler.php(154): number_to_size(14.0, 2)
#2 C:\xampp\htdocs\Editing\HarmonySystem\app\Views\errors\html\error_exception.php(409): CodeIgniter\Debug\BaseExceptionHandler::describeMemory(14680064)
#3 C:\xampp\htdocs\Editing\HarmonySystem\system\Debug\BaseExceptionHandler.php(266): include('C:\\xampp\\htdocs...')
#4 C:\xampp\htdocs\Editing\HarmonySystem\system\Debug\BaseExceptionHandler.php(269): CodeIgniter\Debug\BaseExceptionHandler->CodeIgniter\Debug\{closure}()
#5 C:\xampp\htdocs\Editing\HarmonySystem\system\Debug\ExceptionHandler.php(114): CodeIgniter\Debug\BaseExceptionHandler->render(Object(Error), 500, 'C:\\xampp\\htdocs...')
#6 C:\xampp\htdocs\Editing\HarmonySystem\system\Debug\Exceptions.php(163): CodeIgniter\Debug\ExceptionHandler->handle(Object(Error), Object(CodeIgniter\HTTP\IncomingRequest), Object(CodeIgniter\HTTP\Response), 500, 1)
#7 [internal function]: CodeIgniter\Debug\Exceptions->exceptionHandler(Object(Error))
#8 {main}
  thrown
【Previous Exception】
Error
Class "Locale" not found
#0 C:\xampp\htdocs\Editing\HarmonySystem\system\Boot.php(299): CodeIgniter\CodeIgniter->initialize()
#1 C:\xampp\htdocs\Editing\HarmonySystem\system\Boot.php(66): CodeIgniter\Boot::initializeCodeIgniter()
#2 C:\xampp\htdocs\Editing\HarmonySystem\public\index.php(56): CodeIgniter\Boot::bootWeb(Object(Config\Paths))
#3 {main}
[Method: GET, Route: dashboard]
in SYSTEMPATH\Helpers\number_helper.php on line 139.
 1 [internal function]: CodeIgniter\Debug\Exceptions->shutdownHandler()
CRITICAL - 2025-01-11 17:08:14 --> Error: Class "Locale" not found
[Method: GET, Route: login]
in SYSTEMPATH\CodeIgniter.php on line 190.
 1 SYSTEMPATH\Boot.php(299): CodeIgniter\CodeIgniter->initialize()
 2 SYSTEMPATH\Boot.php(66): CodeIgniter\Boot::initializeCodeIgniter()
 3 FCPATH\index.php(56): CodeIgniter\Boot::bootWeb(Object(Config\Paths))
CRITICAL - 2025-01-11 17:08:14 --> ErrorException: Uncaught Error: Class "Locale" not found in C:\xampp\htdocs\Editing\HarmonySystem\system\Helpers\number_helper.php:139
Stack trace:
#0 C:\xampp\htdocs\Editing\HarmonySystem\system\Helpers\number_helper.php(58): format_number(10.0, 2, NULL, Array)
#1 C:\xampp\htdocs\Editing\HarmonySystem\system\Debug\BaseExceptionHandler.php(154): number_to_size(10.0, 2)
#2 C:\xampp\htdocs\Editing\HarmonySystem\app\Views\errors\html\error_exception.php(409): CodeIgniter\Debug\BaseExceptionHandler::describeMemory(10485760)
#3 C:\xampp\htdocs\Editing\HarmonySystem\system\Debug\BaseExceptionHandler.php(266): include('C:\\xampp\\htdocs...')
#4 C:\xampp\htdocs\Editing\HarmonySystem\system\Debug\BaseExceptionHandler.php(269): CodeIgniter\Debug\BaseExceptionHandler->CodeIgniter\Debug\{closure}()
#5 C:\xampp\htdocs\Editing\HarmonySystem\system\Debug\ExceptionHandler.php(114): CodeIgniter\Debug\BaseExceptionHandler->render(Object(Error), 500, 'C:\\xampp\\htdocs...')
#6 C:\xampp\htdocs\Editing\HarmonySystem\system\Debug\Exceptions.php(163): CodeIgniter\Debug\ExceptionHandler->handle(Object(Error), Object(CodeIgniter\HTTP\IncomingRequest), Object(CodeIgniter\HTTP\Response), 500, 1)
#7 [internal function]: CodeIgniter\Debug\Exceptions->exceptionHandler(Object(Error))
#8 {main}
  thrown
【Previous Exception】
Error
Class "Locale" not found
#0 C:\xampp\htdocs\Editing\HarmonySystem\system\Boot.php(299): CodeIgniter\CodeIgniter->initialize()
#1 C:\xampp\htdocs\Editing\HarmonySystem\system\Boot.php(66): CodeIgniter\Boot::initializeCodeIgniter()
#2 C:\xampp\htdocs\Editing\HarmonySystem\public\index.php(56): CodeIgniter\Boot::bootWeb(Object(Config\Paths))
#3 {main}
[Method: GET, Route: login]
in SYSTEMPATH\Helpers\number_helper.php on line 139.
 1 [internal function]: CodeIgniter\Debug\Exceptions->shutdownHandler()
INFO - 2025-01-11 16:08:53 --> Session: Class initialized using 'CodeIgniter\Session\Handlers\FileHandler' driver.
INFO - 2025-01-11 16:19:27 --> Session: Class initialized using 'CodeIgniter\Session\Handlers\FileHandler' driver.
INFO - 2025-01-11 16:19:32 --> Session: Class initialized using 'CodeIgniter\Session\Handlers\FileHandler' driver.
INFO - 2025-01-11 16:19:45 --> Session: Class initialized using 'CodeIgniter\Session\Handlers\FileHandler' driver.
INFO - 2025-01-11 16:19:56 --> Session: Class initialized using 'CodeIgniter\Session\Handlers\FileHandler' driver.
INFO - 2025-01-11 16:21:46 --> Session: Class initialized using 'CodeIgniter\Session\Handlers\FileHandler' driver.
INFO - 2025-01-11 16:21:55 --> Session: Class initialized using 'CodeIgniter\Session\Handlers\FileHandler' driver.
INFO - 2025-01-11 16:22:17 --> Session: Class initialized using 'CodeIgniter\Session\Handlers\FileHandler' driver.
INFO - 2025-01-11 16:22:54 --> Session: Class initialized using 'CodeIgniter\Session\Handlers\FileHandler' driver.
INFO - 2025-01-11 16:23:15 --> Session: Class initialized using 'CodeIgniter\Session\Handlers\FileHandler' driver.
INFO - 2025-01-11 16:23:29 --> Session: Class initialized using 'CodeIgniter\Session\Handlers\FileHandler' driver.
INFO - 2025-01-11 16:23:54 --> Session: Class initialized using 'CodeIgniter\Session\Handlers\FileHandler' driver.
INFO - 2025-01-11 16:24:26 --> Session: Class initialized using 'CodeIgniter\Session\Handlers\FileHandler' driver.
INFO - 2025-01-11 16:24:40 --> Session: Class initialized using 'CodeIgniter\Session\Handlers\FileHandler' driver.
INFO - 2025-01-11 16:25:00 --> Session: Class initialized using 'CodeIgniter\Session\Handlers\FileHandler' driver.
INFO - 2025-01-11 16:25:55 --> Session: Class initialized using 'CodeIgniter\Session\Handlers\FileHandler' driver.
INFO - 2025-01-11 16:25:57 --> Session: Class initialized using 'CodeIgniter\Session\Handlers\FileHandler' driver.
INFO - 2025-01-11 16:25:58 --> Session: Class initialized using 'CodeIgniter\Session\Handlers\FileHandler' driver.
INFO - 2025-01-11 16:44:51 --> Session: Class initialized using 'CodeIgniter\Session\Handlers\FileHandler' driver.
INFO - 2025-01-11 16:44:51 --> Session: Class initialized using 'CodeIgniter\Session\Handlers\FileHandler' driver.
INFO - 2025-01-11 16:47:39 --> Session: Class initialized using 'CodeIgniter\Session\Handlers\FileHandler' driver.
INFO - 2025-01-11 16:47:46 --> Session: Class initialized using 'CodeIgniter\Session\Handlers\FileHandler' driver.
INFO - 2025-01-11 16:47:48 --> Session: Class initialized using 'CodeIgniter\Session\Handlers\FileHandler' driver.
INFO - 2025-01-11 16:50:37 --> Session: Class initialized using 'CodeIgniter\Session\Handlers\FileHandler' driver.
INFO - 2025-01-11 16:52:02 --> Session: Class initialized using 'CodeIgniter\Session\Handlers\FileHandler' driver.
INFO - 2025-01-11 16:52:16 --> Session: Class initialized using 'CodeIgniter\Session\Handlers\FileHandler' driver.
INFO - 2025-01-11 16:52:46 --> Session: Class initialized using 'CodeIgniter\Session\Handlers\FileHandler' driver.
INFO - 2025-01-11 16:57:16 --> Session: Class initialized using 'CodeIgniter\Session\Handlers\FileHandler' driver.
INFO - 2025-01-11 16:57:30 --> Session: Class initialized using 'CodeIgniter\Session\Handlers\FileHandler' driver.
INFO - 2025-01-11 16:57:34 --> Session: Class initialized using 'CodeIgniter\Session\Handlers\FileHandler' driver.
INFO - 2025-01-11 16:57:50 --> Session: Class initialized using 'CodeIgniter\Session\Handlers\FileHandler' driver.
INFO - 2025-01-11 16:58:23 --> Session: Class initialized using 'CodeIgniter\Session\Handlers\FileHandler' driver.
INFO - 2025-01-11 16:58:38 --> Session: Class initialized using 'CodeIgniter\Session\Handlers\FileHandler' driver.
INFO - 2025-01-11 17:02:15 --> Session: Class initialized using 'CodeIgniter\Session\Handlers\FileHandler' driver.
INFO - 2025-01-11 17:02:19 --> Session: Class initialized using 'CodeIgniter\Session\Handlers\FileHandler' driver.
INFO - 2025-01-11 17:02:55 --> Session: Class initialized using 'CodeIgniter\Session\Handlers\FileHandler' driver.
INFO - 2025-01-11 17:03:04 --> Session: Class initialized using 'CodeIgniter\Session\Handlers\FileHandler' driver.
INFO - 2025-01-11 17:03:27 --> Session: Class initialized using 'CodeIgniter\Session\Handlers\FileHandler' driver.
INFO - 2025-01-11 17:03:57 --> Session: Class initialized using 'CodeIgniter\Session\Handlers\FileHandler' driver.
INFO - 2025-01-11 17:03:59 --> Session: Class initialized using 'CodeIgniter\Session\Handlers\FileHandler' driver.
INFO - 2025-01-11 17:10:09 --> Session: Class initialized using 'CodeIgniter\Session\Handlers\FileHandler' driver.
INFO - 2025-01-11 17:10:14 --> Session: Class initialized using 'CodeIgniter\Session\Handlers\FileHandler' driver.
INFO - 2025-01-11 17:14:37 --> Session: Class initialized using 'CodeIgniter\Session\Handlers\FileHandler' driver.
INFO - 2025-01-11 17:16:22 --> Session: Class initialized using 'CodeIgniter\Session\Handlers\FileHandler' driver.
INFO - 2025-01-11 17:16:25 --> Session: Class initialized using 'CodeIgniter\Session\Handlers\FileHandler' driver.
INFO - 2025-01-11 17:16:35 --> Session: Class initialized using 'CodeIgniter\Session\Handlers\FileHandler' driver.
INFO - 2025-01-11 17:16:44 --> Session: Class initialized using 'CodeIgniter\Session\Handlers\FileHandler' driver.
INFO - 2025-01-11 17:16:47 --> Session: Class initialized using 'CodeIgniter\Session\Handlers\FileHandler' driver.
INFO - 2025-01-11 17:16:53 --> Session: Class initialized using 'CodeIgniter\Session\Handlers\FileHandler' driver.
INFO - 2025-01-11 17:16:56 --> Session: Class initialized using 'CodeIgniter\Session\Handlers\FileHandler' driver.
INFO - 2025-01-11 17:16:59 --> Session: Class initialized using 'CodeIgniter\Session\Handlers\FileHandler' driver.
INFO - 2025-01-11 17:17:16 --> Session: Class initialized using 'CodeIgniter\Session\Handlers\FileHandler' driver.
INFO - 2025-01-11 17:17:18 --> Session: Class initialized using 'CodeIgniter\Session\Handlers\FileHandler' driver.
INFO - 2025-01-11 17:18:13 --> Session: Class initialized using 'CodeIgniter\Session\Handlers\FileHandler' driver.
INFO - 2025-01-11 17:18:16 --> Session: Class initialized using 'CodeIgniter\Session\Handlers\FileHandler' driver.
INFO - 2025-01-11 17:19:31 --> Session: Class initialized using 'CodeIgniter\Session\Handlers\FileHandler' driver.
INFO - 2025-01-11 17:19:32 --> Session: Class initialized using 'CodeIgniter\Session\Handlers\FileHandler' driver.
INFO - 2025-01-11 17:19:34 --> Session: Class initialized using 'CodeIgniter\Session\Handlers\FileHandler' driver.
INFO - 2025-01-11 17:24:54 --> Session: Class initialized using 'CodeIgniter\Session\Handlers\FileHandler' driver.
INFO - 2025-01-11 17:24:56 --> Session: Class initialized using 'CodeIgniter\Session\Handlers\FileHandler' driver.
INFO - 2025-01-11 17:25:02 --> Session: Class initialized using 'CodeIgniter\Session\Handlers\FileHandler' driver.
INFO - 2025-01-11 17:25:15 --> Session: Class initialized using 'CodeIgniter\Session\Handlers\FileHandler' driver.
INFO - 2025-01-11 17:27:41 --> Session: Class initialized using 'CodeIgniter\Session\Handlers\FileHandler' driver.
INFO - 2025-01-11 17:28:02 --> Session: Class initialized using 'CodeIgniter\Session\Handlers\FileHandler' driver.
INFO - 2025-01-11 17:31:44 --> Session: Class initialized using 'CodeIgniter\Session\Handlers\FileHandler' driver.
INFO - 2025-01-11 17:34:53 --> Session: Class initialized using 'CodeIgniter\Session\Handlers\FileHandler' driver.
INFO - 2025-01-11 17:34:55 --> Session: Class initialized using 'CodeIgniter\Session\Handlers\FileHandler' driver.
INFO - 2025-01-11 17:35:07 --> Session: Class initialized using 'CodeIgniter\Session\Handlers\FileHandler' driver.
INFO - 2025-01-11 17:36:26 --> Session: Class initialized using 'CodeIgniter\Session\Handlers\FileHandler' driver.
INFO - 2025-01-11 17:51:22 --> Session: Class initialized using 'CodeIgniter\Session\Handlers\FileHandler' driver.
INFO - 2025-01-11 17:51:27 --> Session: Class initialized using 'CodeIgniter\Session\Handlers\FileHandler' driver.
INFO - 2025-01-11 17:53:06 --> Session: Class initialized using 'CodeIgniter\Session\Handlers\FileHandler' driver.
INFO - 2025-01-11 17:53:10 --> Session: Class initialized using 'CodeIgniter\Session\Handlers\FileHandler' driver.
INFO - 2025-01-11 17:53:34 --> Session: Class initialized using 'CodeIgniter\Session\Handlers\FileHandler' driver.
INFO - 2025-01-11 17:53:36 --> Session: Class initialized using 'CodeIgniter\Session\Handlers\FileHandler' driver.
INFO - 2025-01-11 17:57:32 --> Session: Class initialized using 'CodeIgniter\Session\Handlers\FileHandler' driver.
INFO - 2025-01-11 17:57:36 --> Session: Class initialized using 'CodeIgniter\Session\Handlers\FileHandler' driver.
INFO - 2025-01-11 18:02:18 --> Session: Class initialized using 'CodeIgniter\Session\Handlers\FileHandler' driver.
INFO - 2025-01-11 18:02:21 --> Session: Class initialized using 'CodeIgniter\Session\Handlers\FileHandler' driver.
INFO - 2025-01-11 18:02:38 --> Session: Class initialized using 'CodeIgniter\Session\Handlers\FileHandler' driver.
INFO - 2025-01-11 18:03:43 --> Session: Class initialized using 'CodeIgniter\Session\Handlers\FileHandler' driver.
INFO - 2025-01-11 18:03:45 --> Session: Class initialized using 'CodeIgniter\Session\Handlers\FileHandler' driver.
INFO - 2025-01-11 18:04:15 --> Session: Class initialized using 'CodeIgniter\Session\Handlers\FileHandler' driver.
INFO - 2025-01-11 18:04:17 --> Session: Class initialized using 'CodeIgniter\Session\Handlers\FileHandler' driver.
INFO - 2025-01-11 18:04:25 --> Session: Class initialized using 'CodeIgniter\Session\Handlers\FileHandler' driver.
INFO - 2025-01-11 18:06:14 --> Session: Class initialized using 'CodeIgniter\Session\Handlers\FileHandler' driver.
INFO - 2025-01-11 18:06:16 --> Session: Class initialized using 'CodeIgniter\Session\Handlers\FileHandler' driver.
INFO - 2025-01-11 18:06:21 --> Session: Class initialized using 'CodeIgniter\Session\Handlers\FileHandler' driver.
INFO - 2025-01-11 18:07:19 --> Session: Class initialized using 'CodeIgniter\Session\Handlers\FileHandler' driver.
INFO - 2025-01-11 18:14:54 --> Session: Class initialized using 'CodeIgniter\Session\Handlers\FileHandler' driver.
INFO - 2025-01-11 18:14:57 --> Session: Class initialized using 'CodeIgniter\Session\Handlers\FileHandler' driver.
INFO - 2025-01-11 18:16:21 --> Session: Class initialized using 'CodeIgniter\Session\Handlers\FileHandler' driver.
INFO - 2025-01-11 18:16:36 --> Session: Class initialized using 'CodeIgniter\Session\Handlers\FileHandler' driver.
INFO - 2025-01-11 18:17:55 --> Session: Class initialized using 'CodeIgniter\Session\Handlers\FileHandler' driver.
INFO - 2025-01-11 18:18:00 --> Session: Class initialized using 'CodeIgniter\Session\Handlers\FileHandler' driver.
INFO - 2025-01-11 18:18:05 --> Session: Class initialized using 'CodeIgniter\Session\Handlers\FileHandler' driver.
INFO - 2025-01-11 18:23:07 --> Session: Class initialized using 'CodeIgniter\Session\Handlers\FileHandler' driver.
INFO - 2025-01-11 18:24:39 --> Session: Class initialized using 'CodeIgniter\Session\Handlers\FileHandler' driver.
INFO - 2025-01-11 18:24:45 --> Session: Class initialized using 'CodeIgniter\Session\Handlers\FileHandler' driver.
INFO - 2025-01-11 18:24:47 --> Session: Class initialized using 'CodeIgniter\Session\Handlers\FileHandler' driver.
INFO - 2025-01-11 18:25:00 --> Session: Class initialized using 'CodeIgniter\Session\Handlers\FileHandler' driver.
INFO - 2025-01-11 18:25:02 --> Session: Class initialized using 'CodeIgniter\Session\Handlers\FileHandler' driver.
INFO - 2025-01-11 18:25:04 --> Session: Class initialized using 'CodeIgniter\Session\Handlers\FileHandler' driver.
INFO - 2025-01-11 18:28:31 --> Session: Class initialized using 'CodeIgniter\Session\Handlers\FileHandler' driver.
INFO - 2025-01-11 18:28:33 --> Session: Class initialized using 'CodeIgniter\Session\Handlers\FileHandler' driver.
INFO - 2025-01-11 18:30:00 --> Session: Class initialized using 'CodeIgniter\Session\Handlers\FileHandler' driver.
INFO - 2025-01-11 18:30:01 --> Session: Class initialized using 'CodeIgniter\Session\Handlers\FileHandler' driver.
INFO - 2025-01-11 18:30:07 --> Session: Class initialized using 'CodeIgniter\Session\Handlers\FileHandler' driver.
INFO - 2025-01-11 18:30:38 --> Session: Class initialized using 'CodeIgniter\Session\Handlers\FileHandler' driver.
INFO - 2025-01-11 18:34:54 --> Session: Class initialized using 'CodeIgniter\Session\Handlers\FileHandler' driver.
INFO - 2025-01-11 18:35:55 --> Session: Class initialized using 'CodeIgniter\Session\Handlers\FileHandler' driver.
INFO - 2025-01-11 18:36:19 --> Session: Class initialized using 'CodeIgniter\Session\Handlers\FileHandler' driver.
INFO - 2025-01-11 18:36:37 --> Session: Class initialized using 'CodeIgniter\Session\Handlers\FileHandler' driver.
INFO - 2025-01-11 18:36:41 --> Session: Class initialized using 'CodeIgniter\Session\Handlers\FileHandler' driver.
INFO - 2025-01-11 18:36:57 --> Session: Class initialized using 'CodeIgniter\Session\Handlers\FileHandler' driver.
INFO - 2025-01-11 18:39:43 --> Session: Class initialized using 'CodeIgniter\Session\Handlers\FileHandler' driver.
INFO - 2025-01-11 18:39:45 --> Session: Class initialized using 'CodeIgniter\Session\Handlers\FileHandler' driver.
INFO - 2025-01-11 18:39:51 --> Session: Class initialized using 'CodeIgniter\Session\Handlers\FileHandler' driver.
INFO - 2025-01-11 18:39:53 --> Session: Class initialized using 'CodeIgniter\Session\Handlers\FileHandler' driver.
INFO - 2025-01-11 18:40:03 --> Session: Class initialized using 'CodeIgniter\Session\Handlers\FileHandler' driver.
INFO - 2025-01-11 18:40:28 --> Session: Class initialized using 'CodeIgniter\Session\Handlers\FileHandler' driver.
INFO - 2025-01-11 18:46:24 --> Session: Class initialized using 'CodeIgniter\Session\Handlers\FileHandler' driver.
INFO - 2025-01-11 18:46:26 --> Session: Class initialized using 'CodeIgniter\Session\Handlers\FileHandler' driver.
INFO - 2025-01-11 18:46:33 --> Session: Class initialized using 'CodeIgniter\Session\Handlers\FileHandler' driver.
INFO - 2025-01-11 18:46:39 --> Session: Class initialized using 'CodeIgniter\Session\Handlers\FileHandler' driver.
INFO - 2025-01-11 18:48:29 --> Session: Class initialized using 'CodeIgniter\Session\Handlers\FileHandler' driver.
INFO - 2025-01-11 18:48:31 --> Session: Class initialized using 'CodeIgniter\Session\Handlers\FileHandler' driver.
INFO - 2025-01-11 18:48:36 --> Session: Class initialized using 'CodeIgniter\Session\Handlers\FileHandler' driver.
INFO - 2025-01-11 18:49:15 --> Session: Class initialized using 'CodeIgniter\Session\Handlers\FileHandler' driver.
INFO - 2025-01-11 18:50:11 --> Session: Class initialized using 'CodeIgniter\Session\Handlers\FileHandler' driver.
INFO - 2025-01-11 18:50:16 --> Session: Class initialized using 'CodeIgniter\Session\Handlers\FileHandler' driver.
INFO - 2025-01-11 18:50:20 --> Session: Class initialized using 'CodeIgniter\Session\Handlers\FileHandler' driver.
INFO - 2025-01-11 18:53:31 --> Session: Class initialized using 'CodeIgniter\Session\Handlers\FileHandler' driver.
INFO - 2025-01-11 18:53:33 --> Session: Class initialized using 'CodeIgniter\Session\Handlers\FileHandler' driver.
INFO - 2025-01-11 18:53:41 --> Session: Class initialized using 'CodeIgniter\Session\Handlers\FileHandler' driver.
INFO - 2025-01-11 18:53:43 --> Session: Class initialized using 'CodeIgniter\Session\Handlers\FileHandler' driver.
INFO - 2025-01-11 18:53:45 --> Session: Class initialized using 'CodeIgniter\Session\Handlers\FileHandler' driver.
INFO - 2025-01-11 18:53:53 --> Session: Class initialized using 'CodeIgniter\Session\Handlers\FileHandler' driver.
INFO - 2025-01-11 18:53:56 --> Session: Class initialized using 'CodeIgniter\Session\Handlers\FileHandler' driver.
INFO - 2025-01-11 18:53:58 --> Session: Class initialized using 'CodeIgniter\Session\Handlers\FileHandler' driver.
INFO - 2025-01-11 18:54:16 --> Session: Class initialized using 'CodeIgniter\Session\Handlers\FileHandler' driver.
INFO - 2025-01-11 18:55:25 --> Session: Class initialized using 'CodeIgniter\Session\Handlers\FileHandler' driver.
INFO - 2025-01-11 18:55:25 --> Session: Class initialized using 'CodeIgniter\Session\Handlers\FileHandler' driver.
INFO - 2025-01-11 18:55:27 --> Session: Class initialized using 'CodeIgniter\Session\Handlers\FileHandler' driver.
INFO - 2025-01-11 18:55:30 --> Session: Class initialized using 'CodeIgniter\Session\Handlers\FileHandler' driver.
INFO - 2025-01-11 18:55:30 --> Session: Class initialized using 'CodeIgniter\Session\Handlers\FileHandler' driver.
INFO - 2025-01-11 18:56:06 --> Session: Class initialized using 'CodeIgniter\Session\Handlers\FileHandler' driver.
INFO - 2025-01-11 18:56:06 --> Session: Class initialized using 'CodeIgniter\Session\Handlers\FileHandler' driver.
INFO - 2025-01-11 18:56:49 --> Session: Class initialized using 'CodeIgniter\Session\Handlers\FileHandler' driver.
INFO - 2025-01-11 18:56:49 --> Session: Class initialized using 'CodeIgniter\Session\Handlers\FileHandler' driver.
INFO - 2025-01-11 18:56:56 --> Session: Class initialized using 'CodeIgniter\Session\Handlers\FileHandler' driver.
INFO - 2025-01-11 18:56:58 --> Session: Class initialized using 'CodeIgniter\Session\Handlers\FileHandler' driver.
INFO - 2025-01-11 18:56:58 --> Session: Class initialized using 'CodeIgniter\Session\Handlers\FileHandler' driver.
INFO - 2025-01-11 18:59:17 --> Session: Class initialized using 'CodeIgniter\Session\Handlers\FileHandler' driver.
INFO - 2025-01-11 18:59:17 --> Session: Class initialized using 'CodeIgniter\Session\Handlers\FileHandler' driver.
INFO - 2025-01-11 19:00:35 --> Session: Class initialized using 'CodeIgniter\Session\Handlers\FileHandler' driver.
INFO - 2025-01-11 19:00:36 --> Session: Class initialized using 'CodeIgniter\Session\Handlers\FileHandler' driver.
INFO - 2025-01-11 19:00:37 --> Session: Class initialized using 'CodeIgniter\Session\Handlers\FileHandler' driver.
INFO - 2025-01-11 19:01:21 --> Session: Class initialized using 'CodeIgniter\Session\Handlers\FileHandler' driver.
INFO - 2025-01-11 19:01:24 --> Session: Class initialized using 'CodeIgniter\Session\Handlers\FileHandler' driver.
INFO - 2025-01-11 19:01:27 --> Session: Class initialized using 'CodeIgniter\Session\Handlers\FileHandler' driver.
INFO - 2025-01-11 19:01:29 --> Session: Class initialized using 'CodeIgniter\Session\Handlers\FileHandler' driver.
INFO - 2025-01-11 19:01:29 --> Session: Class initialized using 'CodeIgniter\Session\Handlers\FileHandler' driver.
INFO - 2025-01-11 19:01:38 --> Session: Class initialized using 'CodeIgniter\Session\Handlers\FileHandler' driver.
INFO - 2025-01-11 19:01:41 --> Session: Class initialized using 'CodeIgniter\Session\Handlers\FileHandler' driver.
INFO - 2025-01-11 19:02:14 --> Session: Class initialized using 'CodeIgniter\Session\Handlers\FileHandler' driver.
INFO - 2025-01-11 19:03:04 --> Session: Class initialized using 'CodeIgniter\Session\Handlers\FileHandler' driver.
INFO - 2025-01-11 19:03:05 --> Session: Class initialized using 'CodeIgniter\Session\Handlers\FileHandler' driver.
INFO - 2025-01-11 19:03:06 --> Session: Class initialized using 'CodeIgniter\Session\Handlers\FileHandler' driver.
INFO - 2025-01-11 19:05:16 --> Session: Class initialized using 'CodeIgniter\Session\Handlers\FileHandler' driver.
INFO - 2025-01-11 19:05:23 --> Session: Class initialized using 'CodeIgniter\Session\Handlers\FileHandler' driver.
INFO - 2025-01-11 19:05:45 --> Session: Class initialized using 'CodeIgniter\Session\Handlers\FileHandler' driver.
INFO - 2025-01-11 19:05:47 --> Session: Class initialized using 'CodeIgniter\Session\Handlers\FileHandler' driver.
INFO - 2025-01-11 19:05:52 --> Session: Class initialized using 'CodeIgniter\Session\Handlers\FileHandler' driver.
INFO - 2025-01-11 19:07:01 --> Session: Class initialized using 'CodeIgniter\Session\Handlers\FileHandler' driver.
INFO - 2025-01-11 19:07:03 --> Session: Class initialized using 'CodeIgniter\Session\Handlers\FileHandler' driver.
INFO - 2025-01-11 19:07:21 --> Session: Class initialized using 'CodeIgniter\Session\Handlers\FileHandler' driver.
INFO - 2025-01-11 19:07:24 --> Session: Class initialized using 'CodeIgniter\Session\Handlers\FileHandler' driver.
INFO - 2025-01-11 19:07:31 --> Session: Class initialized using 'CodeIgniter\Session\Handlers\FileHandler' driver.
INFO - 2025-01-11 19:07:32 --> Session: Class initialized using 'CodeIgniter\Session\Handlers\FileHandler' driver.
INFO - 2025-01-11 19:07:42 --> Session: Class initialized using 'CodeIgniter\Session\Handlers\FileHandler' driver.
INFO - 2025-01-11 19:09:58 --> Session: Class initialized using 'CodeIgniter\Session\Handlers\FileHandler' driver.
CRITICAL - 2025-01-11 19:10:09 --> ParseError: syntax error, unexpected variable "$data"
[Method: GET, Route: employeeAttendance]
in APPPATH\Controllers\AttendanceController.php on line 225.
 1 SYSTEMPATH\Autoloader\Autoloader.php(296): CodeIgniter\Autoloader\Autoloader->includeFile('C:\\xampp\\htdocs\\Editing\\HarmonySystem\\app\\Controllers\\AttendanceController.php')
 2 SYSTEMPATH\Autoloader\Autoloader.php(272): CodeIgniter\Autoloader\Autoloader->loadInNamespace('App\\Controllers\\AttendanceController')
 3 [internal function]: CodeIgniter\Autoloader\Autoloader->loadClass('App\\Controllers\\AttendanceController')
 4 SYSTEMPATH\CodeIgniter.php(887): class_exists('\\App\\Controllers\\AttendanceController', true)
 5 SYSTEMPATH\CodeIgniter.php(496): CodeIgniter\CodeIgniter->startController()
 6 SYSTEMPATH\CodeIgniter.php(355): CodeIgniter\CodeIgniter->handleRequest(null, Object(Config\Cache), false)
 7 SYSTEMPATH\Boot.php(312): CodeIgniter\CodeIgniter->run()
 8 SYSTEMPATH\Boot.php(67): CodeIgniter\Boot::runCodeIgniter(Object(CodeIgniter\CodeIgniter))
 9 FCPATH\index.php(56): CodeIgniter\Boot::bootWeb(Object(Config\Paths))
10 SYSTEMPATH\Commands\Server\rewrite.php(49): require_once('C:\\xampp\\htdocs\\Editing\\HarmonySystem\\public\\index.php')
INFO - 2025-01-11 19:10:20 --> Session: Class initialized using 'CodeIgniter\Session\Handlers\FileHandler' driver.
INFO - 2025-01-11 19:10:31 --> Session: Class initialized using 'CodeIgniter\Session\Handlers\FileHandler' driver.
INFO - 2025-01-11 19:12:02 --> Session: Class initialized using 'CodeIgniter\Session\Handlers\FileHandler' driver.
INFO - 2025-01-11 19:18:28 --> Session: Class initialized using 'CodeIgniter\Session\Handlers\FileHandler' driver.
INFO - 2025-01-11 19:18:42 --> Session: Class initialized using 'CodeIgniter\Session\Handlers\FileHandler' driver.
INFO - 2025-01-11 19:18:44 --> Session: Class initialized using 'CodeIgniter\Session\Handlers\FileHandler' driver.
INFO - 2025-01-11 19:20:15 --> Session: Class initialized using 'CodeIgniter\Session\Handlers\FileHandler' driver.
INFO - 2025-01-11 19:20:18 --> Session: Class initialized using 'CodeIgniter\Session\Handlers\FileHandler' driver.
ERROR - 2025-01-11 19:20:21 --> mysqli_sql_exception: Not unique table/alias: 'tbl_employee' in C:\xampp\htdocs\Editing\HarmonySystem\system\Database\MySQLi\Connection.php:308
Stack trace:
#0 C:\xampp\htdocs\Editing\HarmonySystem\system\Database\MySQLi\Connection.php(308): mysqli->query('SELECT `tbl_emp...', 0)
#1 C:\xampp\htdocs\Editing\HarmonySystem\system\Database\BaseConnection.php(722): CodeIgniter\Database\MySQLi\Connection->execute('SELECT `tbl_emp...')
#2 C:\xampp\htdocs\Editing\HarmonySystem\system\Database\BaseConnection.php(636): CodeIgniter\Database\BaseConnection->simpleQuery('SELECT `tbl_emp...')
#3 C:\xampp\htdocs\Editing\HarmonySystem\system\Database\BaseBuilder.php(1629): CodeIgniter\Database\BaseConnection->query('SELECT `tbl_emp...', Array, false)
#4 C:\xampp\htdocs\Editing\HarmonySystem\system\Model.php(275): CodeIgniter\Database\BaseBuilder->get()
#5 C:\xampp\htdocs\Editing\HarmonySystem\system\BaseModel.php(676): CodeIgniter\Model->doFindAll(0, 0)
#6 C:\xampp\htdocs\Editing\HarmonySystem\app\Controllers\AttendanceController.php(252): CodeIgniter\BaseModel->findAll()
#7 C:\xampp\htdocs\Editing\HarmonySystem\system\CodeIgniter.php(933): App\Controllers\AttendanceController->downloadPDF()
#8 C:\xampp\htdocs\Editing\HarmonySystem\system\CodeIgniter.php(509): CodeIgniter\CodeIgniter->runController(Object(App\Controllers\AttendanceController))
#9 C:\xampp\htdocs\Editing\HarmonySystem\system\CodeIgniter.php(355): CodeIgniter\CodeIgniter->handleRequest(NULL, Object(Config\Cache), false)
#10 C:\xampp\htdocs\Editing\HarmonySystem\system\Boot.php(312): CodeIgniter\CodeIgniter->run()
#11 C:\xampp\htdocs\Editing\HarmonySystem\system\Boot.php(67): CodeIgniter\Boot::runCodeIgniter(Object(CodeIgniter\CodeIgniter))
#12 C:\xampp\htdocs\Editing\HarmonySystem\public\index.php(56): CodeIgniter\Boot::bootWeb(Object(Config\Paths))
#13 C:\xampp\htdocs\Editing\HarmonySystem\system\Commands\Server\rewrite.php(49): require_once('C:\\xampp\\htdocs...')
#14 {main}
CRITICAL - 2025-01-11 19:20:21 --> CodeIgniter\Database\Exceptions\DatabaseException: Not unique table/alias: 'tbl_employee'
[Method: GET, Route: attendance/downloadPDF]
in SYSTEMPATH\Database\BaseConnection.php on line 676.
 1 SYSTEMPATH\Database\BaseBuilder.php(1629): CodeIgniter\Database\BaseConnection->query('SELECT `tbl_employee`.`employee_id`, `tbl_employee`.`firstname`, `tbl_employee`.`middlename`, `tbl_employee`.`lastname`, `tbl_attendance`.`date`, `tbl_attendance`.`time_in` AS `att_time_in`, `tbl_attendance`.`time_out` AS `att_time_out`, `tbl_attendance`.`work_hours`, `tbl_attendance`.`late_hours`, `tbl_attendance`.`undertime_hours`, `tbl_department`.`department_name`, `tbl_employee`.`employee_id`, `tbl_employee`.`firstname`, `tbl_employee`.`middlename`, `tbl_employee`.`lastname`, `tbl_attendance`.`date`, `tbl_attendance`.`time_in` AS `att_time_in`, `tbl_attendance`.`time_out` AS `att_time_out`, `tbl_attendance`.`work_hours`, `tbl_attendance`.`late_hours`, `tbl_attendance`.`undertime_hours`, `tbl_department`.`department_name`
FROM `tbl_attendance`
JOIN `tbl_employee` ON `tbl_attendance`.`employee_id` = `tbl_employee`.`employee_id`
JOIN `tbl_department` ON `tbl_employee`.`department_id` = `tbl_department`.`department_id`
JOIN `tbl_employee` ON `tbl_attendance`.`employee_id` = `tbl_employee`.`employee_id`
JOIN `tbl_department` ON `tbl_employee`.`department_id` = `tbl_department`.`department_id`
WHERE `tbl_employee`.`employee_id` = :tbl_employee.employee_id:
AND `tbl_attendance`.`date` = :tbl_attendance.date:', [...], false)
 2 SYSTEMPATH\Model.php(275): CodeIgniter\Database\BaseBuilder->get()
 3 SYSTEMPATH\BaseModel.php(676): CodeIgniter\Model->doFindAll(0, 0)
 4 APPPATH\Controllers\AttendanceController.php(252): CodeIgniter\BaseModel->findAll()
 5 SYSTEMPATH\CodeIgniter.php(933): App\Controllers\AttendanceController->downloadPDF()
 6 SYSTEMPATH\CodeIgniter.php(509): CodeIgniter\CodeIgniter->runController(Object(App\Controllers\AttendanceController))
 7 SYSTEMPATH\CodeIgniter.php(355): CodeIgniter\CodeIgniter->handleRequest(null, Object(Config\Cache), false)
 8 SYSTEMPATH\Boot.php(312): CodeIgniter\CodeIgniter->run()
 9 SYSTEMPATH\Boot.php(67): CodeIgniter\Boot::runCodeIgniter(Object(CodeIgniter\CodeIgniter))
10 FCPATH\index.php(56): CodeIgniter\Boot::bootWeb(Object(Config\Paths))
11 SYSTEMPATH\Commands\Server\rewrite.php(49): require_once('C:\\xampp\\htdocs\\Editing\\HarmonySystem\\public\\index.php')
CRITICAL - 2025-01-11 19:20:21 --> [Caused by] CodeIgniter\Database\Exceptions\DatabaseException: Not unique table/alias: 'tbl_employee'
in SYSTEMPATH\Database\MySQLi\Connection.php on line 313.
 1 SYSTEMPATH\Database\BaseConnection.php(722): CodeIgniter\Database\MySQLi\Connection->execute('SELECT `tbl_employee`.`employee_id`, `tbl_employee`.`firstname`, `tbl_employee`.`middlename`, `tbl_employee`.`lastname`, `tbl_attendance`.`date`, `tbl_attendance`.`time_in` AS `att_time_in`, `tbl_attendance`.`time_out` AS `att_time_out`, `tbl_attendance`.`work_hours`, `tbl_attendance`.`late_hours`, `tbl_attendance`.`undertime_hours`, `tbl_department`.`department_name`, `tbl_employee`.`employee_id`, `tbl_employee`.`firstname`, `tbl_employee`.`middlename`, `tbl_employee`.`lastname`, `tbl_attendance`.`date`, `tbl_attendance`.`time_in` AS `att_time_in`, `tbl_attendance`.`time_out` AS `att_time_out`, `tbl_attendance`.`work_hours`, `tbl_attendance`.`late_hours`, `tbl_attendance`.`undertime_hours`, `tbl_department`.`department_name`
FROM `tbl_attendance`
JOIN `tbl_employee` ON `tbl_attendance`.`employee_id` = `tbl_employee`.`employee_id`
JOIN `tbl_department` ON `tbl_employee`.`department_id` = `tbl_department`.`department_id`
JOIN `tbl_employee` ON `tbl_attendance`.`employee_id` = `tbl_employee`.`employee_id`
JOIN `tbl_department` ON `tbl_employee`.`department_id` = `tbl_department`.`department_id`
WHERE `tbl_employee`.`employee_id` = \'2024-673357\'
AND `tbl_attendance`.`date` = \'2025-01-11\'')
 2 SYSTEMPATH\Database\BaseConnection.php(636): CodeIgniter\Database\BaseConnection->simpleQuery('SELECT `tbl_employee`.`employee_id`, `tbl_employee`.`firstname`, `tbl_employee`.`middlename`, `tbl_employee`.`lastname`, `tbl_attendance`.`date`, `tbl_attendance`.`time_in` AS `att_time_in`, `tbl_attendance`.`time_out` AS `att_time_out`, `tbl_attendance`.`work_hours`, `tbl_attendance`.`late_hours`, `tbl_attendance`.`undertime_hours`, `tbl_department`.`department_name`, `tbl_employee`.`employee_id`, `tbl_employee`.`firstname`, `tbl_employee`.`middlename`, `tbl_employee`.`lastname`, `tbl_attendance`.`date`, `tbl_attendance`.`time_in` AS `att_time_in`, `tbl_attendance`.`time_out` AS `att_time_out`, `tbl_attendance`.`work_hours`, `tbl_attendance`.`late_hours`, `tbl_attendance`.`undertime_hours`, `tbl_department`.`department_name`
FROM `tbl_attendance`
JOIN `tbl_employee` ON `tbl_attendance`.`employee_id` = `tbl_employee`.`employee_id`
JOIN `tbl_department` ON `tbl_employee`.`department_id` = `tbl_department`.`department_id`
JOIN `tbl_employee` ON `tbl_attendance`.`employee_id` = `tbl_employee`.`employee_id`
JOIN `tbl_department` ON `tbl_employee`.`department_id` = `tbl_department`.`department_id`
WHERE `tbl_employee`.`employee_id` = \'2024-673357\'
AND `tbl_attendance`.`date` = \'2025-01-11\'')
 3 SYSTEMPATH\Database\BaseBuilder.php(1629): CodeIgniter\Database\BaseConnection->query('SELECT `tbl_employee`.`employee_id`, `tbl_employee`.`firstname`, `tbl_employee`.`middlename`, `tbl_employee`.`lastname`, `tbl_attendance`.`date`, `tbl_attendance`.`time_in` AS `att_time_in`, `tbl_attendance`.`time_out` AS `att_time_out`, `tbl_attendance`.`work_hours`, `tbl_attendance`.`late_hours`, `tbl_attendance`.`undertime_hours`, `tbl_department`.`department_name`, `tbl_employee`.`employee_id`, `tbl_employee`.`firstname`, `tbl_employee`.`middlename`, `tbl_employee`.`lastname`, `tbl_attendance`.`date`, `tbl_attendance`.`time_in` AS `att_time_in`, `tbl_attendance`.`time_out` AS `att_time_out`, `tbl_attendance`.`work_hours`, `tbl_attendance`.`late_hours`, `tbl_attendance`.`undertime_hours`, `tbl_department`.`department_name`
FROM `tbl_attendance`
JOIN `tbl_employee` ON `tbl_attendance`.`employee_id` = `tbl_employee`.`employee_id`
JOIN `tbl_department` ON `tbl_employee`.`department_id` = `tbl_department`.`department_id`
JOIN `tbl_employee` ON `tbl_attendance`.`employee_id` = `tbl_employee`.`employee_id`
JOIN `tbl_department` ON `tbl_employee`.`department_id` = `tbl_department`.`department_id`
WHERE `tbl_employee`.`employee_id` = :tbl_employee.employee_id:
AND `tbl_attendance`.`date` = :tbl_attendance.date:', [...], false)
 4 SYSTEMPATH\Model.php(275): CodeIgniter\Database\BaseBuilder->get()
 5 SYSTEMPATH\BaseModel.php(676): CodeIgniter\Model->doFindAll(0, 0)
 6 APPPATH\Controllers\AttendanceController.php(252): CodeIgniter\BaseModel->findAll()
 7 SYSTEMPATH\CodeIgniter.php(933): App\Controllers\AttendanceController->downloadPDF()
 8 SYSTEMPATH\CodeIgniter.php(509): CodeIgniter\CodeIgniter->runController(Object(App\Controllers\AttendanceController))
 9 SYSTEMPATH\CodeIgniter.php(355): CodeIgniter\CodeIgniter->handleRequest(null, Object(Config\Cache), false)
10 SYSTEMPATH\Boot.php(312): CodeIgniter\CodeIgniter->run()
11 SYSTEMPATH\Boot.php(67): CodeIgniter\Boot::runCodeIgniter(Object(CodeIgniter\CodeIgniter))
12 FCPATH\index.php(56): CodeIgniter\Boot::bootWeb(Object(Config\Paths))
13 SYSTEMPATH\Commands\Server\rewrite.php(49): require_once('C:\\xampp\\htdocs\\Editing\\HarmonySystem\\public\\index.php')
CRITICAL - 2025-01-11 19:20:21 --> [Caused by] mysqli_sql_exception: Not unique table/alias: 'tbl_employee'
in SYSTEMPATH\Database\MySQLi\Connection.php on line 308.
 1 SYSTEMPATH\Database\MySQLi\Connection.php(308): mysqli->query('SELECT `tbl_employee`.`employee_id`, `tbl_employee`.`firstname`, `tbl_employee`.`middlename`, `tbl_employee`.`lastname`, `tbl_attendance`.`date`, `tbl_attendance`.`time_in` AS `att_time_in`, `tbl_attendance`.`time_out` AS `att_time_out`, `tbl_attendance`.`work_hours`, `tbl_attendance`.`late_hours`, `tbl_attendance`.`undertime_hours`, `tbl_department`.`department_name`, `tbl_employee`.`employee_id`, `tbl_employee`.`firstname`, `tbl_employee`.`middlename`, `tbl_employee`.`lastname`, `tbl_attendance`.`date`, `tbl_attendance`.`time_in` AS `att_time_in`, `tbl_attendance`.`time_out` AS `att_time_out`, `tbl_attendance`.`work_hours`, `tbl_attendance`.`late_hours`, `tbl_attendance`.`undertime_hours`, `tbl_department`.`department_name`
FROM `tbl_attendance`
JOIN `tbl_employee` ON `tbl_attendance`.`employee_id` = `tbl_employee`.`employee_id`
JOIN `tbl_department` ON `tbl_employee`.`department_id` = `tbl_department`.`department_id`
JOIN `tbl_employee` ON `tbl_attendance`.`employee_id` = `tbl_employee`.`employee_id`
JOIN `tbl_department` ON `tbl_employee`.`department_id` = `tbl_department`.`department_id`
WHERE `tbl_employee`.`employee_id` = \'2024-673357\'
AND `tbl_attendance`.`date` = \'2025-01-11\'', 0)
 2 SYSTEMPATH\Database\BaseConnection.php(722): CodeIgniter\Database\MySQLi\Connection->execute('SELECT `tbl_employee`.`employee_id`, `tbl_employee`.`firstname`, `tbl_employee`.`middlename`, `tbl_employee`.`lastname`, `tbl_attendance`.`date`, `tbl_attendance`.`time_in` AS `att_time_in`, `tbl_attendance`.`time_out` AS `att_time_out`, `tbl_attendance`.`work_hours`, `tbl_attendance`.`late_hours`, `tbl_attendance`.`undertime_hours`, `tbl_department`.`department_name`, `tbl_employee`.`employee_id`, `tbl_employee`.`firstname`, `tbl_employee`.`middlename`, `tbl_employee`.`lastname`, `tbl_attendance`.`date`, `tbl_attendance`.`time_in` AS `att_time_in`, `tbl_attendance`.`time_out` AS `att_time_out`, `tbl_attendance`.`work_hours`, `tbl_attendance`.`late_hours`, `tbl_attendance`.`undertime_hours`, `tbl_department`.`department_name`
FROM `tbl_attendance`
JOIN `tbl_employee` ON `tbl_attendance`.`employee_id` = `tbl_employee`.`employee_id`
JOIN `tbl_department` ON `tbl_employee`.`department_id` = `tbl_department`.`department_id`
JOIN `tbl_employee` ON `tbl_attendance`.`employee_id` = `tbl_employee`.`employee_id`
JOIN `tbl_department` ON `tbl_employee`.`department_id` = `tbl_department`.`department_id`
WHERE `tbl_employee`.`employee_id` = \'2024-673357\'
AND `tbl_attendance`.`date` = \'2025-01-11\'')
 3 SYSTEMPATH\Database\BaseConnection.php(636): CodeIgniter\Database\BaseConnection->simpleQuery('SELECT `tbl_employee`.`employee_id`, `tbl_employee`.`firstname`, `tbl_employee`.`middlename`, `tbl_employee`.`lastname`, `tbl_attendance`.`date`, `tbl_attendance`.`time_in` AS `att_time_in`, `tbl_attendance`.`time_out` AS `att_time_out`, `tbl_attendance`.`work_hours`, `tbl_attendance`.`late_hours`, `tbl_attendance`.`undertime_hours`, `tbl_department`.`department_name`, `tbl_employee`.`employee_id`, `tbl_employee`.`firstname`, `tbl_employee`.`middlename`, `tbl_employee`.`lastname`, `tbl_attendance`.`date`, `tbl_attendance`.`time_in` AS `att_time_in`, `tbl_attendance`.`time_out` AS `att_time_out`, `tbl_attendance`.`work_hours`, `tbl_attendance`.`late_hours`, `tbl_attendance`.`undertime_hours`, `tbl_department`.`department_name`
FROM `tbl_attendance`
JOIN `tbl_employee` ON `tbl_attendance`.`employee_id` = `tbl_employee`.`employee_id`
JOIN `tbl_department` ON `tbl_employee`.`department_id` = `tbl_department`.`department_id`
JOIN `tbl_employee` ON `tbl_attendance`.`employee_id` = `tbl_employee`.`employee_id`
JOIN `tbl_department` ON `tbl_employee`.`department_id` = `tbl_department`.`department_id`
WHERE `tbl_employee`.`employee_id` = \'2024-673357\'
AND `tbl_attendance`.`date` = \'2025-01-11\'')
 4 SYSTEMPATH\Database\BaseBuilder.php(1629): CodeIgniter\Database\BaseConnection->query('SELECT `tbl_employee`.`employee_id`, `tbl_employee`.`firstname`, `tbl_employee`.`middlename`, `tbl_employee`.`lastname`, `tbl_attendance`.`date`, `tbl_attendance`.`time_in` AS `att_time_in`, `tbl_attendance`.`time_out` AS `att_time_out`, `tbl_attendance`.`work_hours`, `tbl_attendance`.`late_hours`, `tbl_attendance`.`undertime_hours`, `tbl_department`.`department_name`, `tbl_employee`.`employee_id`, `tbl_employee`.`firstname`, `tbl_employee`.`middlename`, `tbl_employee`.`lastname`, `tbl_attendance`.`date`, `tbl_attendance`.`time_in` AS `att_time_in`, `tbl_attendance`.`time_out` AS `att_time_out`, `tbl_attendance`.`work_hours`, `tbl_attendance`.`late_hours`, `tbl_attendance`.`undertime_hours`, `tbl_department`.`department_name`
FROM `tbl_attendance`
JOIN `tbl_employee` ON `tbl_attendance`.`employee_id` = `tbl_employee`.`employee_id`
JOIN `tbl_department` ON `tbl_employee`.`department_id` = `tbl_department`.`department_id`
JOIN `tbl_employee` ON `tbl_attendance`.`employee_id` = `tbl_employee`.`employee_id`
JOIN `tbl_department` ON `tbl_employee`.`department_id` = `tbl_department`.`department_id`
WHERE `tbl_employee`.`employee_id` = :tbl_employee.employee_id:
AND `tbl_attendance`.`date` = :tbl_attendance.date:', [...], false)
 5 SYSTEMPATH\Model.php(275): CodeIgniter\Database\BaseBuilder->get()
 6 SYSTEMPATH\BaseModel.php(676): CodeIgniter\Model->doFindAll(0, 0)
 7 APPPATH\Controllers\AttendanceController.php(252): CodeIgniter\BaseModel->findAll()
 8 SYSTEMPATH\CodeIgniter.php(933): App\Controllers\AttendanceController->downloadPDF()
 9 SYSTEMPATH\CodeIgniter.php(509): CodeIgniter\CodeIgniter->runController(Object(App\Controllers\AttendanceController))
10 SYSTEMPATH\CodeIgniter.php(355): CodeIgniter\CodeIgniter->handleRequest(null, Object(Config\Cache), false)
11 SYSTEMPATH\Boot.php(312): CodeIgniter\CodeIgniter->run()
12 SYSTEMPATH\Boot.php(67): CodeIgniter\Boot::runCodeIgniter(Object(CodeIgniter\CodeIgniter))
13 FCPATH\index.php(56): CodeIgniter\Boot::bootWeb(Object(Config\Paths))
14 SYSTEMPATH\Commands\Server\rewrite.php(49): require_once('C:\\xampp\\htdocs\\Editing\\HarmonySystem\\public\\index.php')
INFO - 2025-01-11 19:21:21 --> Session: Class initialized using 'CodeIgniter\Session\Handlers\FileHandler' driver.
INFO - 2025-01-11 19:21:23 --> Session: Class initialized using 'CodeIgniter\Session\Handlers\FileHandler' driver.
ERROR - 2025-01-11 19:21:25 --> mysqli_sql_exception: Not unique table/alias: 'tbl_employee' in C:\xampp\htdocs\Editing\HarmonySystem\system\Database\MySQLi\Connection.php:308
Stack trace:
#0 C:\xampp\htdocs\Editing\HarmonySystem\system\Database\MySQLi\Connection.php(308): mysqli->query('SELECT `tbl_emp...', 0)
#1 C:\xampp\htdocs\Editing\HarmonySystem\system\Database\BaseConnection.php(722): CodeIgniter\Database\MySQLi\Connection->execute('SELECT `tbl_emp...')
#2 C:\xampp\htdocs\Editing\HarmonySystem\system\Database\BaseConnection.php(636): CodeIgniter\Database\BaseConnection->simpleQuery('SELECT `tbl_emp...')
#3 C:\xampp\htdocs\Editing\HarmonySystem\system\Database\BaseBuilder.php(1629): CodeIgniter\Database\BaseConnection->query('SELECT `tbl_emp...', Array, false)
#4 C:\xampp\htdocs\Editing\HarmonySystem\system\Model.php(275): CodeIgniter\Database\BaseBuilder->get()
#5 C:\xampp\htdocs\Editing\HarmonySystem\system\BaseModel.php(676): CodeIgniter\Model->doFindAll(0, 0)
#6 C:\xampp\htdocs\Editing\HarmonySystem\app\Controllers\AttendanceController.php(252): CodeIgniter\BaseModel->findAll()
#7 C:\xampp\htdocs\Editing\HarmonySystem\system\CodeIgniter.php(933): App\Controllers\AttendanceController->downloadPDF()
#8 C:\xampp\htdocs\Editing\HarmonySystem\system\CodeIgniter.php(509): CodeIgniter\CodeIgniter->runController(Object(App\Controllers\AttendanceController))
#9 C:\xampp\htdocs\Editing\HarmonySystem\system\CodeIgniter.php(355): CodeIgniter\CodeIgniter->handleRequest(NULL, Object(Config\Cache), false)
#10 C:\xampp\htdocs\Editing\HarmonySystem\system\Boot.php(312): CodeIgniter\CodeIgniter->run()
#11 C:\xampp\htdocs\Editing\HarmonySystem\system\Boot.php(67): CodeIgniter\Boot::runCodeIgniter(Object(CodeIgniter\CodeIgniter))
#12 C:\xampp\htdocs\Editing\HarmonySystem\public\index.php(56): CodeIgniter\Boot::bootWeb(Object(Config\Paths))
#13 C:\xampp\htdocs\Editing\HarmonySystem\system\Commands\Server\rewrite.php(49): require_once('C:\\xampp\\htdocs...')
#14 {main}
CRITICAL - 2025-01-11 19:21:25 --> CodeIgniter\Database\Exceptions\DatabaseException: Not unique table/alias: 'tbl_employee'
[Method: GET, Route: attendance/downloadPDF]
in SYSTEMPATH\Database\BaseConnection.php on line 676.
 1 SYSTEMPATH\Database\BaseBuilder.php(1629): CodeIgniter\Database\BaseConnection->query('SELECT `tbl_employee`.`employee_id`, `tbl_employee`.`firstname`, `tbl_employee`.`middlename`, `tbl_employee`.`lastname`, `tbl_attendance`.`date`, `tbl_attendance`.`time_in` AS `att_time_in`, `tbl_attendance`.`time_out` AS `att_time_out`, `tbl_attendance`.`work_hours`, `tbl_attendance`.`late_hours`, `tbl_attendance`.`undertime_hours`, `tbl_department`.`department_name`, `tbl_employee`.`employee_id`, `tbl_employee`.`firstname`, `tbl_employee`.`middlename`, `tbl_employee`.`lastname`, `tbl_attendance`.`date`, `tbl_attendance`.`time_in` AS `att_time_in`, `tbl_attendance`.`time_out` AS `att_time_out`, `tbl_attendance`.`work_hours`, `tbl_attendance`.`late_hours`, `tbl_attendance`.`undertime_hours`, `tbl_department`.`department_name`
FROM `tbl_attendance`
JOIN `tbl_employee` ON `tbl_attendance`.`employee_id` = `tbl_employee`.`employee_id`
JOIN `tbl_department` ON `tbl_employee`.`department_id` = `tbl_department`.`department_id`
JOIN `tbl_employee` ON `tbl_attendance`.`employee_id` = `tbl_employee`.`employee_id`
JOIN `tbl_department` ON `tbl_employee`.`department_id` = `tbl_department`.`department_id`
WHERE `tbl_attendance`.`employee_id` = :tbl_attendance.employee_id:
AND `tbl_attendance`.`date` = :tbl_attendance.date:', [...], false)
 2 SYSTEMPATH\Model.php(275): CodeIgniter\Database\BaseBuilder->get()
 3 SYSTEMPATH\BaseModel.php(676): CodeIgniter\Model->doFindAll(0, 0)
 4 APPPATH\Controllers\AttendanceController.php(252): CodeIgniter\BaseModel->findAll()
 5 SYSTEMPATH\CodeIgniter.php(933): App\Controllers\AttendanceController->downloadPDF()
 6 SYSTEMPATH\CodeIgniter.php(509): CodeIgniter\CodeIgniter->runController(Object(App\Controllers\AttendanceController))
 7 SYSTEMPATH\CodeIgniter.php(355): CodeIgniter\CodeIgniter->handleRequest(null, Object(Config\Cache), false)
 8 SYSTEMPATH\Boot.php(312): CodeIgniter\CodeIgniter->run()
 9 SYSTEMPATH\Boot.php(67): CodeIgniter\Boot::runCodeIgniter(Object(CodeIgniter\CodeIgniter))
10 FCPATH\index.php(56): CodeIgniter\Boot::bootWeb(Object(Config\Paths))
11 SYSTEMPATH\Commands\Server\rewrite.php(49): require_once('C:\\xampp\\htdocs\\Editing\\HarmonySystem\\public\\index.php')
CRITICAL - 2025-01-11 19:21:25 --> [Caused by] CodeIgniter\Database\Exceptions\DatabaseException: Not unique table/alias: 'tbl_employee'
in SYSTEMPATH\Database\MySQLi\Connection.php on line 313.
 1 SYSTEMPATH\Database\BaseConnection.php(722): CodeIgniter\Database\MySQLi\Connection->execute('SELECT `tbl_employee`.`employee_id`, `tbl_employee`.`firstname`, `tbl_employee`.`middlename`, `tbl_employee`.`lastname`, `tbl_attendance`.`date`, `tbl_attendance`.`time_in` AS `att_time_in`, `tbl_attendance`.`time_out` AS `att_time_out`, `tbl_attendance`.`work_hours`, `tbl_attendance`.`late_hours`, `tbl_attendance`.`undertime_hours`, `tbl_department`.`department_name`, `tbl_employee`.`employee_id`, `tbl_employee`.`firstname`, `tbl_employee`.`middlename`, `tbl_employee`.`lastname`, `tbl_attendance`.`date`, `tbl_attendance`.`time_in` AS `att_time_in`, `tbl_attendance`.`time_out` AS `att_time_out`, `tbl_attendance`.`work_hours`, `tbl_attendance`.`late_hours`, `tbl_attendance`.`undertime_hours`, `tbl_department`.`department_name`
FROM `tbl_attendance`
JOIN `tbl_employee` ON `tbl_attendance`.`employee_id` = `tbl_employee`.`employee_id`
JOIN `tbl_department` ON `tbl_employee`.`department_id` = `tbl_department`.`department_id`
JOIN `tbl_employee` ON `tbl_attendance`.`employee_id` = `tbl_employee`.`employee_id`
JOIN `tbl_department` ON `tbl_employee`.`department_id` = `tbl_department`.`department_id`
WHERE `tbl_attendance`.`employee_id` = \'2024-673357\'
AND `tbl_attendance`.`date` = \'2025-01-11\'')
 2 SYSTEMPATH\Database\BaseConnection.php(636): CodeIgniter\Database\BaseConnection->simpleQuery('SELECT `tbl_employee`.`employee_id`, `tbl_employee`.`firstname`, `tbl_employee`.`middlename`, `tbl_employee`.`lastname`, `tbl_attendance`.`date`, `tbl_attendance`.`time_in` AS `att_time_in`, `tbl_attendance`.`time_out` AS `att_time_out`, `tbl_attendance`.`work_hours`, `tbl_attendance`.`late_hours`, `tbl_attendance`.`undertime_hours`, `tbl_department`.`department_name`, `tbl_employee`.`employee_id`, `tbl_employee`.`firstname`, `tbl_employee`.`middlename`, `tbl_employee`.`lastname`, `tbl_attendance`.`date`, `tbl_attendance`.`time_in` AS `att_time_in`, `tbl_attendance`.`time_out` AS `att_time_out`, `tbl_attendance`.`work_hours`, `tbl_attendance`.`late_hours`, `tbl_attendance`.`undertime_hours`, `tbl_department`.`department_name`
FROM `tbl_attendance`
JOIN `tbl_employee` ON `tbl_attendance`.`employee_id` = `tbl_employee`.`employee_id`
JOIN `tbl_department` ON `tbl_employee`.`department_id` = `tbl_department`.`department_id`
JOIN `tbl_employee` ON `tbl_attendance`.`employee_id` = `tbl_employee`.`employee_id`
JOIN `tbl_department` ON `tbl_employee`.`department_id` = `tbl_department`.`department_id`
WHERE `tbl_attendance`.`employee_id` = \'2024-673357\'
AND `tbl_attendance`.`date` = \'2025-01-11\'')
 3 SYSTEMPATH\Database\BaseBuilder.php(1629): CodeIgniter\Database\BaseConnection->query('SELECT `tbl_employee`.`employee_id`, `tbl_employee`.`firstname`, `tbl_employee`.`middlename`, `tbl_employee`.`lastname`, `tbl_attendance`.`date`, `tbl_attendance`.`time_in` AS `att_time_in`, `tbl_attendance`.`time_out` AS `att_time_out`, `tbl_attendance`.`work_hours`, `tbl_attendance`.`late_hours`, `tbl_attendance`.`undertime_hours`, `tbl_department`.`department_name`, `tbl_employee`.`employee_id`, `tbl_employee`.`firstname`, `tbl_employee`.`middlename`, `tbl_employee`.`lastname`, `tbl_attendance`.`date`, `tbl_attendance`.`time_in` AS `att_time_in`, `tbl_attendance`.`time_out` AS `att_time_out`, `tbl_attendance`.`work_hours`, `tbl_attendance`.`late_hours`, `tbl_attendance`.`undertime_hours`, `tbl_department`.`department_name`
FROM `tbl_attendance`
JOIN `tbl_employee` ON `tbl_attendance`.`employee_id` = `tbl_employee`.`employee_id`
JOIN `tbl_department` ON `tbl_employee`.`department_id` = `tbl_department`.`department_id`
JOIN `tbl_employee` ON `tbl_attendance`.`employee_id` = `tbl_employee`.`employee_id`
JOIN `tbl_department` ON `tbl_employee`.`department_id` = `tbl_department`.`department_id`
WHERE `tbl_attendance`.`employee_id` = :tbl_attendance.employee_id:
AND `tbl_attendance`.`date` = :tbl_attendance.date:', [...], false)
 4 SYSTEMPATH\Model.php(275): CodeIgniter\Database\BaseBuilder->get()
 5 SYSTEMPATH\BaseModel.php(676): CodeIgniter\Model->doFindAll(0, 0)
 6 APPPATH\Controllers\AttendanceController.php(252): CodeIgniter\BaseModel->findAll()
 7 SYSTEMPATH\CodeIgniter.php(933): App\Controllers\AttendanceController->downloadPDF()
 8 SYSTEMPATH\CodeIgniter.php(509): CodeIgniter\CodeIgniter->runController(Object(App\Controllers\AttendanceController))
 9 SYSTEMPATH\CodeIgniter.php(355): CodeIgniter\CodeIgniter->handleRequest(null, Object(Config\Cache), false)
10 SYSTEMPATH\Boot.php(312): CodeIgniter\CodeIgniter->run()
11 SYSTEMPATH\Boot.php(67): CodeIgniter\Boot::runCodeIgniter(Object(CodeIgniter\CodeIgniter))
12 FCPATH\index.php(56): CodeIgniter\Boot::bootWeb(Object(Config\Paths))
13 SYSTEMPATH\Commands\Server\rewrite.php(49): require_once('C:\\xampp\\htdocs\\Editing\\HarmonySystem\\public\\index.php')
CRITICAL - 2025-01-11 19:21:25 --> [Caused by] mysqli_sql_exception: Not unique table/alias: 'tbl_employee'
in SYSTEMPATH\Database\MySQLi\Connection.php on line 308.
 1 SYSTEMPATH\Database\MySQLi\Connection.php(308): mysqli->query('SELECT `tbl_employee`.`employee_id`, `tbl_employee`.`firstname`, `tbl_employee`.`middlename`, `tbl_employee`.`lastname`, `tbl_attendance`.`date`, `tbl_attendance`.`time_in` AS `att_time_in`, `tbl_attendance`.`time_out` AS `att_time_out`, `tbl_attendance`.`work_hours`, `tbl_attendance`.`late_hours`, `tbl_attendance`.`undertime_hours`, `tbl_department`.`department_name`, `tbl_employee`.`employee_id`, `tbl_employee`.`firstname`, `tbl_employee`.`middlename`, `tbl_employee`.`lastname`, `tbl_attendance`.`date`, `tbl_attendance`.`time_in` AS `att_time_in`, `tbl_attendance`.`time_out` AS `att_time_out`, `tbl_attendance`.`work_hours`, `tbl_attendance`.`late_hours`, `tbl_attendance`.`undertime_hours`, `tbl_department`.`department_name`
FROM `tbl_attendance`
JOIN `tbl_employee` ON `tbl_attendance`.`employee_id` = `tbl_employee`.`employee_id`
JOIN `tbl_department` ON `tbl_employee`.`department_id` = `tbl_department`.`department_id`
JOIN `tbl_employee` ON `tbl_attendance`.`employee_id` = `tbl_employee`.`employee_id`
JOIN `tbl_department` ON `tbl_employee`.`department_id` = `tbl_department`.`department_id`
WHERE `tbl_attendance`.`employee_id` = \'2024-673357\'
AND `tbl_attendance`.`date` = \'2025-01-11\'', 0)
 2 SYSTEMPATH\Database\BaseConnection.php(722): CodeIgniter\Database\MySQLi\Connection->execute('SELECT `tbl_employee`.`employee_id`, `tbl_employee`.`firstname`, `tbl_employee`.`middlename`, `tbl_employee`.`lastname`, `tbl_attendance`.`date`, `tbl_attendance`.`time_in` AS `att_time_in`, `tbl_attendance`.`time_out` AS `att_time_out`, `tbl_attendance`.`work_hours`, `tbl_attendance`.`late_hours`, `tbl_attendance`.`undertime_hours`, `tbl_department`.`department_name`, `tbl_employee`.`employee_id`, `tbl_employee`.`firstname`, `tbl_employee`.`middlename`, `tbl_employee`.`lastname`, `tbl_attendance`.`date`, `tbl_attendance`.`time_in` AS `att_time_in`, `tbl_attendance`.`time_out` AS `att_time_out`, `tbl_attendance`.`work_hours`, `tbl_attendance`.`late_hours`, `tbl_attendance`.`undertime_hours`, `tbl_department`.`department_name`
FROM `tbl_attendance`
JOIN `tbl_employee` ON `tbl_attendance`.`employee_id` = `tbl_employee`.`employee_id`
JOIN `tbl_department` ON `tbl_employee`.`department_id` = `tbl_department`.`department_id`
JOIN `tbl_employee` ON `tbl_attendance`.`employee_id` = `tbl_employee`.`employee_id`
JOIN `tbl_department` ON `tbl_employee`.`department_id` = `tbl_department`.`department_id`
WHERE `tbl_attendance`.`employee_id` = \'2024-673357\'
AND `tbl_attendance`.`date` = \'2025-01-11\'')
 3 SYSTEMPATH\Database\BaseConnection.php(636): CodeIgniter\Database\BaseConnection->simpleQuery('SELECT `tbl_employee`.`employee_id`, `tbl_employee`.`firstname`, `tbl_employee`.`middlename`, `tbl_employee`.`lastname`, `tbl_attendance`.`date`, `tbl_attendance`.`time_in` AS `att_time_in`, `tbl_attendance`.`time_out` AS `att_time_out`, `tbl_attendance`.`work_hours`, `tbl_attendance`.`late_hours`, `tbl_attendance`.`undertime_hours`, `tbl_department`.`department_name`, `tbl_employee`.`employee_id`, `tbl_employee`.`firstname`, `tbl_employee`.`middlename`, `tbl_employee`.`lastname`, `tbl_attendance`.`date`, `tbl_attendance`.`time_in` AS `att_time_in`, `tbl_attendance`.`time_out` AS `att_time_out`, `tbl_attendance`.`work_hours`, `tbl_attendance`.`late_hours`, `tbl_attendance`.`undertime_hours`, `tbl_department`.`department_name`
FROM `tbl_attendance`
JOIN `tbl_employee` ON `tbl_attendance`.`employee_id` = `tbl_employee`.`employee_id`
JOIN `tbl_department` ON `tbl_employee`.`department_id` = `tbl_department`.`department_id`
JOIN `tbl_employee` ON `tbl_attendance`.`employee_id` = `tbl_employee`.`employee_id`
JOIN `tbl_department` ON `tbl_employee`.`department_id` = `tbl_department`.`department_id`
WHERE `tbl_attendance`.`employee_id` = \'2024-673357\'
AND `tbl_attendance`.`date` = \'2025-01-11\'')
 4 SYSTEMPATH\Database\BaseBuilder.php(1629): CodeIgniter\Database\BaseConnection->query('SELECT `tbl_employee`.`employee_id`, `tbl_employee`.`firstname`, `tbl_employee`.`middlename`, `tbl_employee`.`lastname`, `tbl_attendance`.`date`, `tbl_attendance`.`time_in` AS `att_time_in`, `tbl_attendance`.`time_out` AS `att_time_out`, `tbl_attendance`.`work_hours`, `tbl_attendance`.`late_hours`, `tbl_attendance`.`undertime_hours`, `tbl_department`.`department_name`, `tbl_employee`.`employee_id`, `tbl_employee`.`firstname`, `tbl_employee`.`middlename`, `tbl_employee`.`lastname`, `tbl_attendance`.`date`, `tbl_attendance`.`time_in` AS `att_time_in`, `tbl_attendance`.`time_out` AS `att_time_out`, `tbl_attendance`.`work_hours`, `tbl_attendance`.`late_hours`, `tbl_attendance`.`undertime_hours`, `tbl_department`.`department_name`
FROM `tbl_attendance`
JOIN `tbl_employee` ON `tbl_attendance`.`employee_id` = `tbl_employee`.`employee_id`
JOIN `tbl_department` ON `tbl_employee`.`department_id` = `tbl_department`.`department_id`
JOIN `tbl_employee` ON `tbl_attendance`.`employee_id` = `tbl_employee`.`employee_id`
JOIN `tbl_department` ON `tbl_employee`.`department_id` = `tbl_department`.`department_id`
WHERE `tbl_attendance`.`employee_id` = :tbl_attendance.employee_id:
AND `tbl_attendance`.`date` = :tbl_attendance.date:', [...], false)
 5 SYSTEMPATH\Model.php(275): CodeIgniter\Database\BaseBuilder->get()
 6 SYSTEMPATH\BaseModel.php(676): CodeIgniter\Model->doFindAll(0, 0)
 7 APPPATH\Controllers\AttendanceController.php(252): CodeIgniter\BaseModel->findAll()
 8 SYSTEMPATH\CodeIgniter.php(933): App\Controllers\AttendanceController->downloadPDF()
 9 SYSTEMPATH\CodeIgniter.php(509): CodeIgniter\CodeIgniter->runController(Object(App\Controllers\AttendanceController))
10 SYSTEMPATH\CodeIgniter.php(355): CodeIgniter\CodeIgniter->handleRequest(null, Object(Config\Cache), false)
11 SYSTEMPATH\Boot.php(312): CodeIgniter\CodeIgniter->run()
12 SYSTEMPATH\Boot.php(67): CodeIgniter\Boot::runCodeIgniter(Object(CodeIgniter\CodeIgniter))
13 FCPATH\index.php(56): CodeIgniter\Boot::bootWeb(Object(Config\Paths))
14 SYSTEMPATH\Commands\Server\rewrite.php(49): require_once('C:\\xampp\\htdocs\\Editing\\HarmonySystem\\public\\index.php')
INFO - 2025-01-11 19:21:42 --> Session: Class initialized using 'CodeIgniter\Session\Handlers\FileHandler' driver.
INFO - 2025-01-11 19:21:43 --> Session: Class initialized using 'CodeIgniter\Session\Handlers\FileHandler' driver.
ERROR - 2025-01-11 19:21:46 --> mysqli_sql_exception: You have an error in your SQL syntax; check the manual that corresponds to your MariaDB server version for the right syntax to use near '= '2025-01-11'' at line 6 in C:\xampp\htdocs\Editing\HarmonySystem\system\Database\MySQLi\Connection.php:308
Stack trace:
#0 C:\xampp\htdocs\Editing\HarmonySystem\system\Database\MySQLi\Connection.php(308): mysqli->query('SELECT `tbl_emp...', 0)
#1 C:\xampp\htdocs\Editing\HarmonySystem\system\Database\BaseConnection.php(722): CodeIgniter\Database\MySQLi\Connection->execute('SELECT `tbl_emp...')
#2 C:\xampp\htdocs\Editing\HarmonySystem\system\Database\BaseConnection.php(636): CodeIgniter\Database\BaseConnection->simpleQuery('SELECT `tbl_emp...')
#3 C:\xampp\htdocs\Editing\HarmonySystem\system\Database\BaseBuilder.php(1629): CodeIgniter\Database\BaseConnection->query('SELECT `tbl_emp...', Array, false)
#4 C:\xampp\htdocs\Editing\HarmonySystem\system\Model.php(275): CodeIgniter\Database\BaseBuilder->get()
#5 C:\xampp\htdocs\Editing\HarmonySystem\system\BaseModel.php(676): CodeIgniter\Model->doFindAll(0, 0)
#6 C:\xampp\htdocs\Editing\HarmonySystem\app\Controllers\AttendanceController.php(235): CodeIgniter\BaseModel->findAll()
#7 C:\xampp\htdocs\Editing\HarmonySystem\system\CodeIgniter.php(933): App\Controllers\AttendanceController->downloadPDF()
#8 C:\xampp\htdocs\Editing\HarmonySystem\system\CodeIgniter.php(509): CodeIgniter\CodeIgniter->runController(Object(App\Controllers\AttendanceController))
#9 C:\xampp\htdocs\Editing\HarmonySystem\system\CodeIgniter.php(355): CodeIgniter\CodeIgniter->handleRequest(NULL, Object(Config\Cache), false)
#10 C:\xampp\htdocs\Editing\HarmonySystem\system\Boot.php(312): CodeIgniter\CodeIgniter->run()
#11 C:\xampp\htdocs\Editing\HarmonySystem\system\Boot.php(67): CodeIgniter\Boot::runCodeIgniter(Object(CodeIgniter\CodeIgniter))
#12 C:\xampp\htdocs\Editing\HarmonySystem\public\index.php(56): CodeIgniter\Boot::bootWeb(Object(Config\Paths))
#13 C:\xampp\htdocs\Editing\HarmonySystem\system\Commands\Server\rewrite.php(49): require_once('C:\\xampp\\htdocs...')
#14 {main}
CRITICAL - 2025-01-11 19:21:46 --> CodeIgniter\Database\Exceptions\DatabaseException: You have an error in your SQL syntax; check the manual that corresponds to your MariaDB server version for the right syntax to use near '= '2025-01-11'' at line 6
[Method: GET, Route: attendance/downloadPDF]
in SYSTEMPATH\Database\BaseConnection.php on line 676.
 1 SYSTEMPATH\Database\BaseBuilder.php(1629): CodeIgniter\Database\BaseConnection->query('SELECT `tbl_employee`.`employee_id`, `tbl_employee`.`firstname`, `tbl_employee`.`middlename`, `tbl_employee`.`lastname`, `tbl_attendance`.`date`, `tbl_attendance`.`time_in` AS `att_time_in`, `tbl_attendance`.`time_out` AS `att_time_out`, `tbl_attendance`.`work_hours`, `tbl_attendance`.`late_hours`, `tbl_attendance`.`undertime_hours`, `tbl_department`.`department_name`
FROM `tbl_attendance`
JOIN `tbl_employee` ON `tbl_attendance`.`employee_id` = `tbl_employee`.`employee_id`
JOIN `tbl_department` ON `tbl_employee`.`department_id` = `tbl_department`.`department_id`
WHERE `tbl_attendance`.`employee_id` = :tbl_attendance.employee_id:
AND .`date` = :.date:', [...], false)
 2 SYSTEMPATH\Model.php(275): CodeIgniter\Database\BaseBuilder->get()
 3 SYSTEMPATH\BaseModel.php(676): CodeIgniter\Model->doFindAll(0, 0)
 4 APPPATH\Controllers\AttendanceController.php(235): CodeIgniter\BaseModel->findAll()
 5 SYSTEMPATH\CodeIgniter.php(933): App\Controllers\AttendanceController->downloadPDF()
 6 SYSTEMPATH\CodeIgniter.php(509): CodeIgniter\CodeIgniter->runController(Object(App\Controllers\AttendanceController))
 7 SYSTEMPATH\CodeIgniter.php(355): CodeIgniter\CodeIgniter->handleRequest(null, Object(Config\Cache), false)
 8 SYSTEMPATH\Boot.php(312): CodeIgniter\CodeIgniter->run()
 9 SYSTEMPATH\Boot.php(67): CodeIgniter\Boot::runCodeIgniter(Object(CodeIgniter\CodeIgniter))
10 FCPATH\index.php(56): CodeIgniter\Boot::bootWeb(Object(Config\Paths))
11 SYSTEMPATH\Commands\Server\rewrite.php(49): require_once('C:\\xampp\\htdocs\\Editing\\HarmonySystem\\public\\index.php')
CRITICAL - 2025-01-11 19:21:46 --> [Caused by] CodeIgniter\Database\Exceptions\DatabaseException: You have an error in your SQL syntax; check the manual that corresponds to your MariaDB server version for the right syntax to use near '= '2025-01-11'' at line 6
in SYSTEMPATH\Database\MySQLi\Connection.php on line 313.
 1 SYSTEMPATH\Database\BaseConnection.php(722): CodeIgniter\Database\MySQLi\Connection->execute('SELECT `tbl_employee`.`employee_id`, `tbl_employee`.`firstname`, `tbl_employee`.`middlename`, `tbl_employee`.`lastname`, `tbl_attendance`.`date`, `tbl_attendance`.`time_in` AS `att_time_in`, `tbl_attendance`.`time_out` AS `att_time_out`, `tbl_attendance`.`work_hours`, `tbl_attendance`.`late_hours`, `tbl_attendance`.`undertime_hours`, `tbl_department`.`department_name`
FROM `tbl_attendance`
JOIN `tbl_employee` ON `tbl_attendance`.`employee_id` = `tbl_employee`.`employee_id`
JOIN `tbl_department` ON `tbl_employee`.`department_id` = `tbl_department`.`department_id`
WHERE `tbl_attendance`.`employee_id` = \'2024-673357\'
AND .`date` = \'2025-01-11\'')
 2 SYSTEMPATH\Database\BaseConnection.php(636): CodeIgniter\Database\BaseConnection->simpleQuery('SELECT `tbl_employee`.`employee_id`, `tbl_employee`.`firstname`, `tbl_employee`.`middlename`, `tbl_employee`.`lastname`, `tbl_attendance`.`date`, `tbl_attendance`.`time_in` AS `att_time_in`, `tbl_attendance`.`time_out` AS `att_time_out`, `tbl_attendance`.`work_hours`, `tbl_attendance`.`late_hours`, `tbl_attendance`.`undertime_hours`, `tbl_department`.`department_name`
FROM `tbl_attendance`
JOIN `tbl_employee` ON `tbl_attendance`.`employee_id` = `tbl_employee`.`employee_id`
JOIN `tbl_department` ON `tbl_employee`.`department_id` = `tbl_department`.`department_id`
WHERE `tbl_attendance`.`employee_id` = \'2024-673357\'
AND .`date` = \'2025-01-11\'')
 3 SYSTEMPATH\Database\BaseBuilder.php(1629): CodeIgniter\Database\BaseConnection->query('SELECT `tbl_employee`.`employee_id`, `tbl_employee`.`firstname`, `tbl_employee`.`middlename`, `tbl_employee`.`lastname`, `tbl_attendance`.`date`, `tbl_attendance`.`time_in` AS `att_time_in`, `tbl_attendance`.`time_out` AS `att_time_out`, `tbl_attendance`.`work_hours`, `tbl_attendance`.`late_hours`, `tbl_attendance`.`undertime_hours`, `tbl_department`.`department_name`
FROM `tbl_attendance`
JOIN `tbl_employee` ON `tbl_attendance`.`employee_id` = `tbl_employee`.`employee_id`
JOIN `tbl_department` ON `tbl_employee`.`department_id` = `tbl_department`.`department_id`
WHERE `tbl_attendance`.`employee_id` = :tbl_attendance.employee_id:
AND .`date` = :.date:', [...], false)
 4 SYSTEMPATH\Model.php(275): CodeIgniter\Database\BaseBuilder->get()
 5 SYSTEMPATH\BaseModel.php(676): CodeIgniter\Model->doFindAll(0, 0)
 6 APPPATH\Controllers\AttendanceController.php(235): CodeIgniter\BaseModel->findAll()
 7 SYSTEMPATH\CodeIgniter.php(933): App\Controllers\AttendanceController->downloadPDF()
 8 SYSTEMPATH\CodeIgniter.php(509): CodeIgniter\CodeIgniter->runController(Object(App\Controllers\AttendanceController))
 9 SYSTEMPATH\CodeIgniter.php(355): CodeIgniter\CodeIgniter->handleRequest(null, Object(Config\Cache), false)
10 SYSTEMPATH\Boot.php(312): CodeIgniter\CodeIgniter->run()
11 SYSTEMPATH\Boot.php(67): CodeIgniter\Boot::runCodeIgniter(Object(CodeIgniter\CodeIgniter))
12 FCPATH\index.php(56): CodeIgniter\Boot::bootWeb(Object(Config\Paths))
13 SYSTEMPATH\Commands\Server\rewrite.php(49): require_once('C:\\xampp\\htdocs\\Editing\\HarmonySystem\\public\\index.php')
CRITICAL - 2025-01-11 19:21:46 --> [Caused by] mysqli_sql_exception: You have an error in your SQL syntax; check the manual that corresponds to your MariaDB server version for the right syntax to use near '= '2025-01-11'' at line 6
in SYSTEMPATH\Database\MySQLi\Connection.php on line 308.
 1 SYSTEMPATH\Database\MySQLi\Connection.php(308): mysqli->query('SELECT `tbl_employee`.`employee_id`, `tbl_employee`.`firstname`, `tbl_employee`.`middlename`, `tbl_employee`.`lastname`, `tbl_attendance`.`date`, `tbl_attendance`.`time_in` AS `att_time_in`, `tbl_attendance`.`time_out` AS `att_time_out`, `tbl_attendance`.`work_hours`, `tbl_attendance`.`late_hours`, `tbl_attendance`.`undertime_hours`, `tbl_department`.`department_name`
FROM `tbl_attendance`
JOIN `tbl_employee` ON `tbl_attendance`.`employee_id` = `tbl_employee`.`employee_id`
JOIN `tbl_department` ON `tbl_employee`.`department_id` = `tbl_department`.`department_id`
WHERE `tbl_attendance`.`employee_id` = \'2024-673357\'
AND .`date` = \'2025-01-11\'', 0)
 2 SYSTEMPATH\Database\BaseConnection.php(722): CodeIgniter\Database\MySQLi\Connection->execute('SELECT `tbl_employee`.`employee_id`, `tbl_employee`.`firstname`, `tbl_employee`.`middlename`, `tbl_employee`.`lastname`, `tbl_attendance`.`date`, `tbl_attendance`.`time_in` AS `att_time_in`, `tbl_attendance`.`time_out` AS `att_time_out`, `tbl_attendance`.`work_hours`, `tbl_attendance`.`late_hours`, `tbl_attendance`.`undertime_hours`, `tbl_department`.`department_name`
FROM `tbl_attendance`
JOIN `tbl_employee` ON `tbl_attendance`.`employee_id` = `tbl_employee`.`employee_id`
JOIN `tbl_department` ON `tbl_employee`.`department_id` = `tbl_department`.`department_id`
WHERE `tbl_attendance`.`employee_id` = \'2024-673357\'
AND .`date` = \'2025-01-11\'')
 3 SYSTEMPATH\Database\BaseConnection.php(636): CodeIgniter\Database\BaseConnection->simpleQuery('SELECT `tbl_employee`.`employee_id`, `tbl_employee`.`firstname`, `tbl_employee`.`middlename`, `tbl_employee`.`lastname`, `tbl_attendance`.`date`, `tbl_attendance`.`time_in` AS `att_time_in`, `tbl_attendance`.`time_out` AS `att_time_out`, `tbl_attendance`.`work_hours`, `tbl_attendance`.`late_hours`, `tbl_attendance`.`undertime_hours`, `tbl_department`.`department_name`
FROM `tbl_attendance`
JOIN `tbl_employee` ON `tbl_attendance`.`employee_id` = `tbl_employee`.`employee_id`
JOIN `tbl_department` ON `tbl_employee`.`department_id` = `tbl_department`.`department_id`
WHERE `tbl_attendance`.`employee_id` = \'2024-673357\'
AND .`date` = \'2025-01-11\'')
 4 SYSTEMPATH\Database\BaseBuilder.php(1629): CodeIgniter\Database\BaseConnection->query('SELECT `tbl_employee`.`employee_id`, `tbl_employee`.`firstname`, `tbl_employee`.`middlename`, `tbl_employee`.`lastname`, `tbl_attendance`.`date`, `tbl_attendance`.`time_in` AS `att_time_in`, `tbl_attendance`.`time_out` AS `att_time_out`, `tbl_attendance`.`work_hours`, `tbl_attendance`.`late_hours`, `tbl_attendance`.`undertime_hours`, `tbl_department`.`department_name`
FROM `tbl_attendance`
JOIN `tbl_employee` ON `tbl_attendance`.`employee_id` = `tbl_employee`.`employee_id`
JOIN `tbl_department` ON `tbl_employee`.`department_id` = `tbl_department`.`department_id`
WHERE `tbl_attendance`.`employee_id` = :tbl_attendance.employee_id:
AND .`date` = :.date:', [...], false)
 5 SYSTEMPATH\Model.php(275): CodeIgniter\Database\BaseBuilder->get()
 6 SYSTEMPATH\BaseModel.php(676): CodeIgniter\Model->doFindAll(0, 0)
 7 APPPATH\Controllers\AttendanceController.php(235): CodeIgniter\BaseModel->findAll()
 8 SYSTEMPATH\CodeIgniter.php(933): App\Controllers\AttendanceController->downloadPDF()
 9 SYSTEMPATH\CodeIgniter.php(509): CodeIgniter\CodeIgniter->runController(Object(App\Controllers\AttendanceController))
10 SYSTEMPATH\CodeIgniter.php(355): CodeIgniter\CodeIgniter->handleRequest(null, Object(Config\Cache), false)
11 SYSTEMPATH\Boot.php(312): CodeIgniter\CodeIgniter->run()
12 SYSTEMPATH\Boot.php(67): CodeIgniter\Boot::runCodeIgniter(Object(CodeIgniter\CodeIgniter))
13 FCPATH\index.php(56): CodeIgniter\Boot::bootWeb(Object(Config\Paths))
14 SYSTEMPATH\Commands\Server\rewrite.php(49): require_once('C:\\xampp\\htdocs\\Editing\\HarmonySystem\\public\\index.php')
INFO - 2025-01-11 19:22:23 --> Session: Class initialized using 'CodeIgniter\Session\Handlers\FileHandler' driver.
INFO - 2025-01-11 19:22:25 --> Session: Class initialized using 'CodeIgniter\Session\Handlers\FileHandler' driver.
INFO - 2025-01-11 19:22:40 --> Session: Class initialized using 'CodeIgniter\Session\Handlers\FileHandler' driver.
INFO - 2025-01-11 19:22:45 --> Session: Class initialized using 'CodeIgniter\Session\Handlers\FileHandler' driver.
CRITICAL - 2025-01-11 19:22:45 --> ErrorException: Undefined variable $employee_id
[Method: GET, Route: filterAttendance]
in APPPATH\Views\attendance.php on line 71.
 1 APPPATH\Views\attendance.php(71): CodeIgniter\Debug\Exceptions->errorHandler(2, 'Undefined variable $employee_id', 'C:\\xampp\\htdocs\\Editing\\HarmonySystem\\app\\Views\\attendance.php', 71)
 2 SYSTEMPATH\View\View.php(234): include('C:\\xampp\\htdocs\\Editing\\HarmonySystem\\app\\Views\\attendance.php')
 3 SYSTEMPATH\View\View.php(237): CodeIgniter\View\View->CodeIgniter\View\{closure}()
 4 SYSTEMPATH\Common.php(1171): CodeIgniter\View\View->render('attendance', [], true)
 5 APPPATH\Controllers\AttendanceController.php(116): view('attendance', [...])
 6 SYSTEMPATH\CodeIgniter.php(933): App\Controllers\AttendanceController->filterAttendance()
 7 SYSTEMPATH\CodeIgniter.php(509): CodeIgniter\CodeIgniter->runController(Object(App\Controllers\AttendanceController))
 8 SYSTEMPATH\CodeIgniter.php(355): CodeIgniter\CodeIgniter->handleRequest(null, Object(Config\Cache), false)
 9 SYSTEMPATH\Boot.php(312): CodeIgniter\CodeIgniter->run()
10 SYSTEMPATH\Boot.php(67): CodeIgniter\Boot::runCodeIgniter(Object(CodeIgniter\CodeIgniter))
11 FCPATH\index.php(56): CodeIgniter\Boot::bootWeb(Object(Config\Paths))
12 SYSTEMPATH\Commands\Server\rewrite.php(49): require_once('C:\\xampp\\htdocs\\Editing\\HarmonySystem\\public\\index.php')
INFO - 2025-01-11 19:23:03 --> Session: Class initialized using 'CodeIgniter\Session\Handlers\FileHandler' driver.
CRITICAL - 2025-01-11 19:23:03 --> ErrorException: Undefined variable $employee_id
[Method: GET, Route: filterAttendance]
in APPPATH\Views\attendance.php on line 71.
 1 APPPATH\Views\attendance.php(71): CodeIgniter\Debug\Exceptions->errorHandler(2, 'Undefined variable $employee_id', 'C:\\xampp\\htdocs\\Editing\\HarmonySystem\\app\\Views\\attendance.php', 71)
 2 SYSTEMPATH\View\View.php(234): include('C:\\xampp\\htdocs\\Editing\\HarmonySystem\\app\\Views\\attendance.php')
 3 SYSTEMPATH\View\View.php(237): CodeIgniter\View\View->CodeIgniter\View\{closure}()
 4 SYSTEMPATH\Common.php(1171): CodeIgniter\View\View->render('attendance', [], true)
 5 APPPATH\Controllers\AttendanceController.php(116): view('attendance', [...])
 6 SYSTEMPATH\CodeIgniter.php(933): App\Controllers\AttendanceController->filterAttendance()
 7 SYSTEMPATH\CodeIgniter.php(509): CodeIgniter\CodeIgniter->runController(Object(App\Controllers\AttendanceController))
 8 SYSTEMPATH\CodeIgniter.php(355): CodeIgniter\CodeIgniter->handleRequest(null, Object(Config\Cache), false)
 9 SYSTEMPATH\Boot.php(312): CodeIgniter\CodeIgniter->run()
10 SYSTEMPATH\Boot.php(67): CodeIgniter\Boot::runCodeIgniter(Object(CodeIgniter\CodeIgniter))
11 FCPATH\index.php(56): CodeIgniter\Boot::bootWeb(Object(Config\Paths))
12 SYSTEMPATH\Commands\Server\rewrite.php(49): require_once('C:\\xampp\\htdocs\\Editing\\HarmonySystem\\public\\index.php')
INFO - 2025-01-11 19:23:19 --> Session: Class initialized using 'CodeIgniter\Session\Handlers\FileHandler' driver.
CRITICAL - 2025-01-11 19:23:19 --> ErrorException: Undefined variable $employee_id
[Method: GET, Route: filterAttendance]
in APPPATH\Views\attendance.php on line 71.
 1 APPPATH\Views\attendance.php(71): CodeIgniter\Debug\Exceptions->errorHandler(2, 'Undefined variable $employee_id', 'C:\\xampp\\htdocs\\Editing\\HarmonySystem\\app\\Views\\attendance.php', 71)
 2 SYSTEMPATH\View\View.php(234): include('C:\\xampp\\htdocs\\Editing\\HarmonySystem\\app\\Views\\attendance.php')
 3 SYSTEMPATH\View\View.php(237): CodeIgniter\View\View->CodeIgniter\View\{closure}()
 4 SYSTEMPATH\Common.php(1171): CodeIgniter\View\View->render('attendance', [], true)
 5 APPPATH\Controllers\AttendanceController.php(116): view('attendance', [...])
 6 SYSTEMPATH\CodeIgniter.php(933): App\Controllers\AttendanceController->filterAttendance()
 7 SYSTEMPATH\CodeIgniter.php(509): CodeIgniter\CodeIgniter->runController(Object(App\Controllers\AttendanceController))
 8 SYSTEMPATH\CodeIgniter.php(355): CodeIgniter\CodeIgniter->handleRequest(null, Object(Config\Cache), false)
 9 SYSTEMPATH\Boot.php(312): CodeIgniter\CodeIgniter->run()
10 SYSTEMPATH\Boot.php(67): CodeIgniter\Boot::runCodeIgniter(Object(CodeIgniter\CodeIgniter))
11 FCPATH\index.php(56): CodeIgniter\Boot::bootWeb(Object(Config\Paths))
12 SYSTEMPATH\Commands\Server\rewrite.php(49): require_once('C:\\xampp\\htdocs\\Editing\\HarmonySystem\\public\\index.php')
INFO - 2025-01-11 19:23:51 --> Session: Class initialized using 'CodeIgniter\Session\Handlers\FileHandler' driver.
CRITICAL - 2025-01-11 19:23:51 --> ErrorException: Undefined variable $employee_id
[Method: GET, Route: filterAttendance]
in APPPATH\Views\attendance.php on line 71.
 1 APPPATH\Views\attendance.php(71): CodeIgniter\Debug\Exceptions->errorHandler(2, 'Undefined variable $employee_id', 'C:\\xampp\\htdocs\\Editing\\HarmonySystem\\app\\Views\\attendance.php', 71)
 2 SYSTEMPATH\View\View.php(234): include('C:\\xampp\\htdocs\\Editing\\HarmonySystem\\app\\Views\\attendance.php')
 3 SYSTEMPATH\View\View.php(237): CodeIgniter\View\View->CodeIgniter\View\{closure}()
 4 SYSTEMPATH\Common.php(1171): CodeIgniter\View\View->render('attendance', [], true)
 5 APPPATH\Controllers\AttendanceController.php(116): view('attendance', [...])
 6 SYSTEMPATH\CodeIgniter.php(933): App\Controllers\AttendanceController->filterAttendance()
 7 SYSTEMPATH\CodeIgniter.php(509): CodeIgniter\CodeIgniter->runController(Object(App\Controllers\AttendanceController))
 8 SYSTEMPATH\CodeIgniter.php(355): CodeIgniter\CodeIgniter->handleRequest(null, Object(Config\Cache), false)
 9 SYSTEMPATH\Boot.php(312): CodeIgniter\CodeIgniter->run()
10 SYSTEMPATH\Boot.php(67): CodeIgniter\Boot::runCodeIgniter(Object(CodeIgniter\CodeIgniter))
11 FCPATH\index.php(56): CodeIgniter\Boot::bootWeb(Object(Config\Paths))
12 SYSTEMPATH\Commands\Server\rewrite.php(49): require_once('C:\\xampp\\htdocs\\Editing\\HarmonySystem\\public\\index.php')
INFO - 2025-01-11 19:23:53 --> Session: Class initialized using 'CodeIgniter\Session\Handlers\FileHandler' driver.
INFO - 2025-01-11 19:23:55 --> Session: Class initialized using 'CodeIgniter\Session\Handlers\FileHandler' driver.
CRITICAL - 2025-01-11 19:23:55 --> ErrorException: Undefined variable $employee_id
[Method: GET, Route: filterAttendance]
in APPPATH\Views\attendance.php on line 71.
 1 APPPATH\Views\attendance.php(71): CodeIgniter\Debug\Exceptions->errorHandler(2, 'Undefined variable $employee_id', 'C:\\xampp\\htdocs\\Editing\\HarmonySystem\\app\\Views\\attendance.php', 71)
 2 SYSTEMPATH\View\View.php(234): include('C:\\xampp\\htdocs\\Editing\\HarmonySystem\\app\\Views\\attendance.php')
 3 SYSTEMPATH\View\View.php(237): CodeIgniter\View\View->CodeIgniter\View\{closure}()
 4 SYSTEMPATH\Common.php(1171): CodeIgniter\View\View->render('attendance', [], true)
 5 APPPATH\Controllers\AttendanceController.php(116): view('attendance', [...])
 6 SYSTEMPATH\CodeIgniter.php(933): App\Controllers\AttendanceController->filterAttendance()
 7 SYSTEMPATH\CodeIgniter.php(509): CodeIgniter\CodeIgniter->runController(Object(App\Controllers\AttendanceController))
 8 SYSTEMPATH\CodeIgniter.php(355): CodeIgniter\CodeIgniter->handleRequest(null, Object(Config\Cache), false)
 9 SYSTEMPATH\Boot.php(312): CodeIgniter\CodeIgniter->run()
10 SYSTEMPATH\Boot.php(67): CodeIgniter\Boot::runCodeIgniter(Object(CodeIgniter\CodeIgniter))
11 FCPATH\index.php(56): CodeIgniter\Boot::bootWeb(Object(Config\Paths))
12 SYSTEMPATH\Commands\Server\rewrite.php(49): require_once('C:\\xampp\\htdocs\\Editing\\HarmonySystem\\public\\index.php')
INFO - 2025-01-11 19:24:53 --> Session: Class initialized using 'CodeIgniter\Session\Handlers\FileHandler' driver.
INFO - 2025-01-11 19:25:00 --> Session: Class initialized using 'CodeIgniter\Session\Handlers\FileHandler' driver.
INFO - 2025-01-11 19:25:21 --> Session: Class initialized using 'CodeIgniter\Session\Handlers\FileHandler' driver.
INFO - 2025-01-11 19:25:23 --> Session: Class initialized using 'CodeIgniter\Session\Handlers\FileHandler' driver.
INFO - 2025-01-11 19:25:30 --> Session: Class initialized using 'CodeIgniter\Session\Handlers\FileHandler' driver.
INFO - 2025-01-11 19:25:43 --> Session: Class initialized using 'CodeIgniter\Session\Handlers\FileHandler' driver.
INFO - 2025-01-11 19:26:01 --> Session: Class initialized using 'CodeIgniter\Session\Handlers\FileHandler' driver.
INFO - 2025-01-11 19:26:06 --> Session: Class initialized using 'CodeIgniter\Session\Handlers\FileHandler' driver.
INFO - 2025-01-11 19:26:19 --> Session: Class initialized using 'CodeIgniter\Session\Handlers\FileHandler' driver.
CRITICAL - 2025-01-11 19:26:19 --> ErrorException: Undefined variable $employee_id
[Method: GET, Route: attendance]
in APPPATH\Views\attendance.php on line 71.
 1 APPPATH\Views\attendance.php(71): CodeIgniter\Debug\Exceptions->errorHandler(2, 'Undefined variable $employee_id', 'C:\\xampp\\htdocs\\Editing\\HarmonySystem\\app\\Views\\attendance.php', 71)
 2 SYSTEMPATH\View\View.php(234): include('C:\\xampp\\htdocs\\Editing\\HarmonySystem\\app\\Views\\attendance.php')
 3 SYSTEMPATH\View\View.php(237): CodeIgniter\View\View->CodeIgniter\View\{closure}()
 4 SYSTEMPATH\Common.php(1171): CodeIgniter\View\View->render('attendance', [], true)
 5 APPPATH\Controllers\AttendanceController.php(69): view('attendance', [...])
 6 SYSTEMPATH\CodeIgniter.php(933): App\Controllers\AttendanceController->index()
 7 SYSTEMPATH\CodeIgniter.php(509): CodeIgniter\CodeIgniter->runController(Object(App\Controllers\AttendanceController))
 8 SYSTEMPATH\CodeIgniter.php(355): CodeIgniter\CodeIgniter->handleRequest(null, Object(Config\Cache), false)
 9 SYSTEMPATH\Boot.php(312): CodeIgniter\CodeIgniter->run()
10 SYSTEMPATH\Boot.php(67): CodeIgniter\Boot::runCodeIgniter(Object(CodeIgniter\CodeIgniter))
11 FCPATH\index.php(56): CodeIgniter\Boot::bootWeb(Object(Config\Paths))
12 SYSTEMPATH\Commands\Server\rewrite.php(49): require_once('C:\\xampp\\htdocs\\Editing\\HarmonySystem\\public\\index.php')
INFO - 2025-01-11 19:26:29 --> Session: Class initialized using 'CodeIgniter\Session\Handlers\FileHandler' driver.
CRITICAL - 2025-01-11 19:26:29 --> ErrorException: Undefined variable $employee_id
[Method: GET, Route: attendance]
in APPPATH\Views\attendance.php on line 71.
 1 APPPATH\Views\attendance.php(71): CodeIgniter\Debug\Exceptions->errorHandler(2, 'Undefined variable $employee_id', 'C:\\xampp\\htdocs\\Editing\\HarmonySystem\\app\\Views\\attendance.php', 71)
 2 SYSTEMPATH\View\View.php(234): include('C:\\xampp\\htdocs\\Editing\\HarmonySystem\\app\\Views\\attendance.php')
 3 SYSTEMPATH\View\View.php(237): CodeIgniter\View\View->CodeIgniter\View\{closure}()
 4 SYSTEMPATH\Common.php(1171): CodeIgniter\View\View->render('attendance', [], true)
 5 APPPATH\Controllers\AttendanceController.php(69): view('attendance', [...])
 6 SYSTEMPATH\CodeIgniter.php(933): App\Controllers\AttendanceController->index()
 7 SYSTEMPATH\CodeIgniter.php(509): CodeIgniter\CodeIgniter->runController(Object(App\Controllers\AttendanceController))
 8 SYSTEMPATH\CodeIgniter.php(355): CodeIgniter\CodeIgniter->handleRequest(null, Object(Config\Cache), false)
 9 SYSTEMPATH\Boot.php(312): CodeIgniter\CodeIgniter->run()
10 SYSTEMPATH\Boot.php(67): CodeIgniter\Boot::runCodeIgniter(Object(CodeIgniter\CodeIgniter))
11 FCPATH\index.php(56): CodeIgniter\Boot::bootWeb(Object(Config\Paths))
12 SYSTEMPATH\Commands\Server\rewrite.php(49): require_once('C:\\xampp\\htdocs\\Editing\\HarmonySystem\\public\\index.php')
INFO - 2025-01-11 19:27:06 --> Session: Class initialized using 'CodeIgniter\Session\Handlers\FileHandler' driver.
INFO - 2025-01-11 19:27:13 --> Session: Class initialized using 'CodeIgniter\Session\Handlers\FileHandler' driver.
INFO - 2025-01-11 19:27:25 --> Session: Class initialized using 'CodeIgniter\Session\Handlers\FileHandler' driver.
INFO - 2025-01-11 19:27:33 --> Session: Class initialized using 'CodeIgniter\Session\Handlers\FileHandler' driver.
INFO - 2025-01-11 19:27:34 --> Session: Class initialized using 'CodeIgniter\Session\Handlers\FileHandler' driver.
INFO - 2025-01-11 19:27:38 --> Session: Class initialized using 'CodeIgniter\Session\Handlers\FileHandler' driver.
INFO - 2025-01-11 19:28:11 --> Session: Class initialized using 'CodeIgniter\Session\Handlers\FileHandler' driver.
INFO - 2025-01-11 19:28:14 --> Session: Class initialized using 'CodeIgniter\Session\Handlers\FileHandler' driver.
INFO - 2025-01-11 19:28:39 --> Session: Class initialized using 'CodeIgniter\Session\Handlers\FileHandler' driver.
INFO - 2025-01-11 19:28:52 --> Session: Class initialized using 'CodeIgniter\Session\Handlers\FileHandler' driver.
INFO - 2025-01-11 19:30:58 --> Session: Class initialized using 'CodeIgniter\Session\Handlers\FileHandler' driver.
INFO - 2025-01-11 19:31:41 --> Session: Class initialized using 'CodeIgniter\Session\Handlers\FileHandler' driver.
INFO - 2025-01-11 19:31:45 --> Session: Class initialized using 'CodeIgniter\Session\Handlers\FileHandler' driver.
INFO - 2025-01-11 19:32:16 --> Session: Class initialized using 'CodeIgniter\Session\Handlers\FileHandler' driver.
