CRITICAL - 2024-09-01 12:22:12 --> CodeIgniter\View\Exceptions\ViewException: Invalid file: "contributionForm.php"
[Method: GET, Route: contributionForm]
in SYSTEMPATH\Exceptions\FrameworkException.php on line 41.
 1 SYSTEMPATH\View\View.php(222): CodeIgniter\Exceptions\FrameworkException::forInvalidFile('contributionForm.php')
 2 SYSTEMPATH\Common.php(1171): CodeIgniter\View\View->render('contributionForm', [], true)
 3 APPPATH\Controllers\UserController.php(86): view('contributionForm')
 4 SYSTEMPATH\CodeIgniter.php(933): App\Controllers\UserController->contributionForm()
 5 SYSTEMPATH\CodeIgniter.php(509): CodeIgniter\CodeIgniter->runController(Object(App\Controllers\UserController))
 6 SYSTEMPATH\CodeIgniter.php(355): CodeIgniter\CodeIgniter->handleRequest(null, Object(Config\Cache), false)
 7 SYSTEMPATH\Boot.php(312): CodeIgniter\CodeIgniter->run()
 8 SYSTEMPATH\Boot.php(67): CodeIgniter\Boot::runCodeIgniter(Object(CodeIgniter\CodeIgniter))
 9 FCPATH\index.php(56): CodeIgniter\Boot::bootWeb(Object(Config\Paths))
10 SYSTEMPATH\Commands\Server\rewrite.php(49): require_once('C:\\Users\\ralph\\Desktop\\Azazel\\Capstone\\HarmonySystem\\public\\index.php')
CRITICAL - 2024-09-01 12:22:32 --> CodeIgniter\View\Exceptions\ViewException: Invalid file: "contributionForm.php"
[Method: GET, Route: contributionForm]
in SYSTEMPATH\Exceptions\FrameworkException.php on line 41.
 1 SYSTEMPATH\View\View.php(222): CodeIgniter\Exceptions\FrameworkException::forInvalidFile('contributionForm.php')
 2 SYSTEMPATH\Common.php(1171): CodeIgniter\View\View->render('contributionForm', [], true)
 3 APPPATH\Controllers\UserController.php(86): view('contributionForm')
 4 SYSTEMPATH\CodeIgniter.php(933): App\Controllers\UserController->contributionForm()
 5 SYSTEMPATH\CodeIgniter.php(509): CodeIgniter\CodeIgniter->runController(Object(App\Controllers\UserController))
 6 SYSTEMPATH\CodeIgniter.php(355): CodeIgniter\CodeIgniter->handleRequest(null, Object(Config\Cache), false)
 7 SYSTEMPATH\Boot.php(312): CodeIgniter\CodeIgniter->run()
 8 SYSTEMPATH\Boot.php(67): CodeIgniter\Boot::runCodeIgniter(Object(CodeIgniter\CodeIgniter))
 9 FCPATH\index.php(56): CodeIgniter\Boot::bootWeb(Object(Config\Paths))
10 SYSTEMPATH\Commands\Server\rewrite.php(49): require_once('C:\\Users\\ralph\\Desktop\\Azazel\\Capstone\\HarmonySystem\\public\\index.php')
