INFO - 2025-01-28 07:10:38 --> Session: Class initialized using 'CodeIgniter\Session\Handlers\FileHandler' driver.
INFO - 2025-01-28 07:10:38 --> Session: Class initialized using 'CodeIgniter\Session\Handlers\FileHandler' driver.
INFO - 2025-01-28 07:17:53 --> Session: Class initialized using 'CodeIgniter\Session\Handlers\FileHandler' driver.
INFO - 2025-01-28 00:00:52 --> Session: Class initialized using 'CodeIgniter\Session\Handlers\FileHandler' driver.
ERROR - 2025-01-28 00:00:52 --> mysqli_sql_exception: Unknown column 'tbl_pagibig.salary_range_start' in 'field list' in C:\xampp\htdocs\Editing\HarmonySystem\system\Database\MySQLi\Connection.php:308
Stack trace:
#0 C:\xampp\htdocs\Editing\HarmonySystem\system\Database\MySQLi\Connection.php(308): mysqli->query('SELECT `tbl_emp...', 0)
#1 C:\xampp\htdocs\Editing\HarmonySystem\system\Database\BaseConnection.php(722): CodeIgniter\Database\MySQLi\Connection->execute('SELECT `tbl_emp...')
#2 C:\xampp\htdocs\Editing\HarmonySystem\system\Database\BaseConnection.php(636): CodeIgniter\Database\BaseConnection->simpleQuery('SELECT `tbl_emp...')
#3 C:\xampp\htdocs\Editing\HarmonySystem\system\Database\BaseBuilder.php(1629): CodeIgniter\Database\BaseConnection->query('SELECT `tbl_emp...', Array, false)
#4 C:\xampp\htdocs\Editing\HarmonySystem\system\Model.php(275): CodeIgniter\Database\BaseBuilder->get()
#5 C:\xampp\htdocs\Editing\HarmonySystem\system\BaseModel.php(676): CodeIgniter\Model->doFindAll(0, 0)
#6 C:\xampp\htdocs\Editing\HarmonySystem\app\Controllers\ContributionTypeController.php(392): CodeIgniter\BaseModel->findAll()
#7 C:\xampp\htdocs\Editing\HarmonySystem\system\CodeIgniter.php(933): App\Controllers\ContributionTypeController->philhealthList()
#8 C:\xampp\htdocs\Editing\HarmonySystem\system\CodeIgniter.php(509): CodeIgniter\CodeIgniter->runController(Object(App\Controllers\ContributionTypeController))
#9 C:\xampp\htdocs\Editing\HarmonySystem\system\CodeIgniter.php(355): CodeIgniter\CodeIgniter->handleRequest(NULL, Object(Config\Cache), false)
#10 C:\xampp\htdocs\Editing\HarmonySystem\system\Boot.php(312): CodeIgniter\CodeIgniter->run()
#11 C:\xampp\htdocs\Editing\HarmonySystem\system\Boot.php(67): CodeIgniter\Boot::runCodeIgniter(Object(CodeIgniter\CodeIgniter))
#12 C:\xampp\htdocs\Editing\HarmonySystem\public\index.php(56): CodeIgniter\Boot::bootWeb(Object(Config\Paths))
#13 C:\xampp\htdocs\Editing\HarmonySystem\system\Commands\Server\rewrite.php(49): require_once('C:\\xampp\\htdocs...')
#14 {main}
CRITICAL - 2025-01-28 00:00:52 --> CodeIgniter\Database\Exceptions\DatabaseException: Unknown column 'tbl_pagibig.salary_range_start' in 'field list'
[Method: GET, Route: philhealthList]
in SYSTEMPATH\Database\BaseConnection.php on line 676.
 1 SYSTEMPATH\Database\BaseBuilder.php(1629): CodeIgniter\Database\BaseConnection->query('SELECT `tbl_employee`.`employee_id`, `tbl_employee`.`firstname`, `tbl_employee`.`lastname`, `tbl_employee`.`middlename`, `tbl_employee`.`monthly_rate`, `tbl_contribution_type`.*, `tbl_pagibig`.`salary_range_start`, `tbl_pagibig`.`salary_range_end`, `tbl_pagibig`.`employer_share`, `tbl_pagibig`.`employee_share`, `tbl_pagibig`.`employer_max_contribution`
FROM `tbl_employee`
JOIN `tbl_contribution_type` ON `tbl_contribution_type`.`employee_id` = `tbl_employee`.`employee_id`
JOIN `tbl_philhealth` ON `tbl_employee`.`monthly_rate` >= `tbl_philhealth`.`salary_range_start` AND `tbl_employee`.`monthly_rate` <= `tbl_philhealth`.`salary_range_end`
WHERE `tbl_contribution_type`.`contribution_name` = :tbl_contribution_type.contribution_name:', [...], false)
 2 SYSTEMPATH\Model.php(275): CodeIgniter\Database\BaseBuilder->get()
 3 SYSTEMPATH\BaseModel.php(676): CodeIgniter\Model->doFindAll(0, 0)
 4 APPPATH\Controllers\ContributionTypeController.php(392): CodeIgniter\BaseModel->findAll()
 5 SYSTEMPATH\CodeIgniter.php(933): App\Controllers\ContributionTypeController->philhealthList()
 6 SYSTEMPATH\CodeIgniter.php(509): CodeIgniter\CodeIgniter->runController(Object(App\Controllers\ContributionTypeController))
 7 SYSTEMPATH\CodeIgniter.php(355): CodeIgniter\CodeIgniter->handleRequest(null, Object(Config\Cache), false)
 8 SYSTEMPATH\Boot.php(312): CodeIgniter\CodeIgniter->run()
 9 SYSTEMPATH\Boot.php(67): CodeIgniter\Boot::runCodeIgniter(Object(CodeIgniter\CodeIgniter))
10 FCPATH\index.php(56): CodeIgniter\Boot::bootWeb(Object(Config\Paths))
11 SYSTEMPATH\Commands\Server\rewrite.php(49): require_once('C:\\xampp\\htdocs\\Editing\\HarmonySystem\\public\\index.php')
CRITICAL - 2025-01-28 00:00:52 --> [Caused by] CodeIgniter\Database\Exceptions\DatabaseException: Unknown column 'tbl_pagibig.salary_range_start' in 'field list'
in SYSTEMPATH\Database\MySQLi\Connection.php on line 313.
 1 SYSTEMPATH\Database\BaseConnection.php(722): CodeIgniter\Database\MySQLi\Connection->execute('SELECT `tbl_employee`.`employee_id`, `tbl_employee`.`firstname`, `tbl_employee`.`lastname`, `tbl_employee`.`middlename`, `tbl_employee`.`monthly_rate`, `tbl_contribution_type`.*, `tbl_pagibig`.`salary_range_start`, `tbl_pagibig`.`salary_range_end`, `tbl_pagibig`.`employer_share`, `tbl_pagibig`.`employee_share`, `tbl_pagibig`.`employer_max_contribution`
FROM `tbl_employee`
JOIN `tbl_contribution_type` ON `tbl_contribution_type`.`employee_id` = `tbl_employee`.`employee_id`
JOIN `tbl_philhealth` ON `tbl_employee`.`monthly_rate` >= `tbl_philhealth`.`salary_range_start` AND `tbl_employee`.`monthly_rate` <= `tbl_philhealth`.`salary_range_end`
WHERE `tbl_contribution_type`.`contribution_name` = \'Philhealth\'')
 2 SYSTEMPATH\Database\BaseConnection.php(636): CodeIgniter\Database\BaseConnection->simpleQuery('SELECT `tbl_employee`.`employee_id`, `tbl_employee`.`firstname`, `tbl_employee`.`lastname`, `tbl_employee`.`middlename`, `tbl_employee`.`monthly_rate`, `tbl_contribution_type`.*, `tbl_pagibig`.`salary_range_start`, `tbl_pagibig`.`salary_range_end`, `tbl_pagibig`.`employer_share`, `tbl_pagibig`.`employee_share`, `tbl_pagibig`.`employer_max_contribution`
FROM `tbl_employee`
JOIN `tbl_contribution_type` ON `tbl_contribution_type`.`employee_id` = `tbl_employee`.`employee_id`
JOIN `tbl_philhealth` ON `tbl_employee`.`monthly_rate` >= `tbl_philhealth`.`salary_range_start` AND `tbl_employee`.`monthly_rate` <= `tbl_philhealth`.`salary_range_end`
WHERE `tbl_contribution_type`.`contribution_name` = \'Philhealth\'')
 3 SYSTEMPATH\Database\BaseBuilder.php(1629): CodeIgniter\Database\BaseConnection->query('SELECT `tbl_employee`.`employee_id`, `tbl_employee`.`firstname`, `tbl_employee`.`lastname`, `tbl_employee`.`middlename`, `tbl_employee`.`monthly_rate`, `tbl_contribution_type`.*, `tbl_pagibig`.`salary_range_start`, `tbl_pagibig`.`salary_range_end`, `tbl_pagibig`.`employer_share`, `tbl_pagibig`.`employee_share`, `tbl_pagibig`.`employer_max_contribution`
FROM `tbl_employee`
JOIN `tbl_contribution_type` ON `tbl_contribution_type`.`employee_id` = `tbl_employee`.`employee_id`
JOIN `tbl_philhealth` ON `tbl_employee`.`monthly_rate` >= `tbl_philhealth`.`salary_range_start` AND `tbl_employee`.`monthly_rate` <= `tbl_philhealth`.`salary_range_end`
WHERE `tbl_contribution_type`.`contribution_name` = :tbl_contribution_type.contribution_name:', [...], false)
 4 SYSTEMPATH\Model.php(275): CodeIgniter\Database\BaseBuilder->get()
 5 SYSTEMPATH\BaseModel.php(676): CodeIgniter\Model->doFindAll(0, 0)
 6 APPPATH\Controllers\ContributionTypeController.php(392): CodeIgniter\BaseModel->findAll()
 7 SYSTEMPATH\CodeIgniter.php(933): App\Controllers\ContributionTypeController->philhealthList()
 8 SYSTEMPATH\CodeIgniter.php(509): CodeIgniter\CodeIgniter->runController(Object(App\Controllers\ContributionTypeController))
 9 SYSTEMPATH\CodeIgniter.php(355): CodeIgniter\CodeIgniter->handleRequest(null, Object(Config\Cache), false)
10 SYSTEMPATH\Boot.php(312): CodeIgniter\CodeIgniter->run()
11 SYSTEMPATH\Boot.php(67): CodeIgniter\Boot::runCodeIgniter(Object(CodeIgniter\CodeIgniter))
12 FCPATH\index.php(56): CodeIgniter\Boot::bootWeb(Object(Config\Paths))
13 SYSTEMPATH\Commands\Server\rewrite.php(49): require_once('C:\\xampp\\htdocs\\Editing\\HarmonySystem\\public\\index.php')
CRITICAL - 2025-01-28 00:00:52 --> [Caused by] mysqli_sql_exception: Unknown column 'tbl_pagibig.salary_range_start' in 'field list'
in SYSTEMPATH\Database\MySQLi\Connection.php on line 308.
 1 SYSTEMPATH\Database\MySQLi\Connection.php(308): mysqli->query('SELECT `tbl_employee`.`employee_id`, `tbl_employee`.`firstname`, `tbl_employee`.`lastname`, `tbl_employee`.`middlename`, `tbl_employee`.`monthly_rate`, `tbl_contribution_type`.*, `tbl_pagibig`.`salary_range_start`, `tbl_pagibig`.`salary_range_end`, `tbl_pagibig`.`employer_share`, `tbl_pagibig`.`employee_share`, `tbl_pagibig`.`employer_max_contribution`
FROM `tbl_employee`
JOIN `tbl_contribution_type` ON `tbl_contribution_type`.`employee_id` = `tbl_employee`.`employee_id`
JOIN `tbl_philhealth` ON `tbl_employee`.`monthly_rate` >= `tbl_philhealth`.`salary_range_start` AND `tbl_employee`.`monthly_rate` <= `tbl_philhealth`.`salary_range_end`
WHERE `tbl_contribution_type`.`contribution_name` = \'Philhealth\'', 0)
 2 SYSTEMPATH\Database\BaseConnection.php(722): CodeIgniter\Database\MySQLi\Connection->execute('SELECT `tbl_employee`.`employee_id`, `tbl_employee`.`firstname`, `tbl_employee`.`lastname`, `tbl_employee`.`middlename`, `tbl_employee`.`monthly_rate`, `tbl_contribution_type`.*, `tbl_pagibig`.`salary_range_start`, `tbl_pagibig`.`salary_range_end`, `tbl_pagibig`.`employer_share`, `tbl_pagibig`.`employee_share`, `tbl_pagibig`.`employer_max_contribution`
FROM `tbl_employee`
JOIN `tbl_contribution_type` ON `tbl_contribution_type`.`employee_id` = `tbl_employee`.`employee_id`
JOIN `tbl_philhealth` ON `tbl_employee`.`monthly_rate` >= `tbl_philhealth`.`salary_range_start` AND `tbl_employee`.`monthly_rate` <= `tbl_philhealth`.`salary_range_end`
WHERE `tbl_contribution_type`.`contribution_name` = \'Philhealth\'')
 3 SYSTEMPATH\Database\BaseConnection.php(636): CodeIgniter\Database\BaseConnection->simpleQuery('SELECT `tbl_employee`.`employee_id`, `tbl_employee`.`firstname`, `tbl_employee`.`lastname`, `tbl_employee`.`middlename`, `tbl_employee`.`monthly_rate`, `tbl_contribution_type`.*, `tbl_pagibig`.`salary_range_start`, `tbl_pagibig`.`salary_range_end`, `tbl_pagibig`.`employer_share`, `tbl_pagibig`.`employee_share`, `tbl_pagibig`.`employer_max_contribution`
FROM `tbl_employee`
JOIN `tbl_contribution_type` ON `tbl_contribution_type`.`employee_id` = `tbl_employee`.`employee_id`
JOIN `tbl_philhealth` ON `tbl_employee`.`monthly_rate` >= `tbl_philhealth`.`salary_range_start` AND `tbl_employee`.`monthly_rate` <= `tbl_philhealth`.`salary_range_end`
WHERE `tbl_contribution_type`.`contribution_name` = \'Philhealth\'')
 4 SYSTEMPATH\Database\BaseBuilder.php(1629): CodeIgniter\Database\BaseConnection->query('SELECT `tbl_employee`.`employee_id`, `tbl_employee`.`firstname`, `tbl_employee`.`lastname`, `tbl_employee`.`middlename`, `tbl_employee`.`monthly_rate`, `tbl_contribution_type`.*, `tbl_pagibig`.`salary_range_start`, `tbl_pagibig`.`salary_range_end`, `tbl_pagibig`.`employer_share`, `tbl_pagibig`.`employee_share`, `tbl_pagibig`.`employer_max_contribution`
FROM `tbl_employee`
JOIN `tbl_contribution_type` ON `tbl_contribution_type`.`employee_id` = `tbl_employee`.`employee_id`
JOIN `tbl_philhealth` ON `tbl_employee`.`monthly_rate` >= `tbl_philhealth`.`salary_range_start` AND `tbl_employee`.`monthly_rate` <= `tbl_philhealth`.`salary_range_end`
WHERE `tbl_contribution_type`.`contribution_name` = :tbl_contribution_type.contribution_name:', [...], false)
 5 SYSTEMPATH\Model.php(275): CodeIgniter\Database\BaseBuilder->get()
 6 SYSTEMPATH\BaseModel.php(676): CodeIgniter\Model->doFindAll(0, 0)
 7 APPPATH\Controllers\ContributionTypeController.php(392): CodeIgniter\BaseModel->findAll()
 8 SYSTEMPATH\CodeIgniter.php(933): App\Controllers\ContributionTypeController->philhealthList()
 9 SYSTEMPATH\CodeIgniter.php(509): CodeIgniter\CodeIgniter->runController(Object(App\Controllers\ContributionTypeController))
10 SYSTEMPATH\CodeIgniter.php(355): CodeIgniter\CodeIgniter->handleRequest(null, Object(Config\Cache), false)
11 SYSTEMPATH\Boot.php(312): CodeIgniter\CodeIgniter->run()
12 SYSTEMPATH\Boot.php(67): CodeIgniter\Boot::runCodeIgniter(Object(CodeIgniter\CodeIgniter))
13 FCPATH\index.php(56): CodeIgniter\Boot::bootWeb(Object(Config\Paths))
14 SYSTEMPATH\Commands\Server\rewrite.php(49): require_once('C:\\xampp\\htdocs\\Editing\\HarmonySystem\\public\\index.php')
INFO - 2025-01-28 00:02:43 --> Session: Class initialized using 'CodeIgniter\Session\Handlers\FileHandler' driver.
INFO - 2025-01-28 00:05:45 --> Session: Class initialized using 'CodeIgniter\Session\Handlers\FileHandler' driver.
INFO - 2025-01-28 00:05:47 --> Session: Class initialized using 'CodeIgniter\Session\Handlers\FileHandler' driver.
INFO - 2025-01-28 00:05:50 --> Session: Class initialized using 'CodeIgniter\Session\Handlers\FileHandler' driver.
INFO - 2025-01-28 00:06:16 --> Session: Class initialized using 'CodeIgniter\Session\Handlers\FileHandler' driver.
INFO - 2025-01-28 00:06:20 --> Session: Class initialized using 'CodeIgniter\Session\Handlers\FileHandler' driver.
INFO - 2025-01-28 00:06:24 --> Session: Class initialized using 'CodeIgniter\Session\Handlers\FileHandler' driver.
INFO - 2025-01-28 00:06:29 --> Session: Class initialized using 'CodeIgniter\Session\Handlers\FileHandler' driver.
INFO - 2025-01-28 00:06:32 --> Session: Class initialized using 'CodeIgniter\Session\Handlers\FileHandler' driver.
INFO - 2025-01-28 00:07:22 --> Session: Class initialized using 'CodeIgniter\Session\Handlers\FileHandler' driver.
INFO - 2025-01-28 00:07:25 --> Session: Class initialized using 'CodeIgniter\Session\Handlers\FileHandler' driver.
INFO - 2025-01-28 00:07:31 --> Session: Class initialized using 'CodeIgniter\Session\Handlers\FileHandler' driver.
INFO - 2025-01-28 00:07:31 --> Session: Class initialized using 'CodeIgniter\Session\Handlers\FileHandler' driver.
INFO - 2025-01-28 00:07:38 --> Session: Class initialized using 'CodeIgniter\Session\Handlers\FileHandler' driver.
INFO - 2025-01-28 00:07:51 --> Session: Class initialized using 'CodeIgniter\Session\Handlers\FileHandler' driver.
INFO - 2025-01-28 00:07:54 --> Session: Class initialized using 'CodeIgniter\Session\Handlers\FileHandler' driver.
INFO - 2025-01-28 00:08:00 --> Session: Class initialized using 'CodeIgniter\Session\Handlers\FileHandler' driver.
INFO - 2025-01-28 00:08:00 --> Session: Class initialized using 'CodeIgniter\Session\Handlers\FileHandler' driver.
INFO - 2025-01-28 00:08:03 --> Session: Class initialized using 'CodeIgniter\Session\Handlers\FileHandler' driver.
INFO - 2025-01-28 00:08:06 --> Session: Class initialized using 'CodeIgniter\Session\Handlers\FileHandler' driver.
INFO - 2025-01-28 00:08:07 --> Session: Class initialized using 'CodeIgniter\Session\Handlers\FileHandler' driver.
INFO - 2025-01-28 00:08:09 --> Session: Class initialized using 'CodeIgniter\Session\Handlers\FileHandler' driver.
INFO - 2025-01-28 00:08:13 --> Session: Class initialized using 'CodeIgniter\Session\Handlers\FileHandler' driver.
INFO - 2025-01-28 00:08:13 --> Session: Class initialized using 'CodeIgniter\Session\Handlers\FileHandler' driver.
