INFO - 2025-01-21 00:25:47 --> Session: Class initialized using 'CodeIgniter\Session\Handlers\FileHandler' driver.
INFO - 2025-01-21 00:25:47 --> Session: Class initialized using 'CodeIgniter\Session\Handlers\FileHandler' driver.
INFO - 2025-01-21 00:34:15 --> Session: Class initialized using 'CodeIgniter\Session\Handlers\FileHandler' driver.
INFO - 2025-01-21 00:34:28 --> Session: Class initialized using 'CodeIgniter\Session\Handlers\FileHandler' driver.
INFO - 2025-01-21 01:21:27 --> Session: Class initialized using 'CodeIgniter\Session\Handlers\FileHandler' driver.
INFO - 2025-01-21 01:21:38 --> Session: Class initialized using 'CodeIgniter\Session\Handlers\FileHandler' driver.
INFO - 2025-01-21 01:21:38 --> Session: Class initialized using 'CodeIgniter\Session\Handlers\FileHandler' driver.
INFO - 2025-01-21 01:51:24 --> UID received: 94736ab9
INFO - 2025-01-21 01:51:24 --> Employee found: {"id":"26","employee_id":"2024-404475","rfid_uid":"94736ab9","firstname":"Michaella","middlename":"Mae","lastname":"Gonza","birthdate":"2024-05-06","sex":"Male","phonenumber":"09123456789","email":"Michaellagonza@gmail.com","status":"Active","date_hired":"2024-09-05","restday":"Tuesday","daily_rate":"700","monthly_rate":"18316.67","time_in":"07:00:00","time_out":"15:00:00","sick_leave_balance":"3","vacation_leave_balance":"5","pagibig_account_number":"1","sss_account_number":"1","philhealth_account_number":"1","position_id":"49","department_id":"40","region_id":"14","province_id":"1432","municipality_id":"143211","barangay_id":"37870","street":"121212","image":"","is_archive":"0","created_at":"2024-10-30 20:25:40"}
INFO - 2025-01-21 01:51:24 --> Attendance successfully logged for employee: 2024-404475
INFO - 2025-01-21 01:51:31 --> UID received: 349258b9
INFO - 2025-01-21 01:51:31 --> Employee found: {"id":"43","employee_id":"2024-713744","rfid_uid":"349258b9","firstname":"Taylor","middlename":"Laughner","lastname":"Swift","birthdate":"2000-09-15","sex":"Male","phonenumber":"09123456789","email":"taylorswift@gmail.com","status":"Active","date_hired":"2015-09-15","restday":"Tuesday","daily_rate":"502","monthly_rate":"13135.67","time_in":"07:00:00","time_out":"15:00:00","sick_leave_balance":"5","vacation_leave_balance":"5","pagibig_account_number":"123123123123","sss_account_number":"1231231231","philhealth_account_number":"444444444444","position_id":"49","department_id":"40","region_id":"13","province_id":"1339","municipality_id":"133910","barangay_id":"36014","street":"BLK 69 LOT 23","image":"1734694446_29ef72a59bd4e6c61c2d.jpg","is_archive":"0","created_at":"2024-12-20 19:34:06"}
INFO - 2025-01-21 01:51:31 --> Attendance successfully logged for employee: 2024-713744
INFO - 2025-01-21 01:51:42 --> UID received: 6437c3b9
INFO - 2025-01-21 01:51:42 --> Employee found: {"id":"28","employee_id":"2024-673357","rfid_uid":"6437c3b9","firstname":"Joshua","middlename":"Luloy","lastname":"Diamsen","birthdate":"2001-11-18","sex":"Male","phonenumber":"65194594594","email":"Joshuadiamsen@gmail.com","status":"Active","date_hired":"2018-12-25","restday":"Thursday","daily_rate":"502","monthly_rate":"13135.67","time_in":"07:00:00","time_out":"15:00:00","sick_leave_balance":"5","vacation_leave_balance":"5","pagibig_account_number":"987654312313","sss_account_number":"1234567890","philhealth_account_number":"123456789000","position_id":"49","department_id":"40","region_id":"15","province_id":"1507","municipality_id":"150711","barangay_id":"38414","street":"bnm","image":"","is_archive":"0","created_at":"2024-10-31 20:37:56"}
INFO - 2025-01-21 01:51:42 --> Attendance successfully logged for employee: 2024-673357
INFO - 2025-01-21 01:51:51 --> UID received: 94736ab9
INFO - 2025-01-21 01:51:51 --> Employee found: {"id":"26","employee_id":"2024-404475","rfid_uid":"94736ab9","firstname":"Michaella","middlename":"Mae","lastname":"Gonza","birthdate":"2024-05-06","sex":"Male","phonenumber":"09123456789","email":"Michaellagonza@gmail.com","status":"Active","date_hired":"2024-09-05","restday":"Tuesday","daily_rate":"700","monthly_rate":"18316.67","time_in":"07:00:00","time_out":"15:00:00","sick_leave_balance":"3","vacation_leave_balance":"5","pagibig_account_number":"1","sss_account_number":"1","philhealth_account_number":"1","position_id":"49","department_id":"40","region_id":"14","province_id":"1432","municipality_id":"143211","barangay_id":"37870","street":"121212","image":"","is_archive":"0","created_at":"2024-10-30 20:25:40"}
INFO - 2025-01-21 01:52:34 --> UID received: 349258b9
INFO - 2025-01-21 01:52:34 --> Employee found: {"id":"43","employee_id":"2024-713744","rfid_uid":"349258b9","firstname":"Taylor","middlename":"Laughner","lastname":"Swift","birthdate":"2000-09-15","sex":"Male","phonenumber":"09123456789","email":"taylorswift@gmail.com","status":"Active","date_hired":"2015-09-15","restday":"Tuesday","daily_rate":"502","monthly_rate":"13135.67","time_in":"07:00:00","time_out":"15:00:00","sick_leave_balance":"5","vacation_leave_balance":"5","pagibig_account_number":"123123123123","sss_account_number":"1231231231","philhealth_account_number":"444444444444","position_id":"49","department_id":"40","region_id":"13","province_id":"1339","municipality_id":"133910","barangay_id":"36014","street":"BLK 69 LOT 23","image":"1734694446_29ef72a59bd4e6c61c2d.jpg","is_archive":"0","created_at":"2024-12-20 19:34:06"}
INFO - 2025-01-21 01:52:35 --> UID received: 349258b9
INFO - 2025-01-21 01:52:35 --> Employee found: {"id":"43","employee_id":"2024-713744","rfid_uid":"349258b9","firstname":"Taylor","middlename":"Laughner","lastname":"Swift","birthdate":"2000-09-15","sex":"Male","phonenumber":"09123456789","email":"taylorswift@gmail.com","status":"Active","date_hired":"2015-09-15","restday":"Tuesday","daily_rate":"502","monthly_rate":"13135.67","time_in":"07:00:00","time_out":"15:00:00","sick_leave_balance":"5","vacation_leave_balance":"5","pagibig_account_number":"123123123123","sss_account_number":"1231231231","philhealth_account_number":"444444444444","position_id":"49","department_id":"40","region_id":"13","province_id":"1339","municipality_id":"133910","barangay_id":"36014","street":"BLK 69 LOT 23","image":"1734694446_29ef72a59bd4e6c61c2d.jpg","is_archive":"0","created_at":"2024-12-20 19:34:06"}
INFO - 2025-01-21 01:52:40 --> UID received: 6437c3b9
INFO - 2025-01-21 01:52:40 --> Employee found: {"id":"28","employee_id":"2024-673357","rfid_uid":"6437c3b9","firstname":"Joshua","middlename":"Luloy","lastname":"Diamsen","birthdate":"2001-11-18","sex":"Male","phonenumber":"65194594594","email":"Joshuadiamsen@gmail.com","status":"Active","date_hired":"2018-12-25","restday":"Thursday","daily_rate":"502","monthly_rate":"13135.67","time_in":"07:00:00","time_out":"15:00:00","sick_leave_balance":"5","vacation_leave_balance":"5","pagibig_account_number":"987654312313","sss_account_number":"1234567890","philhealth_account_number":"123456789000","position_id":"49","department_id":"40","region_id":"15","province_id":"1507","municipality_id":"150711","barangay_id":"38414","street":"bnm","image":"","is_archive":"0","created_at":"2024-10-31 20:37:56"}
INFO - 2025-01-21 05:10:45 --> UID received: 6437c3b9
INFO - 2025-01-21 05:10:45 --> Employee found: {"id":"28","employee_id":"2024-673357","rfid_uid":"6437c3b9","firstname":"Joshua","middlename":"Luloy","lastname":"Diamsen","birthdate":"2001-11-18","sex":"Male","phonenumber":"65194594594","email":"Joshuadiamsen@gmail.com","status":"Active","date_hired":"2018-12-25","restday":"Thursday","daily_rate":"502","monthly_rate":"13135.67","time_in":"07:00:00","time_out":"15:00:00","sick_leave_balance":"5","vacation_leave_balance":"5","pagibig_account_number":"987654312313","sss_account_number":"1234567890","philhealth_account_number":"123456789000","position_id":"49","department_id":"40","region_id":"15","province_id":"1507","municipality_id":"150711","barangay_id":"38414","street":"bnm","image":"","is_archive":"0","created_at":"2024-10-31 20:37:56"}
INFO - 2025-01-21 05:28:12 --> Session: Class initialized using 'CodeIgniter\Session\Handlers\FileHandler' driver.
INFO - 2025-01-21 05:28:16 --> Session: Class initialized using 'CodeIgniter\Session\Handlers\FileHandler' driver.
INFO - 2025-01-21 05:28:17 --> Session: Class initialized using 'CodeIgniter\Session\Handlers\FileHandler' driver.
INFO - 2025-01-21 07:51:11 --> Session: Class initialized using 'CodeIgniter\Session\Handlers\FileHandler' driver.
INFO - 2025-01-21 09:30:22 --> UID received: 94736ab9
INFO - 2025-01-21 09:30:22 --> Employee found: {"id":"26","employee_id":"2024-404475","rfid_uid":"94736ab9","firstname":"Michaella","middlename":"Mae","lastname":"Gonza","birthdate":"2024-05-06","sex":"Male","phonenumber":"09123456789","email":"Michaellagonza@gmail.com","status":"Active","date_hired":"2024-09-05","restday":"Tuesday","daily_rate":"700","monthly_rate":"18316.67","time_in":"07:00:00","time_out":"15:00:00","sick_leave_balance":"3","vacation_leave_balance":"5","pagibig_account_number":"1","sss_account_number":"1","philhealth_account_number":"1","position_id":"49","department_id":"40","region_id":"14","province_id":"1432","municipality_id":"143211","barangay_id":"37870","street":"121212","image":"","is_archive":"0","created_at":"2024-10-30 20:25:40"}
INFO - 2025-01-21 09:38:40 --> UID received: 6437c3b9
INFO - 2025-01-21 09:38:40 --> Employee found: {"id":"28","employee_id":"2024-673357","rfid_uid":"6437c3b9","firstname":"Joshua","middlename":"Luloy","lastname":"Diamsen","birthdate":"2001-11-18","sex":"Male","phonenumber":"65194594594","email":"Joshuadiamsen@gmail.com","status":"Active","date_hired":"2018-12-25","restday":"Thursday","daily_rate":"502","monthly_rate":"13135.67","time_in":"07:00:00","time_out":"15:00:00","sick_leave_balance":"5","vacation_leave_balance":"5","pagibig_account_number":"987654312313","sss_account_number":"1234567890","philhealth_account_number":"123456789000","position_id":"49","department_id":"40","region_id":"15","province_id":"1507","municipality_id":"150711","barangay_id":"38414","street":"bnm","image":"","is_archive":"0","created_at":"2024-10-31 20:37:56"}
INFO - 2025-01-21 09:51:39 --> UID received: 6437c3b9
INFO - 2025-01-21 09:51:39 --> Employee found: {"id":"28","employee_id":"2024-673357","rfid_uid":"6437c3b9","firstname":"Joshua","middlename":"Luloy","lastname":"Diamsen","birthdate":"2001-11-18","sex":"Male","phonenumber":"65194594594","email":"Joshuadiamsen@gmail.com","status":"Active","date_hired":"2018-12-25","restday":"Thursday","daily_rate":"502","monthly_rate":"13135.67","time_in":"07:00:00","time_out":"15:00:00","sick_leave_balance":"5","vacation_leave_balance":"5","pagibig_account_number":"987654312313","sss_account_number":"1234567890","philhealth_account_number":"123456789000","position_id":"49","department_id":"40","region_id":"15","province_id":"1507","municipality_id":"150711","barangay_id":"38414","street":"bnm","image":"","is_archive":"0","created_at":"2024-10-31 20:37:56"}
INFO - 2025-01-21 09:51:43 --> UID received: 6437c3b9
INFO - 2025-01-21 09:51:43 --> Employee found: {"id":"28","employee_id":"2024-673357","rfid_uid":"6437c3b9","firstname":"Joshua","middlename":"Luloy","lastname":"Diamsen","birthdate":"2001-11-18","sex":"Male","phonenumber":"65194594594","email":"Joshuadiamsen@gmail.com","status":"Active","date_hired":"2018-12-25","restday":"Thursday","daily_rate":"502","monthly_rate":"13135.67","time_in":"07:00:00","time_out":"15:00:00","sick_leave_balance":"5","vacation_leave_balance":"5","pagibig_account_number":"987654312313","sss_account_number":"1234567890","philhealth_account_number":"123456789000","position_id":"49","department_id":"40","region_id":"15","province_id":"1507","municipality_id":"150711","barangay_id":"38414","street":"bnm","image":"","is_archive":"0","created_at":"2024-10-31 20:37:56"}
INFO - 2025-01-21 09:51:44 --> UID received: 6437c3b9
INFO - 2025-01-21 09:51:44 --> Employee found: {"id":"28","employee_id":"2024-673357","rfid_uid":"6437c3b9","firstname":"Joshua","middlename":"Luloy","lastname":"Diamsen","birthdate":"2001-11-18","sex":"Male","phonenumber":"65194594594","email":"Joshuadiamsen@gmail.com","status":"Active","date_hired":"2018-12-25","restday":"Thursday","daily_rate":"502","monthly_rate":"13135.67","time_in":"07:00:00","time_out":"15:00:00","sick_leave_balance":"5","vacation_leave_balance":"5","pagibig_account_number":"987654312313","sss_account_number":"1234567890","philhealth_account_number":"123456789000","position_id":"49","department_id":"40","region_id":"15","province_id":"1507","municipality_id":"150711","barangay_id":"38414","street":"bnm","image":"","is_archive":"0","created_at":"2024-10-31 20:37:56"}
INFO - 2025-01-21 10:00:22 --> UID received: 6437c3b9
INFO - 2025-01-21 10:00:22 --> Employee found: {"id":"28","employee_id":"2024-673357","rfid_uid":"6437c3b9","firstname":"Joshua","middlename":"Luloy","lastname":"Diamsen","birthdate":"2001-11-18","sex":"Male","phonenumber":"65194594594","email":"Joshuadiamsen@gmail.com","status":"Active","date_hired":"2018-12-25","restday":"Thursday","daily_rate":"502","monthly_rate":"13135.67","time_in":"07:00:00","time_out":"15:00:00","sick_leave_balance":"5","vacation_leave_balance":"5","pagibig_account_number":"987654312313","sss_account_number":"1234567890","philhealth_account_number":"123456789000","position_id":"49","department_id":"40","region_id":"15","province_id":"1507","municipality_id":"150711","barangay_id":"38414","street":"bnm","image":"","is_archive":"0","created_at":"2024-10-31 20:37:56"}
INFO - 2025-01-21 10:00:25 --> UID received: 6437c3b9
INFO - 2025-01-21 10:00:25 --> Employee found: {"id":"28","employee_id":"2024-673357","rfid_uid":"6437c3b9","firstname":"Joshua","middlename":"Luloy","lastname":"Diamsen","birthdate":"2001-11-18","sex":"Male","phonenumber":"65194594594","email":"Joshuadiamsen@gmail.com","status":"Active","date_hired":"2018-12-25","restday":"Thursday","daily_rate":"502","monthly_rate":"13135.67","time_in":"07:00:00","time_out":"15:00:00","sick_leave_balance":"5","vacation_leave_balance":"5","pagibig_account_number":"987654312313","sss_account_number":"1234567890","philhealth_account_number":"123456789000","position_id":"49","department_id":"40","region_id":"15","province_id":"1507","municipality_id":"150711","barangay_id":"38414","street":"bnm","image":"","is_archive":"0","created_at":"2024-10-31 20:37:56"}
INFO - 2025-01-21 10:00:29 --> UID received: 6437c3b9
INFO - 2025-01-21 10:00:29 --> Employee found: {"id":"28","employee_id":"2024-673357","rfid_uid":"6437c3b9","firstname":"Joshua","middlename":"Luloy","lastname":"Diamsen","birthdate":"2001-11-18","sex":"Male","phonenumber":"65194594594","email":"Joshuadiamsen@gmail.com","status":"Active","date_hired":"2018-12-25","restday":"Thursday","daily_rate":"502","monthly_rate":"13135.67","time_in":"07:00:00","time_out":"15:00:00","sick_leave_balance":"5","vacation_leave_balance":"5","pagibig_account_number":"987654312313","sss_account_number":"1234567890","philhealth_account_number":"123456789000","position_id":"49","department_id":"40","region_id":"15","province_id":"1507","municipality_id":"150711","barangay_id":"38414","street":"bnm","image":"","is_archive":"0","created_at":"2024-10-31 20:37:56"}
INFO - 2025-01-21 10:23:23 --> UID received: 6437c3b9
INFO - 2025-01-21 10:23:23 --> Employee found: {"id":"28","employee_id":"2024-673357","rfid_uid":"6437c3b9","firstname":"Joshua","middlename":"Luloy","lastname":"Diamsen","birthdate":"2001-11-18","sex":"Male","phonenumber":"65194594594","email":"Joshuadiamsen@gmail.com","status":"Active","date_hired":"2018-12-25","restday":"Thursday","daily_rate":"502","monthly_rate":"13135.67","time_in":"07:00:00","time_out":"15:00:00","sick_leave_balance":"5","vacation_leave_balance":"5","pagibig_account_number":"987654312313","sss_account_number":"1234567890","philhealth_account_number":"123456789000","position_id":"49","department_id":"40","region_id":"15","province_id":"1507","municipality_id":"150711","barangay_id":"38414","street":"bnm","image":"","is_archive":"0","created_at":"2024-10-31 20:37:56"}
INFO - 2025-01-21 10:23:25 --> UID received: 6437c3b9
INFO - 2025-01-21 10:23:25 --> Employee found: {"id":"28","employee_id":"2024-673357","rfid_uid":"6437c3b9","firstname":"Joshua","middlename":"Luloy","lastname":"Diamsen","birthdate":"2001-11-18","sex":"Male","phonenumber":"65194594594","email":"Joshuadiamsen@gmail.com","status":"Active","date_hired":"2018-12-25","restday":"Thursday","daily_rate":"502","monthly_rate":"13135.67","time_in":"07:00:00","time_out":"15:00:00","sick_leave_balance":"5","vacation_leave_balance":"5","pagibig_account_number":"987654312313","sss_account_number":"1234567890","philhealth_account_number":"123456789000","position_id":"49","department_id":"40","region_id":"15","province_id":"1507","municipality_id":"150711","barangay_id":"38414","street":"bnm","image":"","is_archive":"0","created_at":"2024-10-31 20:37:56"}
INFO - 2025-01-21 10:23:27 --> UID received: 6437c3b9
INFO - 2025-01-21 10:23:27 --> Employee found: {"id":"28","employee_id":"2024-673357","rfid_uid":"6437c3b9","firstname":"Joshua","middlename":"Luloy","lastname":"Diamsen","birthdate":"2001-11-18","sex":"Male","phonenumber":"65194594594","email":"Joshuadiamsen@gmail.com","status":"Active","date_hired":"2018-12-25","restday":"Thursday","daily_rate":"502","monthly_rate":"13135.67","time_in":"07:00:00","time_out":"15:00:00","sick_leave_balance":"5","vacation_leave_balance":"5","pagibig_account_number":"987654312313","sss_account_number":"1234567890","philhealth_account_number":"123456789000","position_id":"49","department_id":"40","region_id":"15","province_id":"1507","municipality_id":"150711","barangay_id":"38414","street":"bnm","image":"","is_archive":"0","created_at":"2024-10-31 20:37:56"}
INFO - 2025-01-21 10:35:19 --> UID received: 94736ab9
INFO - 2025-01-21 10:35:19 --> Employee found: {"id":"26","employee_id":"2024-404475","rfid_uid":"94736ab9","firstname":"Michaella","middlename":"Mae","lastname":"Gonza","birthdate":"2024-05-06","sex":"Male","phonenumber":"09123456789","email":"Michaellagonza@gmail.com","status":"Active","date_hired":"2024-09-05","restday":"Tuesday","daily_rate":"700","monthly_rate":"18316.67","time_in":"07:00:00","time_out":"15:00:00","sick_leave_balance":"3","vacation_leave_balance":"5","pagibig_account_number":"1","sss_account_number":"1","philhealth_account_number":"1","position_id":"49","department_id":"40","region_id":"14","province_id":"1432","municipality_id":"143211","barangay_id":"37870","street":"121212","image":"","is_archive":"0","created_at":"2024-10-30 20:25:40"}
INFO - 2025-01-21 10:35:19 --> UID received: 94736ab9
INFO - 2025-01-21 10:35:19 --> Employee found: {"id":"26","employee_id":"2024-404475","rfid_uid":"94736ab9","firstname":"Michaella","middlename":"Mae","lastname":"Gonza","birthdate":"2024-05-06","sex":"Male","phonenumber":"09123456789","email":"Michaellagonza@gmail.com","status":"Active","date_hired":"2024-09-05","restday":"Tuesday","daily_rate":"700","monthly_rate":"18316.67","time_in":"07:00:00","time_out":"15:00:00","sick_leave_balance":"3","vacation_leave_balance":"5","pagibig_account_number":"1","sss_account_number":"1","philhealth_account_number":"1","position_id":"49","department_id":"40","region_id":"14","province_id":"1432","municipality_id":"143211","barangay_id":"37870","street":"121212","image":"","is_archive":"0","created_at":"2024-10-30 20:25:40"}
INFO - 2025-01-21 10:35:22 --> UID received: 94736ab9
INFO - 2025-01-21 10:35:22 --> Employee found: {"id":"26","employee_id":"2024-404475","rfid_uid":"94736ab9","firstname":"Michaella","middlename":"Mae","lastname":"Gonza","birthdate":"2024-05-06","sex":"Male","phonenumber":"09123456789","email":"Michaellagonza@gmail.com","status":"Active","date_hired":"2024-09-05","restday":"Tuesday","daily_rate":"700","monthly_rate":"18316.67","time_in":"07:00:00","time_out":"15:00:00","sick_leave_balance":"3","vacation_leave_balance":"5","pagibig_account_number":"1","sss_account_number":"1","philhealth_account_number":"1","position_id":"49","department_id":"40","region_id":"14","province_id":"1432","municipality_id":"143211","barangay_id":"37870","street":"121212","image":"","is_archive":"0","created_at":"2024-10-30 20:25:40"}
INFO - 2025-01-21 10:41:53 --> UID received: 6437c3b9
INFO - 2025-01-21 10:41:53 --> Employee found: {"id":"28","employee_id":"2024-673357","rfid_uid":"6437c3b9","firstname":"Joshua","middlename":"Luloy","lastname":"Diamsen","birthdate":"2001-11-18","sex":"Male","phonenumber":"65194594594","email":"Joshuadiamsen@gmail.com","status":"Active","date_hired":"2018-12-25","restday":"Thursday","daily_rate":"502","monthly_rate":"13135.67","time_in":"07:00:00","time_out":"15:00:00","sick_leave_balance":"5","vacation_leave_balance":"5","pagibig_account_number":"987654312313","sss_account_number":"1234567890","philhealth_account_number":"123456789000","position_id":"49","department_id":"40","region_id":"15","province_id":"1507","municipality_id":"150711","barangay_id":"38414","street":"bnm","image":"","is_archive":"0","created_at":"2024-10-31 20:37:56"}
INFO - 2025-01-21 10:41:58 --> UID received: 6437c3b9
INFO - 2025-01-21 10:41:58 --> Employee found: {"id":"28","employee_id":"2024-673357","rfid_uid":"6437c3b9","firstname":"Joshua","middlename":"Luloy","lastname":"Diamsen","birthdate":"2001-11-18","sex":"Male","phonenumber":"65194594594","email":"Joshuadiamsen@gmail.com","status":"Active","date_hired":"2018-12-25","restday":"Thursday","daily_rate":"502","monthly_rate":"13135.67","time_in":"07:00:00","time_out":"15:00:00","sick_leave_balance":"5","vacation_leave_balance":"5","pagibig_account_number":"987654312313","sss_account_number":"1234567890","philhealth_account_number":"123456789000","position_id":"49","department_id":"40","region_id":"15","province_id":"1507","municipality_id":"150711","barangay_id":"38414","street":"bnm","image":"","is_archive":"0","created_at":"2024-10-31 20:37:56"}
INFO - 2025-01-21 10:42:01 --> UID received: 6437c3b9
INFO - 2025-01-21 10:42:01 --> Employee found: {"id":"28","employee_id":"2024-673357","rfid_uid":"6437c3b9","firstname":"Joshua","middlename":"Luloy","lastname":"Diamsen","birthdate":"2001-11-18","sex":"Male","phonenumber":"65194594594","email":"Joshuadiamsen@gmail.com","status":"Active","date_hired":"2018-12-25","restday":"Thursday","daily_rate":"502","monthly_rate":"13135.67","time_in":"07:00:00","time_out":"15:00:00","sick_leave_balance":"5","vacation_leave_balance":"5","pagibig_account_number":"987654312313","sss_account_number":"1234567890","philhealth_account_number":"123456789000","position_id":"49","department_id":"40","region_id":"15","province_id":"1507","municipality_id":"150711","barangay_id":"38414","street":"bnm","image":"","is_archive":"0","created_at":"2024-10-31 20:37:56"}
INFO - 2025-01-21 10:53:17 --> UID received: 6437c3b9
INFO - 2025-01-21 10:53:17 --> Employee found: {"id":"28","employee_id":"2024-673357","rfid_uid":"6437c3b9","firstname":"Joshua","middlename":"Luloy","lastname":"Diamsen","birthdate":"2001-11-18","sex":"Male","phonenumber":"65194594594","email":"Joshuadiamsen@gmail.com","status":"Active","date_hired":"2018-12-25","restday":"Thursday","daily_rate":"502","monthly_rate":"13135.67","time_in":"07:00:00","time_out":"15:00:00","sick_leave_balance":"5","vacation_leave_balance":"5","pagibig_account_number":"987654312313","sss_account_number":"1234567890","philhealth_account_number":"123456789000","position_id":"49","department_id":"40","region_id":"15","province_id":"1507","municipality_id":"150711","barangay_id":"38414","street":"bnm","image":"","is_archive":"0","created_at":"2024-10-31 20:37:56"}
INFO - 2025-01-21 10:53:19 --> UID received: 6437c3b9
INFO - 2025-01-21 10:53:19 --> Employee found: {"id":"28","employee_id":"2024-673357","rfid_uid":"6437c3b9","firstname":"Joshua","middlename":"Luloy","lastname":"Diamsen","birthdate":"2001-11-18","sex":"Male","phonenumber":"65194594594","email":"Joshuadiamsen@gmail.com","status":"Active","date_hired":"2018-12-25","restday":"Thursday","daily_rate":"502","monthly_rate":"13135.67","time_in":"07:00:00","time_out":"15:00:00","sick_leave_balance":"5","vacation_leave_balance":"5","pagibig_account_number":"987654312313","sss_account_number":"1234567890","philhealth_account_number":"123456789000","position_id":"49","department_id":"40","region_id":"15","province_id":"1507","municipality_id":"150711","barangay_id":"38414","street":"bnm","image":"","is_archive":"0","created_at":"2024-10-31 20:37:56"}
INFO - 2025-01-21 10:53:23 --> UID received: 6437c3b9
INFO - 2025-01-21 10:53:23 --> Employee found: {"id":"28","employee_id":"2024-673357","rfid_uid":"6437c3b9","firstname":"Joshua","middlename":"Luloy","lastname":"Diamsen","birthdate":"2001-11-18","sex":"Male","phonenumber":"65194594594","email":"Joshuadiamsen@gmail.com","status":"Active","date_hired":"2018-12-25","restday":"Thursday","daily_rate":"502","monthly_rate":"13135.67","time_in":"07:00:00","time_out":"15:00:00","sick_leave_balance":"5","vacation_leave_balance":"5","pagibig_account_number":"987654312313","sss_account_number":"1234567890","philhealth_account_number":"123456789000","position_id":"49","department_id":"40","region_id":"15","province_id":"1507","municipality_id":"150711","barangay_id":"38414","street":"bnm","image":"","is_archive":"0","created_at":"2024-10-31 20:37:56"}
INFO - 2025-01-21 10:53:28 --> UID received: 6437c3b9
INFO - 2025-01-21 10:53:28 --> Employee found: {"id":"28","employee_id":"2024-673357","rfid_uid":"6437c3b9","firstname":"Joshua","middlename":"Luloy","lastname":"Diamsen","birthdate":"2001-11-18","sex":"Male","phonenumber":"65194594594","email":"Joshuadiamsen@gmail.com","status":"Active","date_hired":"2018-12-25","restday":"Thursday","daily_rate":"502","monthly_rate":"13135.67","time_in":"07:00:00","time_out":"15:00:00","sick_leave_balance":"5","vacation_leave_balance":"5","pagibig_account_number":"987654312313","sss_account_number":"1234567890","philhealth_account_number":"123456789000","position_id":"49","department_id":"40","region_id":"15","province_id":"1507","municipality_id":"150711","barangay_id":"38414","street":"bnm","image":"","is_archive":"0","created_at":"2024-10-31 20:37:56"}
INFO - 2025-01-21 10:53:31 --> UID received: 6437c3b9
INFO - 2025-01-21 10:53:31 --> Employee found: {"id":"28","employee_id":"2024-673357","rfid_uid":"6437c3b9","firstname":"Joshua","middlename":"Luloy","lastname":"Diamsen","birthdate":"2001-11-18","sex":"Male","phonenumber":"65194594594","email":"Joshuadiamsen@gmail.com","status":"Active","date_hired":"2018-12-25","restday":"Thursday","daily_rate":"502","monthly_rate":"13135.67","time_in":"07:00:00","time_out":"15:00:00","sick_leave_balance":"5","vacation_leave_balance":"5","pagibig_account_number":"987654312313","sss_account_number":"1234567890","philhealth_account_number":"123456789000","position_id":"49","department_id":"40","region_id":"15","province_id":"1507","municipality_id":"150711","barangay_id":"38414","street":"bnm","image":"","is_archive":"0","created_at":"2024-10-31 20:37:56"}
INFO - 2025-01-21 10:53:37 --> UID received: 6437c3b9
INFO - 2025-01-21 10:53:37 --> Employee found: {"id":"28","employee_id":"2024-673357","rfid_uid":"6437c3b9","firstname":"Joshua","middlename":"Luloy","lastname":"Diamsen","birthdate":"2001-11-18","sex":"Male","phonenumber":"65194594594","email":"Joshuadiamsen@gmail.com","status":"Active","date_hired":"2018-12-25","restday":"Thursday","daily_rate":"502","monthly_rate":"13135.67","time_in":"07:00:00","time_out":"15:00:00","sick_leave_balance":"5","vacation_leave_balance":"5","pagibig_account_number":"987654312313","sss_account_number":"1234567890","philhealth_account_number":"123456789000","position_id":"49","department_id":"40","region_id":"15","province_id":"1507","municipality_id":"150711","barangay_id":"38414","street":"bnm","image":"","is_archive":"0","created_at":"2024-10-31 20:37:56"}
INFO - 2025-01-21 10:55:42 --> UID received: 6437c3b9
INFO - 2025-01-21 10:55:42 --> Employee found: {"id":"28","employee_id":"2024-673357","rfid_uid":"6437c3b9","firstname":"Joshua","middlename":"Luloy","lastname":"Diamsen","birthdate":"2001-11-18","sex":"Male","phonenumber":"65194594594","email":"Joshuadiamsen@gmail.com","status":"Active","date_hired":"2018-12-25","restday":"Thursday","daily_rate":"502","monthly_rate":"13135.67","time_in":"07:00:00","time_out":"15:00:00","sick_leave_balance":"5","vacation_leave_balance":"5","pagibig_account_number":"987654312313","sss_account_number":"1234567890","philhealth_account_number":"123456789000","position_id":"49","department_id":"40","region_id":"15","province_id":"1507","municipality_id":"150711","barangay_id":"38414","street":"bnm","image":"","is_archive":"0","created_at":"2024-10-31 20:37:56"}
INFO - 2025-01-21 10:55:45 --> UID received: 6437c3b9
INFO - 2025-01-21 10:55:45 --> Employee found: {"id":"28","employee_id":"2024-673357","rfid_uid":"6437c3b9","firstname":"Joshua","middlename":"Luloy","lastname":"Diamsen","birthdate":"2001-11-18","sex":"Male","phonenumber":"65194594594","email":"Joshuadiamsen@gmail.com","status":"Active","date_hired":"2018-12-25","restday":"Thursday","daily_rate":"502","monthly_rate":"13135.67","time_in":"07:00:00","time_out":"15:00:00","sick_leave_balance":"5","vacation_leave_balance":"5","pagibig_account_number":"987654312313","sss_account_number":"1234567890","philhealth_account_number":"123456789000","position_id":"49","department_id":"40","region_id":"15","province_id":"1507","municipality_id":"150711","barangay_id":"38414","street":"bnm","image":"","is_archive":"0","created_at":"2024-10-31 20:37:56"}
INFO - 2025-01-21 10:55:47 --> UID received: 6437c3b9
INFO - 2025-01-21 10:55:47 --> Employee found: {"id":"28","employee_id":"2024-673357","rfid_uid":"6437c3b9","firstname":"Joshua","middlename":"Luloy","lastname":"Diamsen","birthdate":"2001-11-18","sex":"Male","phonenumber":"65194594594","email":"Joshuadiamsen@gmail.com","status":"Active","date_hired":"2018-12-25","restday":"Thursday","daily_rate":"502","monthly_rate":"13135.67","time_in":"07:00:00","time_out":"15:00:00","sick_leave_balance":"5","vacation_leave_balance":"5","pagibig_account_number":"987654312313","sss_account_number":"1234567890","philhealth_account_number":"123456789000","position_id":"49","department_id":"40","region_id":"15","province_id":"1507","municipality_id":"150711","barangay_id":"38414","street":"bnm","image":"","is_archive":"0","created_at":"2024-10-31 20:37:56"}
INFO - 2025-01-21 03:32:46 --> Session: Class initialized using 'CodeIgniter\Session\Handlers\FileHandler' driver.
INFO - 2025-01-21 03:32:47 --> Session: Class initialized using 'CodeIgniter\Session\Handlers\FileHandler' driver.
INFO - 2025-01-21 11:32:50 --> Session: Class initialized using 'CodeIgniter\Session\Handlers\FileHandler' driver.
INFO - 2025-01-21 11:32:51 --> Session: Class initialized using 'CodeIgniter\Session\Handlers\FileHandler' driver.
INFO - 2025-01-21 03:33:08 --> Session: Class initialized using 'CodeIgniter\Session\Handlers\FileHandler' driver.
INFO - 2025-01-21 03:33:09 --> Session: Class initialized using 'CodeIgniter\Session\Handlers\FileHandler' driver.
INFO - 2025-01-21 03:33:14 --> Session: Class initialized using 'CodeIgniter\Session\Handlers\FileHandler' driver.
INFO - 2025-01-21 03:34:47 --> Session: Class initialized using 'CodeIgniter\Session\Handlers\FileHandler' driver.
INFO - 2025-01-21 03:35:18 --> Session: Class initialized using 'CodeIgniter\Session\Handlers\FileHandler' driver.
INFO - 2025-01-21 11:37:57 --> Session: Class initialized using 'CodeIgniter\Session\Handlers\FileHandler' driver.
INFO - 2025-01-21 03:38:00 --> Session: Class initialized using 'CodeIgniter\Session\Handlers\FileHandler' driver.
INFO - 2025-01-21 11:40:54 --> UID received: d4a60b9
INFO - 2025-01-21 11:40:54 --> Employee found: {"id":"24","employee_id":"2024-976503","rfid_uid":"d4a60b9","firstname":"Daniel","middlename":"Villena","lastname":"Cinco","birthdate":"2002-12-31","sex":"Male","phonenumber":"12333123123","email":"Danielcinco@yahoo.com","status":"Active","date_hired":"2022-12-31","restday":"Monday","daily_rate":"50","monthly_rate":"1308.33","time_in":"07:00:00","time_out":"15:00:00","sick_leave_balance":"5","vacation_leave_balance":"5","pagibig_account_number":"123","sss_account_number":"123","philhealth_account_number":"123","position_id":"47","department_id":"39","region_id":"13","province_id":"1339","municipality_id":"133910","barangay_id":"36012","street":"5676457","image":"1736477836_720e0f356f27ed245c13.png","is_archive":"0","created_at":"2024-10-30 20:21:41"}
INFO - 2025-01-21 11:40:54 --> Attendance successfully logged for employee: 2024-976503
INFO - 2025-01-21 03:41:12 --> Session: Class initialized using 'CodeIgniter\Session\Handlers\FileHandler' driver.
INFO - 2025-01-21 11:42:21 --> UID received: d4a60b9
INFO - 2025-01-21 11:42:21 --> Employee found: {"id":"24","employee_id":"2024-976503","rfid_uid":"d4a60b9","firstname":"Daniel","middlename":"Villena","lastname":"Cinco","birthdate":"2002-12-31","sex":"Male","phonenumber":"12333123123","email":"Danielcinco@yahoo.com","status":"Active","date_hired":"2022-12-31","restday":"Monday","daily_rate":"50","monthly_rate":"1308.33","time_in":"07:00:00","time_out":"15:00:00","sick_leave_balance":"5","vacation_leave_balance":"5","pagibig_account_number":"123","sss_account_number":"123","philhealth_account_number":"123","position_id":"47","department_id":"39","region_id":"13","province_id":"1339","municipality_id":"133910","barangay_id":"36012","street":"5676457","image":"1736477836_720e0f356f27ed245c13.png","is_archive":"0","created_at":"2024-10-30 20:21:41"}
INFO - 2025-01-21 11:42:32 --> UID received: d4a60b9
INFO - 2025-01-21 11:42:32 --> Employee found: {"id":"24","employee_id":"2024-976503","rfid_uid":"d4a60b9","firstname":"Daniel","middlename":"Villena","lastname":"Cinco","birthdate":"2002-12-31","sex":"Male","phonenumber":"12333123123","email":"Danielcinco@yahoo.com","status":"Active","date_hired":"2022-12-31","restday":"Monday","daily_rate":"50","monthly_rate":"1308.33","time_in":"07:00:00","time_out":"15:00:00","sick_leave_balance":"5","vacation_leave_balance":"5","pagibig_account_number":"123","sss_account_number":"123","philhealth_account_number":"123","position_id":"47","department_id":"39","region_id":"13","province_id":"1339","municipality_id":"133910","barangay_id":"36012","street":"5676457","image":"1736477836_720e0f356f27ed245c13.png","is_archive":"0","created_at":"2024-10-30 20:21:41"}
INFO - 2025-01-21 11:42:32 --> Attendance successfully logged for employee: 2024-976503
INFO - 2025-01-21 11:43:24 --> UID received: 647c3b9
INFO - 2025-01-21 11:43:24 --> Employee found: {"id":"39","employee_id":"2024-956456","rfid_uid":"647c3b9","firstname":"Hailee","middlename":"Slovenia","lastname":"Stanfield","birthdate":"2003-04-15","sex":"Male","phonenumber":"12312312312","email":"rere@rere","status":"Active","date_hired":"2024-12-31","restday":"Sunday","daily_rate":"502","monthly_rate":"13135.67","time_in":"07:00:00","time_out":"15:00:00","sick_leave_balance":"5","vacation_leave_balance":"5","pagibig_account_number":"123123123123","sss_account_number":"1231231231","philhealth_account_number":"312312312312","position_id":"49","department_id":"40","region_id":"13","province_id":"1339","municipality_id":"133908","barangay_id":"35993","street":"Blk E2 LOT 12","image":"1736477797_a1cdbee1260884bbf8a4.png","is_archive":"0","created_at":"2024-11-21 11:33:48"}
INFO - 2025-01-21 11:43:24 --> Attendance successfully logged for employee: 2024-956456
INFO - 2025-01-21 11:43:29 --> UID received: 6437c3b9
INFO - 2025-01-21 11:43:29 --> Employee found: {"id":"28","employee_id":"2024-673357","rfid_uid":"6437c3b9","firstname":"Joshua","middlename":"Luloy","lastname":"Diamsen","birthdate":"2001-11-18","sex":"Male","phonenumber":"65194594594","email":"Joshuadiamsen@gmail.com","status":"Active","date_hired":"2018-12-25","restday":"Thursday","daily_rate":"502","monthly_rate":"13135.67","time_in":"07:00:00","time_out":"15:00:00","sick_leave_balance":"5","vacation_leave_balance":"5","pagibig_account_number":"987654312313","sss_account_number":"1234567890","philhealth_account_number":"123456789000","position_id":"49","department_id":"40","region_id":"15","province_id":"1507","municipality_id":"150711","barangay_id":"38414","street":"bnm","image":"","is_archive":"0","created_at":"2024-10-31 20:37:56"}
INFO - 2025-01-21 11:43:29 --> Attendance successfully logged for employee: 2024-673357
INFO - 2025-01-21 11:44:24 --> UID received: 335431e4
INFO - 2025-01-21 11:44:52 --> UID received: fefaa289
INFO - 2025-01-21 03:55:35 --> Session: Class initialized using 'CodeIgniter\Session\Handlers\FileHandler' driver.
INFO - 2025-01-21 03:55:39 --> Session: Class initialized using 'CodeIgniter\Session\Handlers\FileHandler' driver.
INFO - 2025-01-21 05:27:44 --> Session: Class initialized using 'CodeIgniter\Session\Handlers\FileHandler' driver.
INFO - 2025-01-21 05:27:45 --> Session: Class initialized using 'CodeIgniter\Session\Handlers\FileHandler' driver.
INFO - 2025-01-21 05:27:46 --> Session: Class initialized using 'CodeIgniter\Session\Handlers\FileHandler' driver.
INFO - 2025-01-21 05:29:50 --> Session: Class initialized using 'CodeIgniter\Session\Handlers\FileHandler' driver.
INFO - 2025-01-21 05:29:50 --> Session: Class initialized using 'CodeIgniter\Session\Handlers\FileHandler' driver.
INFO - 2025-01-21 05:29:52 --> Session: Class initialized using 'CodeIgniter\Session\Handlers\FileHandler' driver.
INFO - 2025-01-21 13:29:58 --> Session: Class initialized using 'CodeIgniter\Session\Handlers\FileHandler' driver.
INFO - 2025-01-21 13:29:58 --> Session: Class initialized using 'CodeIgniter\Session\Handlers\FileHandler' driver.
INFO - 2025-01-21 13:31:40 --> Session: Class initialized using 'CodeIgniter\Session\Handlers\FileHandler' driver.
INFO - 2025-01-21 05:31:54 --> Session: Class initialized using 'CodeIgniter\Session\Handlers\FileHandler' driver.
INFO - 2025-01-21 05:31:54 --> Session: Class initialized using 'CodeIgniter\Session\Handlers\FileHandler' driver.
INFO - 2025-01-21 13:31:58 --> Session: Class initialized using 'CodeIgniter\Session\Handlers\FileHandler' driver.
INFO - 2025-01-21 13:31:59 --> Session: Class initialized using 'CodeIgniter\Session\Handlers\FileHandler' driver.
INFO - 2025-01-21 05:32:28 --> Session: Class initialized using 'CodeIgniter\Session\Handlers\FileHandler' driver.
INFO - 2025-01-21 05:34:32 --> Session: Class initialized using 'CodeIgniter\Session\Handlers\FileHandler' driver.
INFO - 2025-01-21 05:34:32 --> Session: Class initialized using 'CodeIgniter\Session\Handlers\FileHandler' driver.
INFO - 2025-01-21 05:34:42 --> Session: Class initialized using 'CodeIgniter\Session\Handlers\FileHandler' driver.
INFO - 2025-01-21 05:34:49 --> Session: Class initialized using 'CodeIgniter\Session\Handlers\FileHandler' driver.
INFO - 2025-01-21 05:34:51 --> Session: Class initialized using 'CodeIgniter\Session\Handlers\FileHandler' driver.
INFO - 2025-01-21 05:34:56 --> Session: Class initialized using 'CodeIgniter\Session\Handlers\FileHandler' driver.
INFO - 2025-01-21 05:35:02 --> Session: Class initialized using 'CodeIgniter\Session\Handlers\FileHandler' driver.
INFO - 2025-01-21 05:35:02 --> Session: Class initialized using 'CodeIgniter\Session\Handlers\FileHandler' driver.
INFO - 2025-01-21 05:35:03 --> Session: Class initialized using 'CodeIgniter\Session\Handlers\FileHandler' driver.
INFO - 2025-01-21 05:35:09 --> Session: Class initialized using 'CodeIgniter\Session\Handlers\FileHandler' driver.
INFO - 2025-01-21 05:35:09 --> Session: Class initialized using 'CodeIgniter\Session\Handlers\FileHandler' driver.
INFO - 2025-01-21 05:35:11 --> Session: Class initialized using 'CodeIgniter\Session\Handlers\FileHandler' driver.
INFO - 2025-01-21 05:35:22 --> Session: Class initialized using 'CodeIgniter\Session\Handlers\FileHandler' driver.
INFO - 2025-01-21 05:35:25 --> Session: Class initialized using 'CodeIgniter\Session\Handlers\FileHandler' driver.
INFO - 2025-01-21 05:35:49 --> Session: Class initialized using 'CodeIgniter\Session\Handlers\FileHandler' driver.
INFO - 2025-01-21 05:35:55 --> Session: Class initialized using 'CodeIgniter\Session\Handlers\FileHandler' driver.
INFO - 2025-01-21 05:36:02 --> Session: Class initialized using 'CodeIgniter\Session\Handlers\FileHandler' driver.
INFO - 2025-01-21 05:36:02 --> Session: Class initialized using 'CodeIgniter\Session\Handlers\FileHandler' driver.
INFO - 2025-01-21 05:36:12 --> Session: Class initialized using 'CodeIgniter\Session\Handlers\FileHandler' driver.
INFO - 2025-01-21 05:36:12 --> Session: Class initialized using 'CodeIgniter\Session\Handlers\FileHandler' driver.
INFO - 2025-01-21 05:36:15 --> Session: Class initialized using 'CodeIgniter\Session\Handlers\FileHandler' driver.
INFO - 2025-01-21 05:36:30 --> Session: Class initialized using 'CodeIgniter\Session\Handlers\FileHandler' driver.
INFO - 2025-01-21 05:36:31 --> Session: Class initialized using 'CodeIgniter\Session\Handlers\FileHandler' driver.
INFO - 2025-01-21 05:36:33 --> Session: Class initialized using 'CodeIgniter\Session\Handlers\FileHandler' driver.
INFO - 2025-01-21 05:36:37 --> Session: Class initialized using 'CodeIgniter\Session\Handlers\FileHandler' driver.
INFO - 2025-01-21 05:36:46 --> Session: Class initialized using 'CodeIgniter\Session\Handlers\FileHandler' driver.
INFO - 2025-01-21 05:37:49 --> Session: Class initialized using 'CodeIgniter\Session\Handlers\FileHandler' driver.
INFO - 2025-01-21 05:38:09 --> Session: Class initialized using 'CodeIgniter\Session\Handlers\FileHandler' driver.
INFO - 2025-01-21 05:38:32 --> Session: Class initialized using 'CodeIgniter\Session\Handlers\FileHandler' driver.
INFO - 2025-01-21 05:38:41 --> Session: Class initialized using 'CodeIgniter\Session\Handlers\FileHandler' driver.
INFO - 2025-01-21 05:38:47 --> Session: Class initialized using 'CodeIgniter\Session\Handlers\FileHandler' driver.
INFO - 2025-01-21 05:39:00 --> Session: Class initialized using 'CodeIgniter\Session\Handlers\FileHandler' driver.
INFO - 2025-01-21 05:39:02 --> Session: Class initialized using 'CodeIgniter\Session\Handlers\FileHandler' driver.
INFO - 2025-01-21 05:39:34 --> Session: Class initialized using 'CodeIgniter\Session\Handlers\FileHandler' driver.
INFO - 2025-01-21 05:39:34 --> Session: Class initialized using 'CodeIgniter\Session\Handlers\FileHandler' driver.
INFO - 2025-01-21 05:39:36 --> Session: Class initialized using 'CodeIgniter\Session\Handlers\FileHandler' driver.
DEBUG - 2025-01-21 05:39:41 --> Request Method: DELETE
INFO - 2025-01-21 05:39:41 --> Deleted manual payhead with ID: 20
INFO - 2025-01-21 05:39:47 --> Session: Class initialized using 'CodeIgniter\Session\Handlers\FileHandler' driver.
INFO - 2025-01-21 05:40:25 --> Session: Class initialized using 'CodeIgniter\Session\Handlers\FileHandler' driver.
INFO - 2025-01-21 05:40:28 --> Session: Class initialized using 'CodeIgniter\Session\Handlers\FileHandler' driver.
INFO - 2025-01-21 05:41:00 --> Session: Class initialized using 'CodeIgniter\Session\Handlers\FileHandler' driver.
INFO - 2025-01-21 05:41:00 --> Session: Class initialized using 'CodeIgniter\Session\Handlers\FileHandler' driver.
INFO - 2025-01-21 05:41:18 --> Session: Class initialized using 'CodeIgniter\Session\Handlers\FileHandler' driver.
INFO - 2025-01-21 05:41:27 --> Session: Class initialized using 'CodeIgniter\Session\Handlers\FileHandler' driver.
INFO - 2025-01-21 05:41:29 --> Session: Class initialized using 'CodeIgniter\Session\Handlers\FileHandler' driver.
INFO - 2025-01-21 05:41:40 --> Generate payroll function triggered.
INFO - 2025-01-21 05:41:40 --> Validation passed.
INFO - 2025-01-21 05:41:40 --> Date range is valid.
INFO - 2025-01-21 05:41:40 --> Employees fetched: 11
INFO - 2025-01-21 05:41:40 --> Employee data: [{"id":"24","employee_id":"2024-976503","rfid_uid":"d4a60b9","firstname":"Daniel","middlename":"Villena","lastname":"Cinco","birthdate":"2002-12-31","sex":"Male","phonenumber":"12333123123","email":"Danielcinco@yahoo.com","status":"Active","date_hired":"2022-12-31","restday":"Monday","daily_rate":"50","monthly_rate":"1308.33","time_in":"07:00:00","time_out":"15:00:00","sick_leave_balance":"5","vacation_leave_balance":"5","pagibig_account_number":"123","sss_account_number":"123","philhealth_account_number":"123","position_id":"47","department_id":"39","region_id":"13","province_id":"1339","municipality_id":"133910","barangay_id":"36012","street":"5676457","image":"1736477836_720e0f356f27ed245c13.png","is_archive":"0","created_at":"2024-10-30 20:21:41"},{"id":"26","employee_id":"2024-404475","rfid_uid":"94736ab9","firstname":"Michaella","middlename":"Mae","lastname":"Gonza","birthdate":"2024-05-06","sex":"Male","phonenumber":"09123456789","email":"Michaellagonza@gmail.com","status":"Active","date_hired":"2024-09-05","restday":"Tuesday","daily_rate":"700","monthly_rate":"18316.67","time_in":"07:00:00","time_out":"15:00:00","sick_leave_balance":"3","vacation_leave_balance":"5","pagibig_account_number":"1","sss_account_number":"1","philhealth_account_number":"1","position_id":"49","department_id":"40","region_id":"14","province_id":"1432","municipality_id":"143211","barangay_id":"37870","street":"121212","image":"","is_archive":"0","created_at":"2024-10-30 20:25:40"},{"id":"27","employee_id":"2024-362904","rfid_uid":"146a5fb9","firstname":"Ralph Reeven","middlename":"Collamar","lastname":"Carandang","birthdate":"2002-11-07","sex":"Male","phonenumber":"12333123123","email":"ralphreeven.carandang@cvsu.edu.ph","status":"Active","date_hired":"2024-10-31","restday":"Wednesday","daily_rate":"502","monthly_rate":"13135.67","time_in":"07:00:00","time_out":"15:00:00","sick_leave_balance":"3","vacation_leave_balance":"5","pagibig_account_number":"987654312313","sss_account_number":"1234567890","philhealth_account_number":"564654654654","position_id":"48","department_id":"39","region_id":"4","province_id":"410","municipality_id":"41004","barangay_id":"8773","street":"Blk E2 LOT 12","image":"","is_archive":"0","created_at":"2024-10-31 20:34:27"},{"id":"28","employee_id":"2024-673357","rfid_uid":"6437c3b9","firstname":"Joshua","middlename":"Luloy","lastname":"Diamsen","birthdate":"2001-11-18","sex":"Male","phonenumber":"65194594594","email":"Joshuadiamsen@gmail.com","status":"Active","date_hired":"2018-12-25","restday":"Thursday","daily_rate":"502","monthly_rate":"13135.67","time_in":"07:00:00","time_out":"15:00:00","sick_leave_balance":"4","vacation_leave_balance":"5","pagibig_account_number":"987654312313","sss_account_number":"1234567890","philhealth_account_number":"123456789000","position_id":"49","department_id":"40","region_id":"15","province_id":"1507","municipality_id":"150711","barangay_id":"38414","street":"bnm","image":"","is_archive":"0","created_at":"2024-10-31 20:37:56"},{"id":"31","employee_id":"2024-555735","rfid_uid":"a42968b9","firstname":"Vincent","middlename":"Paul","lastname":"Tumulac","birthdate":"2002-05-06","sex":"Male","phonenumber":"123456","email":"Vincentumulac@gmail.com","status":"Active","date_hired":"2024-04-05","restday":"Friday","daily_rate":"502","monthly_rate":"13135.67","time_in":"07:00:00","time_out":"15:00:00","sick_leave_balance":"5","vacation_leave_balance":"5","pagibig_account_number":"12","sss_account_number":"1212","philhealth_account_number":"21","position_id":"49","department_id":"40","region_id":"14","province_id":"1411","municipality_id":"141112","barangay_id":"37600","street":"5676457","image":"","is_archive":"0","created_at":"2024-11-10 18:04:21"},{"id":"32","employee_id":"2024-222792","rfid_uid":"e4e1d0b9","firstname":"Aeron","middlename":"James","lastname":"Hincayog","birthdate":"2002-12-31","sex":"Male","phonenumber":"1234-568-47","email":"Aeron@gmail.com","status":"Active","date_hired":"2019-12-31","restday":"Saturday","daily_rate":"502","monthly_rate":"13135.67","time_in":"08:00:00","time_out":"15:00:00","sick_leave_balance":"5","vacation_leave_balance":"5","pagibig_account_number":"123123","sss_account_number":"123123","philhealth_account_number":"123123132","position_id":"49","department_id":"40","region_id":"14","province_id":"1427","municipality_id":"142708","barangay_id":"37761","street":"121212","image":"","is_archive":"0","created_at":"2024-11-10 18:05:43"},{"id":"39","employee_id":"2024-956456","rfid_uid":"647c3b9","firstname":"Hailee","middlename":"Slovenia","lastname":"Stanfield","birthdate":"2003-04-15","sex":"Male","phonenumber":"12312312312","email":"rere@rere","status":"Active","date_hired":"2024-12-31","restday":"Sunday","daily_rate":"502","monthly_rate":"13135.67","time_in":"07:00:00","time_out":"15:00:00","sick_leave_balance":"5","vacation_leave_balance":"5","pagibig_account_number":"123123123123","sss_account_number":"1231231231","philhealth_account_number":"312312312312","position_id":"49","department_id":"40","region_id":"13","province_id":"1339","municipality_id":"133908","barangay_id":"35993","street":"Blk E2 LOT 12","image":"1736477797_a1cdbee1260884bbf8a4.png","is_archive":"0","created_at":"2024-11-21 11:33:48"},{"id":"42","employee_id":"2024-347910","rfid_uid":"f4c5d5b9","firstname":"Joel","middlename":"Malupiton","lastname":"Ravena","birthdate":"1998-04-15","sex":"Male","phonenumber":"09123456789","email":"Joelmalupiton@gmail.com","status":"Active","date_hired":"2024-10-13","restday":"Monday","daily_rate":"650","monthly_rate":"17008.33","time_in":"07:00:00","time_out":"15:00:00","sick_leave_balance":"5","vacation_leave_balance":"5","pagibig_account_number":"123456789000","sss_account_number":"1234567890","philhealth_account_number":"123456789000","position_id":"51","department_id":"42","region_id":"9","province_id":"972","municipality_id":"97215","barangay_id":"29454","street":"BLK 23 LOT 98","image":"1734576323_9138f59e12240abd63a5.jpg","is_archive":"0","created_at":"2024-12-19 10:45:23"},{"id":"43","employee_id":"2024-713744","rfid_uid":"349258b9","firstname":"Taylor","middlename":"Laughner","lastname":"Swift","birthdate":"2000-09-15","sex":"Male","phonenumber":"09123456789","email":"taylorswift@gmail.com","status":"Active","date_hired":"2015-09-15","restday":"Tuesday","daily_rate":"502","monthly_rate":"13135.67","time_in":"07:00:00","time_out":"15:00:00","sick_leave_balance":"5","vacation_leave_balance":"5","pagibig_account_number":"123123123123","sss_account_number":"1231231231","philhealth_account_number":"444444444444","position_id":"49","department_id":"40","region_id":"13","province_id":"1339","municipality_id":"133910","barangay_id":"36014","street":"BLK 69 LOT 23","image":"1734694446_29ef72a59bd4e6c61c2d.jpg","is_archive":"0","created_at":"2024-12-20 19:34:06"},{"id":"46","employee_id":"2024-369349","rfid_uid":"848461B9","firstname":"Venra","middlename":"Singab","lastname":"Carandang","birthdate":"2002-11-07","sex":"Male","phonenumber":"09876543146","email":"venrasingab@gmail.com","status":"Active","date_hired":"2024-11-12","restday":"Wednesday","daily_rate":"50","monthly_rate":"1308.33","time_in":"07:00:00","time_out":"15:00:00","sick_leave_balance":"5","vacation_leave_balance":"5","pagibig_account_number":"123123123123","sss_account_number":"1243444444","philhealth_account_number":"444444444444","position_id":"48","department_id":"39","region_id":"11","province_id":"1124","municipality_id":"112402","barangay_id":"33243","street":"BLK 32 LOT 45","image":"1734694810_63d21c423f641398d8ba.png","is_archive":"0","created_at":"2024-12-20 19:40:10"},{"id":"57","employee_id":"2025-858184","rfid_uid":"123345","firstname":"Ralph ","middlename":"Collamar","lastname":"Carnadnag","birthdate":"2002-11-07","sex":"Male","phonenumber":"09185741665","email":"reevenpogi@yahoo.com","status":"Active","date_hired":"2024-11-01","restday":"Monday","daily_rate":"502","monthly_rate":"13135.67","time_in":"07:00:00","time_out":"15:00:00","sick_leave_balance":"5","vacation_leave_balance":"5","pagibig_account_number":"123123123123","sss_account_number":"1243444444","philhealth_account_number":"444444444444","position_id":"47","department_id":"39","region_id":"4","province_id":"421","municipality_id":"42118","barangay_id":"10404","street":"Blk E2 LOT 12","image":"1737437672_d7c43edc1305bc1967b7.png","is_archive":"0","created_at":"2025-01-21 13:34:32"}]
INFO - 2025-01-21 05:41:40 --> Processing Employee ID: 2024-976503
INFO - 2025-01-21 05:41:40 --> Computing payroll for Employee ID: 2024-976503
INFO - 2025-01-21 05:41:40 --> Attendance data: {"holiday_rate":"0.00","total_hours":"129.80","total_late":"0.00","total_undertime":"0.00","total_overtime":"1.80","total_holidays":"1"}
INFO - 2025-01-21 05:41:40 --> Attendance days counted: 16
INFO - 2025-01-21 05:41:40 --> Employee data fetched: {"id":"24","employee_id":"2024-976503","rfid_uid":"d4a60b9","firstname":"Daniel","middlename":"Villena","lastname":"Cinco","birthdate":"2002-12-31","sex":"Male","phonenumber":"12333123123","email":"Danielcinco@yahoo.com","status":"Active","date_hired":"2022-12-31","restday":"Monday","daily_rate":"50","monthly_rate":"1308.33","time_in":"07:00:00","time_out":"15:00:00","sick_leave_balance":"5","vacation_leave_balance":"5","pagibig_account_number":"123","sss_account_number":"123","philhealth_account_number":"123","position_id":"47","department_id":"39","region_id":"13","province_id":"1339","municipality_id":"133910","barangay_id":"36012","street":"5676457","image":"1736477836_720e0f356f27ed245c13.png","is_archive":"0","created_at":"2024-10-30 20:21:41"}
INFO - 2025-01-21 05:41:40 --> Holidays fetched: [{"holiday_id":"42","holiday_title":"New Year&#039;s Day","holiday_description":"Double Pay","holiday_date":"2025-01-01","holiday_type":"Regular","holiday_rate":"2.00","is_archive":"0"},{"holiday_id":"47","holiday_title":"testing","holiday_description":"testing","holiday_date":"2025-01-03","holiday_type":"Special non-working day","holiday_rate":"1.30","is_archive":"0"},{"holiday_id":"49","holiday_title":"Feast of the Immaculate Conception of Mary","holiday_description":"Feast of the Immaculate Conception of Mary","holiday_date":"2024-12-08","holiday_type":"Special non-working day","holiday_rate":"1.30","is_archive":"0"},{"holiday_id":"50","holiday_title":"Rizal Day","holiday_description":"Rizal Day","holiday_date":"2024-12-30","holiday_type":"Regular","holiday_rate":"2.00","is_archive":"0"},{"holiday_id":"52","holiday_title":"Last Day of the Year","holiday_description":"Last Day of the Year","holiday_date":"2024-12-31","holiday_type":"Special non-working day","holiday_rate":"1.30","is_archive":"0"},{"holiday_id":"62","holiday_title":"Chinese New Year","holiday_description":"Chinese New Year","holiday_date":"2025-01-29","holiday_type":"Special non-working day","holiday_rate":"1.30","is_archive":"0"},{"holiday_id":"64","holiday_title":"Test ","holiday_description":"Test Holiday","holiday_date":"2025-01-23","holiday_type":"Regular","holiday_rate":"2.00","is_archive":"0"},{"holiday_id":"65","holiday_title":"test","holiday_description":"test","holiday_date":"2025-01-23","holiday_type":"Regular","holiday_rate":"2.00","is_archive":"0"}]
INFO - 2025-01-21 05:41:40 --> Attendance data for holidays: [{"attendance_id":"61","employee_id":"2024-976503","rfid_uid":"d4a60b9","date":"2025-01-03","time_in":"07:00:00","time_out":"16:48:45","work_hours":"9.80","overtime_hours":"1.80","late_hours":"0.00","undertime_hours":"0.00","is_holiday":"1","holiday_rate":"1.30","is_restday":"0"}]
INFO - 2025-01-21 05:41:40 --> Holiday Premium: 15
INFO - 2025-01-21 05:41:40 --> Holiday Premium: 15
INFO - 2025-01-21 05:41:40 --> Overtime Pay: 141.174
INFO - 2025-01-21 05:41:40 --> Late Amount: 0
INFO - 2025-01-21 05:41:40 --> Undertime Amount: 0
INFO - 2025-01-21 05:41:40 --> Total Earnings: 50
INFO - 2025-01-21 05:41:40 --> Total Deductions: 543.0833
INFO - 2025-01-21 05:41:40 --> Net Pay for Employee ID 2024-976503: 1006.174
INFO - 2025-01-21 05:41:40 --> Payroll Data: {"reference_number":"2025-973899","employee_id":"2024-976503","pay_period_start":"2024-12-01","pay_period_end":"2025-01-31","total_days":16,"basic_salary":800,"holiday_premium":15,"overtime_amount":141.174,"total_undertime_hours":"0.00","total_overtime_hours":"1.80","total_late_hours":"0.00","restday_amount":0,"late_amount":0,"undertime_amount":0,"earnings":50,"final_netpay":463.09069999999997,"deductions":543.0833,"net_pay":1006.174,"date_issued":"2025-01-21"}
INFO - 2025-01-21 05:41:40 --> Processing Employee ID: 2024-404475
INFO - 2025-01-21 05:41:40 --> Computing payroll for Employee ID: 2024-404475
INFO - 2025-01-21 05:41:40 --> Attendance data: {"holiday_rate":"0.00","total_hours":"169.16","total_late":"0.92","total_undertime":"0.00","total_overtime":"5.82","total_holidays":"1"}
INFO - 2025-01-21 05:41:40 --> Attendance days counted: 21
INFO - 2025-01-21 05:41:40 --> Employee data fetched: {"id":"26","employee_id":"2024-404475","rfid_uid":"94736ab9","firstname":"Michaella","middlename":"Mae","lastname":"Gonza","birthdate":"2024-05-06","sex":"Male","phonenumber":"09123456789","email":"Michaellagonza@gmail.com","status":"Active","date_hired":"2024-09-05","restday":"Tuesday","daily_rate":"700","monthly_rate":"18316.67","time_in":"07:00:00","time_out":"15:00:00","sick_leave_balance":"3","vacation_leave_balance":"5","pagibig_account_number":"1","sss_account_number":"1","philhealth_account_number":"1","position_id":"49","department_id":"40","region_id":"14","province_id":"1432","municipality_id":"143211","barangay_id":"37870","street":"121212","image":"","is_archive":"0","created_at":"2024-10-30 20:25:40"}
INFO - 2025-01-21 05:41:40 --> Holidays fetched: [{"holiday_id":"42","holiday_title":"New Year&#039;s Day","holiday_description":"Double Pay","holiday_date":"2025-01-01","holiday_type":"Regular","holiday_rate":"2.00","is_archive":"0"},{"holiday_id":"47","holiday_title":"testing","holiday_description":"testing","holiday_date":"2025-01-03","holiday_type":"Special non-working day","holiday_rate":"1.30","is_archive":"0"},{"holiday_id":"49","holiday_title":"Feast of the Immaculate Conception of Mary","holiday_description":"Feast of the Immaculate Conception of Mary","holiday_date":"2024-12-08","holiday_type":"Special non-working day","holiday_rate":"1.30","is_archive":"0"},{"holiday_id":"50","holiday_title":"Rizal Day","holiday_description":"Rizal Day","holiday_date":"2024-12-30","holiday_type":"Regular","holiday_rate":"2.00","is_archive":"0"},{"holiday_id":"52","holiday_title":"Last Day of the Year","holiday_description":"Last Day of the Year","holiday_date":"2024-12-31","holiday_type":"Special non-working day","holiday_rate":"1.30","is_archive":"0"},{"holiday_id":"62","holiday_title":"Chinese New Year","holiday_description":"Chinese New Year","holiday_date":"2025-01-29","holiday_type":"Special non-working day","holiday_rate":"1.30","is_archive":"0"},{"holiday_id":"64","holiday_title":"Test ","holiday_description":"Test Holiday","holiday_date":"2025-01-23","holiday_type":"Regular","holiday_rate":"2.00","is_archive":"0"},{"holiday_id":"65","holiday_title":"test","holiday_description":"test","holiday_date":"2025-01-23","holiday_type":"Regular","holiday_rate":"2.00","is_archive":"0"}]
INFO - 2025-01-21 05:41:40 --> Attendance data for holidays: [{"attendance_id":"55","employee_id":"2024-404475","rfid_uid":"94736ab9","date":"2025-01-03","time_in":"07:00:00","time_out":"16:49:35","work_hours":"9.82","overtime_hours":"1.82","late_hours":"0.00","undertime_hours":"0.00","is_holiday":"1","holiday_rate":"1.30","is_restday":"0"}]
INFO - 2025-01-21 05:41:40 --> Holiday Premium: 210
INFO - 2025-01-21 05:41:40 --> Holiday Premium: 210
INFO - 2025-01-21 05:41:40 --> Overtime Pay: 456.4626
INFO - 2025-01-21 05:41:40 --> Late Amount: 57.73
INFO - 2025-01-21 05:41:40 --> Undertime Amount: 57.73
INFO - 2025-01-21 05:41:40 --> Total Earnings: 50
INFO - 2025-01-21 05:41:40 --> Total Deductions: 1568.147
INFO - 2025-01-21 05:41:40 --> Net Pay for Employee ID 2024-404475: 15836.4626
INFO - 2025-01-21 05:41:40 --> Payroll Data: {"reference_number":"2025-973899","employee_id":"2024-404475","pay_period_start":"2024-12-01","pay_period_end":"2025-01-31","total_days":21,"basic_salary":14700,"holiday_premium":210,"overtime_amount":456.46260000000007,"total_undertime_hours":"0.00","total_overtime_hours":"5.82","total_late_hours":"0.92","restday_amount":420,"late_amount":57.730000000000004,"undertime_amount":0,"earnings":470,"final_netpay":14268.315600000002,"deductions":1568.147,"net_pay":15836.4626,"date_issued":"2025-01-21"}
INFO - 2025-01-21 05:41:40 --> Processing Employee ID: 2024-362904
INFO - 2025-01-21 05:41:40 --> Computing payroll for Employee ID: 2024-362904
INFO - 2025-01-21 05:41:40 --> Attendance data: {"holiday_rate":"0.00","total_hours":"194.06","total_late":"2.63","total_undertime":"1.00","total_overtime":"4.82","total_holidays":"1"}
INFO - 2025-01-21 05:41:40 --> Attendance days counted: 24
INFO - 2025-01-21 05:41:40 --> Employee data fetched: {"id":"27","employee_id":"2024-362904","rfid_uid":"146a5fb9","firstname":"Ralph Reeven","middlename":"Collamar","lastname":"Carandang","birthdate":"2002-11-07","sex":"Male","phonenumber":"12333123123","email":"ralphreeven.carandang@cvsu.edu.ph","status":"Active","date_hired":"2024-10-31","restday":"Wednesday","daily_rate":"502","monthly_rate":"13135.67","time_in":"07:00:00","time_out":"15:00:00","sick_leave_balance":"3","vacation_leave_balance":"5","pagibig_account_number":"987654312313","sss_account_number":"1234567890","philhealth_account_number":"564654654654","position_id":"48","department_id":"39","region_id":"4","province_id":"410","municipality_id":"41004","barangay_id":"8773","street":"Blk E2 LOT 12","image":"","is_archive":"0","created_at":"2024-10-31 20:34:27"}
INFO - 2025-01-21 05:41:40 --> Holidays fetched: [{"holiday_id":"42","holiday_title":"New Year&#039;s Day","holiday_description":"Double Pay","holiday_date":"2025-01-01","holiday_type":"Regular","holiday_rate":"2.00","is_archive":"0"},{"holiday_id":"47","holiday_title":"testing","holiday_description":"testing","holiday_date":"2025-01-03","holiday_type":"Special non-working day","holiday_rate":"1.30","is_archive":"0"},{"holiday_id":"49","holiday_title":"Feast of the Immaculate Conception of Mary","holiday_description":"Feast of the Immaculate Conception of Mary","holiday_date":"2024-12-08","holiday_type":"Special non-working day","holiday_rate":"1.30","is_archive":"0"},{"holiday_id":"50","holiday_title":"Rizal Day","holiday_description":"Rizal Day","holiday_date":"2024-12-30","holiday_type":"Regular","holiday_rate":"2.00","is_archive":"0"},{"holiday_id":"52","holiday_title":"Last Day of the Year","holiday_description":"Last Day of the Year","holiday_date":"2024-12-31","holiday_type":"Special non-working day","holiday_rate":"1.30","is_archive":"0"},{"holiday_id":"62","holiday_title":"Chinese New Year","holiday_description":"Chinese New Year","holiday_date":"2025-01-29","holiday_type":"Special non-working day","holiday_rate":"1.30","is_archive":"0"},{"holiday_id":"64","holiday_title":"Test ","holiday_description":"Test Holiday","holiday_date":"2025-01-23","holiday_type":"Regular","holiday_rate":"2.00","is_archive":"0"},{"holiday_id":"65","holiday_title":"test","holiday_description":"test","holiday_date":"2025-01-23","holiday_type":"Regular","holiday_rate":"2.00","is_archive":"0"}]
INFO - 2025-01-21 05:41:40 --> Attendance data for holidays: [{"attendance_id":"59","employee_id":"2024-362904","rfid_uid":"146a5fb9","date":"2025-01-03","time_in":"07:00:00","time_out":"16:49:48","work_hours":"9.82","overtime_hours":"1.82","late_hours":"0.00","undertime_hours":"0.00","is_holiday":"1","holiday_rate":"1.30","is_restday":"0"}]
INFO - 2025-01-21 05:41:40 --> Holiday Premium: 150.6
INFO - 2025-01-21 05:41:40 --> Holiday Premium: 150.6
INFO - 2025-01-21 05:41:40 --> Overtime Pay: 378.0326
INFO - 2025-01-21 05:41:40 --> Late Amount: 165.0325
INFO - 2025-01-21 05:41:40 --> Undertime Amount: 165.0325
INFO - 2025-01-21 05:41:40 --> Total Earnings: 500
INFO - 2025-01-21 05:41:40 --> Total Deductions: 1408.4245
INFO - 2025-01-21 05:41:40 --> Net Pay for Employee ID 2024-362904: 13377.8326
INFO - 2025-01-21 05:41:40 --> Payroll Data: {"reference_number":"2025-973899","employee_id":"2024-362904","pay_period_start":"2024-12-01","pay_period_end":"2025-01-31","total_days":24,"basic_salary":12048,"holiday_premium":150.60000000000002,"overtime_amount":378.03260000000006,"total_undertime_hours":"1.00","total_overtime_hours":"4.82","total_late_hours":"2.63","restday_amount":301.20000000000005,"late_amount":165.0325,"undertime_amount":78.43,"earnings":801.2,"final_netpay":11969.4081,"deductions":1408.4245,"net_pay":13377.832600000002,"date_issued":"2025-01-21"}
INFO - 2025-01-21 05:41:40 --> Processing Employee ID: 2024-673357
INFO - 2025-01-21 05:41:40 --> Computing payroll for Employee ID: 2024-673357
INFO - 2025-01-21 05:41:40 --> Attendance data: {"holiday_rate":"0.00","total_hours":"107.93","total_late":"11.68","total_undertime":"0.00","total_overtime":"6.65","total_holidays":"2"}
INFO - 2025-01-21 05:41:40 --> Attendance days counted: 14
INFO - 2025-01-21 05:41:40 --> Employee data fetched: {"id":"28","employee_id":"2024-673357","rfid_uid":"6437c3b9","firstname":"Joshua","middlename":"Luloy","lastname":"Diamsen","birthdate":"2001-11-18","sex":"Male","phonenumber":"65194594594","email":"Joshuadiamsen@gmail.com","status":"Active","date_hired":"2018-12-25","restday":"Thursday","daily_rate":"502","monthly_rate":"13135.67","time_in":"07:00:00","time_out":"15:00:00","sick_leave_balance":"4","vacation_leave_balance":"5","pagibig_account_number":"987654312313","sss_account_number":"1234567890","philhealth_account_number":"123456789000","position_id":"49","department_id":"40","region_id":"15","province_id":"1507","municipality_id":"150711","barangay_id":"38414","street":"bnm","image":"","is_archive":"0","created_at":"2024-10-31 20:37:56"}
INFO - 2025-01-21 05:41:40 --> Holidays fetched: [{"holiday_id":"42","holiday_title":"New Year&#039;s Day","holiday_description":"Double Pay","holiday_date":"2025-01-01","holiday_type":"Regular","holiday_rate":"2.00","is_archive":"0"},{"holiday_id":"47","holiday_title":"testing","holiday_description":"testing","holiday_date":"2025-01-03","holiday_type":"Special non-working day","holiday_rate":"1.30","is_archive":"0"},{"holiday_id":"49","holiday_title":"Feast of the Immaculate Conception of Mary","holiday_description":"Feast of the Immaculate Conception of Mary","holiday_date":"2024-12-08","holiday_type":"Special non-working day","holiday_rate":"1.30","is_archive":"0"},{"holiday_id":"50","holiday_title":"Rizal Day","holiday_description":"Rizal Day","holiday_date":"2024-12-30","holiday_type":"Regular","holiday_rate":"2.00","is_archive":"0"},{"holiday_id":"52","holiday_title":"Last Day of the Year","holiday_description":"Last Day of the Year","holiday_date":"2024-12-31","holiday_type":"Special non-working day","holiday_rate":"1.30","is_archive":"0"},{"holiday_id":"62","holiday_title":"Chinese New Year","holiday_description":"Chinese New Year","holiday_date":"2025-01-29","holiday_type":"Special non-working day","holiday_rate":"1.30","is_archive":"0"},{"holiday_id":"64","holiday_title":"Test ","holiday_description":"Test Holiday","holiday_date":"2025-01-23","holiday_type":"Regular","holiday_rate":"2.00","is_archive":"0"},{"holiday_id":"65","holiday_title":"test","holiday_description":"test","holiday_date":"2025-01-23","holiday_type":"Regular","holiday_rate":"2.00","is_archive":"0"}]
INFO - 2025-01-21 05:41:40 --> Attendance data for holidays: [{"attendance_id":"54","employee_id":"2024-673357","rfid_uid":"6437c3b9","date":"2025-01-03","time_in":"07:00:00","time_out":"16:49:29","work_hours":"9.82","overtime_hours":"1.82","late_hours":"0.00","undertime_hours":"0.00","is_holiday":"1","holiday_rate":"1.30","is_restday":"0"},{"attendance_id":"133","employee_id":"2024-673357","rfid_uid":"6437c3b9","date":"2025-01-15","time_in":"16:47:41","time_out":"16:50:40","work_hours":"0.03","overtime_hours":"1.83","late_hours":"9.78","undertime_hours":"0.00","is_holiday":"1","holiday_rate":"2.00","is_restday":"0"}]
INFO - 2025-01-21 05:41:40 --> Holiday Premium: 652.6
INFO - 2025-01-21 05:41:40 --> Holiday Premium: 652.6
INFO - 2025-01-21 05:41:40 --> Overtime Pay: 521.5595
INFO - 2025-01-21 05:41:40 --> Late Amount: 732.92
INFO - 2025-01-21 05:41:40 --> Undertime Amount: 732.92
INFO - 2025-01-21 05:41:40 --> Total Earnings: 0
INFO - 2025-01-21 05:41:40 --> Total Deductions: 1846.312
INFO - 2025-01-21 05:41:40 --> Net Pay for Employee ID 2024-673357: 8352.7595
INFO - 2025-01-21 05:41:40 --> Payroll Data: {"reference_number":"2025-973899","employee_id":"2024-673357","pay_period_start":"2024-12-01","pay_period_end":"2025-01-31","total_days":14,"basic_salary":7028,"holiday_premium":652.6,"overtime_amount":521.5595000000001,"total_undertime_hours":"0.00","total_overtime_hours":"6.65","total_late_hours":"11.68","restday_amount":150.60000000000002,"late_amount":732.92,"undertime_amount":0,"earnings":150.60000000000002,"final_netpay":6506.4475,"deductions":1846.312,"net_pay":8352.7595,"date_issued":"2025-01-21"}
INFO - 2025-01-21 05:41:40 --> Processing Employee ID: 2024-555735
INFO - 2025-01-21 05:41:40 --> Computing payroll for Employee ID: 2024-555735
INFO - 2025-01-21 05:41:40 --> Attendance data: {"holiday_rate":"0.00","total_hours":"134.94","total_late":"10.17","total_undertime":"0.00","total_overtime":"10.32","total_holidays":"2"}
INFO - 2025-01-21 05:41:40 --> Attendance days counted: 17
INFO - 2025-01-21 05:41:40 --> Employee data fetched: {"id":"31","employee_id":"2024-555735","rfid_uid":"a42968b9","firstname":"Vincent","middlename":"Paul","lastname":"Tumulac","birthdate":"2002-05-06","sex":"Male","phonenumber":"123456","email":"Vincentumulac@gmail.com","status":"Active","date_hired":"2024-04-05","restday":"Friday","daily_rate":"502","monthly_rate":"13135.67","time_in":"07:00:00","time_out":"15:00:00","sick_leave_balance":"5","vacation_leave_balance":"5","pagibig_account_number":"12","sss_account_number":"1212","philhealth_account_number":"21","position_id":"49","department_id":"40","region_id":"14","province_id":"1411","municipality_id":"141112","barangay_id":"37600","street":"5676457","image":"","is_archive":"0","created_at":"2024-11-10 18:04:21"}
INFO - 2025-01-21 05:41:40 --> Holidays fetched: [{"holiday_id":"42","holiday_title":"New Year&#039;s Day","holiday_description":"Double Pay","holiday_date":"2025-01-01","holiday_type":"Regular","holiday_rate":"2.00","is_archive":"0"},{"holiday_id":"47","holiday_title":"testing","holiday_description":"testing","holiday_date":"2025-01-03","holiday_type":"Special non-working day","holiday_rate":"1.30","is_archive":"0"},{"holiday_id":"49","holiday_title":"Feast of the Immaculate Conception of Mary","holiday_description":"Feast of the Immaculate Conception of Mary","holiday_date":"2024-12-08","holiday_type":"Special non-working day","holiday_rate":"1.30","is_archive":"0"},{"holiday_id":"50","holiday_title":"Rizal Day","holiday_description":"Rizal Day","holiday_date":"2024-12-30","holiday_type":"Regular","holiday_rate":"2.00","is_archive":"0"},{"holiday_id":"52","holiday_title":"Last Day of the Year","holiday_description":"Last Day of the Year","holiday_date":"2024-12-31","holiday_type":"Special non-working day","holiday_rate":"1.30","is_archive":"0"},{"holiday_id":"62","holiday_title":"Chinese New Year","holiday_description":"Chinese New Year","holiday_date":"2025-01-29","holiday_type":"Special non-working day","holiday_rate":"1.30","is_archive":"0"},{"holiday_id":"64","holiday_title":"Test ","holiday_description":"Test Holiday","holiday_date":"2025-01-23","holiday_type":"Regular","holiday_rate":"2.00","is_archive":"0"},{"holiday_id":"65","holiday_title":"test","holiday_description":"test","holiday_date":"2025-01-23","holiday_type":"Regular","holiday_rate":"2.00","is_archive":"0"}]
INFO - 2025-01-21 05:41:40 --> Attendance data for holidays: [{"attendance_id":"63","employee_id":"2024-555735","rfid_uid":"a42968b9","date":"2025-01-03","time_in":"07:00:00","time_out":"22:39:19","work_hours":"15.65","overtime_hours":"7.65","late_hours":"0.00","undertime_hours":"0.00","is_holiday":"1","holiday_rate":"1.30","is_restday":"1"},{"attendance_id":"131","employee_id":"2024-555735","rfid_uid":"a42968b9","date":"2025-01-15","time_in":"16:39:54","time_out":"16:40:09","work_hours":"0.00","overtime_hours":"1.67","late_hours":"9.65","undertime_hours":"0.00","is_holiday":"1","holiday_rate":"2.00","is_restday":"0"}]
INFO - 2025-01-21 05:41:40 --> Holiday Premium: 652.6
INFO - 2025-01-21 05:41:40 --> Holiday Premium: 652.6
INFO - 2025-01-21 05:41:40 --> Overtime Pay: 809.3976
INFO - 2025-01-21 05:41:40 --> Late Amount: 638.1675
INFO - 2025-01-21 05:41:40 --> Undertime Amount: 638.1675
INFO - 2025-01-21 05:41:40 --> Total Earnings: 50
INFO - 2025-01-21 05:41:40 --> Total Deductions: 1751.5595
INFO - 2025-01-21 05:41:40 --> Net Pay for Employee ID 2024-555735: 10196.5976
INFO - 2025-01-21 05:41:40 --> Payroll Data: {"reference_number":"2025-973899","employee_id":"2024-555735","pay_period_start":"2024-12-01","pay_period_end":"2025-01-31","total_days":17,"basic_salary":8534,"holiday_premium":652.6,"overtime_amount":809.3976000000001,"total_undertime_hours":"0.00","total_overtime_hours":"10.32","total_late_hours":"10.17","restday_amount":150.60000000000002,"late_amount":638.1675,"undertime_amount":0,"earnings":200.60000000000002,"final_netpay":8445.038100000002,"deductions":1751.5595,"net_pay":10196.597600000001,"date_issued":"2025-01-21"}
INFO - 2025-01-21 05:41:40 --> Processing Employee ID: 2024-222792
INFO - 2025-01-21 05:41:40 --> Computing payroll for Employee ID: 2024-222792
INFO - 2025-01-21 05:41:40 --> Attendance data: {"holiday_rate":"0.00","total_hours":"124.21","total_late":"4.00","total_undertime":"0.00","total_overtime":"1.82","total_holidays":"1"}
INFO - 2025-01-21 05:41:40 --> Attendance days counted: 16
INFO - 2025-01-21 05:41:40 --> Employee data fetched: {"id":"32","employee_id":"2024-222792","rfid_uid":"e4e1d0b9","firstname":"Aeron","middlename":"James","lastname":"Hincayog","birthdate":"2002-12-31","sex":"Male","phonenumber":"1234-568-47","email":"Aeron@gmail.com","status":"Active","date_hired":"2019-12-31","restday":"Saturday","daily_rate":"502","monthly_rate":"13135.67","time_in":"08:00:00","time_out":"15:00:00","sick_leave_balance":"5","vacation_leave_balance":"5","pagibig_account_number":"123123","sss_account_number":"123123","philhealth_account_number":"123123132","position_id":"49","department_id":"40","region_id":"14","province_id":"1427","municipality_id":"142708","barangay_id":"37761","street":"121212","image":"","is_archive":"0","created_at":"2024-11-10 18:05:43"}
INFO - 2025-01-21 05:41:40 --> Holidays fetched: [{"holiday_id":"42","holiday_title":"New Year&#039;s Day","holiday_description":"Double Pay","holiday_date":"2025-01-01","holiday_type":"Regular","holiday_rate":"2.00","is_archive":"0"},{"holiday_id":"47","holiday_title":"testing","holiday_description":"testing","holiday_date":"2025-01-03","holiday_type":"Special non-working day","holiday_rate":"1.30","is_archive":"0"},{"holiday_id":"49","holiday_title":"Feast of the Immaculate Conception of Mary","holiday_description":"Feast of the Immaculate Conception of Mary","holiday_date":"2024-12-08","holiday_type":"Special non-working day","holiday_rate":"1.30","is_archive":"0"},{"holiday_id":"50","holiday_title":"Rizal Day","holiday_description":"Rizal Day","holiday_date":"2024-12-30","holiday_type":"Regular","holiday_rate":"2.00","is_archive":"0"},{"holiday_id":"52","holiday_title":"Last Day of the Year","holiday_description":"Last Day of the Year","holiday_date":"2024-12-31","holiday_type":"Special non-working day","holiday_rate":"1.30","is_archive":"0"},{"holiday_id":"62","holiday_title":"Chinese New Year","holiday_description":"Chinese New Year","holiday_date":"2025-01-29","holiday_type":"Special non-working day","holiday_rate":"1.30","is_archive":"0"},{"holiday_id":"64","holiday_title":"Test ","holiday_description":"Test Holiday","holiday_date":"2025-01-23","holiday_type":"Regular","holiday_rate":"2.00","is_archive":"0"},{"holiday_id":"65","holiday_title":"test","holiday_description":"test","holiday_date":"2025-01-23","holiday_type":"Regular","holiday_rate":"2.00","is_archive":"0"}]
INFO - 2025-01-21 05:41:40 --> Attendance data for holidays: [{"attendance_id":"58","employee_id":"2024-222792","rfid_uid":"e4e1d0b9","date":"2025-01-03","time_in":"07:00:00","time_out":"16:49:45","work_hours":"9.82","overtime_hours":"1.82","late_hours":"0.00","undertime_hours":"0.00","is_holiday":"1","holiday_rate":"1.30","is_restday":"0"}]
INFO - 2025-01-21 05:41:40 --> Holiday Premium: 150.6
INFO - 2025-01-21 05:41:40 --> Holiday Premium: 150.6
INFO - 2025-01-21 05:41:40 --> Overtime Pay: 142.7426
INFO - 2025-01-21 05:41:40 --> Late Amount: 251
INFO - 2025-01-21 05:41:40 --> Undertime Amount: 251
INFO - 2025-01-21 05:41:40 --> Total Earnings: 0
INFO - 2025-01-21 05:41:40 --> Total Deductions: 1414.392
INFO - 2025-01-21 05:41:40 --> Net Pay for Employee ID 2024-222792: 8777.1426
INFO - 2025-01-21 05:41:40 --> Payroll Data: {"reference_number":"2025-973899","employee_id":"2024-222792","pay_period_start":"2024-12-01","pay_period_end":"2025-01-31","total_days":16,"basic_salary":8032,"holiday_premium":150.60000000000002,"overtime_amount":142.7426,"total_undertime_hours":"0.00","total_overtime_hours":"1.82","total_late_hours":"4.00","restday_amount":451.80000000000007,"late_amount":251,"undertime_amount":0,"earnings":451.80000000000007,"final_netpay":7362.750599999999,"deductions":1414.392,"net_pay":8777.1426,"date_issued":"2025-01-21"}
INFO - 2025-01-21 05:41:40 --> Processing Employee ID: 2024-956456
INFO - 2025-01-21 05:41:40 --> Computing payroll for Employee ID: 2024-956456
INFO - 2025-01-21 05:41:40 --> Attendance data: {"holiday_rate":"0.00","total_hours":"33.03","total_late":"11.30","total_undertime":"0.00","total_overtime":"3.50","total_holidays":"2"}
INFO - 2025-01-21 05:41:40 --> Attendance days counted: 5
INFO - 2025-01-21 05:41:40 --> Employee data fetched: {"id":"39","employee_id":"2024-956456","rfid_uid":"647c3b9","firstname":"Hailee","middlename":"Slovenia","lastname":"Stanfield","birthdate":"2003-04-15","sex":"Male","phonenumber":"12312312312","email":"rere@rere","status":"Active","date_hired":"2024-12-31","restday":"Sunday","daily_rate":"502","monthly_rate":"13135.67","time_in":"07:00:00","time_out":"15:00:00","sick_leave_balance":"5","vacation_leave_balance":"5","pagibig_account_number":"123123123123","sss_account_number":"1231231231","philhealth_account_number":"312312312312","position_id":"49","department_id":"40","region_id":"13","province_id":"1339","municipality_id":"133908","barangay_id":"35993","street":"Blk E2 LOT 12","image":"1736477797_a1cdbee1260884bbf8a4.png","is_archive":"0","created_at":"2024-11-21 11:33:48"}
INFO - 2025-01-21 05:41:40 --> Holidays fetched: [{"holiday_id":"42","holiday_title":"New Year&#039;s Day","holiday_description":"Double Pay","holiday_date":"2025-01-01","holiday_type":"Regular","holiday_rate":"2.00","is_archive":"0"},{"holiday_id":"47","holiday_title":"testing","holiday_description":"testing","holiday_date":"2025-01-03","holiday_type":"Special non-working day","holiday_rate":"1.30","is_archive":"0"},{"holiday_id":"49","holiday_title":"Feast of the Immaculate Conception of Mary","holiday_description":"Feast of the Immaculate Conception of Mary","holiday_date":"2024-12-08","holiday_type":"Special non-working day","holiday_rate":"1.30","is_archive":"0"},{"holiday_id":"50","holiday_title":"Rizal Day","holiday_description":"Rizal Day","holiday_date":"2024-12-30","holiday_type":"Regular","holiday_rate":"2.00","is_archive":"0"},{"holiday_id":"52","holiday_title":"Last Day of the Year","holiday_description":"Last Day of the Year","holiday_date":"2024-12-31","holiday_type":"Special non-working day","holiday_rate":"1.30","is_archive":"0"},{"holiday_id":"62","holiday_title":"Chinese New Year","holiday_description":"Chinese New Year","holiday_date":"2025-01-29","holiday_type":"Special non-working day","holiday_rate":"1.30","is_archive":"0"},{"holiday_id":"64","holiday_title":"Test ","holiday_description":"Test Holiday","holiday_date":"2025-01-23","holiday_type":"Regular","holiday_rate":"2.00","is_archive":"0"},{"holiday_id":"65","holiday_title":"test","holiday_description":"test","holiday_date":"2025-01-23","holiday_type":"Regular","holiday_rate":"2.00","is_archive":"0"}]
INFO - 2025-01-21 05:41:40 --> Attendance data for holidays: [{"attendance_id":"62","employee_id":"2024-956456","rfid_uid":"647c3b9","date":"2025-01-03","time_in":"07:00:00","time_out":"16:47:20","work_hours":"9.78","overtime_hours":"1.80","late_hours":"0.00","undertime_hours":"0.00","is_holiday":"1","holiday_rate":"1.30","is_restday":"0"},{"attendance_id":"132","employee_id":"2024-956456","rfid_uid":"647c3b9","date":"2025-01-15","time_in":"16:40:03","time_out":"16:42:52","work_hours":"0.03","overtime_hours":"1.70","late_hours":"9.67","undertime_hours":"0.00","is_holiday":"1","holiday_rate":"2.00","is_restday":"0"}]
INFO - 2025-01-21 05:41:40 --> Holiday Premium: 652.6
INFO - 2025-01-21 05:41:40 --> Holiday Premium: 652.6
INFO - 2025-01-21 05:41:40 --> Overtime Pay: 274.505
INFO - 2025-01-21 05:41:40 --> Late Amount: 709.075
INFO - 2025-01-21 05:41:40 --> Undertime Amount: 709.075
INFO - 2025-01-21 05:41:40 --> Total Earnings: 0
INFO - 2025-01-21 05:41:40 --> Total Deductions: 1822.467
INFO - 2025-01-21 05:41:40 --> Net Pay for Employee ID 2024-956456: 3437.105
INFO - 2025-01-21 05:41:40 --> Payroll Data: {"reference_number":"2025-973899","employee_id":"2024-956456","pay_period_start":"2024-12-01","pay_period_end":"2025-01-31","total_days":5,"basic_salary":2510,"holiday_premium":652.6,"overtime_amount":274.505,"total_undertime_hours":"0.00","total_overtime_hours":"3.50","total_late_hours":"11.30","restday_amount":0,"late_amount":709.075,"undertime_amount":0,"earnings":0,"final_netpay":1614.638,"deductions":1822.467,"net_pay":3437.105,"date_issued":"2025-01-21"}
INFO - 2025-01-21 05:41:40 --> Processing Employee ID: 2024-347910
INFO - 2025-01-21 05:41:40 --> Computing payroll for Employee ID: 2024-347910
INFO - 2025-01-21 05:41:40 --> Attendance data: {"holiday_rate":"0.00","total_hours":"34.89","total_late":"0.87","total_undertime":"0.00","total_overtime":"3.82","total_holidays":"1"}
INFO - 2025-01-21 05:41:40 --> Attendance days counted: 4
INFO - 2025-01-21 05:41:40 --> Employee data fetched: {"id":"42","employee_id":"2024-347910","rfid_uid":"f4c5d5b9","firstname":"Joel","middlename":"Malupiton","lastname":"Ravena","birthdate":"1998-04-15","sex":"Male","phonenumber":"09123456789","email":"Joelmalupiton@gmail.com","status":"Active","date_hired":"2024-10-13","restday":"Monday","daily_rate":"650","monthly_rate":"17008.33","time_in":"07:00:00","time_out":"15:00:00","sick_leave_balance":"5","vacation_leave_balance":"5","pagibig_account_number":"123456789000","sss_account_number":"1234567890","philhealth_account_number":"123456789000","position_id":"51","department_id":"42","region_id":"9","province_id":"972","municipality_id":"97215","barangay_id":"29454","street":"BLK 23 LOT 98","image":"1734576323_9138f59e12240abd63a5.jpg","is_archive":"0","created_at":"2024-12-19 10:45:23"}
INFO - 2025-01-21 05:41:40 --> Holidays fetched: [{"holiday_id":"42","holiday_title":"New Year&#039;s Day","holiday_description":"Double Pay","holiday_date":"2025-01-01","holiday_type":"Regular","holiday_rate":"2.00","is_archive":"0"},{"holiday_id":"47","holiday_title":"testing","holiday_description":"testing","holiday_date":"2025-01-03","holiday_type":"Special non-working day","holiday_rate":"1.30","is_archive":"0"},{"holiday_id":"49","holiday_title":"Feast of the Immaculate Conception of Mary","holiday_description":"Feast of the Immaculate Conception of Mary","holiday_date":"2024-12-08","holiday_type":"Special non-working day","holiday_rate":"1.30","is_archive":"0"},{"holiday_id":"50","holiday_title":"Rizal Day","holiday_description":"Rizal Day","holiday_date":"2024-12-30","holiday_type":"Regular","holiday_rate":"2.00","is_archive":"0"},{"holiday_id":"52","holiday_title":"Last Day of the Year","holiday_description":"Last Day of the Year","holiday_date":"2024-12-31","holiday_type":"Special non-working day","holiday_rate":"1.30","is_archive":"0"},{"holiday_id":"62","holiday_title":"Chinese New Year","holiday_description":"Chinese New Year","holiday_date":"2025-01-29","holiday_type":"Special non-working day","holiday_rate":"1.30","is_archive":"0"},{"holiday_id":"64","holiday_title":"Test ","holiday_description":"Test Holiday","holiday_date":"2025-01-23","holiday_type":"Regular","holiday_rate":"2.00","is_archive":"0"},{"holiday_id":"65","holiday_title":"test","holiday_description":"test","holiday_date":"2025-01-23","holiday_type":"Regular","holiday_rate":"2.00","is_archive":"0"}]
INFO - 2025-01-21 05:41:40 --> Attendance data for holidays: [{"attendance_id":"60","employee_id":"2024-347910","rfid_uid":"f4c5d5b9","date":"2025-01-03","time_in":"07:00:00","time_out":"16:49:51","work_hours":"9.82","overtime_hours":"1.82","late_hours":"0.00","undertime_hours":"0.00","is_holiday":"1","holiday_rate":"1.30","is_restday":"0"}]
INFO - 2025-01-21 05:41:40 --> Holiday Premium: 195
INFO - 2025-01-21 05:41:40 --> Holiday Premium: 195
INFO - 2025-01-21 05:41:40 --> Overtime Pay: 299.6026
INFO - 2025-01-21 05:41:40 --> Late Amount: 54.5925
INFO - 2025-01-21 05:41:40 --> Undertime Amount: 54.5925
INFO - 2025-01-21 05:41:40 --> Total Earnings: 0
INFO - 2025-01-21 05:41:40 --> Total Deductions: 1444.8005
INFO - 2025-01-21 05:41:40 --> Net Pay for Employee ID 2024-347910: 3094.6026
INFO - 2025-01-21 05:41:40 --> Payroll Data: {"reference_number":"2025-973899","employee_id":"2024-347910","pay_period_start":"2024-12-01","pay_period_end":"2025-01-31","total_days":4,"basic_salary":2600,"holiday_premium":195,"overtime_amount":299.6026,"total_undertime_hours":"0.00","total_overtime_hours":"3.82","total_late_hours":"0.87","restday_amount":0,"late_amount":54.5925,"undertime_amount":0,"earnings":0,"final_netpay":1649.8021,"deductions":1444.8005,"net_pay":3094.6026,"date_issued":"2025-01-21"}
INFO - 2025-01-21 05:41:40 --> Processing Employee ID: 2024-713744
INFO - 2025-01-21 05:41:40 --> Computing payroll for Employee ID: 2024-713744
INFO - 2025-01-21 05:41:40 --> Attendance data: {"holiday_rate":"0.00","total_hours":"108.12","total_late":"1.52","total_undertime":"0.00","total_overtime":"4.82","total_holidays":"1"}
INFO - 2025-01-21 05:41:40 --> Attendance days counted: 13
INFO - 2025-01-21 05:41:40 --> Employee data fetched: {"id":"43","employee_id":"2024-713744","rfid_uid":"349258b9","firstname":"Taylor","middlename":"Laughner","lastname":"Swift","birthdate":"2000-09-15","sex":"Male","phonenumber":"09123456789","email":"taylorswift@gmail.com","status":"Active","date_hired":"2015-09-15","restday":"Tuesday","daily_rate":"502","monthly_rate":"13135.67","time_in":"07:00:00","time_out":"15:00:00","sick_leave_balance":"5","vacation_leave_balance":"5","pagibig_account_number":"123123123123","sss_account_number":"1231231231","philhealth_account_number":"444444444444","position_id":"49","department_id":"40","region_id":"13","province_id":"1339","municipality_id":"133910","barangay_id":"36014","street":"BLK 69 LOT 23","image":"1734694446_29ef72a59bd4e6c61c2d.jpg","is_archive":"0","created_at":"2024-12-20 19:34:06"}
INFO - 2025-01-21 05:41:40 --> Holidays fetched: [{"holiday_id":"42","holiday_title":"New Year&#039;s Day","holiday_description":"Double Pay","holiday_date":"2025-01-01","holiday_type":"Regular","holiday_rate":"2.00","is_archive":"0"},{"holiday_id":"47","holiday_title":"testing","holiday_description":"testing","holiday_date":"2025-01-03","holiday_type":"Special non-working day","holiday_rate":"1.30","is_archive":"0"},{"holiday_id":"49","holiday_title":"Feast of the Immaculate Conception of Mary","holiday_description":"Feast of the Immaculate Conception of Mary","holiday_date":"2024-12-08","holiday_type":"Special non-working day","holiday_rate":"1.30","is_archive":"0"},{"holiday_id":"50","holiday_title":"Rizal Day","holiday_description":"Rizal Day","holiday_date":"2024-12-30","holiday_type":"Regular","holiday_rate":"2.00","is_archive":"0"},{"holiday_id":"52","holiday_title":"Last Day of the Year","holiday_description":"Last Day of the Year","holiday_date":"2024-12-31","holiday_type":"Special non-working day","holiday_rate":"1.30","is_archive":"0"},{"holiday_id":"62","holiday_title":"Chinese New Year","holiday_description":"Chinese New Year","holiday_date":"2025-01-29","holiday_type":"Special non-working day","holiday_rate":"1.30","is_archive":"0"},{"holiday_id":"64","holiday_title":"Test ","holiday_description":"Test Holiday","holiday_date":"2025-01-23","holiday_type":"Regular","holiday_rate":"2.00","is_archive":"0"},{"holiday_id":"65","holiday_title":"test","holiday_description":"test","holiday_date":"2025-01-23","holiday_type":"Regular","holiday_rate":"2.00","is_archive":"0"}]
INFO - 2025-01-21 05:41:40 --> Attendance data for holidays: [{"attendance_id":"57","employee_id":"2024-713744","rfid_uid":"349258b9","date":"2025-01-03","time_in":"07:00:00","time_out":"16:49:42","work_hours":"9.82","overtime_hours":"1.82","late_hours":"0.00","undertime_hours":"0.00","is_holiday":"1","holiday_rate":"1.30","is_restday":"0"}]
INFO - 2025-01-21 05:41:40 --> Holiday Premium: 150.6
INFO - 2025-01-21 05:41:40 --> Holiday Premium: 150.6
INFO - 2025-01-21 05:41:40 --> Overtime Pay: 378.0326
INFO - 2025-01-21 05:41:40 --> Late Amount: 95.38
INFO - 2025-01-21 05:41:40 --> Undertime Amount: 95.38
INFO - 2025-01-21 05:41:40 --> Total Earnings: 0
INFO - 2025-01-21 05:41:40 --> Total Deductions: 1208.772
INFO - 2025-01-21 05:41:40 --> Net Pay for Employee ID 2024-713744: 7506.4326
INFO - 2025-01-21 05:41:40 --> Payroll Data: {"reference_number":"2025-973899","employee_id":"2024-713744","pay_period_start":"2024-12-01","pay_period_end":"2025-01-31","total_days":13,"basic_salary":6526,"holiday_premium":150.60000000000002,"overtime_amount":378.03260000000006,"total_undertime_hours":"0.00","total_overtime_hours":"4.82","total_late_hours":"1.52","restday_amount":451.80000000000007,"late_amount":95.38,"undertime_amount":0,"earnings":451.80000000000007,"final_netpay":6297.660600000001,"deductions":1208.772,"net_pay":7506.432600000001,"date_issued":"2025-01-21"}
INFO - 2025-01-21 05:41:40 --> Processing Employee ID: 2024-369349
INFO - 2025-01-21 05:41:40 --> Computing payroll for Employee ID: 2024-369349
INFO - 2025-01-21 05:41:40 --> Attendance data: {"holiday_rate":null,"total_hours":null,"total_late":null,"total_undertime":null,"total_overtime":null,"total_holidays":null}
INFO - 2025-01-21 05:41:40 --> Attendance days counted: 0
INFO - 2025-01-21 05:41:40 --> Employee data fetched: {"id":"46","employee_id":"2024-369349","rfid_uid":"848461B9","firstname":"Venra","middlename":"Singab","lastname":"Carandang","birthdate":"2002-11-07","sex":"Male","phonenumber":"09876543146","email":"venrasingab@gmail.com","status":"Active","date_hired":"2024-11-12","restday":"Wednesday","daily_rate":"50","monthly_rate":"1308.33","time_in":"07:00:00","time_out":"15:00:00","sick_leave_balance":"5","vacation_leave_balance":"5","pagibig_account_number":"123123123123","sss_account_number":"1243444444","philhealth_account_number":"444444444444","position_id":"48","department_id":"39","region_id":"11","province_id":"1124","municipality_id":"112402","barangay_id":"33243","street":"BLK 32 LOT 45","image":"1734694810_63d21c423f641398d8ba.png","is_archive":"0","created_at":"2024-12-20 19:40:10"}
INFO - 2025-01-21 05:41:40 --> Holidays fetched: [{"holiday_id":"42","holiday_title":"New Year&#039;s Day","holiday_description":"Double Pay","holiday_date":"2025-01-01","holiday_type":"Regular","holiday_rate":"2.00","is_archive":"0"},{"holiday_id":"47","holiday_title":"testing","holiday_description":"testing","holiday_date":"2025-01-03","holiday_type":"Special non-working day","holiday_rate":"1.30","is_archive":"0"},{"holiday_id":"49","holiday_title":"Feast of the Immaculate Conception of Mary","holiday_description":"Feast of the Immaculate Conception of Mary","holiday_date":"2024-12-08","holiday_type":"Special non-working day","holiday_rate":"1.30","is_archive":"0"},{"holiday_id":"50","holiday_title":"Rizal Day","holiday_description":"Rizal Day","holiday_date":"2024-12-30","holiday_type":"Regular","holiday_rate":"2.00","is_archive":"0"},{"holiday_id":"52","holiday_title":"Last Day of the Year","holiday_description":"Last Day of the Year","holiday_date":"2024-12-31","holiday_type":"Special non-working day","holiday_rate":"1.30","is_archive":"0"},{"holiday_id":"62","holiday_title":"Chinese New Year","holiday_description":"Chinese New Year","holiday_date":"2025-01-29","holiday_type":"Special non-working day","holiday_rate":"1.30","is_archive":"0"},{"holiday_id":"64","holiday_title":"Test ","holiday_description":"Test Holiday","holiday_date":"2025-01-23","holiday_type":"Regular","holiday_rate":"2.00","is_archive":"0"},{"holiday_id":"65","holiday_title":"test","holiday_description":"test","holiday_date":"2025-01-23","holiday_type":"Regular","holiday_rate":"2.00","is_archive":"0"}]
INFO - 2025-01-21 05:41:40 --> Holiday Premium: 0
INFO - 2025-01-21 05:41:40 --> Holiday Premium: 0
INFO - 2025-01-21 05:41:40 --> Overtime Pay: 0
INFO - 2025-01-21 05:41:40 --> Late Amount: 0
INFO - 2025-01-21 05:41:40 --> Undertime Amount: 0
INFO - 2025-01-21 05:41:40 --> Total Earnings: 0
INFO - 2025-01-21 05:41:40 --> Total Deductions: 443.0833
INFO - 2025-01-21 05:41:40 --> Net Pay for Employee ID 2024-369349: 0
INFO - 2025-01-21 05:41:40 --> Payroll Data: {"reference_number":"2025-973899","employee_id":"2024-369349","pay_period_start":"2024-12-01","pay_period_end":"2025-01-31","total_days":0,"basic_salary":0,"holiday_premium":0,"overtime_amount":0,"total_undertime_hours":0,"total_overtime_hours":0,"total_late_hours":0,"restday_amount":0,"late_amount":0,"undertime_amount":0,"earnings":0,"final_netpay":0,"deductions":0,"net_pay":0,"date_issued":"2025-01-21"}
INFO - 2025-01-21 05:41:40 --> Processing Employee ID: 2025-858184
INFO - 2025-01-21 05:41:40 --> Computing payroll for Employee ID: 2025-858184
INFO - 2025-01-21 05:41:40 --> Attendance data: {"holiday_rate":null,"total_hours":null,"total_late":null,"total_undertime":null,"total_overtime":null,"total_holidays":null}
INFO - 2025-01-21 05:41:40 --> Attendance days counted: 0
INFO - 2025-01-21 05:41:40 --> Employee data fetched: {"id":"57","employee_id":"2025-858184","rfid_uid":"123345","firstname":"Ralph ","middlename":"Collamar","lastname":"Carnadnag","birthdate":"2002-11-07","sex":"Male","phonenumber":"09185741665","email":"reevenpogi@yahoo.com","status":"Active","date_hired":"2024-11-01","restday":"Monday","daily_rate":"502","monthly_rate":"13135.67","time_in":"07:00:00","time_out":"15:00:00","sick_leave_balance":"5","vacation_leave_balance":"5","pagibig_account_number":"123123123123","sss_account_number":"1243444444","philhealth_account_number":"444444444444","position_id":"47","department_id":"39","region_id":"4","province_id":"421","municipality_id":"42118","barangay_id":"10404","street":"Blk E2 LOT 12","image":"1737437672_d7c43edc1305bc1967b7.png","is_archive":"0","created_at":"2025-01-21 13:34:32"}
INFO - 2025-01-21 05:41:40 --> Holidays fetched: [{"holiday_id":"42","holiday_title":"New Year&#039;s Day","holiday_description":"Double Pay","holiday_date":"2025-01-01","holiday_type":"Regular","holiday_rate":"2.00","is_archive":"0"},{"holiday_id":"47","holiday_title":"testing","holiday_description":"testing","holiday_date":"2025-01-03","holiday_type":"Special non-working day","holiday_rate":"1.30","is_archive":"0"},{"holiday_id":"49","holiday_title":"Feast of the Immaculate Conception of Mary","holiday_description":"Feast of the Immaculate Conception of Mary","holiday_date":"2024-12-08","holiday_type":"Special non-working day","holiday_rate":"1.30","is_archive":"0"},{"holiday_id":"50","holiday_title":"Rizal Day","holiday_description":"Rizal Day","holiday_date":"2024-12-30","holiday_type":"Regular","holiday_rate":"2.00","is_archive":"0"},{"holiday_id":"52","holiday_title":"Last Day of the Year","holiday_description":"Last Day of the Year","holiday_date":"2024-12-31","holiday_type":"Special non-working day","holiday_rate":"1.30","is_archive":"0"},{"holiday_id":"62","holiday_title":"Chinese New Year","holiday_description":"Chinese New Year","holiday_date":"2025-01-29","holiday_type":"Special non-working day","holiday_rate":"1.30","is_archive":"0"},{"holiday_id":"64","holiday_title":"Test ","holiday_description":"Test Holiday","holiday_date":"2025-01-23","holiday_type":"Regular","holiday_rate":"2.00","is_archive":"0"},{"holiday_id":"65","holiday_title":"test","holiday_description":"test","holiday_date":"2025-01-23","holiday_type":"Regular","holiday_rate":"2.00","is_archive":"0"}]
INFO - 2025-01-21 05:41:40 --> Holiday Premium: 0
INFO - 2025-01-21 05:41:40 --> Holiday Premium: 0
INFO - 2025-01-21 05:41:40 --> Overtime Pay: 0
INFO - 2025-01-21 05:41:40 --> Late Amount: 0
INFO - 2025-01-21 05:41:40 --> Undertime Amount: 0
INFO - 2025-01-21 05:41:40 --> Total Earnings: 0
INFO - 2025-01-21 05:41:40 --> Total Deductions: 1113.392
INFO - 2025-01-21 05:41:40 --> Net Pay for Employee ID 2025-858184: 0
INFO - 2025-01-21 05:41:40 --> Payroll Data: {"reference_number":"2025-973899","employee_id":"2025-858184","pay_period_start":"2024-12-01","pay_period_end":"2025-01-31","total_days":0,"basic_salary":0,"holiday_premium":0,"overtime_amount":0,"total_undertime_hours":0,"total_overtime_hours":0,"total_late_hours":0,"restday_amount":0,"late_amount":0,"undertime_amount":0,"earnings":0,"final_netpay":0,"deductions":0,"net_pay":0,"date_issued":"2025-01-21"}
INFO - 2025-01-21 05:41:40 --> Payroll generation completed.
INFO - 2025-01-21 05:41:40 --> Session: Class initialized using 'CodeIgniter\Session\Handlers\FileHandler' driver.
INFO - 2025-01-21 05:41:41 --> Session: Class initialized using 'CodeIgniter\Session\Handlers\FileHandler' driver.
INFO - 2025-01-21 05:41:43 --> Session: Class initialized using 'CodeIgniter\Session\Handlers\FileHandler' driver.
INFO - 2025-01-21 05:42:05 --> Session: Class initialized using 'CodeIgniter\Session\Handlers\FileHandler' driver.
