CRITICAL - 2024-08-13 04:39:29 --> CodeIgniter\View\Exceptions\ViewException: Invalid file: "manageEmployee.php"
[Method: GET, Route: employee]
in SYSTEMPATH\Exceptions\FrameworkException.php on line 41.
 1 SYSTEMPATH\View\View.php(222): CodeIgniter\Exceptions\FrameworkException::forInvalidFile('manageEmployee.php')
 2 SYSTEMPATH\Common.php(1171): CodeIgniter\View\View->render('manageEmployee.php', [], true)
 3 APPPATH\Controllers\UserController.php(17): view('manageEmployee.php')
 4 SYSTEMPATH\CodeIgniter.php(933): App\Controllers\UserController->manageEmployee()
 5 SYSTEMPATH\CodeIgniter.php(509): CodeIgniter\CodeIgniter->runController(Object(App\Controllers\UserController))
 6 SYSTEMPATH\CodeIgniter.php(355): CodeIgniter\CodeIgniter->handleRequest(null, Object(Config\Cache), false)
 7 SYSTEMPATH\Boot.php(312): CodeIgniter\CodeIgniter->run()
 8 SYSTEMPATH\Boot.php(67): CodeIgniter\Boot::runCodeIgniter(Object(CodeIgniter\CodeIgniter))
 9 FCPATH\index.php(56): CodeIgniter\Boot::bootWeb(Object(Config\Paths))
10 SYSTEMPATH\Commands\Server\rewrite.php(49): require_once('C:\\Users\\ralph\\Desktop\\Azazel\\Capstone\\HarmonySystem\\public\\index.php')
CRITICAL - 2024-08-13 04:45:52 --> RuntimeException: View themes, no current section.
[Method: GET, Route: manageEmployee]
in SYSTEMPATH\View\View.php on line 440.
 1 APPPATH\Views\manageEmployee.php(9): CodeIgniter\View\View->endSection()
 2 SYSTEMPATH\View\View.php(234): include('C:\\Users\\ralph\\Desktop\\Azazel\\Capstone\\HarmonySystem\\app\\Views\\manageEmployee.php')
 3 SYSTEMPATH\View\View.php(237): CodeIgniter\View\View->CodeIgniter\View\{closure}()
 4 SYSTEMPATH\Common.php(1171): CodeIgniter\View\View->render('manageEmployee', [], true)
 5 APPPATH\Controllers\UserController.php(22): view('manageEmployee')
 6 SYSTEMPATH\CodeIgniter.php(933): App\Controllers\UserController->manageEmployee()
 7 SYSTEMPATH\CodeIgniter.php(509): CodeIgniter\CodeIgniter->runController(Object(App\Controllers\UserController))
 8 SYSTEMPATH\CodeIgniter.php(355): CodeIgniter\CodeIgniter->handleRequest(null, Object(Config\Cache), false)
 9 SYSTEMPATH\Boot.php(312): CodeIgniter\CodeIgniter->run()
10 SYSTEMPATH\Boot.php(67): CodeIgniter\Boot::runCodeIgniter(Object(CodeIgniter\CodeIgniter))
11 FCPATH\index.php(56): CodeIgniter\Boot::bootWeb(Object(Config\Paths))
12 SYSTEMPATH\Commands\Server\rewrite.php(49): require_once('C:\\Users\\ralph\\Desktop\\Azazel\\Capstone\\HarmonySystem\\public\\index.php')
CRITICAL - 2024-08-13 04:46:27 --> RuntimeException: View themes, no current section.
[Method: GET, Route: manageEmployee]
in SYSTEMPATH\View\View.php on line 440.
 1 APPPATH\Views\manageEmployee.php(9): CodeIgniter\View\View->endSection()
 2 SYSTEMPATH\View\View.php(234): include('C:\\Users\\ralph\\Desktop\\Azazel\\Capstone\\HarmonySystem\\app\\Views\\manageEmployee.php')
 3 SYSTEMPATH\View\View.php(237): CodeIgniter\View\View->CodeIgniter\View\{closure}()
 4 SYSTEMPATH\Common.php(1171): CodeIgniter\View\View->render('manageEmployee', [], true)
 5 APPPATH\Controllers\UserController.php(22): view('manageEmployee')
 6 SYSTEMPATH\CodeIgniter.php(933): App\Controllers\UserController->manageEmployee()
 7 SYSTEMPATH\CodeIgniter.php(509): CodeIgniter\CodeIgniter->runController(Object(App\Controllers\UserController))
 8 SYSTEMPATH\CodeIgniter.php(355): CodeIgniter\CodeIgniter->handleRequest(null, Object(Config\Cache), false)
 9 SYSTEMPATH\Boot.php(312): CodeIgniter\CodeIgniter->run()
10 SYSTEMPATH\Boot.php(67): CodeIgniter\Boot::runCodeIgniter(Object(CodeIgniter\CodeIgniter))
11 FCPATH\index.php(56): CodeIgniter\Boot::bootWeb(Object(Config\Paths))
12 SYSTEMPATH\Commands\Server\rewrite.php(49): require_once('C:\\Users\\ralph\\Desktop\\Azazel\\Capstone\\HarmonySystem\\public\\index.php')
