INFO - 2024-10-25 07:06:40 --> Session: Class initialized using 'CodeIgniter\Session\Handlers\FileHandler' driver.
INFO - 2024-10-25 07:06:46 --> Session: Class initialized using 'CodeIgniter\Session\Handlers\FileHandler' driver.
INFO - 2024-10-25 07:06:55 --> Session: Class initialized using 'CodeIgniter\Session\Handlers\FileHandler' driver.
INFO - 2024-10-25 07:28:40 --> Session: Class initialized using 'CodeIgniter\Session\Handlers\FileHandler' driver.
INFO - 2024-10-25 07:28:41 --> Session: Class initialized using 'CodeIgniter\Session\Handlers\FileHandler' driver.
INFO - 2024-10-25 07:29:12 --> Session: Class initialized using 'CodeIgniter\Session\Handlers\FileHandler' driver.
INFO - 2024-10-25 07:29:23 --> Session: Class initialized using 'CodeIgniter\Session\Handlers\FileHandler' driver.
INFO - 2024-10-25 07:29:27 --> Session: Class initialized using 'CodeIgniter\Session\Handlers\FileHandler' driver.
INFO - 2024-10-25 07:29:37 --> Session: Class initialized using 'CodeIgniter\Session\Handlers\FileHandler' driver.
INFO - 2024-10-25 07:58:32 --> Session: Class initialized using 'CodeIgniter\Session\Handlers\FileHandler' driver.
INFO - 2024-10-25 07:59:02 --> Session: Class initialized using 'CodeIgniter\Session\Handlers\FileHandler' driver.
INFO - 2024-10-25 08:00:21 --> Session: Class initialized using 'CodeIgniter\Session\Handlers\FileHandler' driver.
INFO - 2024-10-25 08:00:21 --> Session: Class initialized using 'CodeIgniter\Session\Handlers\FileHandler' driver.
ERROR - 2024-10-25 08:03:56 --> mysqli_sql_exception: Duplicate entry '' for key 'employee_id' in C:\Users\ralph\Desktop\Azazel\Capstone Backup\Editing\HarmonySystem\system\Database\MySQLi\Connection.php:308
Stack trace:
#0 C:\Users\ralph\Desktop\Azazel\Capstone Backup\Editing\HarmonySystem\system\Database\MySQLi\Connection.php(308): mysqli->query('INSERT INTO `tb...', 0)
#1 C:\Users\ralph\Desktop\Azazel\Capstone Backup\Editing\HarmonySystem\system\Database\BaseConnection.php(722): CodeIgniter\Database\MySQLi\Connection->execute('INSERT INTO `tb...')
#2 C:\Users\ralph\Desktop\Azazel\Capstone Backup\Editing\HarmonySystem\system\Database\BaseConnection.php(636): CodeIgniter\Database\BaseConnection->simpleQuery('INSERT INTO `tb...')
#3 C:\Users\ralph\Desktop\Azazel\Capstone Backup\Editing\HarmonySystem\system\Database\BaseBuilder.php(2325): CodeIgniter\Database\BaseConnection->query('INSERT INTO `tb...', Array, false)
#4 C:\Users\ralph\Desktop\Azazel\Capstone Backup\Editing\HarmonySystem\system\Model.php(383): CodeIgniter\Database\BaseBuilder->insert()
#5 C:\Users\ralph\Desktop\Azazel\Capstone Backup\Editing\HarmonySystem\system\BaseModel.php(840): CodeIgniter\Model->doInsert(Array)
#6 C:\Users\ralph\Desktop\Azazel\Capstone Backup\Editing\HarmonySystem\system\Model.php(791): CodeIgniter\BaseModel->insert(Array, false)
#7 C:\Users\ralph\Desktop\Azazel\Capstone Backup\Editing\HarmonySystem\system\BaseModel.php(751): CodeIgniter\Model->insert(Array, false)
#8 C:\Users\ralph\Desktop\Azazel\Capstone Backup\Editing\HarmonySystem\app\Controllers\EmployeeController.php(92): CodeIgniter\BaseModel->save(Array)
#9 C:\Users\ralph\Desktop\Azazel\Capstone Backup\Editing\HarmonySystem\system\CodeIgniter.php(933): App\Controllers\EmployeeController->addEmployee()
#10 C:\Users\ralph\Desktop\Azazel\Capstone Backup\Editing\HarmonySystem\system\CodeIgniter.php(509): CodeIgniter\CodeIgniter->runController(Object(App\Controllers\EmployeeController))
#11 C:\Users\ralph\Desktop\Azazel\Capstone Backup\Editing\HarmonySystem\system\CodeIgniter.php(355): CodeIgniter\CodeIgniter->handleRequest(NULL, Object(Config\Cache), false)
#12 C:\Users\ralph\Desktop\Azazel\Capstone Backup\Editing\HarmonySystem\system\Boot.php(312): CodeIgniter\CodeIgniter->run()
#13 C:\Users\ralph\Desktop\Azazel\Capstone Backup\Editing\HarmonySystem\system\Boot.php(67): CodeIgniter\Boot::runCodeIgniter(Object(CodeIgniter\CodeIgniter))
#14 C:\Users\ralph\Desktop\Azazel\Capstone Backup\Editing\HarmonySystem\public\index.php(56): CodeIgniter\Boot::bootWeb(Object(Config\Paths))
#15 C:\Users\ralph\Desktop\Azazel\Capstone Backup\Editing\HarmonySystem\system\Commands\Server\rewrite.php(49): require_once('C:\\Users\\ralph\\...')
#16 {main}
CRITICAL - 2024-10-25 08:03:56 --> CodeIgniter\Database\Exceptions\DatabaseException: Duplicate entry '' for key 'employee_id'
[Method: POST, Route: employeeForm/addEmployee]
in SYSTEMPATH\Database\BaseConnection.php on line 676.
 1 SYSTEMPATH\Database\BaseBuilder.php(2325): CodeIgniter\Database\BaseConnection->query('INSERT INTO `tbl_employee` (`firstname`, `middlename`, `lastname`, `email`, `sex`, `birthdate`, `region_id`, `province_id`, `municipality_id`, `barangay_id`, `phonenumber`, `department_id`, `position_id`, `daily_rate`, `date_hired`, `time_in`, `time_out`, `status`, `pagibig_account_number`, `sss_account_number`, `philhealth_account_number`) VALUES (:firstname:, :middlename:, :lastname:, :email:, :sex:, :birthdate:, :region_id:, :province_id:, :municipality_id:, :barangay_id:, :phonenumber:, :department_id:, :position_id:, :daily_rate:, :date_hired:, :time_in:, :time_out:, :status:, :pagibig_account_number:, :sss_account_number:, :philhealth_account_number:)', [...], false)
 2 SYSTEMPATH\Model.php(383): CodeIgniter\Database\BaseBuilder->insert()
 3 SYSTEMPATH\BaseModel.php(840): CodeIgniter\Model->doInsert([...])
 4 SYSTEMPATH\Model.php(791): CodeIgniter\BaseModel->insert([...], false)
 5 SYSTEMPATH\BaseModel.php(751): CodeIgniter\Model->insert([...], false)
 6 APPPATH\Controllers\EmployeeController.php(92): CodeIgniter\BaseModel->save([...])
 7 SYSTEMPATH\CodeIgniter.php(933): App\Controllers\EmployeeController->addEmployee()
 8 SYSTEMPATH\CodeIgniter.php(509): CodeIgniter\CodeIgniter->runController(Object(App\Controllers\EmployeeController))
 9 SYSTEMPATH\CodeIgniter.php(355): CodeIgniter\CodeIgniter->handleRequest(null, Object(Config\Cache), false)
10 SYSTEMPATH\Boot.php(312): CodeIgniter\CodeIgniter->run()
11 SYSTEMPATH\Boot.php(67): CodeIgniter\Boot::runCodeIgniter(Object(CodeIgniter\CodeIgniter))
12 FCPATH\index.php(56): CodeIgniter\Boot::bootWeb(Object(Config\Paths))
13 SYSTEMPATH\Commands\Server\rewrite.php(49): require_once('C:\\Users\\ralph\\Desktop\\Azazel\\Capstone Backup\\Editing\\HarmonySystem\\public\\index.php')
CRITICAL - 2024-10-25 08:03:56 --> [Caused by] CodeIgniter\Database\Exceptions\DatabaseException: Duplicate entry '' for key 'employee_id'
in SYSTEMPATH\Database\MySQLi\Connection.php on line 313.
 1 SYSTEMPATH\Database\BaseConnection.php(722): CodeIgniter\Database\MySQLi\Connection->execute('INSERT INTO `tbl_employee` (`firstname`, `middlename`, `lastname`, `email`, `sex`, `birthdate`, `region_id`, `province_id`, `municipality_id`, `barangay_id`, `phonenumber`, `department_id`, `position_id`, `daily_rate`, `date_hired`, `time_in`, `time_out`, `status`, `pagibig_account_number`, `sss_account_number`, `philhealth_account_number`) VALUES (\'Daniel\', \'Tumulac\', \'Diamsen\', \'danieldiamsen@gmail.com\', \'Male\', \'2024-11-18\', \'04\', \'0421\', \'042118\', \'10437\', \'091234567890\', \'35\', \'43\', \'500\', \'2024-10-25\', \'17:03\', \'08:03\', \'Active\', \'987654312313\', \'9879798798\', \'564654654654\')')
 2 SYSTEMPATH\Database\BaseConnection.php(636): CodeIgniter\Database\BaseConnection->simpleQuery('INSERT INTO `tbl_employee` (`firstname`, `middlename`, `lastname`, `email`, `sex`, `birthdate`, `region_id`, `province_id`, `municipality_id`, `barangay_id`, `phonenumber`, `department_id`, `position_id`, `daily_rate`, `date_hired`, `time_in`, `time_out`, `status`, `pagibig_account_number`, `sss_account_number`, `philhealth_account_number`) VALUES (\'Daniel\', \'Tumulac\', \'Diamsen\', \'danieldiamsen@gmail.com\', \'Male\', \'2024-11-18\', \'04\', \'0421\', \'042118\', \'10437\', \'091234567890\', \'35\', \'43\', \'500\', \'2024-10-25\', \'17:03\', \'08:03\', \'Active\', \'987654312313\', \'9879798798\', \'564654654654\')')
 3 SYSTEMPATH\Database\BaseBuilder.php(2325): CodeIgniter\Database\BaseConnection->query('INSERT INTO `tbl_employee` (`firstname`, `middlename`, `lastname`, `email`, `sex`, `birthdate`, `region_id`, `province_id`, `municipality_id`, `barangay_id`, `phonenumber`, `department_id`, `position_id`, `daily_rate`, `date_hired`, `time_in`, `time_out`, `status`, `pagibig_account_number`, `sss_account_number`, `philhealth_account_number`) VALUES (:firstname:, :middlename:, :lastname:, :email:, :sex:, :birthdate:, :region_id:, :province_id:, :municipality_id:, :barangay_id:, :phonenumber:, :department_id:, :position_id:, :daily_rate:, :date_hired:, :time_in:, :time_out:, :status:, :pagibig_account_number:, :sss_account_number:, :philhealth_account_number:)', [...], false)
 4 SYSTEMPATH\Model.php(383): CodeIgniter\Database\BaseBuilder->insert()
 5 SYSTEMPATH\BaseModel.php(840): CodeIgniter\Model->doInsert([...])
 6 SYSTEMPATH\Model.php(791): CodeIgniter\BaseModel->insert([...], false)
 7 SYSTEMPATH\BaseModel.php(751): CodeIgniter\Model->insert([...], false)
 8 APPPATH\Controllers\EmployeeController.php(92): CodeIgniter\BaseModel->save([...])
 9 SYSTEMPATH\CodeIgniter.php(933): App\Controllers\EmployeeController->addEmployee()
10 SYSTEMPATH\CodeIgniter.php(509): CodeIgniter\CodeIgniter->runController(Object(App\Controllers\EmployeeController))
11 SYSTEMPATH\CodeIgniter.php(355): CodeIgniter\CodeIgniter->handleRequest(null, Object(Config\Cache), false)
12 SYSTEMPATH\Boot.php(312): CodeIgniter\CodeIgniter->run()
13 SYSTEMPATH\Boot.php(67): CodeIgniter\Boot::runCodeIgniter(Object(CodeIgniter\CodeIgniter))
14 FCPATH\index.php(56): CodeIgniter\Boot::bootWeb(Object(Config\Paths))
15 SYSTEMPATH\Commands\Server\rewrite.php(49): require_once('C:\\Users\\ralph\\Desktop\\Azazel\\Capstone Backup\\Editing\\HarmonySystem\\public\\index.php')
CRITICAL - 2024-10-25 08:03:56 --> [Caused by] mysqli_sql_exception: Duplicate entry '' for key 'employee_id'
in SYSTEMPATH\Database\MySQLi\Connection.php on line 308.
 1 SYSTEMPATH\Database\MySQLi\Connection.php(308): mysqli->query('INSERT INTO `tbl_employee` (`firstname`, `middlename`, `lastname`, `email`, `sex`, `birthdate`, `region_id`, `province_id`, `municipality_id`, `barangay_id`, `phonenumber`, `department_id`, `position_id`, `daily_rate`, `date_hired`, `time_in`, `time_out`, `status`, `pagibig_account_number`, `sss_account_number`, `philhealth_account_number`) VALUES (\'Daniel\', \'Tumulac\', \'Diamsen\', \'danieldiamsen@gmail.com\', \'Male\', \'2024-11-18\', \'04\', \'0421\', \'042118\', \'10437\', \'091234567890\', \'35\', \'43\', \'500\', \'2024-10-25\', \'17:03\', \'08:03\', \'Active\', \'987654312313\', \'9879798798\', \'564654654654\')', 0)
 2 SYSTEMPATH\Database\BaseConnection.php(722): CodeIgniter\Database\MySQLi\Connection->execute('INSERT INTO `tbl_employee` (`firstname`, `middlename`, `lastname`, `email`, `sex`, `birthdate`, `region_id`, `province_id`, `municipality_id`, `barangay_id`, `phonenumber`, `department_id`, `position_id`, `daily_rate`, `date_hired`, `time_in`, `time_out`, `status`, `pagibig_account_number`, `sss_account_number`, `philhealth_account_number`) VALUES (\'Daniel\', \'Tumulac\', \'Diamsen\', \'danieldiamsen@gmail.com\', \'Male\', \'2024-11-18\', \'04\', \'0421\', \'042118\', \'10437\', \'091234567890\', \'35\', \'43\', \'500\', \'2024-10-25\', \'17:03\', \'08:03\', \'Active\', \'987654312313\', \'9879798798\', \'564654654654\')')
 3 SYSTEMPATH\Database\BaseConnection.php(636): CodeIgniter\Database\BaseConnection->simpleQuery('INSERT INTO `tbl_employee` (`firstname`, `middlename`, `lastname`, `email`, `sex`, `birthdate`, `region_id`, `province_id`, `municipality_id`, `barangay_id`, `phonenumber`, `department_id`, `position_id`, `daily_rate`, `date_hired`, `time_in`, `time_out`, `status`, `pagibig_account_number`, `sss_account_number`, `philhealth_account_number`) VALUES (\'Daniel\', \'Tumulac\', \'Diamsen\', \'danieldiamsen@gmail.com\', \'Male\', \'2024-11-18\', \'04\', \'0421\', \'042118\', \'10437\', \'091234567890\', \'35\', \'43\', \'500\', \'2024-10-25\', \'17:03\', \'08:03\', \'Active\', \'987654312313\', \'9879798798\', \'564654654654\')')
 4 SYSTEMPATH\Database\BaseBuilder.php(2325): CodeIgniter\Database\BaseConnection->query('INSERT INTO `tbl_employee` (`firstname`, `middlename`, `lastname`, `email`, `sex`, `birthdate`, `region_id`, `province_id`, `municipality_id`, `barangay_id`, `phonenumber`, `department_id`, `position_id`, `daily_rate`, `date_hired`, `time_in`, `time_out`, `status`, `pagibig_account_number`, `sss_account_number`, `philhealth_account_number`) VALUES (:firstname:, :middlename:, :lastname:, :email:, :sex:, :birthdate:, :region_id:, :province_id:, :municipality_id:, :barangay_id:, :phonenumber:, :department_id:, :position_id:, :daily_rate:, :date_hired:, :time_in:, :time_out:, :status:, :pagibig_account_number:, :sss_account_number:, :philhealth_account_number:)', [...], false)
 5 SYSTEMPATH\Model.php(383): CodeIgniter\Database\BaseBuilder->insert()
 6 SYSTEMPATH\BaseModel.php(840): CodeIgniter\Model->doInsert([...])
 7 SYSTEMPATH\Model.php(791): CodeIgniter\BaseModel->insert([...], false)
 8 SYSTEMPATH\BaseModel.php(751): CodeIgniter\Model->insert([...], false)
 9 APPPATH\Controllers\EmployeeController.php(92): CodeIgniter\BaseModel->save([...])
10 SYSTEMPATH\CodeIgniter.php(933): App\Controllers\EmployeeController->addEmployee()
11 SYSTEMPATH\CodeIgniter.php(509): CodeIgniter\CodeIgniter->runController(Object(App\Controllers\EmployeeController))
12 SYSTEMPATH\CodeIgniter.php(355): CodeIgniter\CodeIgniter->handleRequest(null, Object(Config\Cache), false)
13 SYSTEMPATH\Boot.php(312): CodeIgniter\CodeIgniter->run()
14 SYSTEMPATH\Boot.php(67): CodeIgniter\Boot::runCodeIgniter(Object(CodeIgniter\CodeIgniter))
15 FCPATH\index.php(56): CodeIgniter\Boot::bootWeb(Object(Config\Paths))
16 SYSTEMPATH\Commands\Server\rewrite.php(49): require_once('C:\\Users\\ralph\\Desktop\\Azazel\\Capstone Backup\\Editing\\HarmonySystem\\public\\index.php')
INFO - 2024-10-25 08:04:16 --> Session: Class initialized using 'CodeIgniter\Session\Handlers\FileHandler' driver.
ERROR - 2024-10-25 08:05:32 --> mysqli_sql_exception: Duplicate entry '' for key 'employee_id' in C:\Users\ralph\Desktop\Azazel\Capstone Backup\Editing\HarmonySystem\system\Database\MySQLi\Connection.php:308
Stack trace:
#0 C:\Users\ralph\Desktop\Azazel\Capstone Backup\Editing\HarmonySystem\system\Database\MySQLi\Connection.php(308): mysqli->query('INSERT INTO `tb...', 0)
#1 C:\Users\ralph\Desktop\Azazel\Capstone Backup\Editing\HarmonySystem\system\Database\BaseConnection.php(722): CodeIgniter\Database\MySQLi\Connection->execute('INSERT INTO `tb...')
#2 C:\Users\ralph\Desktop\Azazel\Capstone Backup\Editing\HarmonySystem\system\Database\BaseConnection.php(636): CodeIgniter\Database\BaseConnection->simpleQuery('INSERT INTO `tb...')
#3 C:\Users\ralph\Desktop\Azazel\Capstone Backup\Editing\HarmonySystem\system\Database\BaseBuilder.php(2325): CodeIgniter\Database\BaseConnection->query('INSERT INTO `tb...', Array, false)
#4 C:\Users\ralph\Desktop\Azazel\Capstone Backup\Editing\HarmonySystem\system\Model.php(383): CodeIgniter\Database\BaseBuilder->insert()
#5 C:\Users\ralph\Desktop\Azazel\Capstone Backup\Editing\HarmonySystem\system\BaseModel.php(840): CodeIgniter\Model->doInsert(Array)
#6 C:\Users\ralph\Desktop\Azazel\Capstone Backup\Editing\HarmonySystem\system\Model.php(791): CodeIgniter\BaseModel->insert(Array, false)
#7 C:\Users\ralph\Desktop\Azazel\Capstone Backup\Editing\HarmonySystem\system\BaseModel.php(751): CodeIgniter\Model->insert(Array, false)
#8 C:\Users\ralph\Desktop\Azazel\Capstone Backup\Editing\HarmonySystem\app\Controllers\EmployeeController.php(92): CodeIgniter\BaseModel->save(Array)
#9 C:\Users\ralph\Desktop\Azazel\Capstone Backup\Editing\HarmonySystem\system\CodeIgniter.php(933): App\Controllers\EmployeeController->addEmployee()
#10 C:\Users\ralph\Desktop\Azazel\Capstone Backup\Editing\HarmonySystem\system\CodeIgniter.php(509): CodeIgniter\CodeIgniter->runController(Object(App\Controllers\EmployeeController))
#11 C:\Users\ralph\Desktop\Azazel\Capstone Backup\Editing\HarmonySystem\system\CodeIgniter.php(355): CodeIgniter\CodeIgniter->handleRequest(NULL, Object(Config\Cache), false)
#12 C:\Users\ralph\Desktop\Azazel\Capstone Backup\Editing\HarmonySystem\system\Boot.php(312): CodeIgniter\CodeIgniter->run()
#13 C:\Users\ralph\Desktop\Azazel\Capstone Backup\Editing\HarmonySystem\system\Boot.php(67): CodeIgniter\Boot::runCodeIgniter(Object(CodeIgniter\CodeIgniter))
#14 C:\Users\ralph\Desktop\Azazel\Capstone Backup\Editing\HarmonySystem\public\index.php(56): CodeIgniter\Boot::bootWeb(Object(Config\Paths))
#15 C:\Users\ralph\Desktop\Azazel\Capstone Backup\Editing\HarmonySystem\system\Commands\Server\rewrite.php(49): require_once('C:\\Users\\ralph\\...')
#16 {main}
CRITICAL - 2024-10-25 08:05:32 --> CodeIgniter\Database\Exceptions\DatabaseException: Duplicate entry '' for key 'employee_id'
[Method: POST, Route: employeeForm/addEmployee]
in SYSTEMPATH\Database\BaseConnection.php on line 676.
 1 SYSTEMPATH\Database\BaseBuilder.php(2325): CodeIgniter\Database\BaseConnection->query('INSERT INTO `tbl_employee` (`firstname`, `middlename`, `lastname`, `email`, `sex`, `birthdate`, `region_id`, `province_id`, `municipality_id`, `barangay_id`, `phonenumber`, `department_id`, `position_id`, `daily_rate`, `date_hired`, `time_in`, `time_out`, `status`, `pagibig_account_number`, `sss_account_number`, `philhealth_account_number`) VALUES (:firstname:, :middlename:, :lastname:, :email:, :sex:, :birthdate:, :region_id:, :province_id:, :municipality_id:, :barangay_id:, :phonenumber:, :department_id:, :position_id:, :daily_rate:, :date_hired:, :time_in:, :time_out:, :status:, :pagibig_account_number:, :sss_account_number:, :philhealth_account_number:)', [...], false)
 2 SYSTEMPATH\Model.php(383): CodeIgniter\Database\BaseBuilder->insert()
 3 SYSTEMPATH\BaseModel.php(840): CodeIgniter\Model->doInsert([...])
 4 SYSTEMPATH\Model.php(791): CodeIgniter\BaseModel->insert([...], false)
 5 SYSTEMPATH\BaseModel.php(751): CodeIgniter\Model->insert([...], false)
 6 APPPATH\Controllers\EmployeeController.php(92): CodeIgniter\BaseModel->save([...])
 7 SYSTEMPATH\CodeIgniter.php(933): App\Controllers\EmployeeController->addEmployee()
 8 SYSTEMPATH\CodeIgniter.php(509): CodeIgniter\CodeIgniter->runController(Object(App\Controllers\EmployeeController))
 9 SYSTEMPATH\CodeIgniter.php(355): CodeIgniter\CodeIgniter->handleRequest(null, Object(Config\Cache), false)
10 SYSTEMPATH\Boot.php(312): CodeIgniter\CodeIgniter->run()
11 SYSTEMPATH\Boot.php(67): CodeIgniter\Boot::runCodeIgniter(Object(CodeIgniter\CodeIgniter))
12 FCPATH\index.php(56): CodeIgniter\Boot::bootWeb(Object(Config\Paths))
13 SYSTEMPATH\Commands\Server\rewrite.php(49): require_once('C:\\Users\\ralph\\Desktop\\Azazel\\Capstone Backup\\Editing\\HarmonySystem\\public\\index.php')
CRITICAL - 2024-10-25 08:05:32 --> [Caused by] CodeIgniter\Database\Exceptions\DatabaseException: Duplicate entry '' for key 'employee_id'
in SYSTEMPATH\Database\MySQLi\Connection.php on line 313.
 1 SYSTEMPATH\Database\BaseConnection.php(722): CodeIgniter\Database\MySQLi\Connection->execute('INSERT INTO `tbl_employee` (`firstname`, `middlename`, `lastname`, `email`, `sex`, `birthdate`, `region_id`, `province_id`, `municipality_id`, `barangay_id`, `phonenumber`, `department_id`, `position_id`, `daily_rate`, `date_hired`, `time_in`, `time_out`, `status`, `pagibig_account_number`, `sss_account_number`, `philhealth_account_number`) VALUES (\'Daniel\', \'Tumulac\', \'Diamsen\', \'danieldiamsen@gmail.com\', \'Male\', \'2024-11-18\', \'07\', \'0722\', \'072214\', \'23085\', \'091234567890\', \'30\', \'41\', \'500\', \'2024-10-25\', \'17:03\', \'08:03\', \'Active\', \'987654312313\', \'9879798798\', \'564654654654\')')
 2 SYSTEMPATH\Database\BaseConnection.php(636): CodeIgniter\Database\BaseConnection->simpleQuery('INSERT INTO `tbl_employee` (`firstname`, `middlename`, `lastname`, `email`, `sex`, `birthdate`, `region_id`, `province_id`, `municipality_id`, `barangay_id`, `phonenumber`, `department_id`, `position_id`, `daily_rate`, `date_hired`, `time_in`, `time_out`, `status`, `pagibig_account_number`, `sss_account_number`, `philhealth_account_number`) VALUES (\'Daniel\', \'Tumulac\', \'Diamsen\', \'danieldiamsen@gmail.com\', \'Male\', \'2024-11-18\', \'07\', \'0722\', \'072214\', \'23085\', \'091234567890\', \'30\', \'41\', \'500\', \'2024-10-25\', \'17:03\', \'08:03\', \'Active\', \'987654312313\', \'9879798798\', \'564654654654\')')
 3 SYSTEMPATH\Database\BaseBuilder.php(2325): CodeIgniter\Database\BaseConnection->query('INSERT INTO `tbl_employee` (`firstname`, `middlename`, `lastname`, `email`, `sex`, `birthdate`, `region_id`, `province_id`, `municipality_id`, `barangay_id`, `phonenumber`, `department_id`, `position_id`, `daily_rate`, `date_hired`, `time_in`, `time_out`, `status`, `pagibig_account_number`, `sss_account_number`, `philhealth_account_number`) VALUES (:firstname:, :middlename:, :lastname:, :email:, :sex:, :birthdate:, :region_id:, :province_id:, :municipality_id:, :barangay_id:, :phonenumber:, :department_id:, :position_id:, :daily_rate:, :date_hired:, :time_in:, :time_out:, :status:, :pagibig_account_number:, :sss_account_number:, :philhealth_account_number:)', [...], false)
 4 SYSTEMPATH\Model.php(383): CodeIgniter\Database\BaseBuilder->insert()
 5 SYSTEMPATH\BaseModel.php(840): CodeIgniter\Model->doInsert([...])
 6 SYSTEMPATH\Model.php(791): CodeIgniter\BaseModel->insert([...], false)
 7 SYSTEMPATH\BaseModel.php(751): CodeIgniter\Model->insert([...], false)
 8 APPPATH\Controllers\EmployeeController.php(92): CodeIgniter\BaseModel->save([...])
 9 SYSTEMPATH\CodeIgniter.php(933): App\Controllers\EmployeeController->addEmployee()
10 SYSTEMPATH\CodeIgniter.php(509): CodeIgniter\CodeIgniter->runController(Object(App\Controllers\EmployeeController))
11 SYSTEMPATH\CodeIgniter.php(355): CodeIgniter\CodeIgniter->handleRequest(null, Object(Config\Cache), false)
12 SYSTEMPATH\Boot.php(312): CodeIgniter\CodeIgniter->run()
13 SYSTEMPATH\Boot.php(67): CodeIgniter\Boot::runCodeIgniter(Object(CodeIgniter\CodeIgniter))
14 FCPATH\index.php(56): CodeIgniter\Boot::bootWeb(Object(Config\Paths))
15 SYSTEMPATH\Commands\Server\rewrite.php(49): require_once('C:\\Users\\ralph\\Desktop\\Azazel\\Capstone Backup\\Editing\\HarmonySystem\\public\\index.php')
CRITICAL - 2024-10-25 08:05:32 --> [Caused by] mysqli_sql_exception: Duplicate entry '' for key 'employee_id'
in SYSTEMPATH\Database\MySQLi\Connection.php on line 308.
 1 SYSTEMPATH\Database\MySQLi\Connection.php(308): mysqli->query('INSERT INTO `tbl_employee` (`firstname`, `middlename`, `lastname`, `email`, `sex`, `birthdate`, `region_id`, `province_id`, `municipality_id`, `barangay_id`, `phonenumber`, `department_id`, `position_id`, `daily_rate`, `date_hired`, `time_in`, `time_out`, `status`, `pagibig_account_number`, `sss_account_number`, `philhealth_account_number`) VALUES (\'Daniel\', \'Tumulac\', \'Diamsen\', \'danieldiamsen@gmail.com\', \'Male\', \'2024-11-18\', \'07\', \'0722\', \'072214\', \'23085\', \'091234567890\', \'30\', \'41\', \'500\', \'2024-10-25\', \'17:03\', \'08:03\', \'Active\', \'987654312313\', \'9879798798\', \'564654654654\')', 0)
 2 SYSTEMPATH\Database\BaseConnection.php(722): CodeIgniter\Database\MySQLi\Connection->execute('INSERT INTO `tbl_employee` (`firstname`, `middlename`, `lastname`, `email`, `sex`, `birthdate`, `region_id`, `province_id`, `municipality_id`, `barangay_id`, `phonenumber`, `department_id`, `position_id`, `daily_rate`, `date_hired`, `time_in`, `time_out`, `status`, `pagibig_account_number`, `sss_account_number`, `philhealth_account_number`) VALUES (\'Daniel\', \'Tumulac\', \'Diamsen\', \'danieldiamsen@gmail.com\', \'Male\', \'2024-11-18\', \'07\', \'0722\', \'072214\', \'23085\', \'091234567890\', \'30\', \'41\', \'500\', \'2024-10-25\', \'17:03\', \'08:03\', \'Active\', \'987654312313\', \'9879798798\', \'564654654654\')')
 3 SYSTEMPATH\Database\BaseConnection.php(636): CodeIgniter\Database\BaseConnection->simpleQuery('INSERT INTO `tbl_employee` (`firstname`, `middlename`, `lastname`, `email`, `sex`, `birthdate`, `region_id`, `province_id`, `municipality_id`, `barangay_id`, `phonenumber`, `department_id`, `position_id`, `daily_rate`, `date_hired`, `time_in`, `time_out`, `status`, `pagibig_account_number`, `sss_account_number`, `philhealth_account_number`) VALUES (\'Daniel\', \'Tumulac\', \'Diamsen\', \'danieldiamsen@gmail.com\', \'Male\', \'2024-11-18\', \'07\', \'0722\', \'072214\', \'23085\', \'091234567890\', \'30\', \'41\', \'500\', \'2024-10-25\', \'17:03\', \'08:03\', \'Active\', \'987654312313\', \'9879798798\', \'564654654654\')')
 4 SYSTEMPATH\Database\BaseBuilder.php(2325): CodeIgniter\Database\BaseConnection->query('INSERT INTO `tbl_employee` (`firstname`, `middlename`, `lastname`, `email`, `sex`, `birthdate`, `region_id`, `province_id`, `municipality_id`, `barangay_id`, `phonenumber`, `department_id`, `position_id`, `daily_rate`, `date_hired`, `time_in`, `time_out`, `status`, `pagibig_account_number`, `sss_account_number`, `philhealth_account_number`) VALUES (:firstname:, :middlename:, :lastname:, :email:, :sex:, :birthdate:, :region_id:, :province_id:, :municipality_id:, :barangay_id:, :phonenumber:, :department_id:, :position_id:, :daily_rate:, :date_hired:, :time_in:, :time_out:, :status:, :pagibig_account_number:, :sss_account_number:, :philhealth_account_number:)', [...], false)
 5 SYSTEMPATH\Model.php(383): CodeIgniter\Database\BaseBuilder->insert()
 6 SYSTEMPATH\BaseModel.php(840): CodeIgniter\Model->doInsert([...])
 7 SYSTEMPATH\Model.php(791): CodeIgniter\BaseModel->insert([...], false)
 8 SYSTEMPATH\BaseModel.php(751): CodeIgniter\Model->insert([...], false)
 9 APPPATH\Controllers\EmployeeController.php(92): CodeIgniter\BaseModel->save([...])
10 SYSTEMPATH\CodeIgniter.php(933): App\Controllers\EmployeeController->addEmployee()
11 SYSTEMPATH\CodeIgniter.php(509): CodeIgniter\CodeIgniter->runController(Object(App\Controllers\EmployeeController))
12 SYSTEMPATH\CodeIgniter.php(355): CodeIgniter\CodeIgniter->handleRequest(null, Object(Config\Cache), false)
13 SYSTEMPATH\Boot.php(312): CodeIgniter\CodeIgniter->run()
14 SYSTEMPATH\Boot.php(67): CodeIgniter\Boot::runCodeIgniter(Object(CodeIgniter\CodeIgniter))
15 FCPATH\index.php(56): CodeIgniter\Boot::bootWeb(Object(Config\Paths))
16 SYSTEMPATH\Commands\Server\rewrite.php(49): require_once('C:\\Users\\ralph\\Desktop\\Azazel\\Capstone Backup\\Editing\\HarmonySystem\\public\\index.php')
INFO - 2024-10-25 08:06:37 --> Session: Class initialized using 'CodeIgniter\Session\Handlers\FileHandler' driver.
INFO - 2024-10-25 08:06:49 --> Session: Class initialized using 'CodeIgniter\Session\Handlers\FileHandler' driver.
INFO - 2024-10-25 08:07:57 --> Session: Class initialized using 'CodeIgniter\Session\Handlers\FileHandler' driver.
INFO - 2024-10-25 08:07:58 --> Session: Class initialized using 'CodeIgniter\Session\Handlers\FileHandler' driver.
INFO - 2024-10-25 08:10:04 --> Session: Class initialized using 'CodeIgniter\Session\Handlers\FileHandler' driver.
INFO - 2024-10-25 08:11:38 --> Session: Class initialized using 'CodeIgniter\Session\Handlers\FileHandler' driver.
INFO - 2024-10-25 08:11:38 --> Session: Class initialized using 'CodeIgniter\Session\Handlers\FileHandler' driver.
INFO - 2024-10-25 08:12:33 --> Session: Class initialized using 'CodeIgniter\Session\Handlers\FileHandler' driver.
INFO - 2024-10-25 08:12:46 --> Session: Class initialized using 'CodeIgniter\Session\Handlers\FileHandler' driver.
INFO - 2024-10-25 08:12:47 --> Session: Class initialized using 'CodeIgniter\Session\Handlers\FileHandler' driver.
INFO - 2024-10-25 08:13:25 --> Session: Class initialized using 'CodeIgniter\Session\Handlers\FileHandler' driver.
INFO - 2024-10-25 08:13:28 --> Session: Class initialized using 'CodeIgniter\Session\Handlers\FileHandler' driver.
INFO - 2024-10-25 08:14:55 --> Session: Class initialized using 'CodeIgniter\Session\Handlers\FileHandler' driver.
INFO - 2024-10-25 08:14:55 --> Session: Class initialized using 'CodeIgniter\Session\Handlers\FileHandler' driver.
INFO - 2024-10-25 08:15:27 --> Session: Class initialized using 'CodeIgniter\Session\Handlers\FileHandler' driver.
INFO - 2024-10-25 08:16:25 --> Session: Class initialized using 'CodeIgniter\Session\Handlers\FileHandler' driver.
INFO - 2024-10-25 08:16:25 --> Session: Class initialized using 'CodeIgniter\Session\Handlers\FileHandler' driver.
INFO - 2024-10-25 08:16:57 --> Session: Class initialized using 'CodeIgniter\Session\Handlers\FileHandler' driver.
INFO - 2024-10-25 08:16:59 --> Session: Class initialized using 'CodeIgniter\Session\Handlers\FileHandler' driver.
INFO - 2024-10-25 08:20:17 --> Session: Class initialized using 'CodeIgniter\Session\Handlers\FileHandler' driver.
INFO - 2024-10-25 08:20:22 --> Session: Class initialized using 'CodeIgniter\Session\Handlers\FileHandler' driver.
CRITICAL - 2024-10-25 08:20:30 --> ErrorException: Undefined variable $employees
[Method: GET, Route: manageEmployee]
in APPPATH\Views\manageEmployee.php on line 47.
 1 APPPATH\Views\manageEmployee.php(47): CodeIgniter\Debug\Exceptions->errorHandler(2, 'Undefined variable $employees', 'C:\\Users\\ralph\\Desktop\\Azazel\\Capstone Backup\\Editing\\HarmonySystem\\app\\Views\\manageEmployee.php', 47)
 2 SYSTEMPATH\View\View.php(234): include('C:\\Users\\ralph\\Desktop\\Azazel\\Capstone Backup\\Editing\\HarmonySystem\\app\\Views\\manageEmployee.php')
 3 SYSTEMPATH\View\View.php(237): CodeIgniter\View\View->CodeIgniter\View\{closure}()
 4 SYSTEMPATH\Common.php(1171): CodeIgniter\View\View->render('manageEmployee', [], true)
 5 APPPATH\Controllers\UserController.php(38): view('manageEmployee')
 6 SYSTEMPATH\CodeIgniter.php(933): App\Controllers\UserController->manageEmployee()
 7 SYSTEMPATH\CodeIgniter.php(509): CodeIgniter\CodeIgniter->runController(Object(App\Controllers\UserController))
 8 SYSTEMPATH\CodeIgniter.php(355): CodeIgniter\CodeIgniter->handleRequest(null, Object(Config\Cache), false)
 9 SYSTEMPATH\Boot.php(312): CodeIgniter\CodeIgniter->run()
10 SYSTEMPATH\Boot.php(67): CodeIgniter\Boot::runCodeIgniter(Object(CodeIgniter\CodeIgniter))
11 FCPATH\index.php(56): CodeIgniter\Boot::bootWeb(Object(Config\Paths))
12 SYSTEMPATH\Commands\Server\rewrite.php(49): require_once('C:\\Users\\ralph\\Desktop\\Azazel\\Capstone Backup\\Editing\\HarmonySystem\\public\\index.php')
CRITICAL - 2024-10-25 08:21:28 --> ErrorException: Undefined variable $employees
[Method: GET, Route: manageEmployee]
in APPPATH\Views\manageEmployee.php on line 47.
 1 APPPATH\Views\manageEmployee.php(47): CodeIgniter\Debug\Exceptions->errorHandler(2, 'Undefined variable $employees', 'C:\\Users\\ralph\\Desktop\\Azazel\\Capstone Backup\\Editing\\HarmonySystem\\app\\Views\\manageEmployee.php', 47)
 2 SYSTEMPATH\View\View.php(234): include('C:\\Users\\ralph\\Desktop\\Azazel\\Capstone Backup\\Editing\\HarmonySystem\\app\\Views\\manageEmployee.php')
 3 SYSTEMPATH\View\View.php(237): CodeIgniter\View\View->CodeIgniter\View\{closure}()
 4 SYSTEMPATH\Common.php(1171): CodeIgniter\View\View->render('manageEmployee', [], true)
 5 APPPATH\Controllers\UserController.php(38): view('manageEmployee')
 6 SYSTEMPATH\CodeIgniter.php(933): App\Controllers\UserController->manageEmployee()
 7 SYSTEMPATH\CodeIgniter.php(509): CodeIgniter\CodeIgniter->runController(Object(App\Controllers\UserController))
 8 SYSTEMPATH\CodeIgniter.php(355): CodeIgniter\CodeIgniter->handleRequest(null, Object(Config\Cache), false)
 9 SYSTEMPATH\Boot.php(312): CodeIgniter\CodeIgniter->run()
10 SYSTEMPATH\Boot.php(67): CodeIgniter\Boot::runCodeIgniter(Object(CodeIgniter\CodeIgniter))
11 FCPATH\index.php(56): CodeIgniter\Boot::bootWeb(Object(Config\Paths))
12 SYSTEMPATH\Commands\Server\rewrite.php(49): require_once('C:\\Users\\ralph\\Desktop\\Azazel\\Capstone Backup\\Editing\\HarmonySystem\\public\\index.php')
INFO - 2024-10-25 08:32:00 --> Session: Class initialized using 'CodeIgniter\Session\Handlers\FileHandler' driver.
INFO - 2024-10-25 08:40:14 --> Session: Class initialized using 'CodeIgniter\Session\Handlers\FileHandler' driver.
CRITICAL - 2024-10-25 08:58:54 --> ErrorException: Trying to access array offset on value of type null
[Method: GET, Route: manageEmployee]
in APPPATH\Views\manageEmployee.php on line 44.
 1 APPPATH\Views\manageEmployee.php(44): CodeIgniter\Debug\Exceptions->errorHandler(2, 'Trying to access array offset on value of type null', 'C:\\Users\\ralph\\Desktop\\Azazel\\Capstone Backup\\Editing\\HarmonySystem\\app\\Views\\manageEmployee.php', 44)
 2 SYSTEMPATH\View\View.php(234): include('C:\\Users\\ralph\\Desktop\\Azazel\\Capstone Backup\\Editing\\HarmonySystem\\app\\Views\\manageEmployee.php')
 3 SYSTEMPATH\View\View.php(237): CodeIgniter\View\View->CodeIgniter\View\{closure}()
 4 SYSTEMPATH\Common.php(1171): CodeIgniter\View\View->render('manageEmployee', [], true)
 5 APPPATH\Controllers\EmployeeController.php(33): view('manageEmployee', [...])
 6 SYSTEMPATH\CodeIgniter.php(933): App\Controllers\EmployeeController->manageEmployee()
 7 SYSTEMPATH\CodeIgniter.php(509): CodeIgniter\CodeIgniter->runController(Object(App\Controllers\EmployeeController))
 8 SYSTEMPATH\CodeIgniter.php(355): CodeIgniter\CodeIgniter->handleRequest(null, Object(Config\Cache), false)
 9 SYSTEMPATH\Boot.php(312): CodeIgniter\CodeIgniter->run()
10 SYSTEMPATH\Boot.php(67): CodeIgniter\Boot::runCodeIgniter(Object(CodeIgniter\CodeIgniter))
11 FCPATH\index.php(56): CodeIgniter\Boot::bootWeb(Object(Config\Paths))
12 SYSTEMPATH\Commands\Server\rewrite.php(49): require_once('C:\\Users\\ralph\\Desktop\\Azazel\\Capstone Backup\\Editing\\HarmonySystem\\public\\index.php')
ERROR - 2024-10-25 08:59:12 --> mysqli_sql_exception: Not unique table/alias: 'tbl_position' in C:\Users\ralph\Desktop\Azazel\Capstone Backup\Editing\HarmonySystem\system\Database\MySQLi\Connection.php:308
Stack trace:
#0 C:\Users\ralph\Desktop\Azazel\Capstone Backup\Editing\HarmonySystem\system\Database\MySQLi\Connection.php(308): mysqli->query('SELECT `tbl_pos...', 0)
#1 C:\Users\ralph\Desktop\Azazel\Capstone Backup\Editing\HarmonySystem\system\Database\BaseConnection.php(722): CodeIgniter\Database\MySQLi\Connection->execute('SELECT `tbl_pos...')
#2 C:\Users\ralph\Desktop\Azazel\Capstone Backup\Editing\HarmonySystem\system\Database\BaseConnection.php(636): CodeIgniter\Database\BaseConnection->simpleQuery('SELECT `tbl_pos...')
#3 C:\Users\ralph\Desktop\Azazel\Capstone Backup\Editing\HarmonySystem\system\Database\BaseBuilder.php(1629): CodeIgniter\Database\BaseConnection->query('SELECT `tbl_pos...', Array, false)
#4 C:\Users\ralph\Desktop\Azazel\Capstone Backup\Editing\HarmonySystem\system\Model.php(275): CodeIgniter\Database\BaseBuilder->get()
#5 C:\Users\ralph\Desktop\Azazel\Capstone Backup\Editing\HarmonySystem\system\BaseModel.php(676): CodeIgniter\Model->doFindAll(0, 0)
#6 C:\Users\ralph\Desktop\Azazel\Capstone Backup\Editing\HarmonySystem\app\Controllers\PositionController.php(25): CodeIgniter\BaseModel->findAll()
#7 C:\Users\ralph\Desktop\Azazel\Capstone Backup\Editing\HarmonySystem\system\CodeIgniter.php(933): App\Controllers\PositionController->index()
#8 C:\Users\ralph\Desktop\Azazel\Capstone Backup\Editing\HarmonySystem\system\CodeIgniter.php(509): CodeIgniter\CodeIgniter->runController(Object(App\Controllers\PositionController))
#9 C:\Users\ralph\Desktop\Azazel\Capstone Backup\Editing\HarmonySystem\system\CodeIgniter.php(355): CodeIgniter\CodeIgniter->handleRequest(NULL, Object(Config\Cache), false)
#10 C:\Users\ralph\Desktop\Azazel\Capstone Backup\Editing\HarmonySystem\system\Boot.php(312): CodeIgniter\CodeIgniter->run()
#11 C:\Users\ralph\Desktop\Azazel\Capstone Backup\Editing\HarmonySystem\system\Boot.php(67): CodeIgniter\Boot::runCodeIgniter(Object(CodeIgniter\CodeIgniter))
#12 C:\Users\ralph\Desktop\Azazel\Capstone Backup\Editing\HarmonySystem\public\index.php(56): CodeIgniter\Boot::bootWeb(Object(Config\Paths))
#13 C:\Users\ralph\Desktop\Azazel\Capstone Backup\Editing\HarmonySystem\system\Commands\Server\rewrite.php(49): require_once('C:\\Users\\ralph\\...')
#14 {main}
CRITICAL - 2024-10-25 08:59:13 --> CodeIgniter\Database\Exceptions\DatabaseException: Not unique table/alias: 'tbl_position'
[Method: GET, Route: position]
in SYSTEMPATH\Database\BaseConnection.php on line 676.
 1 SYSTEMPATH\Database\BaseBuilder.php(1629): CodeIgniter\Database\BaseConnection->query('SELECT `tbl_position`.*, `tbl_department`.`department_name`, `tbl_position`.`position_name`
FROM `tbl_position`
JOIN `tbl_department` ON `tbl_department`.`department_id` = `tbl_position`.`department_id`
JOIN `tbl_position` ON `tbl_position`.`position_id` = `tbl_employee`.`position_id`', [], false)
 2 SYSTEMPATH\Model.php(275): CodeIgniter\Database\BaseBuilder->get()
 3 SYSTEMPATH\BaseModel.php(676): CodeIgniter\Model->doFindAll(0, 0)
 4 APPPATH\Controllers\PositionController.php(25): CodeIgniter\BaseModel->findAll()
 5 SYSTEMPATH\CodeIgniter.php(933): App\Controllers\PositionController->index()
 6 SYSTEMPATH\CodeIgniter.php(509): CodeIgniter\CodeIgniter->runController(Object(App\Controllers\PositionController))
 7 SYSTEMPATH\CodeIgniter.php(355): CodeIgniter\CodeIgniter->handleRequest(null, Object(Config\Cache), false)
 8 SYSTEMPATH\Boot.php(312): CodeIgniter\CodeIgniter->run()
 9 SYSTEMPATH\Boot.php(67): CodeIgniter\Boot::runCodeIgniter(Object(CodeIgniter\CodeIgniter))
10 FCPATH\index.php(56): CodeIgniter\Boot::bootWeb(Object(Config\Paths))
11 SYSTEMPATH\Commands\Server\rewrite.php(49): require_once('C:\\Users\\ralph\\Desktop\\Azazel\\Capstone Backup\\Editing\\HarmonySystem\\public\\index.php')
CRITICAL - 2024-10-25 08:59:13 --> [Caused by] CodeIgniter\Database\Exceptions\DatabaseException: Not unique table/alias: 'tbl_position'
in SYSTEMPATH\Database\MySQLi\Connection.php on line 313.
 1 SYSTEMPATH\Database\BaseConnection.php(722): CodeIgniter\Database\MySQLi\Connection->execute('SELECT `tbl_position`.*, `tbl_department`.`department_name`, `tbl_position`.`position_name`
FROM `tbl_position`
JOIN `tbl_department` ON `tbl_department`.`department_id` = `tbl_position`.`department_id`
JOIN `tbl_position` ON `tbl_position`.`position_id` = `tbl_employee`.`position_id`')
 2 SYSTEMPATH\Database\BaseConnection.php(636): CodeIgniter\Database\BaseConnection->simpleQuery('SELECT `tbl_position`.*, `tbl_department`.`department_name`, `tbl_position`.`position_name`
FROM `tbl_position`
JOIN `tbl_department` ON `tbl_department`.`department_id` = `tbl_position`.`department_id`
JOIN `tbl_position` ON `tbl_position`.`position_id` = `tbl_employee`.`position_id`')
 3 SYSTEMPATH\Database\BaseBuilder.php(1629): CodeIgniter\Database\BaseConnection->query('SELECT `tbl_position`.*, `tbl_department`.`department_name`, `tbl_position`.`position_name`
FROM `tbl_position`
JOIN `tbl_department` ON `tbl_department`.`department_id` = `tbl_position`.`department_id`
JOIN `tbl_position` ON `tbl_position`.`position_id` = `tbl_employee`.`position_id`', [], false)
 4 SYSTEMPATH\Model.php(275): CodeIgniter\Database\BaseBuilder->get()
 5 SYSTEMPATH\BaseModel.php(676): CodeIgniter\Model->doFindAll(0, 0)
 6 APPPATH\Controllers\PositionController.php(25): CodeIgniter\BaseModel->findAll()
 7 SYSTEMPATH\CodeIgniter.php(933): App\Controllers\PositionController->index()
 8 SYSTEMPATH\CodeIgniter.php(509): CodeIgniter\CodeIgniter->runController(Object(App\Controllers\PositionController))
 9 SYSTEMPATH\CodeIgniter.php(355): CodeIgniter\CodeIgniter->handleRequest(null, Object(Config\Cache), false)
10 SYSTEMPATH\Boot.php(312): CodeIgniter\CodeIgniter->run()
11 SYSTEMPATH\Boot.php(67): CodeIgniter\Boot::runCodeIgniter(Object(CodeIgniter\CodeIgniter))
12 FCPATH\index.php(56): CodeIgniter\Boot::bootWeb(Object(Config\Paths))
13 SYSTEMPATH\Commands\Server\rewrite.php(49): require_once('C:\\Users\\ralph\\Desktop\\Azazel\\Capstone Backup\\Editing\\HarmonySystem\\public\\index.php')
CRITICAL - 2024-10-25 08:59:13 --> [Caused by] mysqli_sql_exception: Not unique table/alias: 'tbl_position'
in SYSTEMPATH\Database\MySQLi\Connection.php on line 308.
 1 SYSTEMPATH\Database\MySQLi\Connection.php(308): mysqli->query('SELECT `tbl_position`.*, `tbl_department`.`department_name`, `tbl_position`.`position_name`
FROM `tbl_position`
JOIN `tbl_department` ON `tbl_department`.`department_id` = `tbl_position`.`department_id`
JOIN `tbl_position` ON `tbl_position`.`position_id` = `tbl_employee`.`position_id`', 0)
 2 SYSTEMPATH\Database\BaseConnection.php(722): CodeIgniter\Database\MySQLi\Connection->execute('SELECT `tbl_position`.*, `tbl_department`.`department_name`, `tbl_position`.`position_name`
FROM `tbl_position`
JOIN `tbl_department` ON `tbl_department`.`department_id` = `tbl_position`.`department_id`
JOIN `tbl_position` ON `tbl_position`.`position_id` = `tbl_employee`.`position_id`')
 3 SYSTEMPATH\Database\BaseConnection.php(636): CodeIgniter\Database\BaseConnection->simpleQuery('SELECT `tbl_position`.*, `tbl_department`.`department_name`, `tbl_position`.`position_name`
FROM `tbl_position`
JOIN `tbl_department` ON `tbl_department`.`department_id` = `tbl_position`.`department_id`
JOIN `tbl_position` ON `tbl_position`.`position_id` = `tbl_employee`.`position_id`')
 4 SYSTEMPATH\Database\BaseBuilder.php(1629): CodeIgniter\Database\BaseConnection->query('SELECT `tbl_position`.*, `tbl_department`.`department_name`, `tbl_position`.`position_name`
FROM `tbl_position`
JOIN `tbl_department` ON `tbl_department`.`department_id` = `tbl_position`.`department_id`
JOIN `tbl_position` ON `tbl_position`.`position_id` = `tbl_employee`.`position_id`', [], false)
 5 SYSTEMPATH\Model.php(275): CodeIgniter\Database\BaseBuilder->get()
 6 SYSTEMPATH\BaseModel.php(676): CodeIgniter\Model->doFindAll(0, 0)
 7 APPPATH\Controllers\PositionController.php(25): CodeIgniter\BaseModel->findAll()
 8 SYSTEMPATH\CodeIgniter.php(933): App\Controllers\PositionController->index()
 9 SYSTEMPATH\CodeIgniter.php(509): CodeIgniter\CodeIgniter->runController(Object(App\Controllers\PositionController))
10 SYSTEMPATH\CodeIgniter.php(355): CodeIgniter\CodeIgniter->handleRequest(null, Object(Config\Cache), false)
11 SYSTEMPATH\Boot.php(312): CodeIgniter\CodeIgniter->run()
12 SYSTEMPATH\Boot.php(67): CodeIgniter\Boot::runCodeIgniter(Object(CodeIgniter\CodeIgniter))
13 FCPATH\index.php(56): CodeIgniter\Boot::bootWeb(Object(Config\Paths))
14 SYSTEMPATH\Commands\Server\rewrite.php(49): require_once('C:\\Users\\ralph\\Desktop\\Azazel\\Capstone Backup\\Editing\\HarmonySystem\\public\\index.php')
ERROR - 2024-10-25 08:59:38 --> mysqli_sql_exception: Not unique table/alias: 'tbl_position' in C:\Users\ralph\Desktop\Azazel\Capstone Backup\Editing\HarmonySystem\system\Database\MySQLi\Connection.php:308
Stack trace:
#0 C:\Users\ralph\Desktop\Azazel\Capstone Backup\Editing\HarmonySystem\system\Database\MySQLi\Connection.php(308): mysqli->query('SELECT `tbl_emp...', 0)
#1 C:\Users\ralph\Desktop\Azazel\Capstone Backup\Editing\HarmonySystem\system\Database\BaseConnection.php(722): CodeIgniter\Database\MySQLi\Connection->execute('SELECT `tbl_emp...')
#2 C:\Users\ralph\Desktop\Azazel\Capstone Backup\Editing\HarmonySystem\system\Database\BaseConnection.php(636): CodeIgniter\Database\BaseConnection->simpleQuery('SELECT `tbl_emp...')
#3 C:\Users\ralph\Desktop\Azazel\Capstone Backup\Editing\HarmonySystem\system\Database\BaseBuilder.php(1629): CodeIgniter\Database\BaseConnection->query('SELECT `tbl_emp...', Array, false)
#4 C:\Users\ralph\Desktop\Azazel\Capstone Backup\Editing\HarmonySystem\system\Model.php(275): CodeIgniter\Database\BaseBuilder->get()
#5 C:\Users\ralph\Desktop\Azazel\Capstone Backup\Editing\HarmonySystem\system\BaseModel.php(676): CodeIgniter\Model->doFindAll(0, 0)
#6 C:\Users\ralph\Desktop\Azazel\Capstone Backup\Editing\HarmonySystem\app\Controllers\PositionController.php(25): CodeIgniter\BaseModel->findAll()
#7 C:\Users\ralph\Desktop\Azazel\Capstone Backup\Editing\HarmonySystem\system\CodeIgniter.php(933): App\Controllers\PositionController->index()
#8 C:\Users\ralph\Desktop\Azazel\Capstone Backup\Editing\HarmonySystem\system\CodeIgniter.php(509): CodeIgniter\CodeIgniter->runController(Object(App\Controllers\PositionController))
#9 C:\Users\ralph\Desktop\Azazel\Capstone Backup\Editing\HarmonySystem\system\CodeIgniter.php(355): CodeIgniter\CodeIgniter->handleRequest(NULL, Object(Config\Cache), false)
#10 C:\Users\ralph\Desktop\Azazel\Capstone Backup\Editing\HarmonySystem\system\Boot.php(312): CodeIgniter\CodeIgniter->run()
#11 C:\Users\ralph\Desktop\Azazel\Capstone Backup\Editing\HarmonySystem\system\Boot.php(67): CodeIgniter\Boot::runCodeIgniter(Object(CodeIgniter\CodeIgniter))
#12 C:\Users\ralph\Desktop\Azazel\Capstone Backup\Editing\HarmonySystem\public\index.php(56): CodeIgniter\Boot::bootWeb(Object(Config\Paths))
#13 C:\Users\ralph\Desktop\Azazel\Capstone Backup\Editing\HarmonySystem\system\Commands\Server\rewrite.php(49): require_once('C:\\Users\\ralph\\...')
#14 {main}
CRITICAL - 2024-10-25 08:59:38 --> CodeIgniter\Database\Exceptions\DatabaseException: Not unique table/alias: 'tbl_position'
[Method: GET, Route: position]
in SYSTEMPATH\Database\BaseConnection.php on line 676.
 1 SYSTEMPATH\Database\BaseBuilder.php(1629): CodeIgniter\Database\BaseConnection->query('SELECT `tbl_employee`.*, `tbl_department`.`department_name`, `tbl_position`.`position_name`
FROM `tbl_position`
JOIN `tbl_department` ON `tbl_department`.`department_id` = `tbl_position`.`department_id`
JOIN `tbl_position` ON `tbl_position`.`position_id` = `tbl_employee`.`position_id`', [], false)
 2 SYSTEMPATH\Model.php(275): CodeIgniter\Database\BaseBuilder->get()
 3 SYSTEMPATH\BaseModel.php(676): CodeIgniter\Model->doFindAll(0, 0)
 4 APPPATH\Controllers\PositionController.php(25): CodeIgniter\BaseModel->findAll()
 5 SYSTEMPATH\CodeIgniter.php(933): App\Controllers\PositionController->index()
 6 SYSTEMPATH\CodeIgniter.php(509): CodeIgniter\CodeIgniter->runController(Object(App\Controllers\PositionController))
 7 SYSTEMPATH\CodeIgniter.php(355): CodeIgniter\CodeIgniter->handleRequest(null, Object(Config\Cache), false)
 8 SYSTEMPATH\Boot.php(312): CodeIgniter\CodeIgniter->run()
 9 SYSTEMPATH\Boot.php(67): CodeIgniter\Boot::runCodeIgniter(Object(CodeIgniter\CodeIgniter))
10 FCPATH\index.php(56): CodeIgniter\Boot::bootWeb(Object(Config\Paths))
11 SYSTEMPATH\Commands\Server\rewrite.php(49): require_once('C:\\Users\\ralph\\Desktop\\Azazel\\Capstone Backup\\Editing\\HarmonySystem\\public\\index.php')
CRITICAL - 2024-10-25 08:59:38 --> [Caused by] CodeIgniter\Database\Exceptions\DatabaseException: Not unique table/alias: 'tbl_position'
in SYSTEMPATH\Database\MySQLi\Connection.php on line 313.
 1 SYSTEMPATH\Database\BaseConnection.php(722): CodeIgniter\Database\MySQLi\Connection->execute('SELECT `tbl_employee`.*, `tbl_department`.`department_name`, `tbl_position`.`position_name`
FROM `tbl_position`
JOIN `tbl_department` ON `tbl_department`.`department_id` = `tbl_position`.`department_id`
JOIN `tbl_position` ON `tbl_position`.`position_id` = `tbl_employee`.`position_id`')
 2 SYSTEMPATH\Database\BaseConnection.php(636): CodeIgniter\Database\BaseConnection->simpleQuery('SELECT `tbl_employee`.*, `tbl_department`.`department_name`, `tbl_position`.`position_name`
FROM `tbl_position`
JOIN `tbl_department` ON `tbl_department`.`department_id` = `tbl_position`.`department_id`
JOIN `tbl_position` ON `tbl_position`.`position_id` = `tbl_employee`.`position_id`')
 3 SYSTEMPATH\Database\BaseBuilder.php(1629): CodeIgniter\Database\BaseConnection->query('SELECT `tbl_employee`.*, `tbl_department`.`department_name`, `tbl_position`.`position_name`
FROM `tbl_position`
JOIN `tbl_department` ON `tbl_department`.`department_id` = `tbl_position`.`department_id`
JOIN `tbl_position` ON `tbl_position`.`position_id` = `tbl_employee`.`position_id`', [], false)
 4 SYSTEMPATH\Model.php(275): CodeIgniter\Database\BaseBuilder->get()
 5 SYSTEMPATH\BaseModel.php(676): CodeIgniter\Model->doFindAll(0, 0)
 6 APPPATH\Controllers\PositionController.php(25): CodeIgniter\BaseModel->findAll()
 7 SYSTEMPATH\CodeIgniter.php(933): App\Controllers\PositionController->index()
 8 SYSTEMPATH\CodeIgniter.php(509): CodeIgniter\CodeIgniter->runController(Object(App\Controllers\PositionController))
 9 SYSTEMPATH\CodeIgniter.php(355): CodeIgniter\CodeIgniter->handleRequest(null, Object(Config\Cache), false)
10 SYSTEMPATH\Boot.php(312): CodeIgniter\CodeIgniter->run()
11 SYSTEMPATH\Boot.php(67): CodeIgniter\Boot::runCodeIgniter(Object(CodeIgniter\CodeIgniter))
12 FCPATH\index.php(56): CodeIgniter\Boot::bootWeb(Object(Config\Paths))
13 SYSTEMPATH\Commands\Server\rewrite.php(49): require_once('C:\\Users\\ralph\\Desktop\\Azazel\\Capstone Backup\\Editing\\HarmonySystem\\public\\index.php')
CRITICAL - 2024-10-25 08:59:38 --> [Caused by] mysqli_sql_exception: Not unique table/alias: 'tbl_position'
in SYSTEMPATH\Database\MySQLi\Connection.php on line 308.
 1 SYSTEMPATH\Database\MySQLi\Connection.php(308): mysqli->query('SELECT `tbl_employee`.*, `tbl_department`.`department_name`, `tbl_position`.`position_name`
FROM `tbl_position`
JOIN `tbl_department` ON `tbl_department`.`department_id` = `tbl_position`.`department_id`
JOIN `tbl_position` ON `tbl_position`.`position_id` = `tbl_employee`.`position_id`', 0)
 2 SYSTEMPATH\Database\BaseConnection.php(722): CodeIgniter\Database\MySQLi\Connection->execute('SELECT `tbl_employee`.*, `tbl_department`.`department_name`, `tbl_position`.`position_name`
FROM `tbl_position`
JOIN `tbl_department` ON `tbl_department`.`department_id` = `tbl_position`.`department_id`
JOIN `tbl_position` ON `tbl_position`.`position_id` = `tbl_employee`.`position_id`')
 3 SYSTEMPATH\Database\BaseConnection.php(636): CodeIgniter\Database\BaseConnection->simpleQuery('SELECT `tbl_employee`.*, `tbl_department`.`department_name`, `tbl_position`.`position_name`
FROM `tbl_position`
JOIN `tbl_department` ON `tbl_department`.`department_id` = `tbl_position`.`department_id`
JOIN `tbl_position` ON `tbl_position`.`position_id` = `tbl_employee`.`position_id`')
 4 SYSTEMPATH\Database\BaseBuilder.php(1629): CodeIgniter\Database\BaseConnection->query('SELECT `tbl_employee`.*, `tbl_department`.`department_name`, `tbl_position`.`position_name`
FROM `tbl_position`
JOIN `tbl_department` ON `tbl_department`.`department_id` = `tbl_position`.`department_id`
JOIN `tbl_position` ON `tbl_position`.`position_id` = `tbl_employee`.`position_id`', [], false)
 5 SYSTEMPATH\Model.php(275): CodeIgniter\Database\BaseBuilder->get()
 6 SYSTEMPATH\BaseModel.php(676): CodeIgniter\Model->doFindAll(0, 0)
 7 APPPATH\Controllers\PositionController.php(25): CodeIgniter\BaseModel->findAll()
 8 SYSTEMPATH\CodeIgniter.php(933): App\Controllers\PositionController->index()
 9 SYSTEMPATH\CodeIgniter.php(509): CodeIgniter\CodeIgniter->runController(Object(App\Controllers\PositionController))
10 SYSTEMPATH\CodeIgniter.php(355): CodeIgniter\CodeIgniter->handleRequest(null, Object(Config\Cache), false)
11 SYSTEMPATH\Boot.php(312): CodeIgniter\CodeIgniter->run()
12 SYSTEMPATH\Boot.php(67): CodeIgniter\Boot::runCodeIgniter(Object(CodeIgniter\CodeIgniter))
13 FCPATH\index.php(56): CodeIgniter\Boot::bootWeb(Object(Config\Paths))
14 SYSTEMPATH\Commands\Server\rewrite.php(49): require_once('C:\\Users\\ralph\\Desktop\\Azazel\\Capstone Backup\\Editing\\HarmonySystem\\public\\index.php')
ERROR - 2024-10-25 08:59:50 --> mysqli_sql_exception: Not unique table/alias: 'tbl_position' in C:\Users\ralph\Desktop\Azazel\Capstone Backup\Editing\HarmonySystem\system\Database\MySQLi\Connection.php:308
Stack trace:
#0 C:\Users\ralph\Desktop\Azazel\Capstone Backup\Editing\HarmonySystem\system\Database\MySQLi\Connection.php(308): mysqli->query('SELECT `tbl_emp...', 0)
#1 C:\Users\ralph\Desktop\Azazel\Capstone Backup\Editing\HarmonySystem\system\Database\BaseConnection.php(722): CodeIgniter\Database\MySQLi\Connection->execute('SELECT `tbl_emp...')
#2 C:\Users\ralph\Desktop\Azazel\Capstone Backup\Editing\HarmonySystem\system\Database\BaseConnection.php(636): CodeIgniter\Database\BaseConnection->simpleQuery('SELECT `tbl_emp...')
#3 C:\Users\ralph\Desktop\Azazel\Capstone Backup\Editing\HarmonySystem\system\Database\BaseBuilder.php(1629): CodeIgniter\Database\BaseConnection->query('SELECT `tbl_emp...', Array, false)
#4 C:\Users\ralph\Desktop\Azazel\Capstone Backup\Editing\HarmonySystem\system\Model.php(275): CodeIgniter\Database\BaseBuilder->get()
#5 C:\Users\ralph\Desktop\Azazel\Capstone Backup\Editing\HarmonySystem\system\BaseModel.php(676): CodeIgniter\Model->doFindAll(0, 0)
#6 C:\Users\ralph\Desktop\Azazel\Capstone Backup\Editing\HarmonySystem\app\Controllers\PositionController.php(25): CodeIgniter\BaseModel->findAll()
#7 C:\Users\ralph\Desktop\Azazel\Capstone Backup\Editing\HarmonySystem\system\CodeIgniter.php(933): App\Controllers\PositionController->index()
#8 C:\Users\ralph\Desktop\Azazel\Capstone Backup\Editing\HarmonySystem\system\CodeIgniter.php(509): CodeIgniter\CodeIgniter->runController(Object(App\Controllers\PositionController))
#9 C:\Users\ralph\Desktop\Azazel\Capstone Backup\Editing\HarmonySystem\system\CodeIgniter.php(355): CodeIgniter\CodeIgniter->handleRequest(NULL, Object(Config\Cache), false)
#10 C:\Users\ralph\Desktop\Azazel\Capstone Backup\Editing\HarmonySystem\system\Boot.php(312): CodeIgniter\CodeIgniter->run()
#11 C:\Users\ralph\Desktop\Azazel\Capstone Backup\Editing\HarmonySystem\system\Boot.php(67): CodeIgniter\Boot::runCodeIgniter(Object(CodeIgniter\CodeIgniter))
#12 C:\Users\ralph\Desktop\Azazel\Capstone Backup\Editing\HarmonySystem\public\index.php(56): CodeIgniter\Boot::bootWeb(Object(Config\Paths))
#13 C:\Users\ralph\Desktop\Azazel\Capstone Backup\Editing\HarmonySystem\system\Commands\Server\rewrite.php(49): require_once('C:\\Users\\ralph\\...')
#14 {main}
CRITICAL - 2024-10-25 08:59:50 --> CodeIgniter\Database\Exceptions\DatabaseException: Not unique table/alias: 'tbl_position'
[Method: GET, Route: position]
in SYSTEMPATH\Database\BaseConnection.php on line 676.
 1 SYSTEMPATH\Database\BaseBuilder.php(1629): CodeIgniter\Database\BaseConnection->query('SELECT `tbl_employee`.*, `tbl_department`.`department_name`, `tbl_position`.`position_name`
FROM `tbl_position`
JOIN `tbl_department` ON `tbl_department`.`department_id` = `tbl_employee`.`department_id`
JOIN `tbl_position` ON `tbl_position`.`position_id` = `tbl_employee`.`position_id`', [], false)
 2 SYSTEMPATH\Model.php(275): CodeIgniter\Database\BaseBuilder->get()
 3 SYSTEMPATH\BaseModel.php(676): CodeIgniter\Model->doFindAll(0, 0)
 4 APPPATH\Controllers\PositionController.php(25): CodeIgniter\BaseModel->findAll()
 5 SYSTEMPATH\CodeIgniter.php(933): App\Controllers\PositionController->index()
 6 SYSTEMPATH\CodeIgniter.php(509): CodeIgniter\CodeIgniter->runController(Object(App\Controllers\PositionController))
 7 SYSTEMPATH\CodeIgniter.php(355): CodeIgniter\CodeIgniter->handleRequest(null, Object(Config\Cache), false)
 8 SYSTEMPATH\Boot.php(312): CodeIgniter\CodeIgniter->run()
 9 SYSTEMPATH\Boot.php(67): CodeIgniter\Boot::runCodeIgniter(Object(CodeIgniter\CodeIgniter))
10 FCPATH\index.php(56): CodeIgniter\Boot::bootWeb(Object(Config\Paths))
11 SYSTEMPATH\Commands\Server\rewrite.php(49): require_once('C:\\Users\\ralph\\Desktop\\Azazel\\Capstone Backup\\Editing\\HarmonySystem\\public\\index.php')
CRITICAL - 2024-10-25 08:59:50 --> [Caused by] CodeIgniter\Database\Exceptions\DatabaseException: Not unique table/alias: 'tbl_position'
in SYSTEMPATH\Database\MySQLi\Connection.php on line 313.
 1 SYSTEMPATH\Database\BaseConnection.php(722): CodeIgniter\Database\MySQLi\Connection->execute('SELECT `tbl_employee`.*, `tbl_department`.`department_name`, `tbl_position`.`position_name`
FROM `tbl_position`
JOIN `tbl_department` ON `tbl_department`.`department_id` = `tbl_employee`.`department_id`
JOIN `tbl_position` ON `tbl_position`.`position_id` = `tbl_employee`.`position_id`')
 2 SYSTEMPATH\Database\BaseConnection.php(636): CodeIgniter\Database\BaseConnection->simpleQuery('SELECT `tbl_employee`.*, `tbl_department`.`department_name`, `tbl_position`.`position_name`
FROM `tbl_position`
JOIN `tbl_department` ON `tbl_department`.`department_id` = `tbl_employee`.`department_id`
JOIN `tbl_position` ON `tbl_position`.`position_id` = `tbl_employee`.`position_id`')
 3 SYSTEMPATH\Database\BaseBuilder.php(1629): CodeIgniter\Database\BaseConnection->query('SELECT `tbl_employee`.*, `tbl_department`.`department_name`, `tbl_position`.`position_name`
FROM `tbl_position`
JOIN `tbl_department` ON `tbl_department`.`department_id` = `tbl_employee`.`department_id`
JOIN `tbl_position` ON `tbl_position`.`position_id` = `tbl_employee`.`position_id`', [], false)
 4 SYSTEMPATH\Model.php(275): CodeIgniter\Database\BaseBuilder->get()
 5 SYSTEMPATH\BaseModel.php(676): CodeIgniter\Model->doFindAll(0, 0)
 6 APPPATH\Controllers\PositionController.php(25): CodeIgniter\BaseModel->findAll()
 7 SYSTEMPATH\CodeIgniter.php(933): App\Controllers\PositionController->index()
 8 SYSTEMPATH\CodeIgniter.php(509): CodeIgniter\CodeIgniter->runController(Object(App\Controllers\PositionController))
 9 SYSTEMPATH\CodeIgniter.php(355): CodeIgniter\CodeIgniter->handleRequest(null, Object(Config\Cache), false)
10 SYSTEMPATH\Boot.php(312): CodeIgniter\CodeIgniter->run()
11 SYSTEMPATH\Boot.php(67): CodeIgniter\Boot::runCodeIgniter(Object(CodeIgniter\CodeIgniter))
12 FCPATH\index.php(56): CodeIgniter\Boot::bootWeb(Object(Config\Paths))
13 SYSTEMPATH\Commands\Server\rewrite.php(49): require_once('C:\\Users\\ralph\\Desktop\\Azazel\\Capstone Backup\\Editing\\HarmonySystem\\public\\index.php')
CRITICAL - 2024-10-25 08:59:50 --> [Caused by] mysqli_sql_exception: Not unique table/alias: 'tbl_position'
in SYSTEMPATH\Database\MySQLi\Connection.php on line 308.
 1 SYSTEMPATH\Database\MySQLi\Connection.php(308): mysqli->query('SELECT `tbl_employee`.*, `tbl_department`.`department_name`, `tbl_position`.`position_name`
FROM `tbl_position`
JOIN `tbl_department` ON `tbl_department`.`department_id` = `tbl_employee`.`department_id`
JOIN `tbl_position` ON `tbl_position`.`position_id` = `tbl_employee`.`position_id`', 0)
 2 SYSTEMPATH\Database\BaseConnection.php(722): CodeIgniter\Database\MySQLi\Connection->execute('SELECT `tbl_employee`.*, `tbl_department`.`department_name`, `tbl_position`.`position_name`
FROM `tbl_position`
JOIN `tbl_department` ON `tbl_department`.`department_id` = `tbl_employee`.`department_id`
JOIN `tbl_position` ON `tbl_position`.`position_id` = `tbl_employee`.`position_id`')
 3 SYSTEMPATH\Database\BaseConnection.php(636): CodeIgniter\Database\BaseConnection->simpleQuery('SELECT `tbl_employee`.*, `tbl_department`.`department_name`, `tbl_position`.`position_name`
FROM `tbl_position`
JOIN `tbl_department` ON `tbl_department`.`department_id` = `tbl_employee`.`department_id`
JOIN `tbl_position` ON `tbl_position`.`position_id` = `tbl_employee`.`position_id`')
 4 SYSTEMPATH\Database\BaseBuilder.php(1629): CodeIgniter\Database\BaseConnection->query('SELECT `tbl_employee`.*, `tbl_department`.`department_name`, `tbl_position`.`position_name`
FROM `tbl_position`
JOIN `tbl_department` ON `tbl_department`.`department_id` = `tbl_employee`.`department_id`
JOIN `tbl_position` ON `tbl_position`.`position_id` = `tbl_employee`.`position_id`', [], false)
 5 SYSTEMPATH\Model.php(275): CodeIgniter\Database\BaseBuilder->get()
 6 SYSTEMPATH\BaseModel.php(676): CodeIgniter\Model->doFindAll(0, 0)
 7 APPPATH\Controllers\PositionController.php(25): CodeIgniter\BaseModel->findAll()
 8 SYSTEMPATH\CodeIgniter.php(933): App\Controllers\PositionController->index()
 9 SYSTEMPATH\CodeIgniter.php(509): CodeIgniter\CodeIgniter->runController(Object(App\Controllers\PositionController))
10 SYSTEMPATH\CodeIgniter.php(355): CodeIgniter\CodeIgniter->handleRequest(null, Object(Config\Cache), false)
11 SYSTEMPATH\Boot.php(312): CodeIgniter\CodeIgniter->run()
12 SYSTEMPATH\Boot.php(67): CodeIgniter\Boot::runCodeIgniter(Object(CodeIgniter\CodeIgniter))
13 FCPATH\index.php(56): CodeIgniter\Boot::bootWeb(Object(Config\Paths))
14 SYSTEMPATH\Commands\Server\rewrite.php(49): require_once('C:\\Users\\ralph\\Desktop\\Azazel\\Capstone Backup\\Editing\\HarmonySystem\\public\\index.php')
ERROR - 2024-10-25 08:59:53 --> mysqli_sql_exception: Not unique table/alias: 'tbl_position' in C:\Users\ralph\Desktop\Azazel\Capstone Backup\Editing\HarmonySystem\system\Database\MySQLi\Connection.php:308
Stack trace:
#0 C:\Users\ralph\Desktop\Azazel\Capstone Backup\Editing\HarmonySystem\system\Database\MySQLi\Connection.php(308): mysqli->query('SELECT `tbl_emp...', 0)
#1 C:\Users\ralph\Desktop\Azazel\Capstone Backup\Editing\HarmonySystem\system\Database\BaseConnection.php(722): CodeIgniter\Database\MySQLi\Connection->execute('SELECT `tbl_emp...')
#2 C:\Users\ralph\Desktop\Azazel\Capstone Backup\Editing\HarmonySystem\system\Database\BaseConnection.php(636): CodeIgniter\Database\BaseConnection->simpleQuery('SELECT `tbl_emp...')
#3 C:\Users\ralph\Desktop\Azazel\Capstone Backup\Editing\HarmonySystem\system\Database\BaseBuilder.php(1629): CodeIgniter\Database\BaseConnection->query('SELECT `tbl_emp...', Array, false)
#4 C:\Users\ralph\Desktop\Azazel\Capstone Backup\Editing\HarmonySystem\system\Model.php(275): CodeIgniter\Database\BaseBuilder->get()
#5 C:\Users\ralph\Desktop\Azazel\Capstone Backup\Editing\HarmonySystem\system\BaseModel.php(676): CodeIgniter\Model->doFindAll(0, 0)
#6 C:\Users\ralph\Desktop\Azazel\Capstone Backup\Editing\HarmonySystem\app\Controllers\PositionController.php(25): CodeIgniter\BaseModel->findAll()
#7 C:\Users\ralph\Desktop\Azazel\Capstone Backup\Editing\HarmonySystem\system\CodeIgniter.php(933): App\Controllers\PositionController->index()
#8 C:\Users\ralph\Desktop\Azazel\Capstone Backup\Editing\HarmonySystem\system\CodeIgniter.php(509): CodeIgniter\CodeIgniter->runController(Object(App\Controllers\PositionController))
#9 C:\Users\ralph\Desktop\Azazel\Capstone Backup\Editing\HarmonySystem\system\CodeIgniter.php(355): CodeIgniter\CodeIgniter->handleRequest(NULL, Object(Config\Cache), false)
#10 C:\Users\ralph\Desktop\Azazel\Capstone Backup\Editing\HarmonySystem\system\Boot.php(312): CodeIgniter\CodeIgniter->run()
#11 C:\Users\ralph\Desktop\Azazel\Capstone Backup\Editing\HarmonySystem\system\Boot.php(67): CodeIgniter\Boot::runCodeIgniter(Object(CodeIgniter\CodeIgniter))
#12 C:\Users\ralph\Desktop\Azazel\Capstone Backup\Editing\HarmonySystem\public\index.php(56): CodeIgniter\Boot::bootWeb(Object(Config\Paths))
#13 C:\Users\ralph\Desktop\Azazel\Capstone Backup\Editing\HarmonySystem\system\Commands\Server\rewrite.php(49): require_once('C:\\Users\\ralph\\...')
#14 {main}
CRITICAL - 2024-10-25 08:59:53 --> CodeIgniter\Database\Exceptions\DatabaseException: Not unique table/alias: 'tbl_position'
[Method: GET, Route: position]
in SYSTEMPATH\Database\BaseConnection.php on line 676.
 1 SYSTEMPATH\Database\BaseBuilder.php(1629): CodeIgniter\Database\BaseConnection->query('SELECT `tbl_employee`.*, `tbl_department`.`department_name`, `tbl_position`.`position_name`
FROM `tbl_position`
JOIN `tbl_department` ON `tbl_department`.`department_id` = `tbl_position`.`department_id`
JOIN `tbl_position` ON `tbl_position`.`position_id` = `tbl_employee`.`position_id`', [], false)
 2 SYSTEMPATH\Model.php(275): CodeIgniter\Database\BaseBuilder->get()
 3 SYSTEMPATH\BaseModel.php(676): CodeIgniter\Model->doFindAll(0, 0)
 4 APPPATH\Controllers\PositionController.php(25): CodeIgniter\BaseModel->findAll()
 5 SYSTEMPATH\CodeIgniter.php(933): App\Controllers\PositionController->index()
 6 SYSTEMPATH\CodeIgniter.php(509): CodeIgniter\CodeIgniter->runController(Object(App\Controllers\PositionController))
 7 SYSTEMPATH\CodeIgniter.php(355): CodeIgniter\CodeIgniter->handleRequest(null, Object(Config\Cache), false)
 8 SYSTEMPATH\Boot.php(312): CodeIgniter\CodeIgniter->run()
 9 SYSTEMPATH\Boot.php(67): CodeIgniter\Boot::runCodeIgniter(Object(CodeIgniter\CodeIgniter))
10 FCPATH\index.php(56): CodeIgniter\Boot::bootWeb(Object(Config\Paths))
11 SYSTEMPATH\Commands\Server\rewrite.php(49): require_once('C:\\Users\\ralph\\Desktop\\Azazel\\Capstone Backup\\Editing\\HarmonySystem\\public\\index.php')
CRITICAL - 2024-10-25 08:59:53 --> [Caused by] CodeIgniter\Database\Exceptions\DatabaseException: Not unique table/alias: 'tbl_position'
in SYSTEMPATH\Database\MySQLi\Connection.php on line 313.
 1 SYSTEMPATH\Database\BaseConnection.php(722): CodeIgniter\Database\MySQLi\Connection->execute('SELECT `tbl_employee`.*, `tbl_department`.`department_name`, `tbl_position`.`position_name`
FROM `tbl_position`
JOIN `tbl_department` ON `tbl_department`.`department_id` = `tbl_position`.`department_id`
JOIN `tbl_position` ON `tbl_position`.`position_id` = `tbl_employee`.`position_id`')
 2 SYSTEMPATH\Database\BaseConnection.php(636): CodeIgniter\Database\BaseConnection->simpleQuery('SELECT `tbl_employee`.*, `tbl_department`.`department_name`, `tbl_position`.`position_name`
FROM `tbl_position`
JOIN `tbl_department` ON `tbl_department`.`department_id` = `tbl_position`.`department_id`
JOIN `tbl_position` ON `tbl_position`.`position_id` = `tbl_employee`.`position_id`')
 3 SYSTEMPATH\Database\BaseBuilder.php(1629): CodeIgniter\Database\BaseConnection->query('SELECT `tbl_employee`.*, `tbl_department`.`department_name`, `tbl_position`.`position_name`
FROM `tbl_position`
JOIN `tbl_department` ON `tbl_department`.`department_id` = `tbl_position`.`department_id`
JOIN `tbl_position` ON `tbl_position`.`position_id` = `tbl_employee`.`position_id`', [], false)
 4 SYSTEMPATH\Model.php(275): CodeIgniter\Database\BaseBuilder->get()
 5 SYSTEMPATH\BaseModel.php(676): CodeIgniter\Model->doFindAll(0, 0)
 6 APPPATH\Controllers\PositionController.php(25): CodeIgniter\BaseModel->findAll()
 7 SYSTEMPATH\CodeIgniter.php(933): App\Controllers\PositionController->index()
 8 SYSTEMPATH\CodeIgniter.php(509): CodeIgniter\CodeIgniter->runController(Object(App\Controllers\PositionController))
 9 SYSTEMPATH\CodeIgniter.php(355): CodeIgniter\CodeIgniter->handleRequest(null, Object(Config\Cache), false)
10 SYSTEMPATH\Boot.php(312): CodeIgniter\CodeIgniter->run()
11 SYSTEMPATH\Boot.php(67): CodeIgniter\Boot::runCodeIgniter(Object(CodeIgniter\CodeIgniter))
12 FCPATH\index.php(56): CodeIgniter\Boot::bootWeb(Object(Config\Paths))
13 SYSTEMPATH\Commands\Server\rewrite.php(49): require_once('C:\\Users\\ralph\\Desktop\\Azazel\\Capstone Backup\\Editing\\HarmonySystem\\public\\index.php')
CRITICAL - 2024-10-25 08:59:53 --> [Caused by] mysqli_sql_exception: Not unique table/alias: 'tbl_position'
in SYSTEMPATH\Database\MySQLi\Connection.php on line 308.
 1 SYSTEMPATH\Database\MySQLi\Connection.php(308): mysqli->query('SELECT `tbl_employee`.*, `tbl_department`.`department_name`, `tbl_position`.`position_name`
FROM `tbl_position`
JOIN `tbl_department` ON `tbl_department`.`department_id` = `tbl_position`.`department_id`
JOIN `tbl_position` ON `tbl_position`.`position_id` = `tbl_employee`.`position_id`', 0)
 2 SYSTEMPATH\Database\BaseConnection.php(722): CodeIgniter\Database\MySQLi\Connection->execute('SELECT `tbl_employee`.*, `tbl_department`.`department_name`, `tbl_position`.`position_name`
FROM `tbl_position`
JOIN `tbl_department` ON `tbl_department`.`department_id` = `tbl_position`.`department_id`
JOIN `tbl_position` ON `tbl_position`.`position_id` = `tbl_employee`.`position_id`')
 3 SYSTEMPATH\Database\BaseConnection.php(636): CodeIgniter\Database\BaseConnection->simpleQuery('SELECT `tbl_employee`.*, `tbl_department`.`department_name`, `tbl_position`.`position_name`
FROM `tbl_position`
JOIN `tbl_department` ON `tbl_department`.`department_id` = `tbl_position`.`department_id`
JOIN `tbl_position` ON `tbl_position`.`position_id` = `tbl_employee`.`position_id`')
 4 SYSTEMPATH\Database\BaseBuilder.php(1629): CodeIgniter\Database\BaseConnection->query('SELECT `tbl_employee`.*, `tbl_department`.`department_name`, `tbl_position`.`position_name`
FROM `tbl_position`
JOIN `tbl_department` ON `tbl_department`.`department_id` = `tbl_position`.`department_id`
JOIN `tbl_position` ON `tbl_position`.`position_id` = `tbl_employee`.`position_id`', [], false)
 5 SYSTEMPATH\Model.php(275): CodeIgniter\Database\BaseBuilder->get()
 6 SYSTEMPATH\BaseModel.php(676): CodeIgniter\Model->doFindAll(0, 0)
 7 APPPATH\Controllers\PositionController.php(25): CodeIgniter\BaseModel->findAll()
 8 SYSTEMPATH\CodeIgniter.php(933): App\Controllers\PositionController->index()
 9 SYSTEMPATH\CodeIgniter.php(509): CodeIgniter\CodeIgniter->runController(Object(App\Controllers\PositionController))
10 SYSTEMPATH\CodeIgniter.php(355): CodeIgniter\CodeIgniter->handleRequest(null, Object(Config\Cache), false)
11 SYSTEMPATH\Boot.php(312): CodeIgniter\CodeIgniter->run()
12 SYSTEMPATH\Boot.php(67): CodeIgniter\Boot::runCodeIgniter(Object(CodeIgniter\CodeIgniter))
13 FCPATH\index.php(56): CodeIgniter\Boot::bootWeb(Object(Config\Paths))
14 SYSTEMPATH\Commands\Server\rewrite.php(49): require_once('C:\\Users\\ralph\\Desktop\\Azazel\\Capstone Backup\\Editing\\HarmonySystem\\public\\index.php')
INFO - 2024-10-25 09:02:38 --> Session: Class initialized using 'CodeIgniter\Session\Handlers\FileHandler' driver.
ERROR - 2024-10-25 09:02:50 --> mysqli_sql_exception: Table 'harmony_db.tbl_poistion' doesn't exist in C:\Users\ralph\Desktop\Azazel\Capstone Backup\Editing\HarmonySystem\system\Database\MySQLi\Connection.php:308
Stack trace:
#0 C:\Users\ralph\Desktop\Azazel\Capstone Backup\Editing\HarmonySystem\system\Database\MySQLi\Connection.php(308): mysqli->query('SELECT `tbl_emp...', 0)
#1 C:\Users\ralph\Desktop\Azazel\Capstone Backup\Editing\HarmonySystem\system\Database\BaseConnection.php(722): CodeIgniter\Database\MySQLi\Connection->execute('SELECT `tbl_emp...')
#2 C:\Users\ralph\Desktop\Azazel\Capstone Backup\Editing\HarmonySystem\system\Database\BaseConnection.php(636): CodeIgniter\Database\BaseConnection->simpleQuery('SELECT `tbl_emp...')
#3 C:\Users\ralph\Desktop\Azazel\Capstone Backup\Editing\HarmonySystem\system\Database\BaseBuilder.php(1629): CodeIgniter\Database\BaseConnection->query('SELECT `tbl_emp...', Array, false)
#4 C:\Users\ralph\Desktop\Azazel\Capstone Backup\Editing\HarmonySystem\system\Model.php(275): CodeIgniter\Database\BaseBuilder->get()
#5 C:\Users\ralph\Desktop\Azazel\Capstone Backup\Editing\HarmonySystem\system\BaseModel.php(676): CodeIgniter\Model->doFindAll(0, 0)
#6 C:\Users\ralph\Desktop\Azazel\Capstone Backup\Editing\HarmonySystem\app\Controllers\EmployeeController.php(34): CodeIgniter\BaseModel->findAll()
#7 C:\Users\ralph\Desktop\Azazel\Capstone Backup\Editing\HarmonySystem\system\CodeIgniter.php(933): App\Controllers\EmployeeController->manageEmployee()
#8 C:\Users\ralph\Desktop\Azazel\Capstone Backup\Editing\HarmonySystem\system\CodeIgniter.php(509): CodeIgniter\CodeIgniter->runController(Object(App\Controllers\EmployeeController))
#9 C:\Users\ralph\Desktop\Azazel\Capstone Backup\Editing\HarmonySystem\system\CodeIgniter.php(355): CodeIgniter\CodeIgniter->handleRequest(NULL, Object(Config\Cache), false)
#10 C:\Users\ralph\Desktop\Azazel\Capstone Backup\Editing\HarmonySystem\system\Boot.php(312): CodeIgniter\CodeIgniter->run()
#11 C:\Users\ralph\Desktop\Azazel\Capstone Backup\Editing\HarmonySystem\system\Boot.php(67): CodeIgniter\Boot::runCodeIgniter(Object(CodeIgniter\CodeIgniter))
#12 C:\Users\ralph\Desktop\Azazel\Capstone Backup\Editing\HarmonySystem\public\index.php(56): CodeIgniter\Boot::bootWeb(Object(Config\Paths))
#13 C:\Users\ralph\Desktop\Azazel\Capstone Backup\Editing\HarmonySystem\system\Commands\Server\rewrite.php(49): require_once('C:\\Users\\ralph\\...')
#14 {main}
CRITICAL - 2024-10-25 09:02:50 --> CodeIgniter\Database\Exceptions\DatabaseException: Table 'harmony_db.tbl_poistion' doesn't exist
[Method: GET, Route: manageEmployee]
in SYSTEMPATH\Database\BaseConnection.php on line 676.
 1 SYSTEMPATH\Database\BaseBuilder.php(1629): CodeIgniter\Database\BaseConnection->query('SELECT `tbl_employee`.*, `tbl_department`.`department_name`, `tbl_position`.`tbl_position_name`
FROM `tbl_employee`
JOIN `tbl_department` ON `tbl_department`.`department_id` = `tbl_employee`.`department_id`
JOIN `tbl_poistion` ON `tbl_position`.`position_id` = `tbl_employee`.`position_id`', [], false)
 2 SYSTEMPATH\Model.php(275): CodeIgniter\Database\BaseBuilder->get()
 3 SYSTEMPATH\BaseModel.php(676): CodeIgniter\Model->doFindAll(0, 0)
 4 APPPATH\Controllers\EmployeeController.php(34): CodeIgniter\BaseModel->findAll()
 5 SYSTEMPATH\CodeIgniter.php(933): App\Controllers\EmployeeController->manageEmployee()
 6 SYSTEMPATH\CodeIgniter.php(509): CodeIgniter\CodeIgniter->runController(Object(App\Controllers\EmployeeController))
 7 SYSTEMPATH\CodeIgniter.php(355): CodeIgniter\CodeIgniter->handleRequest(null, Object(Config\Cache), false)
 8 SYSTEMPATH\Boot.php(312): CodeIgniter\CodeIgniter->run()
 9 SYSTEMPATH\Boot.php(67): CodeIgniter\Boot::runCodeIgniter(Object(CodeIgniter\CodeIgniter))
10 FCPATH\index.php(56): CodeIgniter\Boot::bootWeb(Object(Config\Paths))
11 SYSTEMPATH\Commands\Server\rewrite.php(49): require_once('C:\\Users\\ralph\\Desktop\\Azazel\\Capstone Backup\\Editing\\HarmonySystem\\public\\index.php')
CRITICAL - 2024-10-25 09:02:50 --> [Caused by] CodeIgniter\Database\Exceptions\DatabaseException: Table 'harmony_db.tbl_poistion' doesn't exist
in SYSTEMPATH\Database\MySQLi\Connection.php on line 313.
 1 SYSTEMPATH\Database\BaseConnection.php(722): CodeIgniter\Database\MySQLi\Connection->execute('SELECT `tbl_employee`.*, `tbl_department`.`department_name`, `tbl_position`.`tbl_position_name`
FROM `tbl_employee`
JOIN `tbl_department` ON `tbl_department`.`department_id` = `tbl_employee`.`department_id`
JOIN `tbl_poistion` ON `tbl_position`.`position_id` = `tbl_employee`.`position_id`')
 2 SYSTEMPATH\Database\BaseConnection.php(636): CodeIgniter\Database\BaseConnection->simpleQuery('SELECT `tbl_employee`.*, `tbl_department`.`department_name`, `tbl_position`.`tbl_position_name`
FROM `tbl_employee`
JOIN `tbl_department` ON `tbl_department`.`department_id` = `tbl_employee`.`department_id`
JOIN `tbl_poistion` ON `tbl_position`.`position_id` = `tbl_employee`.`position_id`')
 3 SYSTEMPATH\Database\BaseBuilder.php(1629): CodeIgniter\Database\BaseConnection->query('SELECT `tbl_employee`.*, `tbl_department`.`department_name`, `tbl_position`.`tbl_position_name`
FROM `tbl_employee`
JOIN `tbl_department` ON `tbl_department`.`department_id` = `tbl_employee`.`department_id`
JOIN `tbl_poistion` ON `tbl_position`.`position_id` = `tbl_employee`.`position_id`', [], false)
 4 SYSTEMPATH\Model.php(275): CodeIgniter\Database\BaseBuilder->get()
 5 SYSTEMPATH\BaseModel.php(676): CodeIgniter\Model->doFindAll(0, 0)
 6 APPPATH\Controllers\EmployeeController.php(34): CodeIgniter\BaseModel->findAll()
 7 SYSTEMPATH\CodeIgniter.php(933): App\Controllers\EmployeeController->manageEmployee()
 8 SYSTEMPATH\CodeIgniter.php(509): CodeIgniter\CodeIgniter->runController(Object(App\Controllers\EmployeeController))
 9 SYSTEMPATH\CodeIgniter.php(355): CodeIgniter\CodeIgniter->handleRequest(null, Object(Config\Cache), false)
10 SYSTEMPATH\Boot.php(312): CodeIgniter\CodeIgniter->run()
11 SYSTEMPATH\Boot.php(67): CodeIgniter\Boot::runCodeIgniter(Object(CodeIgniter\CodeIgniter))
12 FCPATH\index.php(56): CodeIgniter\Boot::bootWeb(Object(Config\Paths))
13 SYSTEMPATH\Commands\Server\rewrite.php(49): require_once('C:\\Users\\ralph\\Desktop\\Azazel\\Capstone Backup\\Editing\\HarmonySystem\\public\\index.php')
CRITICAL - 2024-10-25 09:02:50 --> [Caused by] mysqli_sql_exception: Table 'harmony_db.tbl_poistion' doesn't exist
in SYSTEMPATH\Database\MySQLi\Connection.php on line 308.
 1 SYSTEMPATH\Database\MySQLi\Connection.php(308): mysqli->query('SELECT `tbl_employee`.*, `tbl_department`.`department_name`, `tbl_position`.`tbl_position_name`
FROM `tbl_employee`
JOIN `tbl_department` ON `tbl_department`.`department_id` = `tbl_employee`.`department_id`
JOIN `tbl_poistion` ON `tbl_position`.`position_id` = `tbl_employee`.`position_id`', 0)
 2 SYSTEMPATH\Database\BaseConnection.php(722): CodeIgniter\Database\MySQLi\Connection->execute('SELECT `tbl_employee`.*, `tbl_department`.`department_name`, `tbl_position`.`tbl_position_name`
FROM `tbl_employee`
JOIN `tbl_department` ON `tbl_department`.`department_id` = `tbl_employee`.`department_id`
JOIN `tbl_poistion` ON `tbl_position`.`position_id` = `tbl_employee`.`position_id`')
 3 SYSTEMPATH\Database\BaseConnection.php(636): CodeIgniter\Database\BaseConnection->simpleQuery('SELECT `tbl_employee`.*, `tbl_department`.`department_name`, `tbl_position`.`tbl_position_name`
FROM `tbl_employee`
JOIN `tbl_department` ON `tbl_department`.`department_id` = `tbl_employee`.`department_id`
JOIN `tbl_poistion` ON `tbl_position`.`position_id` = `tbl_employee`.`position_id`')
 4 SYSTEMPATH\Database\BaseBuilder.php(1629): CodeIgniter\Database\BaseConnection->query('SELECT `tbl_employee`.*, `tbl_department`.`department_name`, `tbl_position`.`tbl_position_name`
FROM `tbl_employee`
JOIN `tbl_department` ON `tbl_department`.`department_id` = `tbl_employee`.`department_id`
JOIN `tbl_poistion` ON `tbl_position`.`position_id` = `tbl_employee`.`position_id`', [], false)
 5 SYSTEMPATH\Model.php(275): CodeIgniter\Database\BaseBuilder->get()
 6 SYSTEMPATH\BaseModel.php(676): CodeIgniter\Model->doFindAll(0, 0)
 7 APPPATH\Controllers\EmployeeController.php(34): CodeIgniter\BaseModel->findAll()
 8 SYSTEMPATH\CodeIgniter.php(933): App\Controllers\EmployeeController->manageEmployee()
 9 SYSTEMPATH\CodeIgniter.php(509): CodeIgniter\CodeIgniter->runController(Object(App\Controllers\EmployeeController))
10 SYSTEMPATH\CodeIgniter.php(355): CodeIgniter\CodeIgniter->handleRequest(null, Object(Config\Cache), false)
11 SYSTEMPATH\Boot.php(312): CodeIgniter\CodeIgniter->run()
12 SYSTEMPATH\Boot.php(67): CodeIgniter\Boot::runCodeIgniter(Object(CodeIgniter\CodeIgniter))
13 FCPATH\index.php(56): CodeIgniter\Boot::bootWeb(Object(Config\Paths))
14 SYSTEMPATH\Commands\Server\rewrite.php(49): require_once('C:\\Users\\ralph\\Desktop\\Azazel\\Capstone Backup\\Editing\\HarmonySystem\\public\\index.php')
ERROR - 2024-10-25 09:02:57 --> mysqli_sql_exception: Unknown column 'tbl_position.tbl_position_name' in 'field list' in C:\Users\ralph\Desktop\Azazel\Capstone Backup\Editing\HarmonySystem\system\Database\MySQLi\Connection.php:308
Stack trace:
#0 C:\Users\ralph\Desktop\Azazel\Capstone Backup\Editing\HarmonySystem\system\Database\MySQLi\Connection.php(308): mysqli->query('SELECT `tbl_emp...', 0)
#1 C:\Users\ralph\Desktop\Azazel\Capstone Backup\Editing\HarmonySystem\system\Database\BaseConnection.php(722): CodeIgniter\Database\MySQLi\Connection->execute('SELECT `tbl_emp...')
#2 C:\Users\ralph\Desktop\Azazel\Capstone Backup\Editing\HarmonySystem\system\Database\BaseConnection.php(636): CodeIgniter\Database\BaseConnection->simpleQuery('SELECT `tbl_emp...')
#3 C:\Users\ralph\Desktop\Azazel\Capstone Backup\Editing\HarmonySystem\system\Database\BaseBuilder.php(1629): CodeIgniter\Database\BaseConnection->query('SELECT `tbl_emp...', Array, false)
#4 C:\Users\ralph\Desktop\Azazel\Capstone Backup\Editing\HarmonySystem\system\Model.php(275): CodeIgniter\Database\BaseBuilder->get()
#5 C:\Users\ralph\Desktop\Azazel\Capstone Backup\Editing\HarmonySystem\system\BaseModel.php(676): CodeIgniter\Model->doFindAll(0, 0)
#6 C:\Users\ralph\Desktop\Azazel\Capstone Backup\Editing\HarmonySystem\app\Controllers\EmployeeController.php(34): CodeIgniter\BaseModel->findAll()
#7 C:\Users\ralph\Desktop\Azazel\Capstone Backup\Editing\HarmonySystem\system\CodeIgniter.php(933): App\Controllers\EmployeeController->manageEmployee()
#8 C:\Users\ralph\Desktop\Azazel\Capstone Backup\Editing\HarmonySystem\system\CodeIgniter.php(509): CodeIgniter\CodeIgniter->runController(Object(App\Controllers\EmployeeController))
#9 C:\Users\ralph\Desktop\Azazel\Capstone Backup\Editing\HarmonySystem\system\CodeIgniter.php(355): CodeIgniter\CodeIgniter->handleRequest(NULL, Object(Config\Cache), false)
#10 C:\Users\ralph\Desktop\Azazel\Capstone Backup\Editing\HarmonySystem\system\Boot.php(312): CodeIgniter\CodeIgniter->run()
#11 C:\Users\ralph\Desktop\Azazel\Capstone Backup\Editing\HarmonySystem\system\Boot.php(67): CodeIgniter\Boot::runCodeIgniter(Object(CodeIgniter\CodeIgniter))
#12 C:\Users\ralph\Desktop\Azazel\Capstone Backup\Editing\HarmonySystem\public\index.php(56): CodeIgniter\Boot::bootWeb(Object(Config\Paths))
#13 C:\Users\ralph\Desktop\Azazel\Capstone Backup\Editing\HarmonySystem\system\Commands\Server\rewrite.php(49): require_once('C:\\Users\\ralph\\...')
#14 {main}
CRITICAL - 2024-10-25 09:02:57 --> CodeIgniter\Database\Exceptions\DatabaseException: Unknown column 'tbl_position.tbl_position_name' in 'field list'
[Method: GET, Route: manageEmployee]
in SYSTEMPATH\Database\BaseConnection.php on line 676.
 1 SYSTEMPATH\Database\BaseBuilder.php(1629): CodeIgniter\Database\BaseConnection->query('SELECT `tbl_employee`.*, `tbl_department`.`department_name`, `tbl_position`.`tbl_position_name`
FROM `tbl_employee`
JOIN `tbl_department` ON `tbl_department`.`department_id` = `tbl_employee`.`department_id`
JOIN `tbl_position` ON `tbl_position`.`position_id` = `tbl_employee`.`position_id`', [], false)
 2 SYSTEMPATH\Model.php(275): CodeIgniter\Database\BaseBuilder->get()
 3 SYSTEMPATH\BaseModel.php(676): CodeIgniter\Model->doFindAll(0, 0)
 4 APPPATH\Controllers\EmployeeController.php(34): CodeIgniter\BaseModel->findAll()
 5 SYSTEMPATH\CodeIgniter.php(933): App\Controllers\EmployeeController->manageEmployee()
 6 SYSTEMPATH\CodeIgniter.php(509): CodeIgniter\CodeIgniter->runController(Object(App\Controllers\EmployeeController))
 7 SYSTEMPATH\CodeIgniter.php(355): CodeIgniter\CodeIgniter->handleRequest(null, Object(Config\Cache), false)
 8 SYSTEMPATH\Boot.php(312): CodeIgniter\CodeIgniter->run()
 9 SYSTEMPATH\Boot.php(67): CodeIgniter\Boot::runCodeIgniter(Object(CodeIgniter\CodeIgniter))
10 FCPATH\index.php(56): CodeIgniter\Boot::bootWeb(Object(Config\Paths))
11 SYSTEMPATH\Commands\Server\rewrite.php(49): require_once('C:\\Users\\ralph\\Desktop\\Azazel\\Capstone Backup\\Editing\\HarmonySystem\\public\\index.php')
CRITICAL - 2024-10-25 09:02:57 --> [Caused by] CodeIgniter\Database\Exceptions\DatabaseException: Unknown column 'tbl_position.tbl_position_name' in 'field list'
in SYSTEMPATH\Database\MySQLi\Connection.php on line 313.
 1 SYSTEMPATH\Database\BaseConnection.php(722): CodeIgniter\Database\MySQLi\Connection->execute('SELECT `tbl_employee`.*, `tbl_department`.`department_name`, `tbl_position`.`tbl_position_name`
FROM `tbl_employee`
JOIN `tbl_department` ON `tbl_department`.`department_id` = `tbl_employee`.`department_id`
JOIN `tbl_position` ON `tbl_position`.`position_id` = `tbl_employee`.`position_id`')
 2 SYSTEMPATH\Database\BaseConnection.php(636): CodeIgniter\Database\BaseConnection->simpleQuery('SELECT `tbl_employee`.*, `tbl_department`.`department_name`, `tbl_position`.`tbl_position_name`
FROM `tbl_employee`
JOIN `tbl_department` ON `tbl_department`.`department_id` = `tbl_employee`.`department_id`
JOIN `tbl_position` ON `tbl_position`.`position_id` = `tbl_employee`.`position_id`')
 3 SYSTEMPATH\Database\BaseBuilder.php(1629): CodeIgniter\Database\BaseConnection->query('SELECT `tbl_employee`.*, `tbl_department`.`department_name`, `tbl_position`.`tbl_position_name`
FROM `tbl_employee`
JOIN `tbl_department` ON `tbl_department`.`department_id` = `tbl_employee`.`department_id`
JOIN `tbl_position` ON `tbl_position`.`position_id` = `tbl_employee`.`position_id`', [], false)
 4 SYSTEMPATH\Model.php(275): CodeIgniter\Database\BaseBuilder->get()
 5 SYSTEMPATH\BaseModel.php(676): CodeIgniter\Model->doFindAll(0, 0)
 6 APPPATH\Controllers\EmployeeController.php(34): CodeIgniter\BaseModel->findAll()
 7 SYSTEMPATH\CodeIgniter.php(933): App\Controllers\EmployeeController->manageEmployee()
 8 SYSTEMPATH\CodeIgniter.php(509): CodeIgniter\CodeIgniter->runController(Object(App\Controllers\EmployeeController))
 9 SYSTEMPATH\CodeIgniter.php(355): CodeIgniter\CodeIgniter->handleRequest(null, Object(Config\Cache), false)
10 SYSTEMPATH\Boot.php(312): CodeIgniter\CodeIgniter->run()
11 SYSTEMPATH\Boot.php(67): CodeIgniter\Boot::runCodeIgniter(Object(CodeIgniter\CodeIgniter))
12 FCPATH\index.php(56): CodeIgniter\Boot::bootWeb(Object(Config\Paths))
13 SYSTEMPATH\Commands\Server\rewrite.php(49): require_once('C:\\Users\\ralph\\Desktop\\Azazel\\Capstone Backup\\Editing\\HarmonySystem\\public\\index.php')
CRITICAL - 2024-10-25 09:02:57 --> [Caused by] mysqli_sql_exception: Unknown column 'tbl_position.tbl_position_name' in 'field list'
in SYSTEMPATH\Database\MySQLi\Connection.php on line 308.
 1 SYSTEMPATH\Database\MySQLi\Connection.php(308): mysqli->query('SELECT `tbl_employee`.*, `tbl_department`.`department_name`, `tbl_position`.`tbl_position_name`
FROM `tbl_employee`
JOIN `tbl_department` ON `tbl_department`.`department_id` = `tbl_employee`.`department_id`
JOIN `tbl_position` ON `tbl_position`.`position_id` = `tbl_employee`.`position_id`', 0)
 2 SYSTEMPATH\Database\BaseConnection.php(722): CodeIgniter\Database\MySQLi\Connection->execute('SELECT `tbl_employee`.*, `tbl_department`.`department_name`, `tbl_position`.`tbl_position_name`
FROM `tbl_employee`
JOIN `tbl_department` ON `tbl_department`.`department_id` = `tbl_employee`.`department_id`
JOIN `tbl_position` ON `tbl_position`.`position_id` = `tbl_employee`.`position_id`')
 3 SYSTEMPATH\Database\BaseConnection.php(636): CodeIgniter\Database\BaseConnection->simpleQuery('SELECT `tbl_employee`.*, `tbl_department`.`department_name`, `tbl_position`.`tbl_position_name`
FROM `tbl_employee`
JOIN `tbl_department` ON `tbl_department`.`department_id` = `tbl_employee`.`department_id`
JOIN `tbl_position` ON `tbl_position`.`position_id` = `tbl_employee`.`position_id`')
 4 SYSTEMPATH\Database\BaseBuilder.php(1629): CodeIgniter\Database\BaseConnection->query('SELECT `tbl_employee`.*, `tbl_department`.`department_name`, `tbl_position`.`tbl_position_name`
FROM `tbl_employee`
JOIN `tbl_department` ON `tbl_department`.`department_id` = `tbl_employee`.`department_id`
JOIN `tbl_position` ON `tbl_position`.`position_id` = `tbl_employee`.`position_id`', [], false)
 5 SYSTEMPATH\Model.php(275): CodeIgniter\Database\BaseBuilder->get()
 6 SYSTEMPATH\BaseModel.php(676): CodeIgniter\Model->doFindAll(0, 0)
 7 APPPATH\Controllers\EmployeeController.php(34): CodeIgniter\BaseModel->findAll()
 8 SYSTEMPATH\CodeIgniter.php(933): App\Controllers\EmployeeController->manageEmployee()
 9 SYSTEMPATH\CodeIgniter.php(509): CodeIgniter\CodeIgniter->runController(Object(App\Controllers\EmployeeController))
10 SYSTEMPATH\CodeIgniter.php(355): CodeIgniter\CodeIgniter->handleRequest(null, Object(Config\Cache), false)
11 SYSTEMPATH\Boot.php(312): CodeIgniter\CodeIgniter->run()
12 SYSTEMPATH\Boot.php(67): CodeIgniter\Boot::runCodeIgniter(Object(CodeIgniter\CodeIgniter))
13 FCPATH\index.php(56): CodeIgniter\Boot::bootWeb(Object(Config\Paths))
14 SYSTEMPATH\Commands\Server\rewrite.php(49): require_once('C:\\Users\\ralph\\Desktop\\Azazel\\Capstone Backup\\Editing\\HarmonySystem\\public\\index.php')
INFO - 2024-10-25 09:06:50 --> Session: Class initialized using 'CodeIgniter\Session\Handlers\FileHandler' driver.
INFO - 2024-10-25 09:07:22 --> Session: Class initialized using 'CodeIgniter\Session\Handlers\FileHandler' driver.
