INFO - 2024-10-27 13:03:14 --> Session: Class initialized using 'CodeIgniter\Session\Handlers\FileHandler' driver.
INFO - 2024-10-27 13:03:14 --> Session: Class initialized using 'CodeIgniter\Session\Handlers\FileHandler' driver.
INFO - 2024-10-27 13:03:18 --> Session: Class initialized using 'CodeIgniter\Session\Handlers\FileHandler' driver.
INFO - 2024-10-27 13:03:19 --> Session: Class initialized using 'CodeIgniter\Session\Handlers\FileHandler' driver.
INFO - 2024-10-27 13:03:24 --> Session: Class initialized using 'CodeIgniter\Session\Handlers\FileHandler' driver.
INFO - 2024-10-27 13:03:36 --> Session: Class initialized using 'CodeIgniter\Session\Handlers\FileHandler' driver.
INFO - 2024-10-27 13:04:06 --> Session: Class initialized using 'CodeIgniter\Session\Handlers\FileHandler' driver.
INFO - 2024-10-27 13:04:09 --> Session: Class initialized using 'CodeIgniter\Session\Handlers\FileHandler' driver.
INFO - 2024-10-27 13:06:10 --> Session: Class initialized using 'CodeIgniter\Session\Handlers\FileHandler' driver.
INFO - 2024-10-27 13:07:20 --> Session: Class initialized using 'CodeIgniter\Session\Handlers\FileHandler' driver.
INFO - 2024-10-27 13:07:47 --> Session: Class initialized using 'CodeIgniter\Session\Handlers\FileHandler' driver.
INFO - 2024-10-27 13:07:55 --> Session: Class initialized using 'CodeIgniter\Session\Handlers\FileHandler' driver.
INFO - 2024-10-27 13:07:57 --> Session: Class initialized using 'CodeIgniter\Session\Handlers\FileHandler' driver.
INFO - 2024-10-27 13:08:37 --> Session: Class initialized using 'CodeIgniter\Session\Handlers\FileHandler' driver.
INFO - 2024-10-27 13:08:41 --> Session: Class initialized using 'CodeIgniter\Session\Handlers\FileHandler' driver.
WARNING - 2024-10-27 13:12:54 --> [DEPRECATED] Constant FILTER_SANITIZE_STRING is deprecated in APPPATH\Controllers\PayheadController.php on line 30.
 1 SYSTEMPATH\CodeIgniter.php(933): App\Controllers\PayheadController->addPayhead()
 2 SYSTEMPATH\CodeIgniter.php(509): CodeIgniter\CodeIgniter->runController(Object(App\Controllers\PayheadController))
 3 SYSTEMPATH\CodeIgniter.php(355): CodeIgniter\CodeIgniter->handleRequest(null, Object(Config\Cache), false)
 4 SYSTEMPATH\Boot.php(312): CodeIgniter\CodeIgniter->run()
 5 SYSTEMPATH\Boot.php(67): CodeIgniter\Boot::runCodeIgniter(Object(CodeIgniter\CodeIgniter))
 6 FCPATH\index.php(56): CodeIgniter\Boot::bootWeb(Object(Config\Paths))
 7 SYSTEMPATH\Commands\Server\rewrite.php(49): require_once('C:\\Users\\ralph\\Desktop\\Azazel\\Capstone Backup\\Editing\\HarmonySystem\\public\\index.php')
INFO - 2024-10-27 13:12:54 --> Session: Class initialized using 'CodeIgniter\Session\Handlers\FileHandler' driver.
INFO - 2024-10-27 13:12:54 --> Session: Class initialized using 'CodeIgniter\Session\Handlers\FileHandler' driver.
INFO - 2024-10-27 13:15:02 --> Session: Class initialized using 'CodeIgniter\Session\Handlers\FileHandler' driver.
INFO - 2024-10-27 13:15:15 --> Session: Class initialized using 'CodeIgniter\Session\Handlers\FileHandler' driver.
WARNING - 2024-10-27 13:15:33 --> [DEPRECATED] Constant FILTER_SANITIZE_STRING is deprecated in APPPATH\Controllers\PayheadController.php on line 30.
 1 SYSTEMPATH\CodeIgniter.php(933): App\Controllers\PayheadController->addPayhead()
 2 SYSTEMPATH\CodeIgniter.php(509): CodeIgniter\CodeIgniter->runController(Object(App\Controllers\PayheadController))
 3 SYSTEMPATH\CodeIgniter.php(355): CodeIgniter\CodeIgniter->handleRequest(null, Object(Config\Cache), false)
 4 SYSTEMPATH\Boot.php(312): CodeIgniter\CodeIgniter->run()
 5 SYSTEMPATH\Boot.php(67): CodeIgniter\Boot::runCodeIgniter(Object(CodeIgniter\CodeIgniter))
 6 FCPATH\index.php(56): CodeIgniter\Boot::bootWeb(Object(Config\Paths))
 7 SYSTEMPATH\Commands\Server\rewrite.php(49): require_once('C:\\Users\\ralph\\Desktop\\Azazel\\Capstone Backup\\Editing\\HarmonySystem\\public\\index.php')
INFO - 2024-10-27 13:15:33 --> Session: Class initialized using 'CodeIgniter\Session\Handlers\FileHandler' driver.
INFO - 2024-10-27 13:15:33 --> Session: Class initialized using 'CodeIgniter\Session\Handlers\FileHandler' driver.
INFO - 2024-10-27 13:16:19 --> Session: Class initialized using 'CodeIgniter\Session\Handlers\FileHandler' driver.
INFO - 2024-10-27 13:16:51 --> Session: Class initialized using 'CodeIgniter\Session\Handlers\FileHandler' driver.
WARNING - 2024-10-27 13:17:00 --> [DEPRECATED] Constant FILTER_SANITIZE_STRING is deprecated in APPPATH\Controllers\PayheadController.php on line 30.
 1 SYSTEMPATH\CodeIgniter.php(933): App\Controllers\PayheadController->addPayhead()
 2 SYSTEMPATH\CodeIgniter.php(509): CodeIgniter\CodeIgniter->runController(Object(App\Controllers\PayheadController))
 3 SYSTEMPATH\CodeIgniter.php(355): CodeIgniter\CodeIgniter->handleRequest(null, Object(Config\Cache), false)
 4 SYSTEMPATH\Boot.php(312): CodeIgniter\CodeIgniter->run()
 5 SYSTEMPATH\Boot.php(67): CodeIgniter\Boot::runCodeIgniter(Object(CodeIgniter\CodeIgniter))
 6 FCPATH\index.php(56): CodeIgniter\Boot::bootWeb(Object(Config\Paths))
 7 SYSTEMPATH\Commands\Server\rewrite.php(49): require_once('C:\\Users\\ralph\\Desktop\\Azazel\\Capstone Backup\\Editing\\HarmonySystem\\public\\index.php')
INFO - 2024-10-27 13:17:00 --> Session: Class initialized using 'CodeIgniter\Session\Handlers\FileHandler' driver.
INFO - 2024-10-27 13:17:00 --> Session: Class initialized using 'CodeIgniter\Session\Handlers\FileHandler' driver.
INFO - 2024-10-27 13:17:20 --> Session: Class initialized using 'CodeIgniter\Session\Handlers\FileHandler' driver.
INFO - 2024-10-27 13:17:30 --> Session: Class initialized using 'CodeIgniter\Session\Handlers\FileHandler' driver.
INFO - 2024-10-27 13:17:32 --> Session: Class initialized using 'CodeIgniter\Session\Handlers\FileHandler' driver.
INFO - 2024-10-27 13:17:39 --> Session: Class initialized using 'CodeIgniter\Session\Handlers\FileHandler' driver.
INFO - 2024-10-27 13:17:39 --> Session: Class initialized using 'CodeIgniter\Session\Handlers\FileHandler' driver.
INFO - 2024-10-27 13:17:41 --> Session: Class initialized using 'CodeIgniter\Session\Handlers\FileHandler' driver.
INFO - 2024-10-27 13:17:41 --> Session: Class initialized using 'CodeIgniter\Session\Handlers\FileHandler' driver.
INFO - 2024-10-27 13:17:41 --> Session: Class initialized using 'CodeIgniter\Session\Handlers\FileHandler' driver.
INFO - 2024-10-27 13:17:42 --> Session: Class initialized using 'CodeIgniter\Session\Handlers\FileHandler' driver.
INFO - 2024-10-27 13:17:42 --> Session: Class initialized using 'CodeIgniter\Session\Handlers\FileHandler' driver.
INFO - 2024-10-27 13:17:42 --> Session: Class initialized using 'CodeIgniter\Session\Handlers\FileHandler' driver.
INFO - 2024-10-27 13:17:43 --> Session: Class initialized using 'CodeIgniter\Session\Handlers\FileHandler' driver.
INFO - 2024-10-27 13:17:43 --> Session: Class initialized using 'CodeIgniter\Session\Handlers\FileHandler' driver.
WARNING - 2024-10-27 13:17:55 --> [DEPRECATED] Constant FILTER_SANITIZE_STRING is deprecated in APPPATH\Controllers\PayheadController.php on line 30.
 1 SYSTEMPATH\CodeIgniter.php(933): App\Controllers\PayheadController->addPayhead()
 2 SYSTEMPATH\CodeIgniter.php(509): CodeIgniter\CodeIgniter->runController(Object(App\Controllers\PayheadController))
 3 SYSTEMPATH\CodeIgniter.php(355): CodeIgniter\CodeIgniter->handleRequest(null, Object(Config\Cache), false)
 4 SYSTEMPATH\Boot.php(312): CodeIgniter\CodeIgniter->run()
 5 SYSTEMPATH\Boot.php(67): CodeIgniter\Boot::runCodeIgniter(Object(CodeIgniter\CodeIgniter))
 6 FCPATH\index.php(56): CodeIgniter\Boot::bootWeb(Object(Config\Paths))
 7 SYSTEMPATH\Commands\Server\rewrite.php(49): require_once('C:\\Users\\ralph\\Desktop\\Azazel\\Capstone Backup\\Editing\\HarmonySystem\\public\\index.php')
INFO - 2024-10-27 13:17:55 --> Session: Class initialized using 'CodeIgniter\Session\Handlers\FileHandler' driver.
INFO - 2024-10-27 13:17:56 --> Session: Class initialized using 'CodeIgniter\Session\Handlers\FileHandler' driver.
WARNING - 2024-10-27 13:18:11 --> [DEPRECATED] Constant FILTER_SANITIZE_STRING is deprecated in APPPATH\Controllers\PayheadController.php on line 30.
 1 SYSTEMPATH\CodeIgniter.php(933): App\Controllers\PayheadController->addPayhead()
 2 SYSTEMPATH\CodeIgniter.php(509): CodeIgniter\CodeIgniter->runController(Object(App\Controllers\PayheadController))
 3 SYSTEMPATH\CodeIgniter.php(355): CodeIgniter\CodeIgniter->handleRequest(null, Object(Config\Cache), false)
 4 SYSTEMPATH\Boot.php(312): CodeIgniter\CodeIgniter->run()
 5 SYSTEMPATH\Boot.php(67): CodeIgniter\Boot::runCodeIgniter(Object(CodeIgniter\CodeIgniter))
 6 FCPATH\index.php(56): CodeIgniter\Boot::bootWeb(Object(Config\Paths))
 7 SYSTEMPATH\Commands\Server\rewrite.php(49): require_once('C:\\Users\\ralph\\Desktop\\Azazel\\Capstone Backup\\Editing\\HarmonySystem\\public\\index.php')
INFO - 2024-10-27 13:18:11 --> Session: Class initialized using 'CodeIgniter\Session\Handlers\FileHandler' driver.
INFO - 2024-10-27 13:18:11 --> Session: Class initialized using 'CodeIgniter\Session\Handlers\FileHandler' driver.
INFO - 2024-10-27 13:18:16 --> Session: Class initialized using 'CodeIgniter\Session\Handlers\FileHandler' driver.
INFO - 2024-10-27 13:18:27 --> Session: Class initialized using 'CodeIgniter\Session\Handlers\FileHandler' driver.
INFO - 2024-10-27 13:18:34 --> Session: Class initialized using 'CodeIgniter\Session\Handlers\FileHandler' driver.
INFO - 2024-10-27 13:18:40 --> Session: Class initialized using 'CodeIgniter\Session\Handlers\FileHandler' driver.
INFO - 2024-10-27 13:18:44 --> Session: Class initialized using 'CodeIgniter\Session\Handlers\FileHandler' driver.
INFO - 2024-10-27 13:18:47 --> Session: Class initialized using 'CodeIgniter\Session\Handlers\FileHandler' driver.
INFO - 2024-10-27 13:18:54 --> Session: Class initialized using 'CodeIgniter\Session\Handlers\FileHandler' driver.
INFO - 2024-10-27 13:18:56 --> Session: Class initialized using 'CodeIgniter\Session\Handlers\FileHandler' driver.
INFO - 2024-10-27 13:19:04 --> Session: Class initialized using 'CodeIgniter\Session\Handlers\FileHandler' driver.
INFO - 2024-10-27 13:19:21 --> Session: Class initialized using 'CodeIgniter\Session\Handlers\FileHandler' driver.
INFO - 2024-10-27 13:19:22 --> Session: Class initialized using 'CodeIgniter\Session\Handlers\FileHandler' driver.
INFO - 2024-10-27 13:21:00 --> Session: Class initialized using 'CodeIgniter\Session\Handlers\FileHandler' driver.
INFO - 2024-10-27 13:22:15 --> Session: Class initialized using 'CodeIgniter\Session\Handlers\FileHandler' driver.
INFO - 2024-10-27 13:24:05 --> Session: Class initialized using 'CodeIgniter\Session\Handlers\FileHandler' driver.
INFO - 2024-10-27 13:24:16 --> Session: Class initialized using 'CodeIgniter\Session\Handlers\FileHandler' driver.
INFO - 2024-10-27 13:24:23 --> Session: Class initialized using 'CodeIgniter\Session\Handlers\FileHandler' driver.
INFO - 2024-10-27 13:24:31 --> Session: Class initialized using 'CodeIgniter\Session\Handlers\FileHandler' driver.
INFO - 2024-10-27 13:35:39 --> Session: Class initialized using 'CodeIgniter\Session\Handlers\FileHandler' driver.
INFO - 2024-10-27 13:37:59 --> Session: Class initialized using 'CodeIgniter\Session\Handlers\FileHandler' driver.
INFO - 2024-10-27 13:38:04 --> Session: Class initialized using 'CodeIgniter\Session\Handlers\FileHandler' driver.
INFO - 2024-10-27 13:38:11 --> Session: Class initialized using 'CodeIgniter\Session\Handlers\FileHandler' driver.
INFO - 2024-10-27 13:38:34 --> Session: Class initialized using 'CodeIgniter\Session\Handlers\FileHandler' driver.
INFO - 2024-10-27 13:39:40 --> Session: Class initialized using 'CodeIgniter\Session\Handlers\FileHandler' driver.
INFO - 2024-10-27 13:40:16 --> Session: Class initialized using 'CodeIgniter\Session\Handlers\FileHandler' driver.
INFO - 2024-10-27 13:40:20 --> Session: Class initialized using 'CodeIgniter\Session\Handlers\FileHandler' driver.
INFO - 2024-10-27 13:40:20 --> Session: Class initialized using 'CodeIgniter\Session\Handlers\FileHandler' driver.
INFO - 2024-10-27 13:40:22 --> Session: Class initialized using 'CodeIgniter\Session\Handlers\FileHandler' driver.
INFO - 2024-10-27 13:40:33 --> Session: Class initialized using 'CodeIgniter\Session\Handlers\FileHandler' driver.
INFO - 2024-10-27 13:40:39 --> Session: Class initialized using 'CodeIgniter\Session\Handlers\FileHandler' driver.
INFO - 2024-10-27 13:40:39 --> Session: Class initialized using 'CodeIgniter\Session\Handlers\FileHandler' driver.
INFO - 2024-10-27 13:40:43 --> Session: Class initialized using 'CodeIgniter\Session\Handlers\FileHandler' driver.
INFO - 2024-10-27 13:40:43 --> Session: Class initialized using 'CodeIgniter\Session\Handlers\FileHandler' driver.
INFO - 2024-10-27 13:41:43 --> Session: Class initialized using 'CodeIgniter\Session\Handlers\FileHandler' driver.
INFO - 2024-10-27 13:41:47 --> Session: Class initialized using 'CodeIgniter\Session\Handlers\FileHandler' driver.
INFO - 2024-10-27 13:41:49 --> Session: Class initialized using 'CodeIgniter\Session\Handlers\FileHandler' driver.
INFO - 2024-10-27 13:41:49 --> Session: Class initialized using 'CodeIgniter\Session\Handlers\FileHandler' driver.
WARNING - 2024-10-27 13:42:09 --> [DEPRECATED] Constant FILTER_SANITIZE_STRING is deprecated in APPPATH\Controllers\PayheadController.php on line 30.
 1 SYSTEMPATH\CodeIgniter.php(933): App\Controllers\PayheadController->addPayhead()
 2 SYSTEMPATH\CodeIgniter.php(509): CodeIgniter\CodeIgniter->runController(Object(App\Controllers\PayheadController))
 3 SYSTEMPATH\CodeIgniter.php(355): CodeIgniter\CodeIgniter->handleRequest(null, Object(Config\Cache), false)
 4 SYSTEMPATH\Boot.php(312): CodeIgniter\CodeIgniter->run()
 5 SYSTEMPATH\Boot.php(67): CodeIgniter\Boot::runCodeIgniter(Object(CodeIgniter\CodeIgniter))
 6 FCPATH\index.php(56): CodeIgniter\Boot::bootWeb(Object(Config\Paths))
 7 SYSTEMPATH\Commands\Server\rewrite.php(49): require_once('C:\\Users\\ralph\\Desktop\\Azazel\\Capstone Backup\\Editing\\HarmonySystem\\public\\index.php')
INFO - 2024-10-27 13:42:09 --> Session: Class initialized using 'CodeIgniter\Session\Handlers\FileHandler' driver.
INFO - 2024-10-27 13:42:09 --> Session: Class initialized using 'CodeIgniter\Session\Handlers\FileHandler' driver.
INFO - 2024-10-27 13:42:29 --> Session: Class initialized using 'CodeIgniter\Session\Handlers\FileHandler' driver.
INFO - 2024-10-27 13:45:09 --> Session: Class initialized using 'CodeIgniter\Session\Handlers\FileHandler' driver.
WARNING - 2024-10-27 13:45:14 --> [DEPRECATED] Constant FILTER_SANITIZE_STRING is deprecated in APPPATH\Controllers\PayheadController.php on line 30.
 1 SYSTEMPATH\CodeIgniter.php(933): App\Controllers\PayheadController->addPayhead()
 2 SYSTEMPATH\CodeIgniter.php(509): CodeIgniter\CodeIgniter->runController(Object(App\Controllers\PayheadController))
 3 SYSTEMPATH\CodeIgniter.php(355): CodeIgniter\CodeIgniter->handleRequest(null, Object(Config\Cache), false)
 4 SYSTEMPATH\Boot.php(312): CodeIgniter\CodeIgniter->run()
 5 SYSTEMPATH\Boot.php(67): CodeIgniter\Boot::runCodeIgniter(Object(CodeIgniter\CodeIgniter))
 6 FCPATH\index.php(56): CodeIgniter\Boot::bootWeb(Object(Config\Paths))
 7 SYSTEMPATH\Commands\Server\rewrite.php(49): require_once('C:\\Users\\ralph\\Desktop\\Azazel\\Capstone Backup\\Editing\\HarmonySystem\\public\\index.php')
INFO - 2024-10-27 13:45:14 --> Session: Class initialized using 'CodeIgniter\Session\Handlers\FileHandler' driver.
INFO - 2024-10-27 13:45:15 --> Session: Class initialized using 'CodeIgniter\Session\Handlers\FileHandler' driver.
INFO - 2024-10-27 13:45:18 --> Session: Class initialized using 'CodeIgniter\Session\Handlers\FileHandler' driver.
INFO - 2024-10-27 13:45:21 --> Session: Class initialized using 'CodeIgniter\Session\Handlers\FileHandler' driver.
INFO - 2024-10-27 13:45:21 --> Session: Class initialized using 'CodeIgniter\Session\Handlers\FileHandler' driver.
INFO - 2024-10-27 13:45:23 --> Session: Class initialized using 'CodeIgniter\Session\Handlers\FileHandler' driver.
INFO - 2024-10-27 13:45:45 --> Session: Class initialized using 'CodeIgniter\Session\Handlers\FileHandler' driver.
INFO - 2024-10-27 13:45:56 --> Session: Class initialized using 'CodeIgniter\Session\Handlers\FileHandler' driver.
INFO - 2024-10-27 13:46:57 --> Session: Class initialized using 'CodeIgniter\Session\Handlers\FileHandler' driver.
INFO - 2024-10-27 13:48:07 --> Session: Class initialized using 'CodeIgniter\Session\Handlers\FileHandler' driver.
INFO - 2024-10-27 13:48:19 --> Session: Class initialized using 'CodeIgniter\Session\Handlers\FileHandler' driver.
INFO - 2024-10-27 13:48:53 --> Session: Class initialized using 'CodeIgniter\Session\Handlers\FileHandler' driver.
INFO - 2024-10-27 13:49:51 --> Session: Class initialized using 'CodeIgniter\Session\Handlers\FileHandler' driver.
INFO - 2024-10-27 13:49:55 --> Session: Class initialized using 'CodeIgniter\Session\Handlers\FileHandler' driver.
INFO - 2024-10-27 13:49:55 --> Session: Class initialized using 'CodeIgniter\Session\Handlers\FileHandler' driver.
INFO - 2024-10-27 13:50:01 --> Session: Class initialized using 'CodeIgniter\Session\Handlers\FileHandler' driver.
INFO - 2024-10-27 13:50:02 --> Session: Class initialized using 'CodeIgniter\Session\Handlers\FileHandler' driver.
INFO - 2024-10-27 13:50:07 --> Session: Class initialized using 'CodeIgniter\Session\Handlers\FileHandler' driver.
INFO - 2024-10-27 13:53:23 --> Session: Class initialized using 'CodeIgniter\Session\Handlers\FileHandler' driver.
INFO - 2024-10-27 13:59:08 --> Session: Class initialized using 'CodeIgniter\Session\Handlers\FileHandler' driver.
INFO - 2024-10-27 13:59:15 --> Session: Class initialized using 'CodeIgniter\Session\Handlers\FileHandler' driver.
INFO - 2024-10-27 13:59:17 --> Session: Class initialized using 'CodeIgniter\Session\Handlers\FileHandler' driver.
INFO - 2024-10-27 13:59:17 --> Session: Class initialized using 'CodeIgniter\Session\Handlers\FileHandler' driver.
INFO - 2024-10-27 14:14:55 --> Session: Class initialized using 'CodeIgniter\Session\Handlers\FileHandler' driver.
INFO - 2024-10-27 14:16:40 --> Session: Class initialized using 'CodeIgniter\Session\Handlers\FileHandler' driver.
INFO - 2024-10-27 14:16:45 --> Session: Class initialized using 'CodeIgniter\Session\Handlers\FileHandler' driver.
INFO - 2024-10-27 14:16:45 --> Session: Class initialized using 'CodeIgniter\Session\Handlers\FileHandler' driver.
INFO - 2024-10-27 14:16:54 --> Session: Class initialized using 'CodeIgniter\Session\Handlers\FileHandler' driver.
INFO - 2024-10-27 14:16:56 --> Session: Class initialized using 'CodeIgniter\Session\Handlers\FileHandler' driver.
INFO - 2024-10-27 14:16:56 --> Session: Class initialized using 'CodeIgniter\Session\Handlers\FileHandler' driver.
INFO - 2024-10-27 14:16:58 --> Session: Class initialized using 'CodeIgniter\Session\Handlers\FileHandler' driver.
INFO - 2024-10-27 14:17:04 --> Session: Class initialized using 'CodeIgniter\Session\Handlers\FileHandler' driver.
INFO - 2024-10-27 14:20:17 --> Session: Class initialized using 'CodeIgniter\Session\Handlers\FileHandler' driver.
INFO - 2024-10-27 14:20:21 --> Session: Class initialized using 'CodeIgniter\Session\Handlers\FileHandler' driver.
INFO - 2024-10-27 14:20:22 --> Session: Class initialized using 'CodeIgniter\Session\Handlers\FileHandler' driver.
INFO - 2024-10-27 14:20:31 --> Session: Class initialized using 'CodeIgniter\Session\Handlers\FileHandler' driver.
INFO - 2024-10-27 14:20:43 --> Session: Class initialized using 'CodeIgniter\Session\Handlers\FileHandler' driver.
INFO - 2024-10-27 14:20:48 --> Session: Class initialized using 'CodeIgniter\Session\Handlers\FileHandler' driver.
ERROR - 2024-10-27 14:21:22 --> mysqli_sql_exception: Duplicate entry '43-35' for key 'position_id' in C:\Users\ralph\Desktop\Azazel\Capstone Backup\Editing\HarmonySystem\system\Database\MySQLi\Connection.php:308
Stack trace:
#0 C:\Users\ralph\Desktop\Azazel\Capstone Backup\Editing\HarmonySystem\system\Database\MySQLi\Connection.php(308): mysqli->query('INSERT INTO `tb...', 0)
#1 C:\Users\ralph\Desktop\Azazel\Capstone Backup\Editing\HarmonySystem\system\Database\BaseConnection.php(722): CodeIgniter\Database\MySQLi\Connection->execute('INSERT INTO `tb...')
#2 C:\Users\ralph\Desktop\Azazel\Capstone Backup\Editing\HarmonySystem\system\Database\BaseConnection.php(636): CodeIgniter\Database\BaseConnection->simpleQuery('INSERT INTO `tb...')
#3 C:\Users\ralph\Desktop\Azazel\Capstone Backup\Editing\HarmonySystem\system\Database\BaseBuilder.php(2325): CodeIgniter\Database\BaseConnection->query('INSERT INTO `tb...', Array, false)
#4 C:\Users\ralph\Desktop\Azazel\Capstone Backup\Editing\HarmonySystem\system\Model.php(383): CodeIgniter\Database\BaseBuilder->insert()
#5 C:\Users\ralph\Desktop\Azazel\Capstone Backup\Editing\HarmonySystem\system\BaseModel.php(840): CodeIgniter\Model->doInsert(Array)
#6 C:\Users\ralph\Desktop\Azazel\Capstone Backup\Editing\HarmonySystem\system\Model.php(791): CodeIgniter\BaseModel->insert(Array, false)
#7 C:\Users\ralph\Desktop\Azazel\Capstone Backup\Editing\HarmonySystem\system\BaseModel.php(751): CodeIgniter\Model->insert(Array, false)
#8 C:\Users\ralph\Desktop\Azazel\Capstone Backup\Editing\HarmonySystem\app\Controllers\EmployeeController.php(104): CodeIgniter\BaseModel->save(Array)
#9 C:\Users\ralph\Desktop\Azazel\Capstone Backup\Editing\HarmonySystem\system\CodeIgniter.php(933): App\Controllers\EmployeeController->addEmployee()
#10 C:\Users\ralph\Desktop\Azazel\Capstone Backup\Editing\HarmonySystem\system\CodeIgniter.php(509): CodeIgniter\CodeIgniter->runController(Object(App\Controllers\EmployeeController))
#11 C:\Users\ralph\Desktop\Azazel\Capstone Backup\Editing\HarmonySystem\system\CodeIgniter.php(355): CodeIgniter\CodeIgniter->handleRequest(NULL, Object(Config\Cache), false)
#12 C:\Users\ralph\Desktop\Azazel\Capstone Backup\Editing\HarmonySystem\system\Boot.php(312): CodeIgniter\CodeIgniter->run()
#13 C:\Users\ralph\Desktop\Azazel\Capstone Backup\Editing\HarmonySystem\system\Boot.php(67): CodeIgniter\Boot::runCodeIgniter(Object(CodeIgniter\CodeIgniter))
#14 C:\Users\ralph\Desktop\Azazel\Capstone Backup\Editing\HarmonySystem\public\index.php(56): CodeIgniter\Boot::bootWeb(Object(Config\Paths))
#15 C:\Users\ralph\Desktop\Azazel\Capstone Backup\Editing\HarmonySystem\system\Commands\Server\rewrite.php(49): require_once('C:\\Users\\ralph\\...')
#16 {main}
CRITICAL - 2024-10-27 14:21:22 --> CodeIgniter\Database\Exceptions\DatabaseException: Duplicate entry '43-35' for key 'position_id'
[Method: POST, Route: employeeForm/addEmployee]
in SYSTEMPATH\Database\BaseConnection.php on line 676.
 1 SYSTEMPATH\Database\BaseBuilder.php(2325): CodeIgniter\Database\BaseConnection->query('INSERT INTO `tbl_employee` (`employee_id`, `firstname`, `middlename`, `lastname`, `email`, `sex`, `birthdate`, `region_id`, `province_id`, `municipality_id`, `barangay_id`, `phonenumber`, `department_id`, `position_id`, `daily_rate`, `date_hired`, `time_in`, `time_out`, `status`, `pagibig_account_number`, `sss_account_number`, `philhealth_account_number`) VALUES (:employee_id:, :firstname:, :middlename:, :lastname:, :email:, :sex:, :birthdate:, :region_id:, :province_id:, :municipality_id:, :barangay_id:, :phonenumber:, :department_id:, :position_id:, :daily_rate:, :date_hired:, :time_in:, :time_out:, :status:, :pagibig_account_number:, :sss_account_number:, :philhealth_account_number:)', [...], false)
 2 SYSTEMPATH\Model.php(383): CodeIgniter\Database\BaseBuilder->insert()
 3 SYSTEMPATH\BaseModel.php(840): CodeIgniter\Model->doInsert([...])
 4 SYSTEMPATH\Model.php(791): CodeIgniter\BaseModel->insert([...], false)
 5 SYSTEMPATH\BaseModel.php(751): CodeIgniter\Model->insert([...], false)
 6 APPPATH\Controllers\EmployeeController.php(104): CodeIgniter\BaseModel->save([...])
 7 SYSTEMPATH\CodeIgniter.php(933): App\Controllers\EmployeeController->addEmployee()
 8 SYSTEMPATH\CodeIgniter.php(509): CodeIgniter\CodeIgniter->runController(Object(App\Controllers\EmployeeController))
 9 SYSTEMPATH\CodeIgniter.php(355): CodeIgniter\CodeIgniter->handleRequest(null, Object(Config\Cache), false)
10 SYSTEMPATH\Boot.php(312): CodeIgniter\CodeIgniter->run()
11 SYSTEMPATH\Boot.php(67): CodeIgniter\Boot::runCodeIgniter(Object(CodeIgniter\CodeIgniter))
12 FCPATH\index.php(56): CodeIgniter\Boot::bootWeb(Object(Config\Paths))
13 SYSTEMPATH\Commands\Server\rewrite.php(49): require_once('C:\\Users\\ralph\\Desktop\\Azazel\\Capstone Backup\\Editing\\HarmonySystem\\public\\index.php')
CRITICAL - 2024-10-27 14:21:22 --> [Caused by] CodeIgniter\Database\Exceptions\DatabaseException: Duplicate entry '43-35' for key 'position_id'
in SYSTEMPATH\Database\MySQLi\Connection.php on line 313.
 1 SYSTEMPATH\Database\BaseConnection.php(722): CodeIgniter\Database\MySQLi\Connection->execute('INSERT INTO `tbl_employee` (`employee_id`, `firstname`, `middlename`, `lastname`, `email`, `sex`, `birthdate`, `region_id`, `province_id`, `municipality_id`, `barangay_id`, `phonenumber`, `department_id`, `position_id`, `daily_rate`, `date_hired`, `time_in`, `time_out`, `status`, `pagibig_account_number`, `sss_account_number`, `philhealth_account_number`) VALUES (\'2024-186334\', \'fghf\', \'fgh\', \'fgh\', \'asd@asd\', \'Male\', \'23123-12-31\', \'15\', \'1566\', \'156617\', \'40487\', \'09185741665\', \'35\', \'43\', \'123\', \'2453-02-13\', \'12:31\', \'00:31\', \'Inactive\', \'123456789000\', \'9879798798\', \'123456789000\')')
 2 SYSTEMPATH\Database\BaseConnection.php(636): CodeIgniter\Database\BaseConnection->simpleQuery('INSERT INTO `tbl_employee` (`employee_id`, `firstname`, `middlename`, `lastname`, `email`, `sex`, `birthdate`, `region_id`, `province_id`, `municipality_id`, `barangay_id`, `phonenumber`, `department_id`, `position_id`, `daily_rate`, `date_hired`, `time_in`, `time_out`, `status`, `pagibig_account_number`, `sss_account_number`, `philhealth_account_number`) VALUES (\'2024-186334\', \'fghf\', \'fgh\', \'fgh\', \'asd@asd\', \'Male\', \'23123-12-31\', \'15\', \'1566\', \'156617\', \'40487\', \'09185741665\', \'35\', \'43\', \'123\', \'2453-02-13\', \'12:31\', \'00:31\', \'Inactive\', \'123456789000\', \'9879798798\', \'123456789000\')')
 3 SYSTEMPATH\Database\BaseBuilder.php(2325): CodeIgniter\Database\BaseConnection->query('INSERT INTO `tbl_employee` (`employee_id`, `firstname`, `middlename`, `lastname`, `email`, `sex`, `birthdate`, `region_id`, `province_id`, `municipality_id`, `barangay_id`, `phonenumber`, `department_id`, `position_id`, `daily_rate`, `date_hired`, `time_in`, `time_out`, `status`, `pagibig_account_number`, `sss_account_number`, `philhealth_account_number`) VALUES (:employee_id:, :firstname:, :middlename:, :lastname:, :email:, :sex:, :birthdate:, :region_id:, :province_id:, :municipality_id:, :barangay_id:, :phonenumber:, :department_id:, :position_id:, :daily_rate:, :date_hired:, :time_in:, :time_out:, :status:, :pagibig_account_number:, :sss_account_number:, :philhealth_account_number:)', [...], false)
 4 SYSTEMPATH\Model.php(383): CodeIgniter\Database\BaseBuilder->insert()
 5 SYSTEMPATH\BaseModel.php(840): CodeIgniter\Model->doInsert([...])
 6 SYSTEMPATH\Model.php(791): CodeIgniter\BaseModel->insert([...], false)
 7 SYSTEMPATH\BaseModel.php(751): CodeIgniter\Model->insert([...], false)
 8 APPPATH\Controllers\EmployeeController.php(104): CodeIgniter\BaseModel->save([...])
 9 SYSTEMPATH\CodeIgniter.php(933): App\Controllers\EmployeeController->addEmployee()
10 SYSTEMPATH\CodeIgniter.php(509): CodeIgniter\CodeIgniter->runController(Object(App\Controllers\EmployeeController))
11 SYSTEMPATH\CodeIgniter.php(355): CodeIgniter\CodeIgniter->handleRequest(null, Object(Config\Cache), false)
12 SYSTEMPATH\Boot.php(312): CodeIgniter\CodeIgniter->run()
13 SYSTEMPATH\Boot.php(67): CodeIgniter\Boot::runCodeIgniter(Object(CodeIgniter\CodeIgniter))
14 FCPATH\index.php(56): CodeIgniter\Boot::bootWeb(Object(Config\Paths))
15 SYSTEMPATH\Commands\Server\rewrite.php(49): require_once('C:\\Users\\ralph\\Desktop\\Azazel\\Capstone Backup\\Editing\\HarmonySystem\\public\\index.php')
CRITICAL - 2024-10-27 14:21:22 --> [Caused by] mysqli_sql_exception: Duplicate entry '43-35' for key 'position_id'
in SYSTEMPATH\Database\MySQLi\Connection.php on line 308.
 1 SYSTEMPATH\Database\MySQLi\Connection.php(308): mysqli->query('INSERT INTO `tbl_employee` (`employee_id`, `firstname`, `middlename`, `lastname`, `email`, `sex`, `birthdate`, `region_id`, `province_id`, `municipality_id`, `barangay_id`, `phonenumber`, `department_id`, `position_id`, `daily_rate`, `date_hired`, `time_in`, `time_out`, `status`, `pagibig_account_number`, `sss_account_number`, `philhealth_account_number`) VALUES (\'2024-186334\', \'fghf\', \'fgh\', \'fgh\', \'asd@asd\', \'Male\', \'23123-12-31\', \'15\', \'1566\', \'156617\', \'40487\', \'09185741665\', \'35\', \'43\', \'123\', \'2453-02-13\', \'12:31\', \'00:31\', \'Inactive\', \'123456789000\', \'9879798798\', \'123456789000\')', 0)
 2 SYSTEMPATH\Database\BaseConnection.php(722): CodeIgniter\Database\MySQLi\Connection->execute('INSERT INTO `tbl_employee` (`employee_id`, `firstname`, `middlename`, `lastname`, `email`, `sex`, `birthdate`, `region_id`, `province_id`, `municipality_id`, `barangay_id`, `phonenumber`, `department_id`, `position_id`, `daily_rate`, `date_hired`, `time_in`, `time_out`, `status`, `pagibig_account_number`, `sss_account_number`, `philhealth_account_number`) VALUES (\'2024-186334\', \'fghf\', \'fgh\', \'fgh\', \'asd@asd\', \'Male\', \'23123-12-31\', \'15\', \'1566\', \'156617\', \'40487\', \'09185741665\', \'35\', \'43\', \'123\', \'2453-02-13\', \'12:31\', \'00:31\', \'Inactive\', \'123456789000\', \'9879798798\', \'123456789000\')')
 3 SYSTEMPATH\Database\BaseConnection.php(636): CodeIgniter\Database\BaseConnection->simpleQuery('INSERT INTO `tbl_employee` (`employee_id`, `firstname`, `middlename`, `lastname`, `email`, `sex`, `birthdate`, `region_id`, `province_id`, `municipality_id`, `barangay_id`, `phonenumber`, `department_id`, `position_id`, `daily_rate`, `date_hired`, `time_in`, `time_out`, `status`, `pagibig_account_number`, `sss_account_number`, `philhealth_account_number`) VALUES (\'2024-186334\', \'fghf\', \'fgh\', \'fgh\', \'asd@asd\', \'Male\', \'23123-12-31\', \'15\', \'1566\', \'156617\', \'40487\', \'09185741665\', \'35\', \'43\', \'123\', \'2453-02-13\', \'12:31\', \'00:31\', \'Inactive\', \'123456789000\', \'9879798798\', \'123456789000\')')
 4 SYSTEMPATH\Database\BaseBuilder.php(2325): CodeIgniter\Database\BaseConnection->query('INSERT INTO `tbl_employee` (`employee_id`, `firstname`, `middlename`, `lastname`, `email`, `sex`, `birthdate`, `region_id`, `province_id`, `municipality_id`, `barangay_id`, `phonenumber`, `department_id`, `position_id`, `daily_rate`, `date_hired`, `time_in`, `time_out`, `status`, `pagibig_account_number`, `sss_account_number`, `philhealth_account_number`) VALUES (:employee_id:, :firstname:, :middlename:, :lastname:, :email:, :sex:, :birthdate:, :region_id:, :province_id:, :municipality_id:, :barangay_id:, :phonenumber:, :department_id:, :position_id:, :daily_rate:, :date_hired:, :time_in:, :time_out:, :status:, :pagibig_account_number:, :sss_account_number:, :philhealth_account_number:)', [...], false)
 5 SYSTEMPATH\Model.php(383): CodeIgniter\Database\BaseBuilder->insert()
 6 SYSTEMPATH\BaseModel.php(840): CodeIgniter\Model->doInsert([...])
 7 SYSTEMPATH\Model.php(791): CodeIgniter\BaseModel->insert([...], false)
 8 SYSTEMPATH\BaseModel.php(751): CodeIgniter\Model->insert([...], false)
 9 APPPATH\Controllers\EmployeeController.php(104): CodeIgniter\BaseModel->save([...])
10 SYSTEMPATH\CodeIgniter.php(933): App\Controllers\EmployeeController->addEmployee()
11 SYSTEMPATH\CodeIgniter.php(509): CodeIgniter\CodeIgniter->runController(Object(App\Controllers\EmployeeController))
12 SYSTEMPATH\CodeIgniter.php(355): CodeIgniter\CodeIgniter->handleRequest(null, Object(Config\Cache), false)
13 SYSTEMPATH\Boot.php(312): CodeIgniter\CodeIgniter->run()
14 SYSTEMPATH\Boot.php(67): CodeIgniter\Boot::runCodeIgniter(Object(CodeIgniter\CodeIgniter))
15 FCPATH\index.php(56): CodeIgniter\Boot::bootWeb(Object(Config\Paths))
16 SYSTEMPATH\Commands\Server\rewrite.php(49): require_once('C:\\Users\\ralph\\Desktop\\Azazel\\Capstone Backup\\Editing\\HarmonySystem\\public\\index.php')
INFO - 2024-10-27 14:21:40 --> Session: Class initialized using 'CodeIgniter\Session\Handlers\FileHandler' driver.
ERROR - 2024-10-27 14:21:56 --> mysqli_sql_exception: Duplicate entry '41-30' for key 'position_id' in C:\Users\ralph\Desktop\Azazel\Capstone Backup\Editing\HarmonySystem\system\Database\MySQLi\Connection.php:308
Stack trace:
#0 C:\Users\ralph\Desktop\Azazel\Capstone Backup\Editing\HarmonySystem\system\Database\MySQLi\Connection.php(308): mysqli->query('INSERT INTO `tb...', 0)
#1 C:\Users\ralph\Desktop\Azazel\Capstone Backup\Editing\HarmonySystem\system\Database\BaseConnection.php(722): CodeIgniter\Database\MySQLi\Connection->execute('INSERT INTO `tb...')
#2 C:\Users\ralph\Desktop\Azazel\Capstone Backup\Editing\HarmonySystem\system\Database\BaseConnection.php(636): CodeIgniter\Database\BaseConnection->simpleQuery('INSERT INTO `tb...')
#3 C:\Users\ralph\Desktop\Azazel\Capstone Backup\Editing\HarmonySystem\system\Database\BaseBuilder.php(2325): CodeIgniter\Database\BaseConnection->query('INSERT INTO `tb...', Array, false)
#4 C:\Users\ralph\Desktop\Azazel\Capstone Backup\Editing\HarmonySystem\system\Model.php(383): CodeIgniter\Database\BaseBuilder->insert()
#5 C:\Users\ralph\Desktop\Azazel\Capstone Backup\Editing\HarmonySystem\system\BaseModel.php(840): CodeIgniter\Model->doInsert(Array)
#6 C:\Users\ralph\Desktop\Azazel\Capstone Backup\Editing\HarmonySystem\system\Model.php(791): CodeIgniter\BaseModel->insert(Array, false)
#7 C:\Users\ralph\Desktop\Azazel\Capstone Backup\Editing\HarmonySystem\system\BaseModel.php(751): CodeIgniter\Model->insert(Array, false)
#8 C:\Users\ralph\Desktop\Azazel\Capstone Backup\Editing\HarmonySystem\app\Controllers\EmployeeController.php(104): CodeIgniter\BaseModel->save(Array)
#9 C:\Users\ralph\Desktop\Azazel\Capstone Backup\Editing\HarmonySystem\system\CodeIgniter.php(933): App\Controllers\EmployeeController->addEmployee()
#10 C:\Users\ralph\Desktop\Azazel\Capstone Backup\Editing\HarmonySystem\system\CodeIgniter.php(509): CodeIgniter\CodeIgniter->runController(Object(App\Controllers\EmployeeController))
#11 C:\Users\ralph\Desktop\Azazel\Capstone Backup\Editing\HarmonySystem\system\CodeIgniter.php(355): CodeIgniter\CodeIgniter->handleRequest(NULL, Object(Config\Cache), false)
#12 C:\Users\ralph\Desktop\Azazel\Capstone Backup\Editing\HarmonySystem\system\Boot.php(312): CodeIgniter\CodeIgniter->run()
#13 C:\Users\ralph\Desktop\Azazel\Capstone Backup\Editing\HarmonySystem\system\Boot.php(67): CodeIgniter\Boot::runCodeIgniter(Object(CodeIgniter\CodeIgniter))
#14 C:\Users\ralph\Desktop\Azazel\Capstone Backup\Editing\HarmonySystem\public\index.php(56): CodeIgniter\Boot::bootWeb(Object(Config\Paths))
#15 C:\Users\ralph\Desktop\Azazel\Capstone Backup\Editing\HarmonySystem\system\Commands\Server\rewrite.php(49): require_once('C:\\Users\\ralph\\...')
#16 {main}
CRITICAL - 2024-10-27 14:21:56 --> CodeIgniter\Database\Exceptions\DatabaseException: Duplicate entry '41-30' for key 'position_id'
[Method: POST, Route: employeeForm/addEmployee]
in SYSTEMPATH\Database\BaseConnection.php on line 676.
 1 SYSTEMPATH\Database\BaseBuilder.php(2325): CodeIgniter\Database\BaseConnection->query('INSERT INTO `tbl_employee` (`employee_id`, `firstname`, `middlename`, `lastname`, `email`, `sex`, `birthdate`, `region_id`, `province_id`, `municipality_id`, `barangay_id`, `phonenumber`, `department_id`, `position_id`, `daily_rate`, `date_hired`, `time_in`, `time_out`, `status`, `pagibig_account_number`, `sss_account_number`, `philhealth_account_number`) VALUES (:employee_id:, :firstname:, :middlename:, :lastname:, :email:, :sex:, :birthdate:, :region_id:, :province_id:, :municipality_id:, :barangay_id:, :phonenumber:, :department_id:, :position_id:, :daily_rate:, :date_hired:, :time_in:, :time_out:, :status:, :pagibig_account_number:, :sss_account_number:, :philhealth_account_number:)', [...], false)
 2 SYSTEMPATH\Model.php(383): CodeIgniter\Database\BaseBuilder->insert()
 3 SYSTEMPATH\BaseModel.php(840): CodeIgniter\Model->doInsert([...])
 4 SYSTEMPATH\Model.php(791): CodeIgniter\BaseModel->insert([...], false)
 5 SYSTEMPATH\BaseModel.php(751): CodeIgniter\Model->insert([...], false)
 6 APPPATH\Controllers\EmployeeController.php(104): CodeIgniter\BaseModel->save([...])
 7 SYSTEMPATH\CodeIgniter.php(933): App\Controllers\EmployeeController->addEmployee()
 8 SYSTEMPATH\CodeIgniter.php(509): CodeIgniter\CodeIgniter->runController(Object(App\Controllers\EmployeeController))
 9 SYSTEMPATH\CodeIgniter.php(355): CodeIgniter\CodeIgniter->handleRequest(null, Object(Config\Cache), false)
10 SYSTEMPATH\Boot.php(312): CodeIgniter\CodeIgniter->run()
11 SYSTEMPATH\Boot.php(67): CodeIgniter\Boot::runCodeIgniter(Object(CodeIgniter\CodeIgniter))
12 FCPATH\index.php(56): CodeIgniter\Boot::bootWeb(Object(Config\Paths))
13 SYSTEMPATH\Commands\Server\rewrite.php(49): require_once('C:\\Users\\ralph\\Desktop\\Azazel\\Capstone Backup\\Editing\\HarmonySystem\\public\\index.php')
CRITICAL - 2024-10-27 14:21:56 --> [Caused by] CodeIgniter\Database\Exceptions\DatabaseException: Duplicate entry '41-30' for key 'position_id'
in SYSTEMPATH\Database\MySQLi\Connection.php on line 313.
 1 SYSTEMPATH\Database\BaseConnection.php(722): CodeIgniter\Database\MySQLi\Connection->execute('INSERT INTO `tbl_employee` (`employee_id`, `firstname`, `middlename`, `lastname`, `email`, `sex`, `birthdate`, `region_id`, `province_id`, `municipality_id`, `barangay_id`, `phonenumber`, `department_id`, `position_id`, `daily_rate`, `date_hired`, `time_in`, `time_out`, `status`, `pagibig_account_number`, `sss_account_number`, `philhealth_account_number`) VALUES (\'2024-559665\', \'fghf\', \'fgh\', \'fgh\', \'asd@asd\', \'Male\', \'23123-12-31\', \'12\', \'1263\', \'126317\', \'34887\', \'09185741665\', \'30\', \'41\', \'123\', \'2453-02-13\', \'12:31\', \'00:31\', \'Inactive\', \'123456789000\', \'9879798798\', \'123456789000\')')
 2 SYSTEMPATH\Database\BaseConnection.php(636): CodeIgniter\Database\BaseConnection->simpleQuery('INSERT INTO `tbl_employee` (`employee_id`, `firstname`, `middlename`, `lastname`, `email`, `sex`, `birthdate`, `region_id`, `province_id`, `municipality_id`, `barangay_id`, `phonenumber`, `department_id`, `position_id`, `daily_rate`, `date_hired`, `time_in`, `time_out`, `status`, `pagibig_account_number`, `sss_account_number`, `philhealth_account_number`) VALUES (\'2024-559665\', \'fghf\', \'fgh\', \'fgh\', \'asd@asd\', \'Male\', \'23123-12-31\', \'12\', \'1263\', \'126317\', \'34887\', \'09185741665\', \'30\', \'41\', \'123\', \'2453-02-13\', \'12:31\', \'00:31\', \'Inactive\', \'123456789000\', \'9879798798\', \'123456789000\')')
 3 SYSTEMPATH\Database\BaseBuilder.php(2325): CodeIgniter\Database\BaseConnection->query('INSERT INTO `tbl_employee` (`employee_id`, `firstname`, `middlename`, `lastname`, `email`, `sex`, `birthdate`, `region_id`, `province_id`, `municipality_id`, `barangay_id`, `phonenumber`, `department_id`, `position_id`, `daily_rate`, `date_hired`, `time_in`, `time_out`, `status`, `pagibig_account_number`, `sss_account_number`, `philhealth_account_number`) VALUES (:employee_id:, :firstname:, :middlename:, :lastname:, :email:, :sex:, :birthdate:, :region_id:, :province_id:, :municipality_id:, :barangay_id:, :phonenumber:, :department_id:, :position_id:, :daily_rate:, :date_hired:, :time_in:, :time_out:, :status:, :pagibig_account_number:, :sss_account_number:, :philhealth_account_number:)', [...], false)
 4 SYSTEMPATH\Model.php(383): CodeIgniter\Database\BaseBuilder->insert()
 5 SYSTEMPATH\BaseModel.php(840): CodeIgniter\Model->doInsert([...])
 6 SYSTEMPATH\Model.php(791): CodeIgniter\BaseModel->insert([...], false)
 7 SYSTEMPATH\BaseModel.php(751): CodeIgniter\Model->insert([...], false)
 8 APPPATH\Controllers\EmployeeController.php(104): CodeIgniter\BaseModel->save([...])
 9 SYSTEMPATH\CodeIgniter.php(933): App\Controllers\EmployeeController->addEmployee()
10 SYSTEMPATH\CodeIgniter.php(509): CodeIgniter\CodeIgniter->runController(Object(App\Controllers\EmployeeController))
11 SYSTEMPATH\CodeIgniter.php(355): CodeIgniter\CodeIgniter->handleRequest(null, Object(Config\Cache), false)
12 SYSTEMPATH\Boot.php(312): CodeIgniter\CodeIgniter->run()
13 SYSTEMPATH\Boot.php(67): CodeIgniter\Boot::runCodeIgniter(Object(CodeIgniter\CodeIgniter))
14 FCPATH\index.php(56): CodeIgniter\Boot::bootWeb(Object(Config\Paths))
15 SYSTEMPATH\Commands\Server\rewrite.php(49): require_once('C:\\Users\\ralph\\Desktop\\Azazel\\Capstone Backup\\Editing\\HarmonySystem\\public\\index.php')
CRITICAL - 2024-10-27 14:21:56 --> [Caused by] mysqli_sql_exception: Duplicate entry '41-30' for key 'position_id'
in SYSTEMPATH\Database\MySQLi\Connection.php on line 308.
 1 SYSTEMPATH\Database\MySQLi\Connection.php(308): mysqli->query('INSERT INTO `tbl_employee` (`employee_id`, `firstname`, `middlename`, `lastname`, `email`, `sex`, `birthdate`, `region_id`, `province_id`, `municipality_id`, `barangay_id`, `phonenumber`, `department_id`, `position_id`, `daily_rate`, `date_hired`, `time_in`, `time_out`, `status`, `pagibig_account_number`, `sss_account_number`, `philhealth_account_number`) VALUES (\'2024-559665\', \'fghf\', \'fgh\', \'fgh\', \'asd@asd\', \'Male\', \'23123-12-31\', \'12\', \'1263\', \'126317\', \'34887\', \'09185741665\', \'30\', \'41\', \'123\', \'2453-02-13\', \'12:31\', \'00:31\', \'Inactive\', \'123456789000\', \'9879798798\', \'123456789000\')', 0)
 2 SYSTEMPATH\Database\BaseConnection.php(722): CodeIgniter\Database\MySQLi\Connection->execute('INSERT INTO `tbl_employee` (`employee_id`, `firstname`, `middlename`, `lastname`, `email`, `sex`, `birthdate`, `region_id`, `province_id`, `municipality_id`, `barangay_id`, `phonenumber`, `department_id`, `position_id`, `daily_rate`, `date_hired`, `time_in`, `time_out`, `status`, `pagibig_account_number`, `sss_account_number`, `philhealth_account_number`) VALUES (\'2024-559665\', \'fghf\', \'fgh\', \'fgh\', \'asd@asd\', \'Male\', \'23123-12-31\', \'12\', \'1263\', \'126317\', \'34887\', \'09185741665\', \'30\', \'41\', \'123\', \'2453-02-13\', \'12:31\', \'00:31\', \'Inactive\', \'123456789000\', \'9879798798\', \'123456789000\')')
 3 SYSTEMPATH\Database\BaseConnection.php(636): CodeIgniter\Database\BaseConnection->simpleQuery('INSERT INTO `tbl_employee` (`employee_id`, `firstname`, `middlename`, `lastname`, `email`, `sex`, `birthdate`, `region_id`, `province_id`, `municipality_id`, `barangay_id`, `phonenumber`, `department_id`, `position_id`, `daily_rate`, `date_hired`, `time_in`, `time_out`, `status`, `pagibig_account_number`, `sss_account_number`, `philhealth_account_number`) VALUES (\'2024-559665\', \'fghf\', \'fgh\', \'fgh\', \'asd@asd\', \'Male\', \'23123-12-31\', \'12\', \'1263\', \'126317\', \'34887\', \'09185741665\', \'30\', \'41\', \'123\', \'2453-02-13\', \'12:31\', \'00:31\', \'Inactive\', \'123456789000\', \'9879798798\', \'123456789000\')')
 4 SYSTEMPATH\Database\BaseBuilder.php(2325): CodeIgniter\Database\BaseConnection->query('INSERT INTO `tbl_employee` (`employee_id`, `firstname`, `middlename`, `lastname`, `email`, `sex`, `birthdate`, `region_id`, `province_id`, `municipality_id`, `barangay_id`, `phonenumber`, `department_id`, `position_id`, `daily_rate`, `date_hired`, `time_in`, `time_out`, `status`, `pagibig_account_number`, `sss_account_number`, `philhealth_account_number`) VALUES (:employee_id:, :firstname:, :middlename:, :lastname:, :email:, :sex:, :birthdate:, :region_id:, :province_id:, :municipality_id:, :barangay_id:, :phonenumber:, :department_id:, :position_id:, :daily_rate:, :date_hired:, :time_in:, :time_out:, :status:, :pagibig_account_number:, :sss_account_number:, :philhealth_account_number:)', [...], false)
 5 SYSTEMPATH\Model.php(383): CodeIgniter\Database\BaseBuilder->insert()
 6 SYSTEMPATH\BaseModel.php(840): CodeIgniter\Model->doInsert([...])
 7 SYSTEMPATH\Model.php(791): CodeIgniter\BaseModel->insert([...], false)
 8 SYSTEMPATH\BaseModel.php(751): CodeIgniter\Model->insert([...], false)
 9 APPPATH\Controllers\EmployeeController.php(104): CodeIgniter\BaseModel->save([...])
10 SYSTEMPATH\CodeIgniter.php(933): App\Controllers\EmployeeController->addEmployee()
11 SYSTEMPATH\CodeIgniter.php(509): CodeIgniter\CodeIgniter->runController(Object(App\Controllers\EmployeeController))
12 SYSTEMPATH\CodeIgniter.php(355): CodeIgniter\CodeIgniter->handleRequest(null, Object(Config\Cache), false)
13 SYSTEMPATH\Boot.php(312): CodeIgniter\CodeIgniter->run()
14 SYSTEMPATH\Boot.php(67): CodeIgniter\Boot::runCodeIgniter(Object(CodeIgniter\CodeIgniter))
15 FCPATH\index.php(56): CodeIgniter\Boot::bootWeb(Object(Config\Paths))
16 SYSTEMPATH\Commands\Server\rewrite.php(49): require_once('C:\\Users\\ralph\\Desktop\\Azazel\\Capstone Backup\\Editing\\HarmonySystem\\public\\index.php')
INFO - 2024-10-27 14:22:47 --> Session: Class initialized using 'CodeIgniter\Session\Handlers\FileHandler' driver.
INFO - 2024-10-27 14:23:46 --> Session: Class initialized using 'CodeIgniter\Session\Handlers\FileHandler' driver.
INFO - 2024-10-27 14:23:56 --> Session: Class initialized using 'CodeIgniter\Session\Handlers\FileHandler' driver.
ERROR - 2024-10-27 14:24:16 --> mysqli_sql_exception: Duplicate entry '43-35' for key 'position_id' in C:\Users\ralph\Desktop\Azazel\Capstone Backup\Editing\HarmonySystem\system\Database\MySQLi\Connection.php:308
Stack trace:
#0 C:\Users\ralph\Desktop\Azazel\Capstone Backup\Editing\HarmonySystem\system\Database\MySQLi\Connection.php(308): mysqli->query('INSERT INTO `tb...', 0)
#1 C:\Users\ralph\Desktop\Azazel\Capstone Backup\Editing\HarmonySystem\system\Database\BaseConnection.php(722): CodeIgniter\Database\MySQLi\Connection->execute('INSERT INTO `tb...')
#2 C:\Users\ralph\Desktop\Azazel\Capstone Backup\Editing\HarmonySystem\system\Database\BaseConnection.php(636): CodeIgniter\Database\BaseConnection->simpleQuery('INSERT INTO `tb...')
#3 C:\Users\ralph\Desktop\Azazel\Capstone Backup\Editing\HarmonySystem\system\Database\BaseBuilder.php(2325): CodeIgniter\Database\BaseConnection->query('INSERT INTO `tb...', Array, false)
#4 C:\Users\ralph\Desktop\Azazel\Capstone Backup\Editing\HarmonySystem\system\Model.php(383): CodeIgniter\Database\BaseBuilder->insert()
#5 C:\Users\ralph\Desktop\Azazel\Capstone Backup\Editing\HarmonySystem\system\BaseModel.php(840): CodeIgniter\Model->doInsert(Array)
#6 C:\Users\ralph\Desktop\Azazel\Capstone Backup\Editing\HarmonySystem\system\Model.php(791): CodeIgniter\BaseModel->insert(Array, false)
#7 C:\Users\ralph\Desktop\Azazel\Capstone Backup\Editing\HarmonySystem\system\BaseModel.php(751): CodeIgniter\Model->insert(Array, false)
#8 C:\Users\ralph\Desktop\Azazel\Capstone Backup\Editing\HarmonySystem\app\Controllers\EmployeeController.php(104): CodeIgniter\BaseModel->save(Array)
#9 C:\Users\ralph\Desktop\Azazel\Capstone Backup\Editing\HarmonySystem\system\CodeIgniter.php(933): App\Controllers\EmployeeController->addEmployee()
#10 C:\Users\ralph\Desktop\Azazel\Capstone Backup\Editing\HarmonySystem\system\CodeIgniter.php(509): CodeIgniter\CodeIgniter->runController(Object(App\Controllers\EmployeeController))
#11 C:\Users\ralph\Desktop\Azazel\Capstone Backup\Editing\HarmonySystem\system\CodeIgniter.php(355): CodeIgniter\CodeIgniter->handleRequest(NULL, Object(Config\Cache), false)
#12 C:\Users\ralph\Desktop\Azazel\Capstone Backup\Editing\HarmonySystem\system\Boot.php(312): CodeIgniter\CodeIgniter->run()
#13 C:\Users\ralph\Desktop\Azazel\Capstone Backup\Editing\HarmonySystem\system\Boot.php(67): CodeIgniter\Boot::runCodeIgniter(Object(CodeIgniter\CodeIgniter))
#14 C:\Users\ralph\Desktop\Azazel\Capstone Backup\Editing\HarmonySystem\public\index.php(56): CodeIgniter\Boot::bootWeb(Object(Config\Paths))
#15 C:\Users\ralph\Desktop\Azazel\Capstone Backup\Editing\HarmonySystem\system\Commands\Server\rewrite.php(49): require_once('C:\\Users\\ralph\\...')
#16 {main}
CRITICAL - 2024-10-27 14:24:16 --> CodeIgniter\Database\Exceptions\DatabaseException: Duplicate entry '43-35' for key 'position_id'
[Method: POST, Route: employeeForm/addEmployee]
in SYSTEMPATH\Database\BaseConnection.php on line 676.
 1 SYSTEMPATH\Database\BaseBuilder.php(2325): CodeIgniter\Database\BaseConnection->query('INSERT INTO `tbl_employee` (`employee_id`, `firstname`, `middlename`, `lastname`, `email`, `sex`, `birthdate`, `region_id`, `province_id`, `municipality_id`, `barangay_id`, `phonenumber`, `department_id`, `position_id`, `daily_rate`, `date_hired`, `time_in`, `time_out`, `status`, `pagibig_account_number`, `sss_account_number`, `philhealth_account_number`) VALUES (:employee_id:, :firstname:, :middlename:, :lastname:, :email:, :sex:, :birthdate:, :region_id:, :province_id:, :municipality_id:, :barangay_id:, :phonenumber:, :department_id:, :position_id:, :daily_rate:, :date_hired:, :time_in:, :time_out:, :status:, :pagibig_account_number:, :sss_account_number:, :philhealth_account_number:)', [...], false)
 2 SYSTEMPATH\Model.php(383): CodeIgniter\Database\BaseBuilder->insert()
 3 SYSTEMPATH\BaseModel.php(840): CodeIgniter\Model->doInsert([...])
 4 SYSTEMPATH\Model.php(791): CodeIgniter\BaseModel->insert([...], false)
 5 SYSTEMPATH\BaseModel.php(751): CodeIgniter\Model->insert([...], false)
 6 APPPATH\Controllers\EmployeeController.php(104): CodeIgniter\BaseModel->save([...])
 7 SYSTEMPATH\CodeIgniter.php(933): App\Controllers\EmployeeController->addEmployee()
 8 SYSTEMPATH\CodeIgniter.php(509): CodeIgniter\CodeIgniter->runController(Object(App\Controllers\EmployeeController))
 9 SYSTEMPATH\CodeIgniter.php(355): CodeIgniter\CodeIgniter->handleRequest(null, Object(Config\Cache), false)
10 SYSTEMPATH\Boot.php(312): CodeIgniter\CodeIgniter->run()
11 SYSTEMPATH\Boot.php(67): CodeIgniter\Boot::runCodeIgniter(Object(CodeIgniter\CodeIgniter))
12 FCPATH\index.php(56): CodeIgniter\Boot::bootWeb(Object(Config\Paths))
13 SYSTEMPATH\Commands\Server\rewrite.php(49): require_once('C:\\Users\\ralph\\Desktop\\Azazel\\Capstone Backup\\Editing\\HarmonySystem\\public\\index.php')
CRITICAL - 2024-10-27 14:24:16 --> [Caused by] CodeIgniter\Database\Exceptions\DatabaseException: Duplicate entry '43-35' for key 'position_id'
in SYSTEMPATH\Database\MySQLi\Connection.php on line 313.
 1 SYSTEMPATH\Database\BaseConnection.php(722): CodeIgniter\Database\MySQLi\Connection->execute('INSERT INTO `tbl_employee` (`employee_id`, `firstname`, `middlename`, `lastname`, `email`, `sex`, `birthdate`, `region_id`, `province_id`, `municipality_id`, `barangay_id`, `phonenumber`, `department_id`, `position_id`, `daily_rate`, `date_hired`, `time_in`, `time_out`, `status`, `pagibig_account_number`, `sss_account_number`, `philhealth_account_number`) VALUES (\'2024-547470\', \'fghf\', \'fgh\', \'fgh\', \'asd@asd\', \'Male\', \'23123-12-31\', \'13\', \'1339\', \'133906\', \'35742\', \'09185741665\', \'35\', \'43\', \'123\', \'2453-02-13\', \'12:31\', \'00:31\', \'Inactive\', \'123456789000\', \'9879798798\', \'123456789000\')')
 2 SYSTEMPATH\Database\BaseConnection.php(636): CodeIgniter\Database\BaseConnection->simpleQuery('INSERT INTO `tbl_employee` (`employee_id`, `firstname`, `middlename`, `lastname`, `email`, `sex`, `birthdate`, `region_id`, `province_id`, `municipality_id`, `barangay_id`, `phonenumber`, `department_id`, `position_id`, `daily_rate`, `date_hired`, `time_in`, `time_out`, `status`, `pagibig_account_number`, `sss_account_number`, `philhealth_account_number`) VALUES (\'2024-547470\', \'fghf\', \'fgh\', \'fgh\', \'asd@asd\', \'Male\', \'23123-12-31\', \'13\', \'1339\', \'133906\', \'35742\', \'09185741665\', \'35\', \'43\', \'123\', \'2453-02-13\', \'12:31\', \'00:31\', \'Inactive\', \'123456789000\', \'9879798798\', \'123456789000\')')
 3 SYSTEMPATH\Database\BaseBuilder.php(2325): CodeIgniter\Database\BaseConnection->query('INSERT INTO `tbl_employee` (`employee_id`, `firstname`, `middlename`, `lastname`, `email`, `sex`, `birthdate`, `region_id`, `province_id`, `municipality_id`, `barangay_id`, `phonenumber`, `department_id`, `position_id`, `daily_rate`, `date_hired`, `time_in`, `time_out`, `status`, `pagibig_account_number`, `sss_account_number`, `philhealth_account_number`) VALUES (:employee_id:, :firstname:, :middlename:, :lastname:, :email:, :sex:, :birthdate:, :region_id:, :province_id:, :municipality_id:, :barangay_id:, :phonenumber:, :department_id:, :position_id:, :daily_rate:, :date_hired:, :time_in:, :time_out:, :status:, :pagibig_account_number:, :sss_account_number:, :philhealth_account_number:)', [...], false)
 4 SYSTEMPATH\Model.php(383): CodeIgniter\Database\BaseBuilder->insert()
 5 SYSTEMPATH\BaseModel.php(840): CodeIgniter\Model->doInsert([...])
 6 SYSTEMPATH\Model.php(791): CodeIgniter\BaseModel->insert([...], false)
 7 SYSTEMPATH\BaseModel.php(751): CodeIgniter\Model->insert([...], false)
 8 APPPATH\Controllers\EmployeeController.php(104): CodeIgniter\BaseModel->save([...])
 9 SYSTEMPATH\CodeIgniter.php(933): App\Controllers\EmployeeController->addEmployee()
10 SYSTEMPATH\CodeIgniter.php(509): CodeIgniter\CodeIgniter->runController(Object(App\Controllers\EmployeeController))
11 SYSTEMPATH\CodeIgniter.php(355): CodeIgniter\CodeIgniter->handleRequest(null, Object(Config\Cache), false)
12 SYSTEMPATH\Boot.php(312): CodeIgniter\CodeIgniter->run()
13 SYSTEMPATH\Boot.php(67): CodeIgniter\Boot::runCodeIgniter(Object(CodeIgniter\CodeIgniter))
14 FCPATH\index.php(56): CodeIgniter\Boot::bootWeb(Object(Config\Paths))
15 SYSTEMPATH\Commands\Server\rewrite.php(49): require_once('C:\\Users\\ralph\\Desktop\\Azazel\\Capstone Backup\\Editing\\HarmonySystem\\public\\index.php')
CRITICAL - 2024-10-27 14:24:16 --> [Caused by] mysqli_sql_exception: Duplicate entry '43-35' for key 'position_id'
in SYSTEMPATH\Database\MySQLi\Connection.php on line 308.
 1 SYSTEMPATH\Database\MySQLi\Connection.php(308): mysqli->query('INSERT INTO `tbl_employee` (`employee_id`, `firstname`, `middlename`, `lastname`, `email`, `sex`, `birthdate`, `region_id`, `province_id`, `municipality_id`, `barangay_id`, `phonenumber`, `department_id`, `position_id`, `daily_rate`, `date_hired`, `time_in`, `time_out`, `status`, `pagibig_account_number`, `sss_account_number`, `philhealth_account_number`) VALUES (\'2024-547470\', \'fghf\', \'fgh\', \'fgh\', \'asd@asd\', \'Male\', \'23123-12-31\', \'13\', \'1339\', \'133906\', \'35742\', \'09185741665\', \'35\', \'43\', \'123\', \'2453-02-13\', \'12:31\', \'00:31\', \'Inactive\', \'123456789000\', \'9879798798\', \'123456789000\')', 0)
 2 SYSTEMPATH\Database\BaseConnection.php(722): CodeIgniter\Database\MySQLi\Connection->execute('INSERT INTO `tbl_employee` (`employee_id`, `firstname`, `middlename`, `lastname`, `email`, `sex`, `birthdate`, `region_id`, `province_id`, `municipality_id`, `barangay_id`, `phonenumber`, `department_id`, `position_id`, `daily_rate`, `date_hired`, `time_in`, `time_out`, `status`, `pagibig_account_number`, `sss_account_number`, `philhealth_account_number`) VALUES (\'2024-547470\', \'fghf\', \'fgh\', \'fgh\', \'asd@asd\', \'Male\', \'23123-12-31\', \'13\', \'1339\', \'133906\', \'35742\', \'09185741665\', \'35\', \'43\', \'123\', \'2453-02-13\', \'12:31\', \'00:31\', \'Inactive\', \'123456789000\', \'9879798798\', \'123456789000\')')
 3 SYSTEMPATH\Database\BaseConnection.php(636): CodeIgniter\Database\BaseConnection->simpleQuery('INSERT INTO `tbl_employee` (`employee_id`, `firstname`, `middlename`, `lastname`, `email`, `sex`, `birthdate`, `region_id`, `province_id`, `municipality_id`, `barangay_id`, `phonenumber`, `department_id`, `position_id`, `daily_rate`, `date_hired`, `time_in`, `time_out`, `status`, `pagibig_account_number`, `sss_account_number`, `philhealth_account_number`) VALUES (\'2024-547470\', \'fghf\', \'fgh\', \'fgh\', \'asd@asd\', \'Male\', \'23123-12-31\', \'13\', \'1339\', \'133906\', \'35742\', \'09185741665\', \'35\', \'43\', \'123\', \'2453-02-13\', \'12:31\', \'00:31\', \'Inactive\', \'123456789000\', \'9879798798\', \'123456789000\')')
 4 SYSTEMPATH\Database\BaseBuilder.php(2325): CodeIgniter\Database\BaseConnection->query('INSERT INTO `tbl_employee` (`employee_id`, `firstname`, `middlename`, `lastname`, `email`, `sex`, `birthdate`, `region_id`, `province_id`, `municipality_id`, `barangay_id`, `phonenumber`, `department_id`, `position_id`, `daily_rate`, `date_hired`, `time_in`, `time_out`, `status`, `pagibig_account_number`, `sss_account_number`, `philhealth_account_number`) VALUES (:employee_id:, :firstname:, :middlename:, :lastname:, :email:, :sex:, :birthdate:, :region_id:, :province_id:, :municipality_id:, :barangay_id:, :phonenumber:, :department_id:, :position_id:, :daily_rate:, :date_hired:, :time_in:, :time_out:, :status:, :pagibig_account_number:, :sss_account_number:, :philhealth_account_number:)', [...], false)
 5 SYSTEMPATH\Model.php(383): CodeIgniter\Database\BaseBuilder->insert()
 6 SYSTEMPATH\BaseModel.php(840): CodeIgniter\Model->doInsert([...])
 7 SYSTEMPATH\Model.php(791): CodeIgniter\BaseModel->insert([...], false)
 8 SYSTEMPATH\BaseModel.php(751): CodeIgniter\Model->insert([...], false)
 9 APPPATH\Controllers\EmployeeController.php(104): CodeIgniter\BaseModel->save([...])
10 SYSTEMPATH\CodeIgniter.php(933): App\Controllers\EmployeeController->addEmployee()
11 SYSTEMPATH\CodeIgniter.php(509): CodeIgniter\CodeIgniter->runController(Object(App\Controllers\EmployeeController))
12 SYSTEMPATH\CodeIgniter.php(355): CodeIgniter\CodeIgniter->handleRequest(null, Object(Config\Cache), false)
13 SYSTEMPATH\Boot.php(312): CodeIgniter\CodeIgniter->run()
14 SYSTEMPATH\Boot.php(67): CodeIgniter\Boot::runCodeIgniter(Object(CodeIgniter\CodeIgniter))
15 FCPATH\index.php(56): CodeIgniter\Boot::bootWeb(Object(Config\Paths))
16 SYSTEMPATH\Commands\Server\rewrite.php(49): require_once('C:\\Users\\ralph\\Desktop\\Azazel\\Capstone Backup\\Editing\\HarmonySystem\\public\\index.php')
INFO - 2024-10-27 14:37:15 --> Session: Class initialized using 'CodeIgniter\Session\Handlers\FileHandler' driver.
INFO - 2024-10-27 14:37:18 --> Session: Class initialized using 'CodeIgniter\Session\Handlers\FileHandler' driver.
ERROR - 2024-10-27 14:37:31 --> mysqli_sql_exception: Duplicate entry '17-29' for key 'position_id' in C:\Users\ralph\Desktop\Azazel\Capstone Backup\Editing\HarmonySystem\system\Database\MySQLi\Connection.php:308
Stack trace:
#0 C:\Users\ralph\Desktop\Azazel\Capstone Backup\Editing\HarmonySystem\system\Database\MySQLi\Connection.php(308): mysqli->query('INSERT INTO `tb...', 0)
#1 C:\Users\ralph\Desktop\Azazel\Capstone Backup\Editing\HarmonySystem\system\Database\BaseConnection.php(722): CodeIgniter\Database\MySQLi\Connection->execute('INSERT INTO `tb...')
#2 C:\Users\ralph\Desktop\Azazel\Capstone Backup\Editing\HarmonySystem\system\Database\BaseConnection.php(636): CodeIgniter\Database\BaseConnection->simpleQuery('INSERT INTO `tb...')
#3 C:\Users\ralph\Desktop\Azazel\Capstone Backup\Editing\HarmonySystem\system\Database\BaseBuilder.php(2325): CodeIgniter\Database\BaseConnection->query('INSERT INTO `tb...', Array, false)
#4 C:\Users\ralph\Desktop\Azazel\Capstone Backup\Editing\HarmonySystem\system\Model.php(383): CodeIgniter\Database\BaseBuilder->insert()
#5 C:\Users\ralph\Desktop\Azazel\Capstone Backup\Editing\HarmonySystem\system\BaseModel.php(840): CodeIgniter\Model->doInsert(Array)
#6 C:\Users\ralph\Desktop\Azazel\Capstone Backup\Editing\HarmonySystem\system\Model.php(791): CodeIgniter\BaseModel->insert(Array, false)
#7 C:\Users\ralph\Desktop\Azazel\Capstone Backup\Editing\HarmonySystem\system\BaseModel.php(751): CodeIgniter\Model->insert(Array, false)
#8 C:\Users\ralph\Desktop\Azazel\Capstone Backup\Editing\HarmonySystem\app\Controllers\EmployeeController.php(104): CodeIgniter\BaseModel->save(Array)
#9 C:\Users\ralph\Desktop\Azazel\Capstone Backup\Editing\HarmonySystem\system\CodeIgniter.php(933): App\Controllers\EmployeeController->addEmployee()
#10 C:\Users\ralph\Desktop\Azazel\Capstone Backup\Editing\HarmonySystem\system\CodeIgniter.php(509): CodeIgniter\CodeIgniter->runController(Object(App\Controllers\EmployeeController))
#11 C:\Users\ralph\Desktop\Azazel\Capstone Backup\Editing\HarmonySystem\system\CodeIgniter.php(355): CodeIgniter\CodeIgniter->handleRequest(NULL, Object(Config\Cache), false)
#12 C:\Users\ralph\Desktop\Azazel\Capstone Backup\Editing\HarmonySystem\system\Boot.php(312): CodeIgniter\CodeIgniter->run()
#13 C:\Users\ralph\Desktop\Azazel\Capstone Backup\Editing\HarmonySystem\system\Boot.php(67): CodeIgniter\Boot::runCodeIgniter(Object(CodeIgniter\CodeIgniter))
#14 C:\Users\ralph\Desktop\Azazel\Capstone Backup\Editing\HarmonySystem\public\index.php(56): CodeIgniter\Boot::bootWeb(Object(Config\Paths))
#15 C:\Users\ralph\Desktop\Azazel\Capstone Backup\Editing\HarmonySystem\system\Commands\Server\rewrite.php(49): require_once('C:\\Users\\ralph\\...')
#16 {main}
CRITICAL - 2024-10-27 14:37:31 --> CodeIgniter\Database\Exceptions\DatabaseException: Duplicate entry '17-29' for key 'position_id'
[Method: POST, Route: employeeForm/addEmployee]
in SYSTEMPATH\Database\BaseConnection.php on line 676.
 1 SYSTEMPATH\Database\BaseBuilder.php(2325): CodeIgniter\Database\BaseConnection->query('INSERT INTO `tbl_employee` (`employee_id`, `firstname`, `middlename`, `lastname`, `email`, `sex`, `birthdate`, `region_id`, `province_id`, `municipality_id`, `barangay_id`, `phonenumber`, `department_id`, `position_id`, `daily_rate`, `date_hired`, `time_in`, `time_out`, `status`, `pagibig_account_number`, `sss_account_number`, `philhealth_account_number`) VALUES (:employee_id:, :firstname:, :middlename:, :lastname:, :email:, :sex:, :birthdate:, :region_id:, :province_id:, :municipality_id:, :barangay_id:, :phonenumber:, :department_id:, :position_id:, :daily_rate:, :date_hired:, :time_in:, :time_out:, :status:, :pagibig_account_number:, :sss_account_number:, :philhealth_account_number:)', [...], false)
 2 SYSTEMPATH\Model.php(383): CodeIgniter\Database\BaseBuilder->insert()
 3 SYSTEMPATH\BaseModel.php(840): CodeIgniter\Model->doInsert([...])
 4 SYSTEMPATH\Model.php(791): CodeIgniter\BaseModel->insert([...], false)
 5 SYSTEMPATH\BaseModel.php(751): CodeIgniter\Model->insert([...], false)
 6 APPPATH\Controllers\EmployeeController.php(104): CodeIgniter\BaseModel->save([...])
 7 SYSTEMPATH\CodeIgniter.php(933): App\Controllers\EmployeeController->addEmployee()
 8 SYSTEMPATH\CodeIgniter.php(509): CodeIgniter\CodeIgniter->runController(Object(App\Controllers\EmployeeController))
 9 SYSTEMPATH\CodeIgniter.php(355): CodeIgniter\CodeIgniter->handleRequest(null, Object(Config\Cache), false)
10 SYSTEMPATH\Boot.php(312): CodeIgniter\CodeIgniter->run()
11 SYSTEMPATH\Boot.php(67): CodeIgniter\Boot::runCodeIgniter(Object(CodeIgniter\CodeIgniter))
12 FCPATH\index.php(56): CodeIgniter\Boot::bootWeb(Object(Config\Paths))
13 SYSTEMPATH\Commands\Server\rewrite.php(49): require_once('C:\\Users\\ralph\\Desktop\\Azazel\\Capstone Backup\\Editing\\HarmonySystem\\public\\index.php')
CRITICAL - 2024-10-27 14:37:31 --> [Caused by] CodeIgniter\Database\Exceptions\DatabaseException: Duplicate entry '17-29' for key 'position_id'
in SYSTEMPATH\Database\MySQLi\Connection.php on line 313.
 1 SYSTEMPATH\Database\BaseConnection.php(722): CodeIgniter\Database\MySQLi\Connection->execute('INSERT INTO `tbl_employee` (`employee_id`, `firstname`, `middlename`, `lastname`, `email`, `sex`, `birthdate`, `region_id`, `province_id`, `municipality_id`, `barangay_id`, `phonenumber`, `department_id`, `position_id`, `daily_rate`, `date_hired`, `time_in`, `time_out`, `status`, `pagibig_account_number`, `sss_account_number`, `philhealth_account_number`) VALUES (\'2024-985092\', \'fghf\', \'fgh\', \'fgh\', \'asd@asd\', \'Male\', \'23123-12-31\', \'12\', \'1263\', \'126317\', \'34887\', \'09185741665\', \'29\', \'17\', \'123\', \'2453-02-13\', \'12:31\', \'00:31\', \'Inactive\', \'123456789000\', \'9879798798\', \'123456789000\')')
 2 SYSTEMPATH\Database\BaseConnection.php(636): CodeIgniter\Database\BaseConnection->simpleQuery('INSERT INTO `tbl_employee` (`employee_id`, `firstname`, `middlename`, `lastname`, `email`, `sex`, `birthdate`, `region_id`, `province_id`, `municipality_id`, `barangay_id`, `phonenumber`, `department_id`, `position_id`, `daily_rate`, `date_hired`, `time_in`, `time_out`, `status`, `pagibig_account_number`, `sss_account_number`, `philhealth_account_number`) VALUES (\'2024-985092\', \'fghf\', \'fgh\', \'fgh\', \'asd@asd\', \'Male\', \'23123-12-31\', \'12\', \'1263\', \'126317\', \'34887\', \'09185741665\', \'29\', \'17\', \'123\', \'2453-02-13\', \'12:31\', \'00:31\', \'Inactive\', \'123456789000\', \'9879798798\', \'123456789000\')')
 3 SYSTEMPATH\Database\BaseBuilder.php(2325): CodeIgniter\Database\BaseConnection->query('INSERT INTO `tbl_employee` (`employee_id`, `firstname`, `middlename`, `lastname`, `email`, `sex`, `birthdate`, `region_id`, `province_id`, `municipality_id`, `barangay_id`, `phonenumber`, `department_id`, `position_id`, `daily_rate`, `date_hired`, `time_in`, `time_out`, `status`, `pagibig_account_number`, `sss_account_number`, `philhealth_account_number`) VALUES (:employee_id:, :firstname:, :middlename:, :lastname:, :email:, :sex:, :birthdate:, :region_id:, :province_id:, :municipality_id:, :barangay_id:, :phonenumber:, :department_id:, :position_id:, :daily_rate:, :date_hired:, :time_in:, :time_out:, :status:, :pagibig_account_number:, :sss_account_number:, :philhealth_account_number:)', [...], false)
 4 SYSTEMPATH\Model.php(383): CodeIgniter\Database\BaseBuilder->insert()
 5 SYSTEMPATH\BaseModel.php(840): CodeIgniter\Model->doInsert([...])
 6 SYSTEMPATH\Model.php(791): CodeIgniter\BaseModel->insert([...], false)
 7 SYSTEMPATH\BaseModel.php(751): CodeIgniter\Model->insert([...], false)
 8 APPPATH\Controllers\EmployeeController.php(104): CodeIgniter\BaseModel->save([...])
 9 SYSTEMPATH\CodeIgniter.php(933): App\Controllers\EmployeeController->addEmployee()
10 SYSTEMPATH\CodeIgniter.php(509): CodeIgniter\CodeIgniter->runController(Object(App\Controllers\EmployeeController))
11 SYSTEMPATH\CodeIgniter.php(355): CodeIgniter\CodeIgniter->handleRequest(null, Object(Config\Cache), false)
12 SYSTEMPATH\Boot.php(312): CodeIgniter\CodeIgniter->run()
13 SYSTEMPATH\Boot.php(67): CodeIgniter\Boot::runCodeIgniter(Object(CodeIgniter\CodeIgniter))
14 FCPATH\index.php(56): CodeIgniter\Boot::bootWeb(Object(Config\Paths))
15 SYSTEMPATH\Commands\Server\rewrite.php(49): require_once('C:\\Users\\ralph\\Desktop\\Azazel\\Capstone Backup\\Editing\\HarmonySystem\\public\\index.php')
CRITICAL - 2024-10-27 14:37:31 --> [Caused by] mysqli_sql_exception: Duplicate entry '17-29' for key 'position_id'
in SYSTEMPATH\Database\MySQLi\Connection.php on line 308.
 1 SYSTEMPATH\Database\MySQLi\Connection.php(308): mysqli->query('INSERT INTO `tbl_employee` (`employee_id`, `firstname`, `middlename`, `lastname`, `email`, `sex`, `birthdate`, `region_id`, `province_id`, `municipality_id`, `barangay_id`, `phonenumber`, `department_id`, `position_id`, `daily_rate`, `date_hired`, `time_in`, `time_out`, `status`, `pagibig_account_number`, `sss_account_number`, `philhealth_account_number`) VALUES (\'2024-985092\', \'fghf\', \'fgh\', \'fgh\', \'asd@asd\', \'Male\', \'23123-12-31\', \'12\', \'1263\', \'126317\', \'34887\', \'09185741665\', \'29\', \'17\', \'123\', \'2453-02-13\', \'12:31\', \'00:31\', \'Inactive\', \'123456789000\', \'9879798798\', \'123456789000\')', 0)
 2 SYSTEMPATH\Database\BaseConnection.php(722): CodeIgniter\Database\MySQLi\Connection->execute('INSERT INTO `tbl_employee` (`employee_id`, `firstname`, `middlename`, `lastname`, `email`, `sex`, `birthdate`, `region_id`, `province_id`, `municipality_id`, `barangay_id`, `phonenumber`, `department_id`, `position_id`, `daily_rate`, `date_hired`, `time_in`, `time_out`, `status`, `pagibig_account_number`, `sss_account_number`, `philhealth_account_number`) VALUES (\'2024-985092\', \'fghf\', \'fgh\', \'fgh\', \'asd@asd\', \'Male\', \'23123-12-31\', \'12\', \'1263\', \'126317\', \'34887\', \'09185741665\', \'29\', \'17\', \'123\', \'2453-02-13\', \'12:31\', \'00:31\', \'Inactive\', \'123456789000\', \'9879798798\', \'123456789000\')')
 3 SYSTEMPATH\Database\BaseConnection.php(636): CodeIgniter\Database\BaseConnection->simpleQuery('INSERT INTO `tbl_employee` (`employee_id`, `firstname`, `middlename`, `lastname`, `email`, `sex`, `birthdate`, `region_id`, `province_id`, `municipality_id`, `barangay_id`, `phonenumber`, `department_id`, `position_id`, `daily_rate`, `date_hired`, `time_in`, `time_out`, `status`, `pagibig_account_number`, `sss_account_number`, `philhealth_account_number`) VALUES (\'2024-985092\', \'fghf\', \'fgh\', \'fgh\', \'asd@asd\', \'Male\', \'23123-12-31\', \'12\', \'1263\', \'126317\', \'34887\', \'09185741665\', \'29\', \'17\', \'123\', \'2453-02-13\', \'12:31\', \'00:31\', \'Inactive\', \'123456789000\', \'9879798798\', \'123456789000\')')
 4 SYSTEMPATH\Database\BaseBuilder.php(2325): CodeIgniter\Database\BaseConnection->query('INSERT INTO `tbl_employee` (`employee_id`, `firstname`, `middlename`, `lastname`, `email`, `sex`, `birthdate`, `region_id`, `province_id`, `municipality_id`, `barangay_id`, `phonenumber`, `department_id`, `position_id`, `daily_rate`, `date_hired`, `time_in`, `time_out`, `status`, `pagibig_account_number`, `sss_account_number`, `philhealth_account_number`) VALUES (:employee_id:, :firstname:, :middlename:, :lastname:, :email:, :sex:, :birthdate:, :region_id:, :province_id:, :municipality_id:, :barangay_id:, :phonenumber:, :department_id:, :position_id:, :daily_rate:, :date_hired:, :time_in:, :time_out:, :status:, :pagibig_account_number:, :sss_account_number:, :philhealth_account_number:)', [...], false)
 5 SYSTEMPATH\Model.php(383): CodeIgniter\Database\BaseBuilder->insert()
 6 SYSTEMPATH\BaseModel.php(840): CodeIgniter\Model->doInsert([...])
 7 SYSTEMPATH\Model.php(791): CodeIgniter\BaseModel->insert([...], false)
 8 SYSTEMPATH\BaseModel.php(751): CodeIgniter\Model->insert([...], false)
 9 APPPATH\Controllers\EmployeeController.php(104): CodeIgniter\BaseModel->save([...])
10 SYSTEMPATH\CodeIgniter.php(933): App\Controllers\EmployeeController->addEmployee()
11 SYSTEMPATH\CodeIgniter.php(509): CodeIgniter\CodeIgniter->runController(Object(App\Controllers\EmployeeController))
12 SYSTEMPATH\CodeIgniter.php(355): CodeIgniter\CodeIgniter->handleRequest(null, Object(Config\Cache), false)
13 SYSTEMPATH\Boot.php(312): CodeIgniter\CodeIgniter->run()
14 SYSTEMPATH\Boot.php(67): CodeIgniter\Boot::runCodeIgniter(Object(CodeIgniter\CodeIgniter))
15 FCPATH\index.php(56): CodeIgniter\Boot::bootWeb(Object(Config\Paths))
16 SYSTEMPATH\Commands\Server\rewrite.php(49): require_once('C:\\Users\\ralph\\Desktop\\Azazel\\Capstone Backup\\Editing\\HarmonySystem\\public\\index.php')
